<?xml version="1.0" encoding="UTF-8"?>
<coverage generated="1767372806119" clover="3.2.0">
  <project timestamp="1767372806119" name="All files">
    <metrics statements="940" coveredstatements="565" conditionals="684" coveredconditionals="311" methods="229" coveredmethods="128" elements="1853" coveredelements="1004" complexity="0" loc="940" ncloc="940" packages="15" files="40" classes="40"/>
    <package name="components.charts">
      <metrics statements="9" coveredstatements="9" conditionals="7" coveredconditionals="6" methods="6" coveredmethods="6"/>
      <file name="CurveChart.tsx" path="/Users/joneickmeier/projects/rfin/finstack-ui/src/components/charts/CurveChart.tsx">
        <metrics statements="9" coveredstatements="9" conditionals="7" coveredconditionals="6" methods="6" coveredmethods="6"/>
        <line num="36" count="3" type="stmt"/>
        <line num="40" count="8" type="stmt"/>
        <line num="46" count="3" type="stmt"/>
        <line num="47" count="3" type="stmt"/>
        <line num="48" count="8" type="cond" truecount="1" falsecount="1"/>
        <line num="49" count="8" type="stmt"/>
        <line num="51" count="3" type="stmt"/>
        <line num="54" count="3" type="stmt"/>
        <line num="70" count="3" type="stmt"/>
      </file>
      <file name="index.ts" path="/Users/joneickmeier/projects/rfin/finstack-ui/src/components/charts/index.ts">
        <metrics statements="0" coveredstatements="0" conditionals="0" coveredconditionals="0" methods="0" coveredmethods="0"/>
      </file>
    </package>
    <package name="components.genui">
      <metrics statements="24" coveredstatements="12" conditionals="39" coveredconditionals="19" methods="14" coveredmethods="5"/>
      <file name="GenericInstrumentPanel.tsx" path="/Users/joneickmeier/projects/rfin/finstack-ui/src/components/genui/GenericInstrumentPanel.tsx">
        <metrics statements="24" coveredstatements="12" conditionals="39" coveredconditionals="19" methods="14" coveredmethods="5"/>
        <line num="66" count="4" type="stmt"/>
        <line num="72" count="4" type="stmt"/>
        <line num="77" count="32" type="cond" truecount="6" falsecount="4"/>
        <line num="79" count="4" type="stmt"/>
        <line num="82" count="0" type="stmt"/>
        <line num="87" count="4" type="stmt"/>
        <line num="90" count="0" type="stmt"/>
        <line num="94" count="4" type="stmt"/>
        <line num="97" count="0" type="stmt"/>
        <line num="102" count="0" type="stmt"/>
        <line num="105" count="0" type="stmt"/>
        <line num="110" count="8" type="stmt"/>
        <line num="113" count="0" type="stmt"/>
        <line num="119" count="0" type="stmt"/>
        <line num="123" count="0" type="stmt"/>
        <line num="127" count="0" type="stmt"/>
        <line num="134" count="0" type="stmt"/>
        <line num="138" count="0" type="stmt"/>
        <line num="144" count="12" type="stmt"/>
        <line num="148" count="0" type="stmt"/>
        <line num="155" count="4" type="stmt"/>
        <line num="170" count="8" type="stmt"/>
        <line num="178" count="32" type="stmt"/>
        <line num="183" count="32" type="stmt"/>
      </file>
      <file name="index.ts" path="/Users/joneickmeier/projects/rfin/finstack-ui/src/components/genui/index.ts">
        <metrics statements="0" coveredstatements="0" conditionals="0" coveredconditionals="0" methods="0" coveredmethods="0"/>
      </file>
    </package>
    <package name="components.primitives">
      <metrics statements="30" coveredstatements="24" conditionals="24" coveredconditionals="11" methods="12" coveredmethods="11"/>
      <file name="AmountDisplay.tsx" path="/Users/joneickmeier/projects/rfin/finstack-ui/src/components/primitives/AmountDisplay.tsx">
        <metrics statements="6" coveredstatements="6" conditionals="3" coveredconditionals="1" methods="2" coveredmethods="2"/>
        <line num="14" count="5" type="stmt"/>
        <line num="22" count="1" type="stmt"/>
        <line num="24" count="1" type="cond" truecount="1" falsecount="2"/>
        <line num="26" count="1" type="stmt"/>
        <line num="27" count="1" type="stmt"/>
        <line num="31" count="1" type="stmt"/>
      </file>
      <file name="AmountInput.tsx" path="/Users/joneickmeier/projects/rfin/finstack-ui/src/components/primitives/AmountInput.tsx">
        <metrics statements="4" coveredstatements="4" conditionals="4" coveredconditionals="4" methods="2" coveredmethods="2"/>
        <line num="25" count="5" type="stmt"/>
        <line num="26" count="1" type="stmt"/>
        <line num="27" count="1" type="stmt"/>
        <line num="30" count="5" type="stmt"/>
      </file>
      <file name="CurrencySelect.tsx" path="/Users/joneickmeier/projects/rfin/finstack-ui/src/components/primitives/CurrencySelect.tsx">
        <metrics statements="3" coveredstatements="3" conditionals="1" coveredconditionals="1" methods="2" coveredmethods="2"/>
        <line num="10" count="5" type="stmt"/>
        <line num="29" count="10" type="stmt"/>
        <line num="39" count="65" type="stmt"/>
      </file>
      <file name="DatePicker.tsx" path="/Users/joneickmeier/projects/rfin/finstack-ui/src/components/primitives/DatePicker.tsx">
        <metrics statements="3" coveredstatements="3" conditionals="1" coveredconditionals="1" methods="2" coveredmethods="2"/>
        <line num="27" count="10" type="stmt"/>
        <line num="28" count="1" type="stmt"/>
        <line num="31" count="10" type="stmt"/>
      </file>
      <file name="RateInput.tsx" path="/Users/joneickmeier/projects/rfin/finstack-ui/src/components/primitives/RateInput.tsx">
        <metrics statements="8" coveredstatements="2" conditionals="12" coveredconditionals="2" methods="2" coveredmethods="1"/>
        <line num="26" count="12" type="stmt"/>
        <line num="27" count="0" type="stmt"/>
        <line num="28" count="0" type="cond" truecount="0" falsecount="2"/>
        <line num="29" count="0" type="stmt"/>
        <line num="31" count="0" type="cond" truecount="0" falsecount="4"/>
        <line num="32" count="0" type="cond" truecount="0" falsecount="4"/>
        <line num="33" count="0" type="stmt"/>
        <line num="36" count="12" type="stmt"/>
      </file>
      <file name="TenorInput.tsx" path="/Users/joneickmeier/projects/rfin/finstack-ui/src/components/primitives/TenorInput.tsx">
        <metrics statements="6" coveredstatements="6" conditionals="3" coveredconditionals="2" methods="2" coveredmethods="2"/>
        <line num="13" count="5" type="stmt"/>
        <line num="22" count="5" type="stmt"/>
        <line num="23" count="1" type="stmt"/>
        <line num="24" count="1" type="cond" truecount="1" falsecount="1"/>
        <line num="25" count="1" type="stmt"/>
        <line num="29" count="5" type="stmt"/>
      </file>
      <file name="index.ts" path="/Users/joneickmeier/projects/rfin/finstack-ui/src/components/primitives/index.ts">
        <metrics statements="0" coveredstatements="0" conditionals="0" coveredconditionals="0" methods="0" coveredmethods="0"/>
      </file>
    </package>
    <package name="components.tables">
      <metrics statements="15" coveredstatements="12" conditionals="4" coveredconditionals="3" methods="9" coveredmethods="7"/>
      <file name="VirtualDataTable.tsx" path="/Users/joneickmeier/projects/rfin/finstack-ui/src/components/tables/VirtualDataTable.tsx">
        <metrics statements="15" coveredstatements="12" conditionals="4" coveredconditionals="3" methods="9" coveredmethods="7"/>
        <line num="25" count="5" type="stmt"/>
        <line num="26" count="5" type="stmt"/>
        <line num="28" count="5" type="stmt"/>
        <line num="35" count="5" type="stmt"/>
        <line num="36" count="5" type="stmt"/>
        <line num="38" count="5" type="stmt"/>
        <line num="39" count="7" type="stmt"/>
        <line num="43" count="5" type="stmt"/>
        <line num="44" count="5" type="stmt"/>
        <line num="46" count="5" type="stmt"/>
        <line num="52" count="5" type="stmt"/>
        <line num="54" count="22" type="stmt"/>
        <line num="78" count="0" type="stmt"/>
        <line num="79" count="0" type="stmt"/>
        <line num="90" count="0" type="stmt"/>
      </file>
      <file name="index.ts" path="/Users/joneickmeier/projects/rfin/finstack-ui/src/components/tables/index.ts">
        <metrics statements="0" coveredstatements="0" conditionals="0" coveredconditionals="0" methods="0" coveredmethods="0"/>
      </file>
    </package>
    <package name="components.ui">
      <metrics statements="32" coveredstatements="32" conditionals="8" coveredconditionals="8" methods="9" coveredmethods="9"/>
      <file name="button.tsx" path="/Users/joneickmeier/projects/rfin/finstack-ui/src/components/ui/button.tsx">
        <metrics statements="5" coveredstatements="5" conditionals="3" coveredconditionals="3" methods="1" coveredmethods="1"/>
        <line num="7" count="5" type="stmt"/>
        <line num="43" count="5" type="stmt"/>
        <line num="45" count="18" type="cond" truecount="2" falsecount="0"/>
        <line num="46" count="18" type="stmt"/>
        <line num="55" count="5" type="stmt"/>
      </file>
      <file name="input.tsx" path="/Users/joneickmeier/projects/rfin/finstack-ui/src/components/ui/input.tsx">
        <metrics statements="3" coveredstatements="3" conditionals="0" coveredconditionals="0" methods="1" coveredmethods="1"/>
        <line num="5" count="6" type="stmt"/>
        <line num="7" count="72" type="stmt"/>
        <line num="20" count="6" type="stmt"/>
      </file>
      <file name="select.tsx" path="/Users/joneickmeier/projects/rfin/finstack-ui/src/components/ui/select.tsx">
        <metrics statements="24" coveredstatements="24" conditionals="5" coveredconditionals="5" methods="7" coveredmethods="7"/>
        <line num="7" count="5" type="stmt"/>
        <line num="9" count="5" type="stmt"/>
        <line num="11" count="5" type="stmt"/>
        <line num="13" count="5" type="stmt"/>
        <line num="17" count="9" type="stmt"/>
        <line num="31" count="5" type="stmt"/>
        <line num="33" count="5" type="stmt"/>
        <line num="37" count="6" type="stmt"/>
        <line num="48" count="5" type="stmt"/>
        <line num="50" count="5" type="stmt"/>
        <line num="54" count="6" type="stmt"/>
        <line num="65" count="5" type="stmt"/>
        <line num="68" count="5" type="stmt"/>
        <line num="72" count="9" type="stmt"/>
        <line num="98" count="5" type="stmt"/>
        <line num="100" count="5" type="stmt"/>
        <line num="104" count="1" type="stmt"/>
        <line num="110" count="5" type="stmt"/>
        <line num="112" count="5" type="stmt"/>
        <line num="116" count="30" type="stmt"/>
        <line num="133" count="5" type="stmt"/>
        <line num="135" count="5" type="stmt"/>
        <line num="139" count="1" type="stmt"/>
        <line num="145" count="5" type="stmt"/>
      </file>
    </package>
    <package name="domains.valuations">
      <metrics statements="0" coveredstatements="0" conditionals="0" coveredconditionals="0" methods="0" coveredmethods="0"/>
      <file name="index.ts" path="/Users/joneickmeier/projects/rfin/finstack-ui/src/domains/valuations/index.ts">
        <metrics statements="0" coveredstatements="0" conditionals="0" coveredconditionals="0" methods="0" coveredmethods="0"/>
      </file>
    </package>
    <package name="domains.valuations.calibration">
      <metrics statements="56" coveredstatements="24" conditionals="32" coveredconditionals="8" methods="38" coveredmethods="8"/>
      <file name="DiscountCurveCalibration.tsx" path="/Users/joneickmeier/projects/rfin/finstack-ui/src/domains/valuations/calibration/DiscountCurveCalibration.tsx">
        <metrics statements="28" coveredstatements="12" conditionals="16" coveredconditionals="4" methods="19" coveredmethods="4"/>
        <line num="18" count="2" type="stmt"/>
        <line num="43" count="2" type="stmt"/>
        <line num="44" count="2" type="stmt"/>
        <line num="46" count="2" type="stmt"/>
        <line num="51" count="2" type="stmt"/>
        <line num="52" count="0" type="stmt"/>
        <line num="53" count="0" type="cond" truecount="0" falsecount="2"/>
        <line num="57" count="2" type="stmt"/>
        <line num="58" count="1" type="stmt"/>
        <line num="63" count="0" type="stmt"/>
        <line num="66" count="0" type="stmt"/>
        <line num="75" count="0" type="stmt"/>
        <line num="77" count="0" type="stmt"/>
        <line num="85" count="0" type="stmt"/>
        <line num="88" count="0" type="stmt"/>
        <line num="96" count="0" type="stmt"/>
        <line num="99" count="0" type="stmt"/>
        <line num="108" count="2" type="stmt"/>
        <line num="109" count="0" type="stmt"/>
        <line num="121" count="2" type="stmt"/>
        <line num="122" count="0" type="stmt"/>
        <line num="123" count="0" type="cond" truecount="0" falsecount="2"/>
        <line num="124" count="0" type="stmt"/>
        <line num="126" count="0" type="stmt"/>
        <line num="129" count="2" type="stmt"/>
        <line num="157" count="2" type="stmt"/>
        <line num="172" count="2" type="stmt"/>
        <line num="212" count="0" type="stmt"/>
      </file>
      <file name="ForwardCurveCalibration.tsx" path="/Users/joneickmeier/projects/rfin/finstack-ui/src/domains/valuations/calibration/ForwardCurveCalibration.tsx">
        <metrics statements="28" coveredstatements="12" conditionals="16" coveredconditionals="4" methods="19" coveredmethods="4"/>
        <line num="18" count="2" type="stmt"/>
        <line num="36" count="2" type="stmt"/>
        <line num="37" count="2" type="stmt"/>
        <line num="39" count="2" type="stmt"/>
        <line num="44" count="2" type="stmt"/>
        <line num="45" count="0" type="stmt"/>
        <line num="46" count="0" type="cond" truecount="0" falsecount="2"/>
        <line num="50" count="2" type="stmt"/>
        <line num="51" count="1" type="stmt"/>
        <line num="56" count="0" type="stmt"/>
        <line num="59" count="0" type="stmt"/>
        <line num="68" count="0" type="stmt"/>
        <line num="70" count="0" type="stmt"/>
        <line num="78" count="0" type="stmt"/>
        <line num="81" count="0" type="stmt"/>
        <line num="89" count="0" type="stmt"/>
        <line num="92" count="0" type="stmt"/>
        <line num="101" count="2" type="stmt"/>
        <line num="102" count="0" type="stmt"/>
        <line num="114" count="2" type="stmt"/>
        <line num="115" count="0" type="stmt"/>
        <line num="116" count="0" type="cond" truecount="0" falsecount="2"/>
        <line num="117" count="0" type="stmt"/>
        <line num="119" count="0" type="stmt"/>
        <line num="122" count="2" type="stmt"/>
        <line num="150" count="2" type="stmt"/>
        <line num="165" count="2" type="stmt"/>
        <line num="205" count="0" type="stmt"/>
      </file>
    </package>
    <package name="domains.valuations.instruments">
      <metrics statements="32" coveredstatements="25" conditionals="49" coveredconditionals="31" methods="16" coveredmethods="13"/>
      <file name="BondPanel.tsx" path="/Users/joneickmeier/projects/rfin/finstack-ui/src/domains/valuations/instruments/BondPanel.tsx">
        <metrics statements="6" coveredstatements="5" conditionals="10" coveredconditionals="8" methods="2" coveredmethods="1"/>
        <line num="13" count="2" type="stmt"/>
        <line num="30" count="2" type="stmt"/>
        <line num="32" count="2" type="stmt"/>
        <line num="37" count="2" type="stmt"/>
        <line num="47" count="2" type="stmt"/>
        <line num="94" count="0" type="stmt"/>
      </file>
      <file name="InterestRateSwapPanel.tsx" path="/Users/joneickmeier/projects/rfin/finstack-ui/src/domains/valuations/instruments/InterestRateSwapPanel.tsx">
        <metrics statements="26" coveredstatements="20" conditionals="39" coveredconditionals="23" methods="14" coveredmethods="12"/>
        <line num="20" count="4" type="stmt"/>
        <line num="24" count="4" type="stmt"/>
        <line num="39" count="4" type="stmt"/>
        <line num="61" count="4" type="stmt"/>
        <line num="62" count="4" type="stmt"/>
        <line num="66" count="4" type="stmt"/>
        <line num="73" count="4" type="stmt"/>
        <line num="86" count="4" type="stmt"/>
        <line num="87" count="0" type="stmt"/>
        <line num="120" count="0" type="stmt"/>
        <line num="121" count="0" type="cond" truecount="0" falsecount="2"/>
        <line num="122" count="0" type="stmt"/>
        <line num="125" count="0" type="stmt"/>
        <line num="131" count="4" type="stmt"/>
        <line num="149" count="4" type="stmt"/>
        <line num="165" count="4" type="stmt"/>
        <line num="184" count="4" type="stmt"/>
        <line num="189" count="0" type="stmt"/>
        <line num="204" count="4" type="stmt"/>
        <line num="224" count="4" type="stmt"/>
        <line num="245" count="4" type="stmt"/>
        <line num="270" count="4" type="stmt"/>
        <line num="290" count="4" type="stmt"/>
        <line num="309" count="4" type="stmt"/>
        <line num="329" count="4" type="stmt"/>
        <line num="367" count="2" type="stmt"/>
      </file>
    </package>
    <package name="domains.valuations.views">
      <metrics statements="7" coveredstatements="6" conditionals="16" coveredconditionals="2" methods="4" coveredmethods="3"/>
      <file name="CashflowWaterfall.tsx" path="/Users/joneickmeier/projects/rfin/finstack-ui/src/domains/valuations/views/CashflowWaterfall.tsx">
        <metrics statements="7" coveredstatements="6" conditionals="16" coveredconditionals="2" methods="4" coveredmethods="3"/>
        <line num="10" count="6" type="cond" truecount="1" falsecount="1"/>
        <line num="11" count="0" type="stmt"/>
        <line num="22" count="1" type="stmt"/>
        <line num="31" count="1" type="stmt"/>
        <line num="32" count="2" type="stmt"/>
        <line num="33" count="2" type="cond" truecount="1" falsecount="1"/>
        <line num="36" count="1" type="stmt"/>
      </file>
    </package>
    <package name="engine">
      <metrics statements="162" coveredstatements="98" conditionals="90" coveredconditionals="30" methods="52" coveredmethods="28"/>
      <file name="ComponentRegistry.tsx" path="/Users/joneickmeier/projects/rfin/finstack-ui/src/engine/ComponentRegistry.tsx">
        <metrics statements="27" coveredstatements="24" conditionals="2" coveredconditionals="1" methods="7" coveredmethods="4"/>
        <line num="28" count="3" type="stmt"/>
        <line num="31" count="14" type="stmt"/>
        <line num="36" count="14" type="stmt"/>
        <line num="40" count="11" type="stmt"/>
        <line num="44" count="0" type="stmt"/>
        <line num="48" count="2" type="stmt"/>
        <line num="66" count="2" type="stmt"/>
        <line num="73" count="2" type="stmt"/>
        <line num="80" count="2" type="stmt"/>
        <line num="82" count="2" type="stmt"/>
        <line num="86" count="2" type="stmt"/>
        <line num="104" count="2" type="stmt"/>
        <line num="106" count="1" type="stmt"/>
        <line num="108" count="2" type="stmt"/>
        <line num="114" count="0" type="stmt"/>
        <line num="119" count="0" type="stmt"/>
        <line num="129" count="2" type="stmt"/>
        <line num="130" count="2" type="stmt"/>
        <line num="132" count="2" type="stmt"/>
        <line num="141" count="2" type="stmt"/>
        <line num="162" count="2" type="stmt"/>
        <line num="185" count="2" type="stmt"/>
        <line num="194" count="2" type="stmt"/>
        <line num="203" count="2" type="stmt"/>
        <line num="223" count="2" type="stmt"/>
        <line num="243" count="2" type="stmt"/>
        <line num="246" count="2" type="stmt"/>
      </file>
      <file name="DynamicRenderer.tsx" path="/Users/joneickmeier/projects/rfin/finstack-ui/src/engine/DynamicRenderer.tsx">
        <metrics statements="53" coveredstatements="33" conditionals="25" coveredconditionals="11" methods="19" coveredmethods="12"/>
        <line num="31" count="9" type="stmt"/>
        <line num="32" count="9" type="stmt"/>
        <line num="36" count="0" type="stmt"/>
        <line num="40" count="0" type="stmt"/>
        <line num="44" count="9" type="cond" truecount="1" falsecount="1"/>
        <line num="45" count="0" type="stmt"/>
        <line num="52" count="9" type="stmt"/>
        <line num="56" count="2" type="stmt"/>
        <line num="65" count="2" type="stmt"/>
        <line num="70" count="9" type="stmt"/>
        <line num="73" count="9" type="cond" truecount="1" falsecount="1"/>
        <line num="74" count="0" type="stmt"/>
        <line num="75" count="0" type="stmt"/>
        <line num="78" count="9" type="cond" truecount="1" falsecount="1"/>
        <line num="79" count="9" type="cond" truecount="1" falsecount="1"/>
        <line num="80" count="0" type="stmt"/>
        <line num="84" count="0" type="stmt"/>
        <line num="87" count="9" type="stmt"/>
        <line num="90" count="2" type="stmt"/>
        <line num="95" count="9" type="stmt"/>
        <line num="96" count="9" type="cond" truecount="1" falsecount="1"/>
        <line num="97" count="0" type="stmt"/>
        <line num="100" count="9" type="stmt"/>
        <line num="101" count="9" type="stmt"/>
        <line num="111" count="2" type="stmt"/>
        <line num="115" count="5" type="cond" truecount="1" falsecount="5"/>
        <line num="117" count="0" type="stmt"/>
        <line num="120" count="0" type="stmt"/>
        <line num="125" count="5" type="stmt"/>
        <line num="132" count="6" type="stmt"/>
        <line num="137" count="5" type="stmt"/>
        <line num="143" count="0" type="stmt"/>
        <line num="153" count="0" type="stmt"/>
        <line num="158" count="0" type="stmt"/>
        <line num="161" count="0" type="stmt"/>
        <line num="165" count="0" type="stmt"/>
        <line num="173" count="0" type="stmt"/>
        <line num="176" count="0" type="stmt"/>
        <line num="180" count="0" type="stmt"/>
        <line num="188" count="0" type="stmt"/>
        <line num="192" count="2" type="stmt"/>
        <line num="197" count="5" type="stmt"/>
        <line num="198" count="11" type="stmt"/>
        <line num="200" count="5" type="stmt"/>
        <line num="201" count="11" type="stmt"/>
        <line num="202" count="11" type="cond" truecount="1" falsecount="1"/>
        <line num="203" count="0" type="stmt"/>
        <line num="206" count="11" type="stmt"/>
        <line num="207" count="11" type="cond" truecount="2" falsecount="0"/>
        <line num="208" count="2" type="stmt"/>
        <line num="212" count="2" type="stmt"/>
        <line num="215" count="9" type="stmt"/>
        <line num="222" count="5" type="stmt"/>
      </file>
      <file name="dashboardActions.ts" path="/Users/joneickmeier/projects/rfin/finstack-ui/src/engine/dashboardActions.ts">
        <metrics statements="82" coveredstatements="41" conditionals="63" coveredconditionals="18" methods="26" coveredmethods="12"/>
        <line num="12" count="2" type="stmt"/>
        <line num="19" count="2" type="stmt"/>
        <line num="25" count="2" type="stmt"/>
        <line num="32" count="2" type="stmt"/>
        <line num="37" count="2" type="stmt"/>
        <line num="43" count="2" type="stmt"/>
        <line num="52" count="2" type="stmt"/>
        <line num="56" count="1" type="cond" truecount="1" falsecount="5"/>
        <line num="58" count="0" type="stmt"/>
        <line num="60" count="0" type="stmt"/>
        <line num="63" count="1" type="stmt"/>
        <line num="65" count="1" type="stmt"/>
        <line num="66" count="1" type="stmt"/>
        <line num="69" count="0" type="stmt"/>
        <line num="71" count="0" type="stmt"/>
        <line num="73" count="0" type="stmt"/>
        <line num="75" count="0" type="stmt"/>
        <line num="79" count="0" type="stmt"/>
        <line num="81" count="0" type="stmt"/>
        <line num="83" count="0" type="stmt"/>
        <line num="87" count="0" type="stmt"/>
        <line num="91" count="2" type="stmt"/>
        <line num="96" count="1" type="cond" truecount="2" falsecount="0"/>
        <line num="97" count="1" type="cond" truecount="1" falsecount="5"/>
        <line num="99" count="0" type="stmt"/>
        <line num="100" count="0" type="cond" truecount="0" falsecount="2"/>
        <line num="101" count="0" type="stmt"/>
        <line num="104" count="1" type="cond" truecount="1" falsecount="1"/>
        <line num="105" count="1" type="stmt"/>
        <line num="106" count="1" type="cond" truecount="2" falsecount="0"/>
        <line num="107" count="1" type="stmt"/>
        <line num="110" count="0" type="stmt"/>
        <line num="111" count="0" type="cond" truecount="0" falsecount="2"/>
        <line num="112" count="0" type="stmt"/>
        <line num="116" count="0" type="cond" truecount="0" falsecount="2"/>
        <line num="118" count="0" type="stmt"/>
        <line num="119" count="0" type="cond" truecount="0" falsecount="2"/>
        <line num="120" count="0" type="stmt"/>
        <line num="123" count="0" type="cond" truecount="0" falsecount="2"/>
        <line num="129" count="0" type="cond" truecount="0" falsecount="2"/>
        <line num="130" count="0" type="stmt"/>
        <line num="132" count="0" type="stmt"/>
        <line num="133" count="0" type="cond" truecount="0" falsecount="2"/>
        <line num="134" count="0" type="stmt"/>
        <line num="137" count="0" type="cond" truecount="0" falsecount="2"/>
        <line num="144" count="0" type="stmt"/>
        <line num="148" count="2" type="stmt"/>
        <line num="153" count="1" type="cond" truecount="1" falsecount="5"/>
        <line num="155" count="0" type="stmt"/>
        <line num="157" count="1" type="cond" truecount="1" falsecount="1"/>
        <line num="158" count="1" type="stmt"/>
        <line num="161" count="0" type="stmt"/>
        <line num="164" count="0" type="cond" truecount="0" falsecount="2"/>
        <line num="166" count="0" type="stmt"/>
        <line num="169" count="0" type="cond" truecount="0" falsecount="2"/>
        <line num="175" count="0" type="cond" truecount="0" falsecount="2"/>
        <line num="176" count="0" type="stmt"/>
        <line num="178" count="0" type="stmt"/>
        <line num="181" count="0" type="cond" truecount="0" falsecount="2"/>
        <line num="188" count="0" type="stmt"/>
        <line num="192" count="2" type="stmt"/>
        <line num="196" count="2" type="cond" truecount="2" falsecount="0"/>
        <line num="198" count="2" type="stmt"/>
        <line num="201" count="2" type="stmt"/>
        <line num="203" count="2" type="stmt"/>
        <line num="207" count="4" type="stmt"/>
        <line num="209" count="4" type="cond" truecount="4" falsecount="1"/>
        <line num="211" count="2" type="cond" truecount="1" falsecount="1"/>
        <line num="212" count="0" type="stmt"/>
        <line num="216" count="1" type="stmt"/>
        <line num="217" count="1" type="stmt"/>
        <line num="222" count="1" type="stmt"/>
        <line num="225" count="1" type="stmt"/>
        <line num="226" count="1" type="cond" truecount="1" falsecount="1"/>
        <line num="227" count="0" type="stmt"/>
        <line num="229" count="1" type="stmt"/>
        <line num="234" count="1" type="stmt"/>
        <line num="240" count="1" type="stmt"/>
        <line num="241" count="1" type="stmt"/>
        <line num="242" count="1" type="stmt"/>
        <line num="245" count="1" type="stmt"/>
        <line num="251" count="0" type="stmt"/>
      </file>
      <file name="index.ts" path="/Users/joneickmeier/projects/rfin/finstack-ui/src/engine/index.ts">
        <metrics statements="0" coveredstatements="0" conditionals="0" coveredconditionals="0" methods="0" coveredmethods="0"/>
      </file>
    </package>
    <package name="hooks">
      <metrics statements="132" coveredstatements="66" conditionals="68" coveredconditionals="21" methods="17" coveredmethods="12"/>
      <file name="useCurveCalibration.ts" path="/Users/joneickmeier/projects/rfin/finstack-ui/src/hooks/useCurveCalibration.ts">
        <metrics statements="26" coveredstatements="6" conditionals="16" coveredconditionals="0" methods="2" coveredmethods="1"/>
        <line num="19" count="4" type="stmt"/>
        <line num="21" count="4" type="stmt"/>
        <line num="22" count="4" type="stmt"/>
        <line num="23" count="4" type="stmt"/>
        <line num="25" count="4" type="stmt"/>
        <line num="27" count="0" type="cond" truecount="0" falsecount="2"/>
        <line num="28" count="0" type="stmt"/>
        <line num="29" count="0" type="stmt"/>
        <line num="30" count="0" type="stmt"/>
        <line num="32" count="0" type="stmt"/>
        <line num="33" count="0" type="stmt"/>
        <line num="34" count="0" type="stmt"/>
        <line num="35" count="0" type="stmt"/>
        <line num="40" count="0" type="cond" truecount="0" falsecount="2"/>
        <line num="41" count="0" type="stmt"/>
        <line num="42" count="0" type="stmt"/>
        <line num="49" count="0" type="stmt"/>
        <line num="50" count="0" type="cond" truecount="0" falsecount="2"/>
        <line num="51" count="0" type="cond" truecount="0" falsecount="2"/>
        <line num="52" count="0" type="stmt"/>
        <line num="54" count="0" type="stmt"/>
        <line num="56" count="0" type="cond" truecount="0" falsecount="2"/>
        <line num="57" count="0" type="stmt"/>
        <line num="58" count="0" type="stmt"/>
        <line num="59" count="0" type="stmt"/>
        <line num="65" count="4" type="stmt"/>
      </file>
      <file name="useFinstack.tsx" path="/Users/joneickmeier/projects/rfin/finstack-ui/src/hooks/useFinstack.tsx">
        <metrics statements="64" coveredstatements="47" conditionals="36" coveredconditionals="18" methods="9" coveredmethods="8"/>
        <line num="20" count="2" type="cond" truecount="1" falsecount="1"/>
        <line num="21" count="0" type="stmt"/>
        <line num="23" count="2" type="stmt"/>
        <line num="24" count="2" type="stmt"/>
        <line num="25" count="2" type="cond" truecount="4" falsecount="1"/>
        <line num="26" count="2" type="stmt"/>
        <line num="31" count="0" type="stmt"/>
        <line num="67" count="6" type="stmt"/>
        <line num="78" count="2" type="stmt"/>
        <line num="79" count="2" type="stmt"/>
        <line num="80" count="2" type="stmt"/>
        <line num="81" count="2" type="stmt"/>
        <line num="82" count="2" type="stmt"/>
        <line num="83" count="2" type="stmt"/>
        <line num="84" count="2" type="stmt"/>
        <line num="87" count="2" type="stmt"/>
        <line num="89" count="2" type="stmt"/>
        <line num="90" count="1" type="cond" truecount="1" falsecount="1"/>
        <line num="91" count="0" type="stmt"/>
        <line num="94" count="1" type="stmt"/>
        <line num="96" count="1" type="cond" truecount="1" falsecount="1"/>
        <line num="97" count="0" type="stmt"/>
        <line num="98" count="0" type="stmt"/>
        <line num="99" count="0" type="stmt"/>
        <line num="102" count="1" type="stmt"/>
        <line num="103" count="1" type="stmt"/>
        <line num="105" count="1" type="stmt"/>
        <line num="106" count="1" type="stmt"/>
        <line num="107" count="1" type="stmt"/>
        <line num="108" count="1" type="stmt"/>
        <line num="109" count="1" type="cond" truecount="2" falsecount="2"/>
        <line num="111" count="1" type="stmt"/>
        <line num="112" count="1" type="stmt"/>
        <line num="113" count="1" type="cond" truecount="1" falsecount="1"/>
        <line num="114" count="1" type="cond" truecount="1" falsecount="1"/>
        <line num="115" count="1" type="stmt"/>
        <line num="116" count="1" type="stmt"/>
        <line num="119" count="0" type="cond" truecount="0" falsecount="2"/>
        <line num="120" count="0" type="stmt"/>
        <line num="121" count="0" type="stmt"/>
        <line num="124" count="1" type="cond" truecount="1" falsecount="1"/>
        <line num="125" count="1" type="stmt"/>
        <line num="130" count="1" type="stmt"/>
        <line num="131" count="1" type="stmt"/>
        <line num="132" count="1" type="stmt"/>
        <line num="133" count="1" type="stmt"/>
        <line num="137" count="2" type="stmt"/>
        <line num="138" count="0" type="cond" truecount="0" falsecount="2"/>
        <line num="139" count="0" type="stmt"/>
        <line num="141" count="0" type="stmt"/>
        <line num="143" count="0" type="stmt"/>
        <line num="144" count="0" type="stmt"/>
        <line num="145" count="0" type="stmt"/>
        <line num="148" count="2" type="stmt"/>
        <line num="149" count="1" type="stmt"/>
        <line num="158" count="2" type="cond" truecount="3" falsecount="4"/>
        <line num="159" count="0" type="stmt"/>
        <line num="162" count="2" type="stmt"/>
        <line num="163" count="2" type="stmt"/>
        <line num="177" count="2" type="stmt"/>
        <line num="185" count="13" type="stmt"/>
        <line num="186" count="13" type="cond" truecount="1" falsecount="1"/>
        <line num="187" count="0" type="stmt"/>
        <line num="189" count="13" type="stmt"/>
      </file>
      <file name="useFinstackEngine.ts" path="/Users/joneickmeier/projects/rfin/finstack-ui/src/hooks/useFinstackEngine.ts">
        <metrics statements="14" coveredstatements="7" conditionals="8" coveredconditionals="3" methods="4" coveredmethods="2"/>
        <line num="25" count="11" type="stmt"/>
        <line num="27" count="11" type="stmt"/>
        <line num="29" count="1" type="cond" truecount="1" falsecount="1"/>
        <line num="30" count="0" type="stmt"/>
        <line num="32" count="1" type="stmt"/>
        <line num="37" count="11" type="stmt"/>
        <line num="39" count="0" type="cond" truecount="0" falsecount="2"/>
        <line num="40" count="0" type="stmt"/>
        <line num="42" count="0" type="stmt"/>
        <line num="47" count="11" type="stmt"/>
        <line num="49" count="0" type="cond" truecount="0" falsecount="2"/>
        <line num="50" count="0" type="stmt"/>
        <line num="52" count="0" type="stmt"/>
        <line num="57" count="11" type="stmt"/>
      </file>
      <file name="useValuation.ts" path="/Users/joneickmeier/projects/rfin/finstack-ui/src/hooks/useValuation.ts">
        <metrics statements="28" coveredstatements="6" conditionals="8" coveredconditionals="0" methods="2" coveredmethods="1"/>
        <line num="18" count="4" type="stmt"/>
        <line num="19" count="4" type="stmt"/>
        <line num="20" count="4" type="stmt"/>
        <line num="21" count="4" type="stmt"/>
        <line num="23" count="4" type="stmt"/>
        <line num="25" count="0" type="cond" truecount="0" falsecount="2"/>
        <line num="26" count="0" type="stmt"/>
        <line num="27" count="0" type="stmt"/>
        <line num="28" count="0" type="stmt"/>
        <line num="30" count="0" type="stmt"/>
        <line num="31" count="0" type="stmt"/>
        <line num="32" count="0" type="stmt"/>
        <line num="33" count="0" type="stmt"/>
        <line num="34" count="0" type="stmt"/>
        <line num="35" count="0" type="cond" truecount="0" falsecount="2"/>
        <line num="36" count="0" type="cond" truecount="0" falsecount="2"/>
        <line num="37" count="0" type="stmt"/>
        <line num="38" count="0" type="stmt"/>
        <line num="39" count="0" type="stmt"/>
        <line num="40" count="0" type="stmt"/>
        <line num="42" count="0" type="stmt"/>
        <line num="43" count="0" type="stmt"/>
        <line num="44" count="0" type="stmt"/>
        <line num="46" count="0" type="cond" truecount="0" falsecount="2"/>
        <line num="47" count="0" type="stmt"/>
        <line num="48" count="0" type="stmt"/>
        <line num="49" count="0" type="stmt"/>
        <line num="55" count="4" type="stmt"/>
      </file>
    </package>
    <package name="lib">
      <metrics statements="27" coveredstatements="14" conditionals="8" coveredconditionals="8" methods="18" coveredmethods="6"/>
      <file name="finstackWasmStub.ts" path="/Users/joneickmeier/projects/rfin/finstack-ui/src/lib/finstackWasmStub.ts">
        <metrics statements="15" coveredstatements="2" conditionals="0" coveredconditionals="0" methods="14" coveredmethods="2"/>
        <line num="22" count="0" type="stmt"/>
        <line num="27" count="0" type="stmt"/>
        <line num="34" count="0" type="stmt"/>
        <line num="35" count="0" type="stmt"/>
        <line num="36" count="0" type="stmt"/>
        <line num="41" count="0" type="stmt"/>
        <line num="46" count="0" type="stmt"/>
        <line num="49" count="0" type="stmt"/>
        <line num="53" count="5" type="stmt"/>
        <line num="54" count="0" type="stmt"/>
        <line num="57" count="5" type="stmt"/>
        <line num="58" count="0" type="stmt"/>
        <line num="67" count="0" type="stmt"/>
        <line num="80" count="0" type="stmt"/>
        <line num="85" count="0" type="stmt"/>
      </file>
      <file name="wasmSingleton.ts" path="/Users/joneickmeier/projects/rfin/finstack-ui/src/lib/wasmSingleton.ts">
        <metrics statements="12" coveredstatements="12" conditionals="8" coveredconditionals="8" methods="4" coveredmethods="4"/>
        <line num="4" count="9" type="stmt"/>
        <line num="7" count="5" type="stmt"/>
        <line num="11" count="4" type="cond" truecount="2" falsecount="0"/>
        <line num="13" count="1" type="stmt"/>
        <line num="16" count="3" type="cond" truecount="2" falsecount="0"/>
        <line num="18" count="2" type="stmt"/>
        <line num="22" count="2" type="cond" truecount="2" falsecount="0"/>
        <line num="24" count="2" type="cond" truecount="2" falsecount="0"/>
        <line num="25" count="1" type="stmt"/>
        <line num="29" count="1" type="stmt"/>
        <line num="32" count="3" type="stmt"/>
        <line num="37" count="2" type="stmt"/>
      </file>
    </package>
    <package name="schemas">
      <metrics statements="31" coveredstatements="30" conditionals="4" coveredconditionals="2" methods="1" coveredmethods="1"/>
      <file name="dashboard.ts" path="/Users/joneickmeier/projects/rfin/finstack-ui/src/schemas/dashboard.ts">
        <metrics statements="16" coveredstatements="15" conditionals="4" coveredconditionals="2" methods="1" coveredmethods="1"/>
        <line num="5" count="4" type="stmt"/>
        <line num="8" count="4" type="stmt"/>
        <line num="16" count="4" type="stmt"/>
        <line num="29" count="4" type="stmt"/>
        <line num="32" count="4" type="stmt"/>
        <line num="40" count="4" type="stmt"/>
        <line num="45" count="4" type="stmt"/>
        <line num="51" count="4" type="stmt"/>
        <line num="58" count="4" type="stmt"/>
        <line num="71" count="4" type="stmt"/>
        <line num="84" count="4" type="stmt"/>
        <line num="93" count="4" type="stmt"/>
        <line num="109" count="4" type="stmt"/>
        <line num="132" count="1" type="cond" truecount="2" falsecount="2"/>
        <line num="133" count="1" type="stmt"/>
        <line num="138" count="0" type="stmt"/>
      </file>
      <file name="engine.ts" path="/Users/joneickmeier/projects/rfin/finstack-ui/src/schemas/engine.ts">
        <metrics statements="8" coveredstatements="8" conditionals="0" coveredconditionals="0" methods="0" coveredmethods="0"/>
        <line num="11" count="4" type="stmt"/>
        <line num="15" count="4" type="stmt"/>
        <line num="20" count="4" type="stmt"/>
        <line num="28" count="4" type="stmt"/>
        <line num="33" count="4" type="stmt"/>
        <line num="44" count="4" type="stmt"/>
        <line num="54" count="4" type="stmt"/>
        <line num="63" count="4" type="stmt"/>
      </file>
      <file name="valuations.ts" path="/Users/joneickmeier/projects/rfin/finstack-ui/src/schemas/valuations.ts">
        <metrics statements="7" coveredstatements="7" conditionals="0" coveredconditionals="0" methods="0" coveredmethods="0"/>
        <line num="3" count="4" type="stmt"/>
        <line num="7" count="4" type="stmt"/>
        <line num="22" count="4" type="stmt"/>
        <line num="44" count="4" type="stmt"/>
        <line num="57" count="4" type="stmt"/>
        <line num="70" count="4" type="stmt"/>
        <line num="82" count="4" type="stmt"/>
      </file>
    </package>
    <package name="utils">
      <metrics statements="42" coveredstatements="42" conditionals="45" coveredconditionals="34" methods="5" coveredmethods="5"/>
      <file name="amount.ts" path="/Users/joneickmeier/projects/rfin/finstack-ui/src/utils/amount.ts">
        <metrics statements="36" coveredstatements="36" conditionals="41" coveredconditionals="30" methods="3" coveredmethods="3"/>
        <line num="3" count="6" type="stmt"/>
        <line num="15" count="7" type="cond" truecount="4" falsecount="0"/>
        <line num="16" count="2" type="stmt"/>
        <line num="19" count="5" type="stmt"/>
        <line num="20" count="5" type="stmt"/>
        <line num="21" count="5" type="stmt"/>
        <line num="22" count="5" type="cond" truecount="1" falsecount="1"/>
        <line num="24" count="7" type="cond" truecount="2" falsecount="0"/>
        <line num="25" count="2" type="stmt"/>
        <line num="28" count="3" type="cond" truecount="1" falsecount="0"/>
        <line num="29" count="3" type="cond" truecount="1" falsecount="1"/>
        <line num="30" count="7" type="stmt"/>
        <line num="32" count="7" type="stmt"/>
        <line num="33" count="7" type="stmt"/>
        <line num="34" count="7" type="cond" truecount="1" falsecount="1"/>
        <line num="36" count="7" type="cond" truecount="1" falsecount="1"/>
        <line num="37" count="7" type="cond" truecount="2" falsecount="0"/>
        <line num="38" count="3" type="stmt"/>
        <line num="41" count="3" type="cond" truecount="1" falsecount="1"/>
        <line num="43" count="7" type="cond" truecount="1" falsecount="1"/>
        <line num="45" count="7" type="cond" truecount="1" falsecount="1"/>
        <line num="47" count="7" type="stmt"/>
        <line num="48" count="7" type="cond" truecount="1" falsecount="1"/>
        <line num="51" count="7" type="cond" truecount="1" falsecount="1"/>
        <line num="58" count="2" type="cond" truecount="1" falsecount="1"/>
        <line num="59" count="2" type="stmt"/>
        <line num="60" count="2" type="cond" truecount="1" falsecount="1"/>
        <line num="64" count="3" type="stmt"/>
        <line num="65" count="3" type="stmt"/>
        <line num="66" count="3" type="cond" truecount="2" falsecount="0"/>
        <line num="67" count="3" type="stmt"/>
        <line num="69" count="3" type="cond" truecount="1" falsecount="0"/>
        <line num="70" count="3" type="cond" truecount="2" falsecount="0"/>
        <line num="71" count="3" type="stmt"/>
        <line num="72" count="3" type="cond" truecount="2" falsecount="0"/>
        <line num="74" count="3" type="cond" truecount="2" falsecount="0"/>
      </file>
      <file name="cn.ts" path="/Users/joneickmeier/projects/rfin/finstack-ui/src/utils/cn.ts">
        <metrics statements="1" coveredstatements="1" conditionals="0" coveredconditionals="0" methods="1" coveredmethods="1"/>
        <line num="5" count="204" type="stmt"/>
      </file>
      <file name="errors.ts" path="/Users/joneickmeier/projects/rfin/finstack-ui/src/utils/errors.ts">
        <metrics statements="5" coveredstatements="5" conditionals="4" coveredconditionals="4" methods="1" coveredmethods="1"/>
        <line num="8" count="6" type="cond" truecount="2" falsecount="0"/>
        <line num="9" count="4" type="stmt"/>
        <line num="12" count="2" type="cond" truecount="2" falsecount="0"/>
        <line num="13" count="1" type="stmt"/>
        <line num="16" count="1" type="stmt"/>
      </file>
    </package>
    <package name="workers">
      <metrics statements="341" coveredstatements="171" conditionals="290" coveredconditionals="128" methods="28" coveredmethods="14"/>
      <file name="finstackEngine.ts" path="/Users/joneickmeier/projects/rfin/finstack-ui/src/workers/finstackEngine.ts">
        <metrics statements="331" coveredstatements="169" conditionals="288" coveredconditionals="128" methods="25" coveredmethods="14"/>
        <line num="150" count="13" type="cond" truecount="2" falsecount="0"/>
        <line num="155" count="6" type="stmt"/>
        <line num="157" count="6" type="stmt"/>
        <line num="159" count="6" type="cond" truecount="1" falsecount="1"/>
        <line num="161" count="6" type="cond" truecount="1" falsecount="1"/>
        <line num="162" count="6" type="stmt"/>
        <line num="167" count="13" type="stmt"/>
        <line num="171" count="8" type="stmt"/>
        <line num="172" count="8" type="stmt"/>
        <line num="173" count="8" type="stmt"/>
        <line num="179" count="7" type="cond" truecount="2" falsecount="0"/>
        <line num="180" count="4" type="stmt"/>
        <line num="181" count="4" type="stmt"/>
        <line num="182" count="4" type="cond" truecount="3" falsecount="1"/>
        <line num="184" count="4" type="cond" truecount="2" falsecount="0"/>
        <line num="187" count="7" type="cond" truecount="3" falsecount="0"/>
        <line num="190" count="7" type="cond" truecount="3" falsecount="1"/>
        <line num="191" count="4" type="cond" truecount="1" falsecount="1"/>
        <line num="194" count="0" type="stmt"/>
        <line num="196" count="0" type="stmt"/>
        <line num="200" count="12" type="stmt"/>
        <line num="201" count="12" type="stmt"/>
        <line num="203" count="1" type="stmt"/>
        <line num="212" count="6" type="stmt"/>
        <line num="213" count="6" type="cond" truecount="1" falsecount="1"/>
        <line num="214" count="0" type="stmt"/>
        <line num="216" count="6" type="stmt"/>
        <line num="217" count="6" type="cond" truecount="1" falsecount="1"/>
        <line num="222" count="0" type="stmt"/>
        <line num="224" count="6" type="cond" truecount="1" falsecount="1"/>
        <line num="225" count="0" type="stmt"/>
        <line num="227" count="6" type="stmt"/>
        <line num="231" count="0" type="cond" truecount="0" falsecount="2"/>
        <line num="232" count="0" type="cond" truecount="0" falsecount="2"/>
        <line num="233" count="0" type="stmt"/>
        <line num="234" count="0" type="cond" truecount="0" falsecount="2"/>
        <line num="235" count="0" type="stmt"/>
        <line num="236" count="0" type="stmt"/>
        <line num="237" count="0" type="cond" truecount="0" falsecount="5"/>
        <line num="239" count="0" type="stmt"/>
        <line num="241" count="0" type="stmt"/>
        <line num="243" count="0" type="stmt"/>
        <line num="245" count="0" type="stmt"/>
        <line num="247" count="0" type="stmt"/>
        <line num="252" count="0" type="cond" truecount="0" falsecount="2"/>
        <line num="253" count="0" type="cond" truecount="0" falsecount="2"/>
        <line num="254" count="0" type="stmt"/>
        <line num="256" count="0" type="stmt"/>
        <line num="257" count="0" type="cond" truecount="0" falsecount="2"/>
        <line num="258" count="0" type="stmt"/>
        <line num="260" count="0" type="stmt"/>
        <line num="261" count="0" type="stmt"/>
        <line num="262" count="0" type="cond" truecount="0" falsecount="5"/>
        <line num="264" count="0" type="stmt"/>
        <line num="266" count="0" type="stmt"/>
        <line num="268" count="0" type="stmt"/>
        <line num="270" count="0" type="stmt"/>
        <line num="272" count="0" type="stmt"/>
        <line num="280" count="4" type="stmt"/>
        <line num="281" count="4" type="stmt"/>
        <line num="283" count="4" type="cond" truecount="2" falsecount="0"/>
        <line num="284" count="2" type="stmt"/>
        <line num="285" count="2" type="stmt"/>
        <line num="286" count="2" type="stmt"/>
        <line num="287" count="2" type="cond" truecount="1" falsecount="1"/>
        <line num="288" count="2" type="stmt"/>
        <line num="289" count="0" type="cond" truecount="0" falsecount="2"/>
        <line num="290" count="0" type="stmt"/>
        <line num="293" count="0" type="stmt"/>
        <line num="296" count="0" type="stmt"/>
        <line num="299" count="2" type="stmt"/>
        <line num="300" count="2" type="cond" truecount="3" falsecount="1"/>
        <line num="301" count="0" type="stmt"/>
        <line num="302" count="0" type="stmt"/>
        <line num="303" count="0" type="stmt"/>
        <line num="304" count="0" type="stmt"/>
        <line num="317" count="0" type="cond" truecount="0" falsecount="2"/>
        <line num="318" count="0" type="stmt"/>
        <line num="319" count="0" type="stmt"/>
        <line num="320" count="0" type="stmt"/>
        <line num="321" count="0" type="stmt"/>
        <line num="326" count="0" type="stmt"/>
        <line num="327" count="0" type="cond" truecount="0" falsecount="3"/>
        <line num="329" count="0" type="stmt"/>
        <line num="330" count="0" type="cond" truecount="0" falsecount="3"/>
        <line num="333" count="0" type="stmt"/>
        <line num="343" count="0" type="stmt"/>
        <line num="345" count="0" type="stmt"/>
        <line num="349" count="0" type="stmt"/>
        <line num="356" count="0" type="stmt"/>
        <line num="357" count="0" type="stmt"/>
        <line num="358" count="0" type="stmt"/>
        <line num="363" count="4" type="cond" truecount="2" falsecount="0"/>
        <line num="364" count="2" type="stmt"/>
        <line num="365" count="2" type="stmt"/>
        <line num="367" count="0" type="stmt"/>
        <line num="371" count="4" type="stmt"/>
        <line num="374" count="8" type="stmt"/>
        <line num="379" count="5" type="stmt"/>
        <line num="380" count="5" type="stmt"/>
        <line num="381" count="5" type="stmt"/>
        <line num="382" count="5" type="stmt"/>
        <line num="383" count="5" type="cond" truecount="2" falsecount="0"/>
        <line num="384" count="5" type="stmt"/>
        <line num="385" count="5" type="cond" truecount="2" falsecount="0"/>
        <line num="386" count="2" type="stmt"/>
        <line num="388" count="5" type="stmt"/>
        <line num="393" count="0" type="stmt"/>
        <line num="394" count="0" type="stmt"/>
        <line num="399" count="0" type="stmt"/>
        <line num="400" count="0" type="stmt"/>
        <line num="401" count="0" type="stmt"/>
        <line num="402" count="0" type="stmt"/>
        <line num="408" count="4" type="stmt"/>
        <line num="409" count="4" type="stmt"/>
        <line num="410" count="4" type="stmt"/>
        <line num="411" count="4" type="stmt"/>
        <line num="412" count="4" type="stmt"/>
        <line num="414" count="4" type="cond" truecount="3" falsecount="0"/>
        <line num="417" count="4" type="stmt"/>
        <line num="424" count="4" type="stmt"/>
        <line num="425" count="4" type="stmt"/>
        <line num="426" count="4" type="cond" truecount="2" falsecount="0"/>
        <line num="428" count="2" type="stmt"/>
        <line num="429" count="2" type="cond" truecount="1" falsecount="1"/>
        <line num="431" count="2" type="cond" truecount="1" falsecount="1"/>
        <line num="432" count="2" type="stmt"/>
        <line num="433" count="2" type="stmt"/>
        <line num="438" count="0" type="stmt"/>
        <line num="439" count="0" type="stmt"/>
        <line num="443" count="2" type="cond" truecount="1" falsecount="1"/>
        <line num="445" count="2" type="cond" truecount="1" falsecount="1"/>
        <line num="446" count="2" type="stmt"/>
        <line num="447" count="2" type="stmt"/>
        <line num="449" count="0" type="stmt"/>
        <line num="450" count="0" type="stmt"/>
        <line num="455" count="4" type="stmt"/>
        <line num="456" count="4" type="stmt"/>
        <line num="459" count="4" type="stmt"/>
        <line num="461" count="4" type="cond" truecount="2" falsecount="0"/>
        <line num="466" count="2" type="stmt"/>
        <line num="467" count="2" type="cond" truecount="1" falsecount="2"/>
        <line num="468" count="2" type="cond" truecount="2" falsecount="0"/>
        <line num="469" count="2" type="cond" truecount="2" falsecount="0"/>
        <line num="470" count="2" type="cond" truecount="3" falsecount="0"/>
        <line num="471" count="2" type="cond" truecount="1" falsecount="2"/>
        <line num="472" count="2" type="stmt"/>
        <line num="475" count="2" type="stmt"/>
        <line num="479" count="2" type="stmt"/>
        <line num="480" count="2" type="stmt"/>
        <line num="481" count="2" type="stmt"/>
        <line num="488" count="2" type="stmt"/>
        <line num="498" count="0" type="stmt"/>
        <line num="499" count="0" type="stmt"/>
        <line num="502" count="2" type="cond" truecount="2" falsecount="0"/>
        <line num="503" count="1" type="stmt"/>
        <line num="504" count="1" type="cond" truecount="1" falsecount="1"/>
        <line num="507" count="1" type="stmt"/>
        <line num="509" count="1" type="cond" truecount="1" falsecount="2"/>
        <line num="511" count="1" type="stmt"/>
        <line num="513" count="2" type="cond" truecount="1" falsecount="2"/>
        <line num="515" count="1" type="cond" truecount="3" falsecount="1"/>
        <line num="516" count="0" type="stmt"/>
        <line num="519" count="1" type="stmt"/>
        <line num="522" count="1" type="stmt"/>
        <line num="525" count="1" type="cond" truecount="1" falsecount="1"/>
        <line num="526" count="0" type="stmt"/>
        <line num="528" count="1" type="cond" truecount="1" falsecount="1"/>
        <line num="530" count="1" type="cond" truecount="2" falsecount="2"/>
        <line num="533" count="1" type="stmt"/>
        <line num="546" count="1" type="stmt"/>
        <line num="551" count="1" type="stmt"/>
        <line num="559" count="1" type="stmt"/>
        <line num="568" count="1" type="stmt"/>
        <line num="569" count="1" type="stmt"/>
        <line num="587" count="0" type="stmt"/>
        <line num="588" count="0" type="stmt"/>
        <line num="591" count="1" type="cond" truecount="1" falsecount="1"/>
        <line num="593" count="0" type="stmt"/>
        <line num="594" count="0" type="cond" truecount="0" falsecount="2"/>
        <line num="595" count="0" type="stmt"/>
        <line num="596" count="0" type="stmt"/>
        <line num="598" count="0" type="stmt"/>
        <line num="599" count="0" type="stmt"/>
        <line num="604" count="4" type="cond" truecount="1" falsecount="1"/>
        <line num="605" count="0" type="stmt"/>
        <line num="608" count="4" type="cond" truecount="2" falsecount="0"/>
        <line num="609" count="1" type="stmt"/>
        <line num="614" count="3" type="stmt"/>
        <line num="619" count="3" type="cond" truecount="1" falsecount="1"/>
        <line num="622" count="4" type="stmt"/>
        <line num="624" count="4" type="stmt"/>
        <line num="628" count="4" type="stmt"/>
        <line num="634" count="4" type="cond" truecount="4" falsecount="0"/>
        <line num="652" count="4" type="cond" truecount="1" falsecount="1"/>
        <line num="660" count="4" type="cond" truecount="1" falsecount="1"/>
        <line num="662" count="4" type="stmt"/>
        <line num="681" count="1" type="stmt"/>
        <line num="694" count="1" type="stmt"/>
        <line num="695" count="1" type="stmt"/>
        <line num="696" count="1" type="stmt"/>
        <line num="697" count="1" type="stmt"/>
        <line num="699" count="1" type="stmt"/>
        <line num="714" count="1" type="cond" truecount="1" falsecount="1"/>
        <line num="715" count="1" type="cond" truecount="1" falsecount="1"/>
        <line num="718" count="1" type="stmt"/>
        <line num="719" count="1" type="stmt"/>
        <line num="726" count="1" type="stmt"/>
        <line num="733" count="1" type="stmt"/>
        <line num="734" count="1" type="cond" truecount="1" falsecount="1"/>
        <line num="735" count="0" type="stmt"/>
        <line num="736" count="0" type="cond" truecount="0" falsecount="2"/>
        <line num="737" count="0" type="stmt"/>
        <line num="741" count="0" type="cond" truecount="0" falsecount="2"/>
        <line num="742" count="0" type="stmt"/>
        <line num="750" count="0" type="stmt"/>
        <line num="751" count="0" type="cond" truecount="0" falsecount="2"/>
        <line num="752" count="0" type="cond" truecount="0" falsecount="2"/>
        <line num="753" count="0" type="cond" truecount="0" falsecount="2"/>
        <line num="754" count="0" type="stmt"/>
        <line num="757" count="0" type="stmt"/>
        <line num="760" count="0" type="cond" truecount="0" falsecount="2"/>
        <line num="761" count="0" type="stmt"/>
        <line num="762" count="0" type="cond" truecount="0" falsecount="2"/>
        <line num="767" count="0" type="stmt"/>
        <line num="770" count="0" type="stmt"/>
        <line num="775" count="0" type="stmt"/>
        <line num="786" count="0" type="stmt"/>
        <line num="789" count="0" type="stmt"/>
        <line num="795" count="0" type="stmt"/>
        <line num="797" count="0" type="cond" truecount="0" falsecount="2"/>
        <line num="798" count="0" type="stmt"/>
        <line num="799" count="0" type="stmt"/>
        <line num="809" count="0" type="stmt"/>
        <line num="810" count="0" type="stmt"/>
        <line num="816" count="0" type="stmt"/>
        <line num="821" count="0" type="stmt"/>
        <line num="828" count="0" type="stmt"/>
        <line num="831" count="1" type="stmt"/>
        <line num="832" count="1" type="stmt"/>
        <line num="833" count="1" type="cond" truecount="1" falsecount="1"/>
        <line num="834" count="0" type="stmt"/>
        <line num="838" count="0" type="cond" truecount="0" falsecount="2"/>
        <line num="839" count="0" type="stmt"/>
        <line num="841" count="1" type="stmt"/>
        <line num="844" count="1" type="cond" truecount="1" falsecount="1"/>
        <line num="845" count="0" type="stmt"/>
        <line num="846" count="0" type="stmt"/>
        <line num="847" count="0" type="stmt"/>
        <line num="853" count="0" type="stmt"/>
        <line num="854" count="0" type="stmt"/>
        <line num="855" count="0" type="stmt"/>
        <line num="858" count="0" type="stmt"/>
        <line num="859" count="0" type="stmt"/>
        <line num="860" count="0" type="stmt"/>
        <line num="861" count="0" type="stmt"/>
        <line num="867" count="0" type="stmt"/>
        <line num="874" count="1" type="stmt"/>
        <line num="875" count="1" type="stmt"/>
        <line num="877" count="1" type="stmt"/>
        <line num="881" count="1" type="cond" truecount="1" falsecount="1"/>
        <line num="883" count="1" type="cond" truecount="1" falsecount="1"/>
        <line num="887" count="1" type="stmt"/>
        <line num="903" count="1" type="stmt"/>
        <line num="904" count="1" type="stmt"/>
        <line num="905" count="1" type="stmt"/>
        <line num="906" count="1" type="stmt"/>
        <line num="908" count="1" type="stmt"/>
        <line num="925" count="1" type="cond" truecount="1" falsecount="1"/>
        <line num="926" count="1" type="cond" truecount="2" falsecount="0"/>
        <line num="927" count="1" type="cond" truecount="2" falsecount="0"/>
        <line num="928" count="1" type="cond" truecount="1" falsecount="1"/>
        <line num="931" count="1" type="stmt"/>
        <line num="932" count="1" type="stmt"/>
        <line num="939" count="1" type="stmt"/>
        <line num="948" count="1" type="stmt"/>
        <line num="949" count="1" type="cond" truecount="1" falsecount="1"/>
        <line num="950" count="0" type="stmt"/>
        <line num="951" count="0" type="cond" truecount="0" falsecount="2"/>
        <line num="952" count="0" type="stmt"/>
        <line num="956" count="0" type="cond" truecount="0" falsecount="2"/>
        <line num="957" count="0" type="stmt"/>
        <line num="965" count="0" type="stmt"/>
        <line num="966" count="0" type="cond" truecount="0" falsecount="2"/>
        <line num="967" count="0" type="cond" truecount="0" falsecount="2"/>
        <line num="968" count="0" type="cond" truecount="0" falsecount="2"/>
        <line num="969" count="0" type="stmt"/>
        <line num="972" count="0" type="stmt"/>
        <line num="975" count="0" type="stmt"/>
        <line num="976" count="0" type="stmt"/>
        <line num="987" count="0" type="stmt"/>
        <line num="989" count="0" type="stmt"/>
        <line num="995" count="0" type="stmt"/>
        <line num="997" count="0" type="cond" truecount="0" falsecount="2"/>
        <line num="998" count="0" type="stmt"/>
        <line num="999" count="0" type="stmt"/>
        <line num="1010" count="0" type="stmt"/>
        <line num="1011" count="0" type="cond" truecount="0" falsecount="2"/>
        <line num="1012" count="0" type="stmt"/>
        <line num="1015" count="0" type="stmt"/>
        <line num="1029" count="0" type="stmt"/>
        <line num="1035" count="0" type="stmt"/>
        <line num="1039" count="0" type="stmt"/>
        <line num="1046" count="0" type="stmt"/>
        <line num="1049" count="1" type="stmt"/>
        <line num="1050" count="1" type="stmt"/>
        <line num="1051" count="1" type="cond" truecount="1" falsecount="1"/>
        <line num="1052" count="0" type="stmt"/>
        <line num="1056" count="0" type="cond" truecount="0" falsecount="2"/>
        <line num="1057" count="0" type="stmt"/>
        <line num="1059" count="1" type="stmt"/>
        <line num="1062" count="1" type="cond" truecount="1" falsecount="1"/>
        <line num="1063" count="0" type="stmt"/>
        <line num="1064" count="0" type="stmt"/>
        <line num="1065" count="0" type="stmt"/>
        <line num="1071" count="0" type="stmt"/>
        <line num="1084" count="0" type="stmt"/>
        <line num="1085" count="0" type="stmt"/>
        <line num="1088" count="0" type="stmt"/>
        <line num="1089" count="0" type="stmt"/>
        <line num="1090" count="0" type="stmt"/>
        <line num="1091" count="0" type="stmt"/>
        <line num="1097" count="0" type="stmt"/>
        <line num="1104" count="1" type="stmt"/>
        <line num="1105" count="1" type="stmt"/>
        <line num="1107" count="1" type="stmt"/>
        <line num="1111" count="1" type="cond" truecount="1" falsecount="1"/>
        <line num="1113" count="1" type="cond" truecount="1" falsecount="1"/>
        <line num="1117" count="1" type="stmt"/>
        <line num="1134" count="8" type="stmt"/>
        <line num="1141" count="8" type="stmt"/>
      </file>
      <file name="pool.ts" path="/Users/joneickmeier/projects/rfin/finstack-ui/src/workers/pool.ts">
        <metrics statements="10" coveredstatements="2" conditionals="2" coveredconditionals="0" methods="3" coveredmethods="0"/>
        <line num="4" count="5" type="stmt"/>
        <line num="5" count="5" type="stmt"/>
        <line num="8" count="0" type="stmt"/>
        <line num="11" count="0" type="stmt"/>
        <line num="15" count="0" type="cond" truecount="0" falsecount="2"/>
        <line num="16" count="0" type="stmt"/>
        <line num="18" count="0" type="stmt"/>
        <line num="22" count="0" type="stmt"/>
        <line num="23" count="0" type="stmt"/>
        <line num="24" count="0" type="stmt"/>
      </file>
    </package>
  </project>
</coverage>
