{"/Users/joneickmeier/projects/rfin/finstack-ui/src/components/charts/CurveChart.tsx": {"path":"/Users/joneickmeier/projects/rfin/finstack-ui/src/components/charts/CurveChart.tsx","statementMap":{"0":{"start":{"line":36,"column":17},"end":{"line":44,"column":null}},"1":{"start":{"line":36,"column":41},"end":{"line":44,"column":4}},"2":{"start":{"line":40,"column":33},"end":{"line":43,"column":6}},"3":{"start":{"line":46,"column":15},"end":{"line":52,"column":null}},"4":{"start":{"line":47,"column":4},"end":{"line":50,"column":null}},"5":{"start":{"line":48,"column":6},"end":{"line":48,"column":null}},"6":{"start":{"line":48,"column":20},"end":{"line":48,"column":null}},"7":{"start":{"line":49,"column":6},"end":{"line":49,"column":null}},"8":{"start":{"line":51,"column":4},"end":{"line":51,"column":null}},"9":{"start":{"line":54,"column":2},"end":{"line":81,"column":null}},"10":{"start":{"line":70,"column":14},"end":{"line":76,"column":null}}},"fnMap":{"0":{"name":"CurveChart","decl":{"start":{"line":30,"column":16},"end":{"line":30,"column":27}},"loc":{"start":{"line":35,"column":20},"end":{"line":83,"column":null}},"line":35},"1":{"name":"(anonymous_1)","decl":{"start":{"line":36,"column":28},"end":{"line":36,"column":29}},"loc":{"start":{"line":36,"column":41},"end":{"line":44,"column":4}},"line":36},"2":{"name":"(anonymous_2)","decl":{"start":{"line":40,"column":25},"end":{"line":40,"column":26}},"loc":{"start":{"line":40,"column":33},"end":{"line":43,"column":6}},"line":40},"3":{"name":"(anonymous_3)","decl":{"start":{"line":46,"column":56},"end":{"line":46,"column":57}},"loc":{"start":{"line":46,"column":73},"end":{"line":52,"column":5}},"line":46},"4":{"name":"(anonymous_4)","decl":{"start":{"line":47,"column":25},"end":{"line":47,"column":26}},"loc":{"start":{"line":47,"column":35},"end":{"line":50,"column":5}},"line":47},"5":{"name":"(anonymous_5)","decl":{"start":{"line":69,"column":24},"end":{"line":69,"column":25}},"loc":{"start":{"line":70,"column":14},"end":{"line":76,"column":null}},"line":70}},"branchMap":{"0":{"loc":{"start":{"line":31,"column":2},"end":{"line":31,"column":null}},"type":"default-arg","locations":[{"start":{"line":31,"column":10},"end":{"line":31,"column":null}}],"line":31},"1":{"loc":{"start":{"line":33,"column":2},"end":{"line":33,"column":null}},"type":"default-arg","locations":[{"start":{"line":33,"column":11},"end":{"line":33,"column":null}}],"line":33},"2":{"loc":{"start":{"line":34,"column":2},"end":{"line":34,"column":null}},"type":"default-arg","locations":[{"start":{"line":34,"column":11},"end":{"line":34,"column":null}}],"line":34},"3":{"loc":{"start":{"line":39,"column":11},"end":{"line":39,"column":null}},"type":"binary-expr","locations":[{"start":{"line":39,"column":11},"end":{"line":39,"column":22}},{"start":{"line":39,"column":22},"end":{"line":39,"column":null}}],"line":39},"4":{"loc":{"start":{"line":48,"column":6},"end":{"line":48,"column":null}},"type":"if","locations":[{"start":{"line":48,"column":6},"end":{"line":48,"column":null}},{"start":{},"end":{}}],"line":48}},"s":{"0":3,"1":3,"2":8,"3":3,"4":3,"5":8,"6":8,"7":8,"8":3,"9":3,"10":3},"f":{"0":3,"1":3,"2":8,"3":3,"4":8,"5":3},"b":{"0":[3],"1":[3],"2":[3],"3":[3,3],"4":[8,0]},"meta":{"lastBranch":5,"lastFunction":6,"lastStatement":11,"seen":{"f:30:16:30:27":0,"b:31:10:31:Infinity":0,"b:33:11:33:Infinity":1,"b:34:11:34:Infinity":2,"s:36:17:44:Infinity":0,"f:36:28:36:29":1,"s:36:41:44:4":1,"b:39:11:39:22:39:22:39:Infinity":3,"f:40:25:40:26":2,"s:40:33:43:6":2,"s:46:15:52:Infinity":3,"f:46:56:46:57":3,"s:47:4:50:Infinity":4,"f:47:25:47:26":4,"b:48:6:48:Infinity:undefined:undefined:undefined:undefined":4,"s:48:6:48:Infinity":5,"s:48:20:48:Infinity":6,"s:49:6:49:Infinity":7,"s:51:4:51:Infinity":8,"s:54:2:81:Infinity":9,"f:69:24:69:25":5,"s:70:14:76:Infinity":10}}}
,"/Users/joneickmeier/projects/rfin/finstack-ui/src/components/charts/index.ts": {"path":"/Users/joneickmeier/projects/rfin/finstack-ui/src/components/charts/index.ts","statementMap":{},"fnMap":{},"branchMap":{},"s":{},"f":{},"b":{},"meta":{"lastBranch":0,"lastFunction":0,"lastStatement":0,"seen":{}}}
,"/Users/joneickmeier/projects/rfin/finstack-ui/src/components/genui/GenericInstrumentPanel.tsx": {"path":"/Users/joneickmeier/projects/rfin/finstack-ui/src/components/genui/GenericInstrumentPanel.tsx","statementMap":{"0":{"start":{"line":66,"column":8},"end":{"line":70,"column":null}},"1":{"start":{"line":72,"column":22},"end":{"line":153,"column":null}},"2":{"start":{"line":77,"column":4},"end":{"line":152,"column":null}},"3":{"start":{"line":79,"column":8},"end":{"line":84,"column":null}},"4":{"start":{"line":82,"column":29},"end":{"line":82,"column":null}},"5":{"start":{"line":87,"column":8},"end":{"line":91,"column":null}},"6":{"start":{"line":90,"column":29},"end":{"line":90,"column":null}},"7":{"start":{"line":94,"column":8},"end":{"line":99,"column":null}},"8":{"start":{"line":97,"column":29},"end":{"line":97,"column":null}},"9":{"start":{"line":102,"column":8},"end":{"line":107,"column":null}},"10":{"start":{"line":105,"column":29},"end":{"line":105,"column":null}},"11":{"start":{"line":110,"column":8},"end":{"line":115,"column":null}},"12":{"start":{"line":113,"column":29},"end":{"line":113,"column":null}},"13":{"start":{"line":119,"column":8},"end":{"line":131,"column":null}},"14":{"start":{"line":123,"column":29},"end":{"line":123,"column":null}},"15":{"start":{"line":127,"column":14},"end":{"line":129,"column":null}},"16":{"start":{"line":134,"column":8},"end":{"line":140,"column":null}},"17":{"start":{"line":138,"column":29},"end":{"line":138,"column":null}},"18":{"start":{"line":144,"column":8},"end":{"line":150,"column":null}},"19":{"start":{"line":148,"column":29},"end":{"line":148,"column":null}},"20":{"start":{"line":155,"column":2},"end":{"line":234,"column":null}},"21":{"start":{"line":170,"column":12},"end":{"line":202,"column":null}},"22":{"start":{"line":178,"column":16},"end":{"line":200,"column":null}},"23":{"start":{"line":183,"column":20},"end":{"line":198,"column":null}}},"fnMap":{"0":{"name":"GenericInstrumentPanel","decl":{"start":{"line":53,"column":16},"end":{"line":53,"column":48}},"loc":{"start":{"line":65,"column":41},"end":{"line":236,"column":null}},"line":65},"1":{"name":"(anonymous_1)","decl":{"start":{"line":72,"column":22},"end":{"line":72,"column":null}},"loc":{"start":{"line":76,"column":7},"end":{"line":153,"column":null}},"line":76},"2":{"name":"(anonymous_2)","decl":{"start":{"line":82,"column":22},"end":{"line":82,"column":23}},"loc":{"start":{"line":82,"column":29},"end":{"line":82,"column":null}},"line":82},"3":{"name":"(anonymous_3)","decl":{"start":{"line":90,"column":22},"end":{"line":90,"column":23}},"loc":{"start":{"line":90,"column":29},"end":{"line":90,"column":null}},"line":90},"4":{"name":"(anonymous_4)","decl":{"start":{"line":97,"column":22},"end":{"line":97,"column":23}},"loc":{"start":{"line":97,"column":29},"end":{"line":97,"column":null}},"line":97},"5":{"name":"(anonymous_5)","decl":{"start":{"line":105,"column":22},"end":{"line":105,"column":23}},"loc":{"start":{"line":105,"column":29},"end":{"line":105,"column":null}},"line":105},"6":{"name":"(anonymous_6)","decl":{"start":{"line":113,"column":22},"end":{"line":113,"column":23}},"loc":{"start":{"line":113,"column":29},"end":{"line":113,"column":null}},"line":113},"7":{"name":"(anonymous_7)","decl":{"start":{"line":123,"column":22},"end":{"line":123,"column":23}},"loc":{"start":{"line":123,"column":29},"end":{"line":123,"column":null}},"line":123},"8":{"name":"(anonymous_8)","decl":{"start":{"line":126,"column":32},"end":{"line":126,"column":33}},"loc":{"start":{"line":127,"column":14},"end":{"line":129,"column":null}},"line":127},"9":{"name":"(anonymous_9)","decl":{"start":{"line":138,"column":22},"end":{"line":138,"column":23}},"loc":{"start":{"line":138,"column":29},"end":{"line":138,"column":null}},"line":138},"10":{"name":"(anonymous_10)","decl":{"start":{"line":148,"column":22},"end":{"line":148,"column":23}},"loc":{"start":{"line":148,"column":29},"end":{"line":148,"column":null}},"line":148},"11":{"name":"(anonymous_11)","decl":{"start":{"line":169,"column":24},"end":{"line":169,"column":25}},"loc":{"start":{"line":170,"column":12},"end":{"line":202,"column":null}},"line":170},"12":{"name":"(anonymous_12)","decl":{"start":{"line":177,"column":34},"end":{"line":177,"column":35}},"loc":{"start":{"line":178,"column":16},"end":{"line":200,"column":null}},"line":178},"13":{"name":"(anonymous_13)","decl":{"start":{"line":182,"column":26},"end":{"line":182,"column":27}},"loc":{"start":{"line":183,"column":20},"end":{"line":198,"column":null}},"line":183}},"branchMap":{"0":{"loc":{"start":{"line":64,"column":2},"end":{"line":64,"column":null}},"type":"default-arg","locations":[{"start":{"line":64,"column":16},"end":{"line":64,"column":null}}],"line":64},"1":{"loc":{"start":{"line":77,"column":4},"end":{"line":152,"column":null}},"type":"switch","locations":[{"start":{"line":78,"column":6},"end":{"line":84,"column":null}},{"start":{"line":86,"column":6},"end":{"line":91,"column":null}},{"start":{"line":93,"column":6},"end":{"line":99,"column":null}},{"start":{"line":101,"column":6},"end":{"line":107,"column":null}},{"start":{"line":109,"column":6},"end":{"line":115,"column":null}},{"start":{"line":117,"column":6},"end":{"line":117,"column":null}},{"start":{"line":118,"column":6},"end":{"line":131,"column":null}},{"start":{"line":133,"column":6},"end":{"line":140,"column":null}},{"start":{"line":142,"column":6},"end":{"line":142,"column":null}},{"start":{"line":143,"column":6},"end":{"line":150,"column":null}}],"line":77},"2":{"loc":{"start":{"line":81,"column":26},"end":{"line":81,"column":37}},"type":"binary-expr","locations":[{"start":{"line":81,"column":26},"end":{"line":81,"column":35}},{"start":{"line":81,"column":35},"end":{"line":81,"column":37}}],"line":81},"3":{"loc":{"start":{"line":89,"column":20},"end":{"line":89,"column":null}},"type":"binary-expr","locations":[{"start":{"line":89,"column":20},"end":{"line":89,"column":40}},{"start":{"line":89,"column":40},"end":{"line":89,"column":null}}],"line":89},"4":{"loc":{"start":{"line":96,"column":19},"end":{"line":96,"column":null}},"type":"cond-expr","locations":[{"start":{"line":96,"column":47},"end":{"line":96,"column":55}},{"start":{"line":96,"column":55},"end":{"line":96,"column":null}}],"line":96},"5":{"loc":{"start":{"line":104,"column":20},"end":{"line":104,"column":null}},"type":"binary-expr","locations":[{"start":{"line":104,"column":20},"end":{"line":104,"column":40}},{"start":{"line":104,"column":40},"end":{"line":104,"column":null}}],"line":104},"6":{"loc":{"start":{"line":112,"column":20},"end":{"line":112,"column":null}},"type":"binary-expr","locations":[{"start":{"line":112,"column":20},"end":{"line":112,"column":40}},{"start":{"line":112,"column":40},"end":{"line":112,"column":null}}],"line":112},"7":{"loc":{"start":{"line":122,"column":20},"end":{"line":122,"column":null}},"type":"binary-expr","locations":[{"start":{"line":122,"column":20},"end":{"line":122,"column":40}},{"start":{"line":122,"column":40},"end":{"line":122,"column":null}}],"line":122},"8":{"loc":{"start":{"line":137,"column":19},"end":{"line":137,"column":null}},"type":"cond-expr","locations":[{"start":{"line":137,"column":41},"end":{"line":137,"column":46}},{"start":{"line":137,"column":46},"end":{"line":137,"column":null}}],"line":137},"9":{"loc":{"start":{"line":147,"column":20},"end":{"line":147,"column":null}},"type":"binary-expr","locations":[{"start":{"line":147,"column":20},"end":{"line":147,"column":40}},{"start":{"line":147,"column":40},"end":{"line":147,"column":null}}],"line":147},"10":{"loc":{"start":{"line":159,"column":9},"end":{"line":161,"column":null}},"type":"cond-expr","locations":[{"start":{"line":160,"column":10},"end":{"line":160,"column":null}},{"start":{"line":161,"column":12},"end":{"line":161,"column":null}}],"line":159},"11":{"loc":{"start":{"line":188,"column":23},"end":{"line":192,"column":null}},"type":"cond-expr","locations":[{"start":{"line":189,"column":24},"end":{"line":191,"column":null}},{"start":{"line":192,"column":26},"end":{"line":192,"column":null}}],"line":188},"12":{"loc":{"start":{"line":193,"column":23},"end":{"line":197,"column":null}},"type":"cond-expr","locations":[{"start":{"line":194,"column":24},"end":{"line":196,"column":null}},{"start":{"line":197,"column":26},"end":{"line":197,"column":null}}],"line":193},"13":{"loc":{"start":{"line":214,"column":7},"end":{"line":219,"column":null}},"type":"cond-expr","locations":[{"start":{"line":215,"column":8},"end":{"line":218,"column":null}},{"start":{"line":219,"column":10},"end":{"line":219,"column":null}}],"line":214},"14":{"loc":{"start":{"line":221,"column":7},"end":{"line":226,"column":null}},"type":"cond-expr","locations":[{"start":{"line":222,"column":8},"end":{"line":225,"column":null}},{"start":{"line":226,"column":10},"end":{"line":226,"column":null}}],"line":221},"15":{"loc":{"start":{"line":228,"column":7},"end":{"line":233,"column":null}},"type":"cond-expr","locations":[{"start":{"line":229,"column":8},"end":{"line":232,"column":null}},{"start":{"line":233,"column":10},"end":{"line":233,"column":null}}],"line":228}},"s":{"0":4,"1":4,"2":32,"3":4,"4":0,"5":4,"6":0,"7":4,"8":0,"9":0,"10":0,"11":8,"12":0,"13":0,"14":0,"15":0,"16":0,"17":0,"18":12,"19":0,"20":4,"21":8,"22":32,"23":32},"f":{"0":4,"1":32,"2":0,"3":0,"4":0,"5":0,"6":0,"7":0,"8":0,"9":0,"10":0,"11":8,"12":32,"13":32},"b":{"0":[4],"1":[4,4,4,0,8,0,0,0,12,12],"2":[4,0],"3":[4,0],"4":[4,0],"5":[0,0],"6":[8,0],"7":[0,0],"8":[0,0],"9":[12,4],"10":[4,0],"11":[0,32],"12":[0,32],"13":[0,4],"14":[4,0],"15":[0,4]},"meta":{"lastBranch":16,"lastFunction":14,"lastStatement":24,"seen":{"f:53:16:53:48":0,"b:64:16:64:Infinity":0,"s:66:8:70:Infinity":0,"s:72:22:153:Infinity":1,"f:72:22:72:Infinity":1,"b:78:6:84:Infinity:86:6:91:Infinity:93:6:99:Infinity:101:6:107:Infinity:109:6:115:Infinity:117:6:117:Infinity:118:6:131:Infinity:133:6:140:Infinity:142:6:142:Infinity:143:6:150:Infinity":1,"s:77:4:152:Infinity":2,"s:79:8:84:Infinity":3,"b:81:26:81:35:81:35:81:37":2,"f:82:22:82:23":2,"s:82:29:82:Infinity":4,"s:87:8:91:Infinity":5,"b:89:20:89:40:89:40:89:Infinity":3,"f:90:22:90:23":3,"s:90:29:90:Infinity":6,"s:94:8:99:Infinity":7,"b:96:47:96:55:96:55:96:Infinity":4,"f:97:22:97:23":4,"s:97:29:97:Infinity":8,"s:102:8:107:Infinity":9,"b:104:20:104:40:104:40:104:Infinity":5,"f:105:22:105:23":5,"s:105:29:105:Infinity":10,"s:110:8:115:Infinity":11,"b:112:20:112:40:112:40:112:Infinity":6,"f:113:22:113:23":6,"s:113:29:113:Infinity":12,"s:119:8:131:Infinity":13,"b:122:20:122:40:122:40:122:Infinity":7,"f:123:22:123:23":7,"s:123:29:123:Infinity":14,"f:126:32:126:33":8,"s:127:14:129:Infinity":15,"s:134:8:140:Infinity":16,"b:137:41:137:46:137:46:137:Infinity":8,"f:138:22:138:23":9,"s:138:29:138:Infinity":17,"s:144:8:150:Infinity":18,"b:147:20:147:40:147:40:147:Infinity":9,"f:148:22:148:23":10,"s:148:29:148:Infinity":19,"s:155:2:234:Infinity":20,"b:160:10:160:Infinity:161:12:161:Infinity":10,"f:169:24:169:25":11,"s:170:12:202:Infinity":21,"f:177:34:177:35":12,"s:178:16:200:Infinity":22,"f:182:26:182:27":13,"s:183:20:198:Infinity":23,"b:189:24:191:Infinity:192:26:192:Infinity":11,"b:194:24:196:Infinity:197:26:197:Infinity":12,"b:215:8:218:Infinity:219:10:219:Infinity":13,"b:222:8:225:Infinity:226:10:226:Infinity":14,"b:229:8:232:Infinity:233:10:233:Infinity":15}}}
,"/Users/joneickmeier/projects/rfin/finstack-ui/src/components/genui/index.ts": {"path":"/Users/joneickmeier/projects/rfin/finstack-ui/src/components/genui/index.ts","statementMap":{},"fnMap":{},"branchMap":{},"s":{},"f":{},"b":{},"meta":{"lastBranch":0,"lastFunction":0,"lastStatement":0,"seen":{}}}
,"/Users/joneickmeier/projects/rfin/finstack-ui/src/components/primitives/AmountDisplay.tsx": {"path":"/Users/joneickmeier/projects/rfin/finstack-ui/src/components/primitives/AmountDisplay.tsx","statementMap":{"0":{"start":{"line":14,"column":47},"end":{"line":14,"column":null}},"1":{"start":{"line":22,"column":8},"end":{"line":22,"column":null}},"2":{"start":{"line":24,"column":4},"end":{"line":24,"column":null}},"3":{"start":{"line":26,"column":8},"end":{"line":29,"column":null}},"4":{"start":{"line":27,"column":4},"end":{"line":27,"column":null}},"5":{"start":{"line":31,"column":2},"end":{"line":34,"column":null}}},"fnMap":{"0":{"name":"AmountDisplay","decl":{"start":{"line":16,"column":16},"end":{"line":16,"column":30}},"loc":{"start":{"line":21,"column":23},"end":{"line":36,"column":null}},"line":21},"1":{"name":"(anonymous_1)","decl":{"start":{"line":27,"column":4},"end":{"line":27,"column":10}},"loc":{"start":{"line":27,"column":4},"end":{"line":27,"column":null}},"line":27}},"branchMap":{"0":{"loc":{"start":{"line":24,"column":4},"end":{"line":24,"column":null}},"type":"binary-expr","locations":[{"start":{"line":24,"column":4},"end":{"line":24,"column":23}},{"start":{"line":24,"column":23},"end":{"line":24,"column":55}},{"start":{"line":24,"column":55},"end":{"line":24,"column":null}}],"line":24}},"s":{"0":5,"1":1,"2":1,"3":1,"4":1,"5":1},"f":{"0":1,"1":1},"b":{"0":[1,0,0]},"meta":{"lastBranch":1,"lastFunction":2,"lastStatement":6,"seen":{"s:14:47:14:Infinity":0,"f:16:16:16:30":0,"s:22:8:22:Infinity":1,"s:24:4:24:Infinity":2,"b:24:4:24:23:24:23:24:55:24:55:24:Infinity":0,"s:26:8:29:Infinity":3,"f:27:4:27:10":1,"s:27:4:27:Infinity":4,"s:31:2:34:Infinity":5}}}
,"/Users/joneickmeier/projects/rfin/finstack-ui/src/components/primitives/AmountInput.tsx": {"path":"/Users/joneickmeier/projects/rfin/finstack-ui/src/components/primitives/AmountInput.tsx","statementMap":{"0":{"start":{"line":25,"column":23},"end":{"line":28,"column":null}},"1":{"start":{"line":26,"column":10},"end":{"line":26,"column":null}},"2":{"start":{"line":27,"column":4},"end":{"line":27,"column":null}},"3":{"start":{"line":30,"column":2},"end":{"line":51,"column":null}}},"fnMap":{"0":{"name":"AmountInput","decl":{"start":{"line":16,"column":16},"end":{"line":16,"column":28}},"loc":{"start":{"line":24,"column":21},"end":{"line":53,"column":null}},"line":24},"1":{"name":"(anonymous_1)","decl":{"start":{"line":25,"column":23},"end":{"line":25,"column":24}},"loc":{"start":{"line":25,"column":65},"end":{"line":28,"column":null}},"line":25}},"branchMap":{"0":{"loc":{"start":{"line":32,"column":7},"end":{"line":39,"column":null}},"type":"cond-expr","locations":[{"start":{"line":33,"column":8},"end":{"line":38,"column":null}},{"start":{"line":39,"column":10},"end":{"line":39,"column":null}}],"line":32},"1":{"loc":{"start":{"line":47,"column":21},"end":{"line":47,"column":null}},"type":"binary-expr","locations":[{"start":{"line":47,"column":21},"end":{"line":47,"column":36}},{"start":{"line":47,"column":36},"end":{"line":47,"column":null}}],"line":47}},"s":{"0":5,"1":1,"2":1,"3":5},"f":{"0":5,"1":1},"b":{"0":[1,4],"1":[5,1]},"meta":{"lastBranch":2,"lastFunction":2,"lastStatement":4,"seen":{"f:16:16:16:28":0,"s:25:23:28:Infinity":0,"f:25:23:25:24":1,"s:26:10:26:Infinity":1,"s:27:4:27:Infinity":2,"s:30:2:51:Infinity":3,"b:33:8:38:Infinity:39:10:39:Infinity":0,"b:47:21:47:36:47:36:47:Infinity":1}}}
,"/Users/joneickmeier/projects/rfin/finstack-ui/src/components/primitives/CurrencySelect.tsx": {"path":"/Users/joneickmeier/projects/rfin/finstack-ui/src/components/primitives/CurrencySelect.tsx","statementMap":{"0":{"start":{"line":10,"column":27},"end":{"line":10,"column":null}},"1":{"start":{"line":29,"column":2},"end":{"line":44,"column":null}},"2":{"start":{"line":39,"column":10},"end":{"line":41,"column":null}}},"fnMap":{"0":{"name":"CurrencySelect","decl":{"start":{"line":22,"column":16},"end":{"line":22,"column":31}},"loc":{"start":{"line":28,"column":24},"end":{"line":46,"column":null}},"line":28},"1":{"name":"(anonymous_1)","decl":{"start":{"line":38,"column":24},"end":{"line":38,"column":25}},"loc":{"start":{"line":39,"column":10},"end":{"line":41,"column":null}},"line":39}},"branchMap":{"0":{"loc":{"start":{"line":25,"column":2},"end":{"line":25,"column":null}},"type":"default-arg","locations":[{"start":{"line":25,"column":15},"end":{"line":25,"column":null}}],"line":25}},"s":{"0":5,"1":10,"2":65},"f":{"0":10,"1":65},"b":{"0":[10]},"meta":{"lastBranch":1,"lastFunction":2,"lastStatement":3,"seen":{"s:10:27:10:Infinity":0,"f:22:16:22:31":0,"b:25:15:25:Infinity":0,"s:29:2:44:Infinity":1,"f:38:24:38:25":1,"s:39:10:41:Infinity":2}}}
,"/Users/joneickmeier/projects/rfin/finstack-ui/src/components/primitives/DatePicker.tsx": {"path":"/Users/joneickmeier/projects/rfin/finstack-ui/src/components/primitives/DatePicker.tsx","statementMap":{"0":{"start":{"line":27,"column":23},"end":{"line":29,"column":null}},"1":{"start":{"line":28,"column":4},"end":{"line":28,"column":null}},"2":{"start":{"line":31,"column":2},"end":{"line":42,"column":null}}},"fnMap":{"0":{"name":"DatePicker","decl":{"start":{"line":18,"column":16},"end":{"line":18,"column":27}},"loc":{"start":{"line":26,"column":20},"end":{"line":44,"column":null}},"line":26},"1":{"name":"(anonymous_1)","decl":{"start":{"line":27,"column":23},"end":{"line":27,"column":24}},"loc":{"start":{"line":27,"column":65},"end":{"line":29,"column":null}},"line":27}},"branchMap":{"0":{"loc":{"start":{"line":25,"column":2},"end":{"line":25,"column":null}},"type":"default-arg","locations":[{"start":{"line":25,"column":16},"end":{"line":25,"column":null}}],"line":25}},"s":{"0":10,"1":1,"2":10},"f":{"0":10,"1":1},"b":{"0":[10]},"meta":{"lastBranch":1,"lastFunction":2,"lastStatement":3,"seen":{"f:18:16:18:27":0,"b:25:16:25:Infinity":0,"s:27:23:29:Infinity":0,"f:27:23:27:24":1,"s:28:4:28:Infinity":1,"s:31:2:42:Infinity":2}}}
,"/Users/joneickmeier/projects/rfin/finstack-ui/src/components/primitives/RateInput.tsx": {"path":"/Users/joneickmeier/projects/rfin/finstack-ui/src/components/primitives/RateInput.tsx","statementMap":{"0":{"start":{"line":26,"column":23},"end":{"line":34,"column":null}},"1":{"start":{"line":27,"column":17},"end":{"line":27,"column":null}},"2":{"start":{"line":28,"column":4},"end":{"line":30,"column":null}},"3":{"start":{"line":29,"column":6},"end":{"line":29,"column":null}},"4":{"start":{"line":31,"column":4},"end":{"line":31,"column":null}},"5":{"start":{"line":31,"column":47},"end":{"line":31,"column":null}},"6":{"start":{"line":32,"column":4},"end":{"line":32,"column":null}},"7":{"start":{"line":32,"column":47},"end":{"line":32,"column":null}},"8":{"start":{"line":33,"column":4},"end":{"line":33,"column":null}},"9":{"start":{"line":36,"column":2},"end":{"line":48,"column":null}}},"fnMap":{"0":{"name":"RateInput","decl":{"start":{"line":16,"column":16},"end":{"line":16,"column":26}},"loc":{"start":{"line":25,"column":19},"end":{"line":50,"column":null}},"line":25},"1":{"name":"(anonymous_1)","decl":{"start":{"line":26,"column":23},"end":{"line":26,"column":24}},"loc":{"start":{"line":26,"column":65},"end":{"line":34,"column":null}},"line":26}},"branchMap":{"0":{"loc":{"start":{"line":19,"column":2},"end":{"line":19,"column":null}},"type":"default-arg","locations":[{"start":{"line":19,"column":16},"end":{"line":19,"column":null}}],"line":19},"1":{"loc":{"start":{"line":22,"column":2},"end":{"line":22,"column":null}},"type":"default-arg","locations":[{"start":{"line":22,"column":9},"end":{"line":22,"column":null}}],"line":22},"2":{"loc":{"start":{"line":28,"column":4},"end":{"line":30,"column":null}},"type":"if","locations":[{"start":{"line":28,"column":4},"end":{"line":30,"column":null}},{"start":{},"end":{}}],"line":28},"3":{"loc":{"start":{"line":31,"column":4},"end":{"line":31,"column":null}},"type":"if","locations":[{"start":{"line":31,"column":4},"end":{"line":31,"column":null}},{"start":{},"end":{}}],"line":31},"4":{"loc":{"start":{"line":31,"column":8},"end":{"line":31,"column":47}},"type":"binary-expr","locations":[{"start":{"line":31,"column":8},"end":{"line":31,"column":35}},{"start":{"line":31,"column":35},"end":{"line":31,"column":47}}],"line":31},"5":{"loc":{"start":{"line":32,"column":4},"end":{"line":32,"column":null}},"type":"if","locations":[{"start":{"line":32,"column":4},"end":{"line":32,"column":null}},{"start":{},"end":{}}],"line":32},"6":{"loc":{"start":{"line":32,"column":8},"end":{"line":32,"column":47}},"type":"binary-expr","locations":[{"start":{"line":32,"column":8},"end":{"line":32,"column":35}},{"start":{"line":32,"column":35},"end":{"line":32,"column":47}}],"line":32}},"s":{"0":12,"1":0,"2":0,"3":0,"4":0,"5":0,"6":0,"7":0,"8":0,"9":12},"f":{"0":12,"1":0},"b":{"0":[12],"1":[12],"2":[0,0],"3":[0,0],"4":[0,0],"5":[0,0],"6":[0,0]},"meta":{"lastBranch":7,"lastFunction":2,"lastStatement":10,"seen":{"f:16:16:16:26":0,"b:19:16:19:Infinity":0,"b:22:9:22:Infinity":1,"s:26:23:34:Infinity":0,"f:26:23:26:24":1,"s:27:17:27:Infinity":1,"b:28:4:30:Infinity:undefined:undefined:undefined:undefined":2,"s:28:4:30:Infinity":2,"s:29:6:29:Infinity":3,"b:31:4:31:Infinity:undefined:undefined:undefined:undefined":3,"s:31:4:31:Infinity":4,"b:31:8:31:35:31:35:31:47":4,"s:31:47:31:Infinity":5,"b:32:4:32:Infinity:undefined:undefined:undefined:undefined":5,"s:32:4:32:Infinity":6,"b:32:8:32:35:32:35:32:47":6,"s:32:47:32:Infinity":7,"s:33:4:33:Infinity":8,"s:36:2:48:Infinity":9}}}
,"/Users/joneickmeier/projects/rfin/finstack-ui/src/components/primitives/TenorInput.tsx": {"path":"/Users/joneickmeier/projects/rfin/finstack-ui/src/components/primitives/TenorInput.tsx","statementMap":{"0":{"start":{"line":13,"column":20},"end":{"line":13,"column":null}},"1":{"start":{"line":22,"column":23},"end":{"line":27,"column":null}},"2":{"start":{"line":23,"column":17},"end":{"line":23,"column":null}},"3":{"start":{"line":24,"column":4},"end":{"line":26,"column":null}},"4":{"start":{"line":25,"column":6},"end":{"line":25,"column":null}},"5":{"start":{"line":29,"column":2},"end":{"line":40,"column":null}}},"fnMap":{"0":{"name":"TenorInput","decl":{"start":{"line":15,"column":16},"end":{"line":15,"column":27}},"loc":{"start":{"line":21,"column":20},"end":{"line":42,"column":null}},"line":21},"1":{"name":"(anonymous_1)","decl":{"start":{"line":22,"column":23},"end":{"line":22,"column":24}},"loc":{"start":{"line":22,"column":65},"end":{"line":27,"column":null}},"line":22}},"branchMap":{"0":{"loc":{"start":{"line":18,"column":2},"end":{"line":18,"column":null}},"type":"default-arg","locations":[{"start":{"line":18,"column":16},"end":{"line":18,"column":null}}],"line":18},"1":{"loc":{"start":{"line":24,"column":4},"end":{"line":26,"column":null}},"type":"if","locations":[{"start":{"line":24,"column":4},"end":{"line":26,"column":null}},{"start":{},"end":{}}],"line":24}},"s":{"0":5,"1":5,"2":1,"3":1,"4":1,"5":5},"f":{"0":5,"1":1},"b":{"0":[5],"1":[1,0]},"meta":{"lastBranch":2,"lastFunction":2,"lastStatement":6,"seen":{"s:13:20:13:Infinity":0,"f:15:16:15:27":0,"b:18:16:18:Infinity":0,"s:22:23:27:Infinity":1,"f:22:23:22:24":1,"s:23:17:23:Infinity":2,"b:24:4:26:Infinity:undefined:undefined:undefined:undefined":1,"s:24:4:26:Infinity":3,"s:25:6:25:Infinity":4,"s:29:2:40:Infinity":5}}}
,"/Users/joneickmeier/projects/rfin/finstack-ui/src/components/primitives/index.ts": {"path":"/Users/joneickmeier/projects/rfin/finstack-ui/src/components/primitives/index.ts","statementMap":{},"fnMap":{},"branchMap":{},"s":{},"f":{},"b":{},"meta":{"lastBranch":0,"lastFunction":0,"lastStatement":0,"seen":{}}}
,"/Users/joneickmeier/projects/rfin/finstack-ui/src/components/tables/VirtualDataTable.tsx": {"path":"/Users/joneickmeier/projects/rfin/finstack-ui/src/components/tables/VirtualDataTable.tsx","statementMap":{"0":{"start":{"line":25,"column":8},"end":{"line":25,"column":null}},"1":{"start":{"line":25,"column":40},"end":{"line":25,"column":49}},"2":{"start":{"line":26,"column":8},"end":{"line":26,"column":null}},"3":{"start":{"line":26,"column":37},"end":{"line":26,"column":43}},"4":{"start":{"line":28,"column":8},"end":{"line":33,"column":null}},"5":{"start":{"line":35,"column":8},"end":{"line":35,"column":null}},"6":{"start":{"line":36,"column":8},"end":{"line":41,"column":null}},"7":{"start":{"line":38,"column":28},"end":{"line":38,"column":null}},"8":{"start":{"line":39,"column":24},"end":{"line":39,"column":null}},"9":{"start":{"line":43,"column":20},"end":{"line":43,"column":null}},"10":{"start":{"line":44,"column":22},"end":{"line":44,"column":null}},"11":{"start":{"line":46,"column":2},"end":{"line":104,"column":null}},"12":{"start":{"line":52,"column":14},"end":{"line":63,"column":null}},"13":{"start":{"line":54,"column":18},"end":{"line":61,"column":null}},"14":{"start":{"line":78,"column":28},"end":{"line":78,"column":null}},"15":{"start":{"line":79,"column":16},"end":{"line":97,"column":null}},"16":{"start":{"line":90,"column":22},"end":{"line":95,"column":null}}},"fnMap":{"0":{"name":"VirtualDataTable","decl":{"start":{"line":18,"column":16},"end":{"line":18,"column":40}},"loc":{"start":{"line":24,"column":33},"end":{"line":106,"column":null}},"line":24},"1":{"name":"(anonymous_1)","decl":{"start":{"line":25,"column":34},"end":{"line":25,"column":40}},"loc":{"start":{"line":25,"column":40},"end":{"line":25,"column":49}},"line":25},"2":{"name":"(anonymous_2)","decl":{"start":{"line":26,"column":31},"end":{"line":26,"column":37}},"loc":{"start":{"line":26,"column":37},"end":{"line":26,"column":43}},"line":26},"3":{"name":"(anonymous_3)","decl":{"start":{"line":38,"column":22},"end":{"line":38,"column":28}},"loc":{"start":{"line":38,"column":28},"end":{"line":38,"column":null}},"line":38},"4":{"name":"(anonymous_4)","decl":{"start":{"line":39,"column":18},"end":{"line":39,"column":24}},"loc":{"start":{"line":39,"column":24},"end":{"line":39,"column":null}},"line":39},"5":{"name":"(anonymous_5)","decl":{"start":{"line":51,"column":41},"end":{"line":51,"column":42}},"loc":{"start":{"line":52,"column":14},"end":{"line":63,"column":null}},"line":52},"6":{"name":"(anonymous_6)","decl":{"start":{"line":53,"column":41},"end":{"line":53,"column":42}},"loc":{"start":{"line":54,"column":18},"end":{"line":61,"column":null}},"line":54},"7":{"name":"(anonymous_7)","decl":{"start":{"line":77,"column":31},"end":{"line":77,"column":32}},"loc":{"start":{"line":77,"column":47},"end":{"line":99,"column":15}},"line":77},"8":{"name":"(anonymous_8)","decl":{"start":{"line":89,"column":47},"end":{"line":89,"column":48}},"loc":{"start":{"line":90,"column":22},"end":{"line":95,"column":null}},"line":90}},"branchMap":{"0":{"loc":{"start":{"line":21,"column":2},"end":{"line":21,"column":null}},"type":"default-arg","locations":[{"start":{"line":21,"column":14},"end":{"line":21,"column":null}}],"line":21},"1":{"loc":{"start":{"line":22,"column":2},"end":{"line":22,"column":null}},"type":"default-arg","locations":[{"start":{"line":22,"column":11},"end":{"line":22,"column":null}}],"line":22},"2":{"loc":{"start":{"line":55,"column":21},"end":{"line":60,"column":null}},"type":"cond-expr","locations":[{"start":{"line":56,"column":24},"end":{"line":56,"column":null}},{"start":{"line":56,"column":24},"end":{"line":60,"column":null}}],"line":55}},"s":{"0":5,"1":3,"2":5,"3":3,"4":5,"5":5,"6":5,"7":5,"8":7,"9":5,"10":5,"11":5,"12":5,"13":22,"14":0,"15":0,"16":0},"f":{"0":5,"1":3,"2":3,"3":5,"4":7,"5":5,"6":22,"7":0,"8":0},"b":{"0":[5],"1":[5],"2":[0,22]},"meta":{"lastBranch":3,"lastFunction":9,"lastStatement":17,"seen":{"f:18:16:18:40":0,"b:21:14:21:Infinity":0,"b:22:11:22:Infinity":1,"s:25:8:25:Infinity":0,"f:25:34:25:40":1,"s:25:40:25:49":1,"s:26:8:26:Infinity":2,"f:26:31:26:37":2,"s:26:37:26:43":3,"s:28:8:33:Infinity":4,"s:35:8:35:Infinity":5,"s:36:8:41:Infinity":6,"f:38:22:38:28":3,"s:38:28:38:Infinity":7,"f:39:18:39:24":4,"s:39:24:39:Infinity":8,"s:43:20:43:Infinity":9,"s:44:22:44:Infinity":10,"s:46:2:104:Infinity":11,"f:51:41:51:42":5,"s:52:14:63:Infinity":12,"f:53:41:53:42":6,"s:54:18:61:Infinity":13,"b:56:24:56:Infinity:56:24:60:Infinity":2,"f:77:31:77:32":7,"s:78:28:78:Infinity":14,"s:79:16:97:Infinity":15,"f:89:47:89:48":8,"s:90:22:95:Infinity":16}}}
,"/Users/joneickmeier/projects/rfin/finstack-ui/src/components/tables/index.ts": {"path":"/Users/joneickmeier/projects/rfin/finstack-ui/src/components/tables/index.ts","statementMap":{},"fnMap":{},"branchMap":{},"s":{},"f":{},"b":{},"meta":{"lastBranch":0,"lastFunction":0,"lastStatement":0,"seen":{}}}
,"/Users/joneickmeier/projects/rfin/finstack-ui/src/components/ui/button.tsx": {"path":"/Users/joneickmeier/projects/rfin/finstack-ui/src/components/ui/button.tsx","statementMap":{"0":{"start":{"line":7,"column":6},"end":{"line":34,"column":null}},"1":{"start":{"line":43,"column":15},"end":{"line":54,"column":null}},"2":{"start":{"line":45,"column":17},"end":{"line":45,"column":null}},"3":{"start":{"line":46,"column":4},"end":{"line":51,"column":null}},"4":{"start":{"line":55,"column":0},"end":{"line":55,"column":null}}},"fnMap":{"0":{"name":"(anonymous_0)","decl":{"start":{"line":44,"column":2},"end":{"line":44,"column":3}},"loc":{"start":{"line":44,"column":68},"end":{"line":53,"column":null}},"line":44}},"branchMap":{"0":{"loc":{"start":{"line":44,"column":31},"end":{"line":44,"column":48}},"type":"default-arg","locations":[{"start":{"line":44,"column":41},"end":{"line":44,"column":48}}],"line":44},"1":{"loc":{"start":{"line":45,"column":17},"end":{"line":45,"column":null}},"type":"cond-expr","locations":[{"start":{"line":45,"column":27},"end":{"line":45,"column":34}},{"start":{"line":45,"column":34},"end":{"line":45,"column":null}}],"line":45}},"s":{"0":5,"1":5,"2":18,"3":18,"4":5},"f":{"0":18},"b":{"0":[18],"1":[1,17]},"meta":{"lastBranch":2,"lastFunction":1,"lastStatement":5,"seen":{"s:7:6:34:Infinity":0,"s:43:15:54:Infinity":1,"f:44:2:44:3":0,"b:44:41:44:48":0,"s:45:17:45:Infinity":2,"b:45:27:45:34:45:34:45:Infinity":1,"s:46:4:51:Infinity":3,"s:55:0:55:Infinity":4}}}
,"/Users/joneickmeier/projects/rfin/finstack-ui/src/components/ui/input.tsx": {"path":"/Users/joneickmeier/projects/rfin/finstack-ui/src/components/ui/input.tsx","statementMap":{"0":{"start":{"line":5,"column":14},"end":{"line":19,"column":null}},"1":{"start":{"line":7,"column":4},"end":{"line":16,"column":null}},"2":{"start":{"line":20,"column":0},"end":{"line":20,"column":null}}},"fnMap":{"0":{"name":"(anonymous_0)","decl":{"start":{"line":6,"column":2},"end":{"line":6,"column":3}},"loc":{"start":{"line":6,"column":42},"end":{"line":18,"column":null}},"line":6}},"branchMap":{},"s":{"0":6,"1":72,"2":6},"f":{"0":72},"b":{},"meta":{"lastBranch":0,"lastFunction":1,"lastStatement":3,"seen":{"s:5:14:19:Infinity":0,"f:6:2:6:3":0,"s:7:4:16:Infinity":1,"s:20:0:20:Infinity":2}}}
,"/Users/joneickmeier/projects/rfin/finstack-ui/src/components/ui/select.tsx": {"path":"/Users/joneickmeier/projects/rfin/finstack-ui/src/components/ui/select.tsx","statementMap":{"0":{"start":{"line":7,"column":15},"end":{"line":7,"column":null}},"1":{"start":{"line":9,"column":20},"end":{"line":9,"column":null}},"2":{"start":{"line":11,"column":20},"end":{"line":11,"column":null}},"3":{"start":{"line":13,"column":22},"end":{"line":30,"column":null}},"4":{"start":{"line":17,"column":2},"end":{"line":29,"column":null}},"5":{"start":{"line":31,"column":0},"end":{"line":31,"column":null}},"6":{"start":{"line":33,"column":29},"end":{"line":47,"column":null}},"7":{"start":{"line":37,"column":2},"end":{"line":46,"column":null}},"8":{"start":{"line":48,"column":0},"end":{"line":48,"column":null}},"9":{"start":{"line":50,"column":31},"end":{"line":64,"column":null}},"10":{"start":{"line":54,"column":2},"end":{"line":63,"column":null}},"11":{"start":{"line":65,"column":0},"end":{"line":66,"column":null}},"12":{"start":{"line":68,"column":22},"end":{"line":97,"column":null}},"13":{"start":{"line":72,"column":2},"end":{"line":96,"column":null}},"14":{"start":{"line":98,"column":0},"end":{"line":98,"column":null}},"15":{"start":{"line":100,"column":20},"end":{"line":109,"column":null}},"16":{"start":{"line":104,"column":2},"end":{"line":108,"column":null}},"17":{"start":{"line":110,"column":0},"end":{"line":110,"column":null}},"18":{"start":{"line":112,"column":19},"end":{"line":132,"column":null}},"19":{"start":{"line":116,"column":2},"end":{"line":131,"column":null}},"20":{"start":{"line":133,"column":0},"end":{"line":133,"column":null}},"21":{"start":{"line":135,"column":24},"end":{"line":144,"column":null}},"22":{"start":{"line":139,"column":2},"end":{"line":143,"column":null}},"23":{"start":{"line":145,"column":0},"end":{"line":145,"column":null}}},"fnMap":{"0":{"name":"(anonymous_0)","decl":{"start":{"line":16,"column":2},"end":{"line":16,"column":3}},"loc":{"start":{"line":17,"column":2},"end":{"line":29,"column":null}},"line":17},"1":{"name":"(anonymous_1)","decl":{"start":{"line":36,"column":2},"end":{"line":36,"column":3}},"loc":{"start":{"line":37,"column":2},"end":{"line":46,"column":null}},"line":37},"2":{"name":"(anonymous_2)","decl":{"start":{"line":53,"column":2},"end":{"line":53,"column":3}},"loc":{"start":{"line":54,"column":2},"end":{"line":63,"column":null}},"line":54},"3":{"name":"(anonymous_3)","decl":{"start":{"line":71,"column":2},"end":{"line":71,"column":3}},"loc":{"start":{"line":72,"column":2},"end":{"line":96,"column":null}},"line":72},"4":{"name":"(anonymous_4)","decl":{"start":{"line":103,"column":2},"end":{"line":103,"column":3}},"loc":{"start":{"line":104,"column":2},"end":{"line":108,"column":null}},"line":104},"5":{"name":"(anonymous_5)","decl":{"start":{"line":115,"column":2},"end":{"line":115,"column":3}},"loc":{"start":{"line":116,"column":2},"end":{"line":131,"column":null}},"line":116},"6":{"name":"(anonymous_6)","decl":{"start":{"line":138,"column":2},"end":{"line":138,"column":3}},"loc":{"start":{"line":139,"column":2},"end":{"line":143,"column":null}},"line":139}},"branchMap":{"0":{"loc":{"start":{"line":71,"column":26},"end":{"line":71,"column":47}},"type":"default-arg","locations":[{"start":{"line":71,"column":37},"end":{"line":71,"column":47}}],"line":71},"1":{"loc":{"start":{"line":77,"column":8},"end":{"line":78,"column":null}},"type":"binary-expr","locations":[{"start":{"line":77,"column":8},"end":{"line":77,"column":null}},{"start":{"line":78,"column":10},"end":{"line":78,"column":null}}],"line":77},"2":{"loc":{"start":{"line":88,"column":10},"end":{"line":89,"column":null}},"type":"binary-expr","locations":[{"start":{"line":88,"column":10},"end":{"line":88,"column":null}},{"start":{"line":89,"column":12},"end":{"line":89,"column":null}}],"line":88}},"s":{"0":5,"1":5,"2":5,"3":5,"4":9,"5":5,"6":5,"7":6,"8":5,"9":5,"10":6,"11":5,"12":5,"13":9,"14":5,"15":5,"16":1,"17":5,"18":5,"19":30,"20":5,"21":5,"22":1,"23":5},"f":{"0":9,"1":6,"2":6,"3":9,"4":1,"5":30,"6":1},"b":{"0":[9],"1":[9,9],"2":[9,9]},"meta":{"lastBranch":3,"lastFunction":7,"lastStatement":24,"seen":{"s:7:15:7:Infinity":0,"s:9:20:9:Infinity":1,"s:11:20:11:Infinity":2,"s:13:22:30:Infinity":3,"f:16:2:16:3":0,"s:17:2:29:Infinity":4,"s:31:0:31:Infinity":5,"s:33:29:47:Infinity":6,"f:36:2:36:3":1,"s:37:2:46:Infinity":7,"s:48:0:48:Infinity":8,"s:50:31:64:Infinity":9,"f:53:2:53:3":2,"s:54:2:63:Infinity":10,"s:65:0:66:Infinity":11,"s:68:22:97:Infinity":12,"f:71:2:71:3":3,"s:72:2:96:Infinity":13,"b:71:37:71:47":0,"b:77:8:77:Infinity:78:10:78:Infinity":1,"b:88:10:88:Infinity:89:12:89:Infinity":2,"s:98:0:98:Infinity":14,"s:100:20:109:Infinity":15,"f:103:2:103:3":4,"s:104:2:108:Infinity":16,"s:110:0:110:Infinity":17,"s:112:19:132:Infinity":18,"f:115:2:115:3":5,"s:116:2:131:Infinity":19,"s:133:0:133:Infinity":20,"s:135:24:144:Infinity":21,"f:138:2:138:3":6,"s:139:2:143:Infinity":22,"s:145:0:145:Infinity":23}}}
,"/Users/joneickmeier/projects/rfin/finstack-ui/src/domains/valuations/index.ts": {"path":"/Users/joneickmeier/projects/rfin/finstack-ui/src/domains/valuations/index.ts","statementMap":{},"fnMap":{},"branchMap":{},"s":{},"f":{},"b":{},"meta":{"lastBranch":0,"lastFunction":0,"lastStatement":0,"seen":{}}}
,"/Users/joneickmeier/projects/rfin/finstack-ui/src/domains/valuations/calibration/DiscountCurveCalibration.tsx": {"path":"/Users/joneickmeier/projects/rfin/finstack-ui/src/domains/valuations/calibration/DiscountCurveCalibration.tsx","statementMap":{"0":{"start":{"line":18,"column":42},"end":{"line":40,"column":null}},"1":{"start":{"line":43,"column":26},"end":{"line":43,"column":null}},"2":{"start":{"line":44,"column":43},"end":{"line":44,"column":null}},"3":{"start":{"line":46,"column":8},"end":{"line":49,"column":null}},"4":{"start":{"line":51,"column":22},"end":{"line":55,"column":null}},"5":{"start":{"line":52,"column":4},"end":{"line":54,"column":null}},"6":{"start":{"line":53,"column":6},"end":{"line":53,"column":null}},"7":{"start":{"line":53,"column":26},"end":{"line":53,"column":63}},"8":{"start":{"line":57,"column":8},"end":{"line":106,"column":null}},"9":{"start":{"line":58,"column":10},"end":{"line":104,"column":null}},"10":{"start":{"line":63,"column":10},"end":{"line":68,"column":null}},"11":{"start":{"line":66,"column":14},"end":{"line":66,"column":null}},"12":{"start":{"line":75,"column":10},"end":{"line":78,"column":null}},"13":{"start":{"line":77,"column":29},"end":{"line":77,"column":null}},"14":{"start":{"line":85,"column":10},"end":{"line":89,"column":null}},"15":{"start":{"line":88,"column":29},"end":{"line":88,"column":null}},"16":{"start":{"line":96,"column":10},"end":{"line":101,"column":null}},"17":{"start":{"line":99,"column":14},"end":{"line":99,"column":null}},"18":{"start":{"line":108,"column":19},"end":{"line":119,"column":null}},"19":{"start":{"line":109,"column":4},"end":{"line":118,"column":null}},"20":{"start":{"line":109,"column":24},"end":{"line":118,"column":5}},"21":{"start":{"line":121,"column":22},"end":{"line":127,"column":null}},"22":{"start":{"line":122,"column":25},"end":{"line":122,"column":null}},"23":{"start":{"line":123,"column":4},"end":{"line":125,"column":null}},"24":{"start":{"line":124,"column":6},"end":{"line":124,"column":null}},"25":{"start":{"line":126,"column":4},"end":{"line":126,"column":null}},"26":{"start":{"line":129,"column":2},"end":{"line":219,"column":null}},"27":{"start":{"line":157,"column":14},"end":{"line":165,"column":null}},"28":{"start":{"line":172,"column":14},"end":{"line":183,"column":null}},"29":{"start":{"line":212,"column":18},"end":{"line":212,"column":null}}},"fnMap":{"0":{"name":"DiscountCurveCalibration","decl":{"start":{"line":42,"column":16},"end":{"line":42,"column":43}},"loc":{"start":{"line":42,"column":43},"end":{"line":221,"column":null}},"line":42},"1":{"name":"(anonymous_1)","decl":{"start":{"line":51,"column":22},"end":{"line":51,"column":23}},"loc":{"start":{"line":51,"column":75},"end":{"line":55,"column":null}},"line":51},"2":{"name":"(anonymous_2)","decl":{"start":{"line":52,"column":14},"end":{"line":52,"column":15}},"loc":{"start":{"line":53,"column":6},"end":{"line":53,"column":null}},"line":53},"3":{"name":"(anonymous_3)","decl":{"start":{"line":53,"column":15},"end":{"line":53,"column":16}},"loc":{"start":{"line":53,"column":26},"end":{"line":53,"column":63}},"line":53},"4":{"name":"(anonymous_4)","decl":{"start":{"line":58,"column":4},"end":{"line":58,"column":10}},"loc":{"start":{"line":58,"column":10},"end":{"line":104,"column":null}},"line":58},"5":{"name":"(anonymous_5)","decl":{"start":{"line":62,"column":14},"end":{"line":62,"column":15}},"loc":{"start":{"line":63,"column":10},"end":{"line":68,"column":null}},"line":63},"6":{"name":"(anonymous_6)","decl":{"start":{"line":65,"column":22},"end":{"line":65,"column":23}},"loc":{"start":{"line":66,"column":14},"end":{"line":66,"column":null}},"line":66},"7":{"name":"(anonymous_7)","decl":{"start":{"line":74,"column":14},"end":{"line":74,"column":15}},"loc":{"start":{"line":75,"column":10},"end":{"line":78,"column":null}},"line":75},"8":{"name":"(anonymous_8)","decl":{"start":{"line":77,"column":22},"end":{"line":77,"column":23}},"loc":{"start":{"line":77,"column":29},"end":{"line":77,"column":null}},"line":77},"9":{"name":"(anonymous_9)","decl":{"start":{"line":84,"column":14},"end":{"line":84,"column":15}},"loc":{"start":{"line":85,"column":10},"end":{"line":89,"column":null}},"line":85},"10":{"name":"(anonymous_10)","decl":{"start":{"line":88,"column":22},"end":{"line":88,"column":23}},"loc":{"start":{"line":88,"column":29},"end":{"line":88,"column":null}},"line":88},"11":{"name":"(anonymous_11)","decl":{"start":{"line":95,"column":14},"end":{"line":95,"column":15}},"loc":{"start":{"line":96,"column":10},"end":{"line":101,"column":null}},"line":96},"12":{"name":"(anonymous_12)","decl":{"start":{"line":98,"column":22},"end":{"line":98,"column":23}},"loc":{"start":{"line":99,"column":14},"end":{"line":99,"column":null}},"line":99},"13":{"name":"(anonymous_13)","decl":{"start":{"line":108,"column":19},"end":{"line":108,"column":25}},"loc":{"start":{"line":108,"column":25},"end":{"line":119,"column":null}},"line":108},"14":{"name":"(anonymous_14)","decl":{"start":{"line":109,"column":14},"end":{"line":109,"column":15}},"loc":{"start":{"line":109,"column":24},"end":{"line":118,"column":5}},"line":109},"15":{"name":"(anonymous_15)","decl":{"start":{"line":121,"column":22},"end":{"line":121,"column":29}},"loc":{"start":{"line":121,"column":59},"end":{"line":127,"column":null}},"line":121},"16":{"name":"(anonymous_16)","decl":{"start":{"line":156,"column":20},"end":{"line":156,"column":21}},"loc":{"start":{"line":157,"column":14},"end":{"line":165,"column":null}},"line":157},"17":{"name":"(anonymous_17)","decl":{"start":{"line":171,"column":20},"end":{"line":171,"column":21}},"loc":{"start":{"line":172,"column":14},"end":{"line":183,"column":null}},"line":172},"18":{"name":"(anonymous_18)","decl":{"start":{"line":211,"column":40},"end":{"line":211,"column":41}},"loc":{"start":{"line":212,"column":18},"end":{"line":212,"column":null}},"line":212}},"branchMap":{"0":{"loc":{"start":{"line":53,"column":26},"end":{"line":53,"column":63}},"type":"cond-expr","locations":[{"start":{"line":53,"column":40},"end":{"line":53,"column":61}},{"start":{"line":53,"column":61},"end":{"line":53,"column":63}}],"line":53},"1":{"loc":{"start":{"line":116,"column":18},"end":{"line":116,"column":null}},"type":"binary-expr","locations":[{"start":{"line":116,"column":18},"end":{"line":116,"column":48}},{"start":{"line":116,"column":48},"end":{"line":116,"column":null}}],"line":116},"2":{"loc":{"start":{"line":123,"column":4},"end":{"line":125,"column":null}},"type":"if","locations":[{"start":{"line":123,"column":4},"end":{"line":125,"column":null}},{"start":{},"end":{}}],"line":123},"3":{"loc":{"start":{"line":160,"column":17},"end":{"line":164,"column":null}},"type":"cond-expr","locations":[{"start":{"line":161,"column":18},"end":{"line":163,"column":null}},{"start":{"line":164,"column":20},"end":{"line":164,"column":null}}],"line":160},"4":{"loc":{"start":{"line":191,"column":9},"end":{"line":191,"column":null}},"type":"cond-expr","locations":[{"start":{"line":191,"column":17},"end":{"line":191,"column":73}},{"start":{"line":191,"column":73},"end":{"line":191,"column":null}}],"line":191},"5":{"loc":{"start":{"line":193,"column":9},"end":{"line":197,"column":null}},"type":"cond-expr","locations":[{"start":{"line":194,"column":10},"end":{"line":196,"column":null}},{"start":{"line":197,"column":12},"end":{"line":197,"column":null}}],"line":193},"6":{"loc":{"start":{"line":200,"column":7},"end":{"line":218,"column":null}},"type":"cond-expr","locations":[{"start":{"line":201,"column":8},"end":{"line":217,"column":null}},{"start":{"line":218,"column":10},"end":{"line":218,"column":null}}],"line":200},"7":{"loc":{"start":{"line":207,"column":11},"end":{"line":216,"column":null}},"type":"cond-expr","locations":[{"start":{"line":208,"column":12},"end":{"line":215,"column":null}},{"start":{"line":216,"column":14},"end":{"line":216,"column":null}}],"line":207}},"s":{"0":2,"1":2,"2":2,"3":2,"4":2,"5":0,"6":0,"7":0,"8":2,"9":1,"10":0,"11":0,"12":0,"13":0,"14":0,"15":0,"16":0,"17":0,"18":2,"19":0,"20":0,"21":2,"22":0,"23":0,"24":0,"25":0,"26":2,"27":2,"28":2,"29":0},"f":{"0":2,"1":0,"2":0,"3":0,"4":1,"5":0,"6":0,"7":0,"8":0,"9":0,"10":0,"11":0,"12":0,"13":0,"14":0,"15":0,"16":2,"17":2,"18":0},"b":{"0":[0,0],"1":[0,0],"2":[0,0],"3":[0,2],"4":[0,2],"5":[0,2],"6":[0,2],"7":[0,0]},"meta":{"lastBranch":8,"lastFunction":19,"lastStatement":30,"seen":{"s:18:42:40:Infinity":0,"f:42:16:42:43":0,"s:43:26:43:Infinity":1,"s:44:43:44:Infinity":2,"s:46:8:49:Infinity":3,"s:51:22:55:Infinity":4,"f:51:22:51:23":1,"s:52:4:54:Infinity":5,"f:52:14:52:15":2,"s:53:6:53:Infinity":6,"f:53:15:53:16":3,"s:53:26:53:63":7,"b:53:40:53:61:53:61:53:63":0,"s:57:8:106:Infinity":8,"f:58:4:58:10":4,"s:58:10:104:Infinity":9,"f:62:14:62:15":5,"s:63:10:68:Infinity":10,"f:65:22:65:23":6,"s:66:14:66:Infinity":11,"f:74:14:74:15":7,"s:75:10:78:Infinity":12,"f:77:22:77:23":8,"s:77:29:77:Infinity":13,"f:84:14:84:15":9,"s:85:10:89:Infinity":14,"f:88:22:88:23":10,"s:88:29:88:Infinity":15,"f:95:14:95:15":11,"s:96:10:101:Infinity":16,"f:98:22:98:23":12,"s:99:14:99:Infinity":17,"s:108:19:119:Infinity":18,"f:108:19:108:25":13,"s:109:4:118:Infinity":19,"f:109:14:109:15":14,"s:109:24:118:5":20,"b:116:18:116:48:116:48:116:Infinity":1,"s:121:22:127:Infinity":21,"f:121:22:121:29":15,"s:122:25:122:Infinity":22,"b:123:4:125:Infinity:undefined:undefined:undefined:undefined":2,"s:123:4:125:Infinity":23,"s:124:6:124:Infinity":24,"s:126:4:126:Infinity":25,"s:129:2:219:Infinity":26,"f:156:20:156:21":16,"s:157:14:165:Infinity":27,"b:161:18:163:Infinity:164:20:164:Infinity":3,"f:171:20:171:21":17,"s:172:14:183:Infinity":28,"b:191:17:191:73:191:73:191:Infinity":4,"b:194:10:196:Infinity:197:12:197:Infinity":5,"b:201:8:217:Infinity:218:10:218:Infinity":6,"b:208:12:215:Infinity:216:14:216:Infinity":7,"f:211:40:211:41":18,"s:212:18:212:Infinity":29}}}
,"/Users/joneickmeier/projects/rfin/finstack-ui/src/domains/valuations/calibration/ForwardCurveCalibration.tsx": {"path":"/Users/joneickmeier/projects/rfin/finstack-ui/src/domains/valuations/calibration/ForwardCurveCalibration.tsx","statementMap":{"0":{"start":{"line":18,"column":42},"end":{"line":33,"column":null}},"1":{"start":{"line":36,"column":26},"end":{"line":36,"column":null}},"2":{"start":{"line":37,"column":43},"end":{"line":37,"column":null}},"3":{"start":{"line":39,"column":8},"end":{"line":42,"column":null}},"4":{"start":{"line":44,"column":22},"end":{"line":48,"column":null}},"5":{"start":{"line":45,"column":4},"end":{"line":47,"column":null}},"6":{"start":{"line":46,"column":6},"end":{"line":46,"column":null}},"7":{"start":{"line":46,"column":26},"end":{"line":46,"column":63}},"8":{"start":{"line":50,"column":8},"end":{"line":99,"column":null}},"9":{"start":{"line":51,"column":10},"end":{"line":97,"column":null}},"10":{"start":{"line":56,"column":10},"end":{"line":61,"column":null}},"11":{"start":{"line":59,"column":14},"end":{"line":59,"column":null}},"12":{"start":{"line":68,"column":10},"end":{"line":71,"column":null}},"13":{"start":{"line":70,"column":29},"end":{"line":70,"column":null}},"14":{"start":{"line":78,"column":10},"end":{"line":82,"column":null}},"15":{"start":{"line":81,"column":29},"end":{"line":81,"column":null}},"16":{"start":{"line":89,"column":10},"end":{"line":94,"column":null}},"17":{"start":{"line":92,"column":14},"end":{"line":92,"column":null}},"18":{"start":{"line":101,"column":19},"end":{"line":112,"column":null}},"19":{"start":{"line":102,"column":4},"end":{"line":111,"column":null}},"20":{"start":{"line":102,"column":24},"end":{"line":111,"column":5}},"21":{"start":{"line":114,"column":22},"end":{"line":120,"column":null}},"22":{"start":{"line":115,"column":25},"end":{"line":115,"column":null}},"23":{"start":{"line":116,"column":4},"end":{"line":118,"column":null}},"24":{"start":{"line":117,"column":6},"end":{"line":117,"column":null}},"25":{"start":{"line":119,"column":4},"end":{"line":119,"column":null}},"26":{"start":{"line":122,"column":2},"end":{"line":212,"column":null}},"27":{"start":{"line":150,"column":14},"end":{"line":158,"column":null}},"28":{"start":{"line":165,"column":14},"end":{"line":176,"column":null}},"29":{"start":{"line":205,"column":18},"end":{"line":205,"column":null}}},"fnMap":{"0":{"name":"ForwardCurveCalibration","decl":{"start":{"line":35,"column":16},"end":{"line":35,"column":42}},"loc":{"start":{"line":35,"column":42},"end":{"line":214,"column":null}},"line":35},"1":{"name":"(anonymous_1)","decl":{"start":{"line":44,"column":22},"end":{"line":44,"column":23}},"loc":{"start":{"line":44,"column":75},"end":{"line":48,"column":null}},"line":44},"2":{"name":"(anonymous_2)","decl":{"start":{"line":45,"column":14},"end":{"line":45,"column":15}},"loc":{"start":{"line":46,"column":6},"end":{"line":46,"column":null}},"line":46},"3":{"name":"(anonymous_3)","decl":{"start":{"line":46,"column":15},"end":{"line":46,"column":16}},"loc":{"start":{"line":46,"column":26},"end":{"line":46,"column":63}},"line":46},"4":{"name":"(anonymous_4)","decl":{"start":{"line":51,"column":4},"end":{"line":51,"column":10}},"loc":{"start":{"line":51,"column":10},"end":{"line":97,"column":null}},"line":51},"5":{"name":"(anonymous_5)","decl":{"start":{"line":55,"column":14},"end":{"line":55,"column":15}},"loc":{"start":{"line":56,"column":10},"end":{"line":61,"column":null}},"line":56},"6":{"name":"(anonymous_6)","decl":{"start":{"line":58,"column":22},"end":{"line":58,"column":23}},"loc":{"start":{"line":59,"column":14},"end":{"line":59,"column":null}},"line":59},"7":{"name":"(anonymous_7)","decl":{"start":{"line":67,"column":14},"end":{"line":67,"column":15}},"loc":{"start":{"line":68,"column":10},"end":{"line":71,"column":null}},"line":68},"8":{"name":"(anonymous_8)","decl":{"start":{"line":70,"column":22},"end":{"line":70,"column":23}},"loc":{"start":{"line":70,"column":29},"end":{"line":70,"column":null}},"line":70},"9":{"name":"(anonymous_9)","decl":{"start":{"line":77,"column":14},"end":{"line":77,"column":15}},"loc":{"start":{"line":78,"column":10},"end":{"line":82,"column":null}},"line":78},"10":{"name":"(anonymous_10)","decl":{"start":{"line":81,"column":22},"end":{"line":81,"column":23}},"loc":{"start":{"line":81,"column":29},"end":{"line":81,"column":null}},"line":81},"11":{"name":"(anonymous_11)","decl":{"start":{"line":88,"column":14},"end":{"line":88,"column":15}},"loc":{"start":{"line":89,"column":10},"end":{"line":94,"column":null}},"line":89},"12":{"name":"(anonymous_12)","decl":{"start":{"line":91,"column":22},"end":{"line":91,"column":23}},"loc":{"start":{"line":92,"column":14},"end":{"line":92,"column":null}},"line":92},"13":{"name":"(anonymous_13)","decl":{"start":{"line":101,"column":19},"end":{"line":101,"column":25}},"loc":{"start":{"line":101,"column":25},"end":{"line":112,"column":null}},"line":101},"14":{"name":"(anonymous_14)","decl":{"start":{"line":102,"column":14},"end":{"line":102,"column":15}},"loc":{"start":{"line":102,"column":24},"end":{"line":111,"column":5}},"line":102},"15":{"name":"(anonymous_15)","decl":{"start":{"line":114,"column":22},"end":{"line":114,"column":29}},"loc":{"start":{"line":114,"column":59},"end":{"line":120,"column":null}},"line":114},"16":{"name":"(anonymous_16)","decl":{"start":{"line":149,"column":20},"end":{"line":149,"column":21}},"loc":{"start":{"line":150,"column":14},"end":{"line":158,"column":null}},"line":150},"17":{"name":"(anonymous_17)","decl":{"start":{"line":164,"column":20},"end":{"line":164,"column":21}},"loc":{"start":{"line":165,"column":14},"end":{"line":176,"column":null}},"line":165},"18":{"name":"(anonymous_18)","decl":{"start":{"line":204,"column":40},"end":{"line":204,"column":41}},"loc":{"start":{"line":205,"column":18},"end":{"line":205,"column":null}},"line":205}},"branchMap":{"0":{"loc":{"start":{"line":46,"column":26},"end":{"line":46,"column":63}},"type":"cond-expr","locations":[{"start":{"line":46,"column":40},"end":{"line":46,"column":61}},{"start":{"line":46,"column":61},"end":{"line":46,"column":63}}],"line":46},"1":{"loc":{"start":{"line":109,"column":18},"end":{"line":109,"column":null}},"type":"binary-expr","locations":[{"start":{"line":109,"column":18},"end":{"line":109,"column":48}},{"start":{"line":109,"column":48},"end":{"line":109,"column":null}}],"line":109},"2":{"loc":{"start":{"line":116,"column":4},"end":{"line":118,"column":null}},"type":"if","locations":[{"start":{"line":116,"column":4},"end":{"line":118,"column":null}},{"start":{},"end":{}}],"line":116},"3":{"loc":{"start":{"line":153,"column":17},"end":{"line":157,"column":null}},"type":"cond-expr","locations":[{"start":{"line":154,"column":18},"end":{"line":156,"column":null}},{"start":{"line":157,"column":20},"end":{"line":157,"column":null}}],"line":153},"4":{"loc":{"start":{"line":184,"column":9},"end":{"line":184,"column":null}},"type":"cond-expr","locations":[{"start":{"line":184,"column":17},"end":{"line":184,"column":73}},{"start":{"line":184,"column":73},"end":{"line":184,"column":null}}],"line":184},"5":{"loc":{"start":{"line":186,"column":9},"end":{"line":190,"column":null}},"type":"cond-expr","locations":[{"start":{"line":187,"column":10},"end":{"line":189,"column":null}},{"start":{"line":190,"column":12},"end":{"line":190,"column":null}}],"line":186},"6":{"loc":{"start":{"line":193,"column":7},"end":{"line":211,"column":null}},"type":"cond-expr","locations":[{"start":{"line":194,"column":8},"end":{"line":210,"column":null}},{"start":{"line":211,"column":10},"end":{"line":211,"column":null}}],"line":193},"7":{"loc":{"start":{"line":200,"column":11},"end":{"line":209,"column":null}},"type":"cond-expr","locations":[{"start":{"line":201,"column":12},"end":{"line":208,"column":null}},{"start":{"line":209,"column":14},"end":{"line":209,"column":null}}],"line":200}},"s":{"0":2,"1":2,"2":2,"3":2,"4":2,"5":0,"6":0,"7":0,"8":2,"9":1,"10":0,"11":0,"12":0,"13":0,"14":0,"15":0,"16":0,"17":0,"18":2,"19":0,"20":0,"21":2,"22":0,"23":0,"24":0,"25":0,"26":2,"27":2,"28":2,"29":0},"f":{"0":2,"1":0,"2":0,"3":0,"4":1,"5":0,"6":0,"7":0,"8":0,"9":0,"10":0,"11":0,"12":0,"13":0,"14":0,"15":0,"16":2,"17":2,"18":0},"b":{"0":[0,0],"1":[0,0],"2":[0,0],"3":[0,2],"4":[0,2],"5":[0,2],"6":[0,2],"7":[0,0]},"meta":{"lastBranch":8,"lastFunction":19,"lastStatement":30,"seen":{"s:18:42:33:Infinity":0,"f:35:16:35:42":0,"s:36:26:36:Infinity":1,"s:37:43:37:Infinity":2,"s:39:8:42:Infinity":3,"s:44:22:48:Infinity":4,"f:44:22:44:23":1,"s:45:4:47:Infinity":5,"f:45:14:45:15":2,"s:46:6:46:Infinity":6,"f:46:15:46:16":3,"s:46:26:46:63":7,"b:46:40:46:61:46:61:46:63":0,"s:50:8:99:Infinity":8,"f:51:4:51:10":4,"s:51:10:97:Infinity":9,"f:55:14:55:15":5,"s:56:10:61:Infinity":10,"f:58:22:58:23":6,"s:59:14:59:Infinity":11,"f:67:14:67:15":7,"s:68:10:71:Infinity":12,"f:70:22:70:23":8,"s:70:29:70:Infinity":13,"f:77:14:77:15":9,"s:78:10:82:Infinity":14,"f:81:22:81:23":10,"s:81:29:81:Infinity":15,"f:88:14:88:15":11,"s:89:10:94:Infinity":16,"f:91:22:91:23":12,"s:92:14:92:Infinity":17,"s:101:19:112:Infinity":18,"f:101:19:101:25":13,"s:102:4:111:Infinity":19,"f:102:14:102:15":14,"s:102:24:111:5":20,"b:109:18:109:48:109:48:109:Infinity":1,"s:114:22:120:Infinity":21,"f:114:22:114:29":15,"s:115:25:115:Infinity":22,"b:116:4:118:Infinity:undefined:undefined:undefined:undefined":2,"s:116:4:118:Infinity":23,"s:117:6:117:Infinity":24,"s:119:4:119:Infinity":25,"s:122:2:212:Infinity":26,"f:149:20:149:21":16,"s:150:14:158:Infinity":27,"b:154:18:156:Infinity:157:20:157:Infinity":3,"f:164:20:164:21":17,"s:165:14:176:Infinity":28,"b:184:17:184:73:184:73:184:Infinity":4,"b:187:10:189:Infinity:190:12:190:Infinity":5,"b:194:8:210:Infinity:211:10:211:Infinity":6,"b:201:12:208:Infinity:209:14:209:Infinity":7,"f:204:40:204:41":18,"s:205:18:205:Infinity":29}}}
,"/Users/joneickmeier/projects/rfin/finstack-ui/src/domains/valuations/instruments/BondPanel.tsx": {"path":"/Users/joneickmeier/projects/rfin/finstack-ui/src/domains/valuations/instruments/BondPanel.tsx","statementMap":{"0":{"start":{"line":13,"column":35},"end":{"line":22,"column":null}},"1":{"start":{"line":30,"column":49},"end":{"line":30,"column":null}},"2":{"start":{"line":32,"column":8},"end":{"line":34,"column":null}},"3":{"start":{"line":37,"column":4},"end":{"line":44,"column":null}},"4":{"start":{"line":47,"column":2},"end":{"line":111,"column":null}},"5":{"start":{"line":94,"column":10},"end":{"line":97,"column":null}}},"fnMap":{"0":{"name":"BondPanel","decl":{"start":{"line":29,"column":16},"end":{"line":29,"column":26}},"loc":{"start":{"line":29,"column":70},"end":{"line":113,"column":null}},"line":29},"1":{"name":"(anonymous_1)","decl":{"start":{"line":93,"column":18},"end":{"line":93,"column":25}},"loc":{"start":{"line":93,"column":36},"end":{"line":98,"column":null}},"line":93}},"branchMap":{"0":{"loc":{"start":{"line":29,"column":36},"end":{"line":29,"column":51}},"type":"default-arg","locations":[{"start":{"line":29,"column":44},"end":{"line":29,"column":51}}],"line":29},"1":{"loc":{"start":{"line":40,"column":9},"end":{"line":40,"column":null}},"type":"binary-expr","locations":[{"start":{"line":40,"column":9},"end":{"line":40,"column":33}},{"start":{"line":40,"column":33},"end":{"line":40,"column":59}},{"start":{"line":40,"column":59},"end":{"line":40,"column":null}}],"line":40},"2":{"loc":{"start":{"line":53,"column":45},"end":{"line":53,"column":59}},"type":"binary-expr","locations":[{"start":{"line":53,"column":45},"end":{"line":53,"column":55}},{"start":{"line":53,"column":55},"end":{"line":53,"column":59}}],"line":53},"3":{"loc":{"start":{"line":101,"column":10},"end":{"line":101,"column":null}},"type":"cond-expr","locations":[{"start":{"line":101,"column":29},"end":{"line":101,"column":75}},{"start":{"line":101,"column":75},"end":{"line":101,"column":null}}],"line":101},"4":{"loc":{"start":{"line":104,"column":10},"end":{"line":108,"column":null}},"type":"cond-expr","locations":[{"start":{"line":105,"column":12},"end":{"line":107,"column":null}},{"start":{"line":108,"column":14},"end":{"line":108,"column":null}}],"line":104}},"s":{"0":2,"1":2,"2":2,"3":2,"4":2,"5":0},"f":{"0":2,"1":0},"b":{"0":[2],"1":[2,2,2],"2":[2,2],"3":[0,2],"4":[0,2]},"meta":{"lastBranch":5,"lastFunction":2,"lastStatement":6,"seen":{"s:13:35:22:Infinity":0,"f:29:16:29:26":0,"b:29:44:29:51":0,"s:30:49:30:Infinity":1,"s:32:8:34:Infinity":2,"s:37:4:44:Infinity":3,"b:40:9:40:33:40:33:40:59:40:59:40:Infinity":1,"s:47:2:111:Infinity":4,"b:53:45:53:55:53:55:53:59":2,"f:93:18:93:25":1,"s:94:10:97:Infinity":5,"b:101:29:101:75:101:75:101:Infinity":3,"b:105:12:107:Infinity:108:14:108:Infinity":4}}}
,"/Users/joneickmeier/projects/rfin/finstack-ui/src/domains/valuations/instruments/InterestRateSwapPanel.tsx": {"path":"/Users/joneickmeier/projects/rfin/finstack-ui/src/domains/valuations/instruments/InterestRateSwapPanel.tsx","statementMap":{"0":{"start":{"line":20,"column":16},"end":{"line":22,"column":null}},"1":{"start":{"line":24,"column":30},"end":{"line":35,"column":null}},"2":{"start":{"line":39,"column":36},"end":{"line":50,"column":null}},"3":{"start":{"line":61,"column":49},"end":{"line":61,"column":null}},"4":{"start":{"line":62,"column":8},"end":{"line":64,"column":null}},"5":{"start":{"line":66,"column":8},"end":{"line":70,"column":null}},"6":{"start":{"line":73,"column":4},"end":{"line":83,"column":null}},"7":{"start":{"line":86,"column":19},"end":{"line":129,"column":null}},"8":{"start":{"line":87,"column":20},"end":{"line":118,"column":null}},"9":{"start":{"line":120,"column":19},"end":{"line":120,"column":null}},"10":{"start":{"line":121,"column":4},"end":{"line":123,"column":null}},"11":{"start":{"line":122,"column":6},"end":{"line":122,"column":null}},"12":{"start":{"line":125,"column":4},"end":{"line":128,"column":null}},"13":{"start":{"line":131,"column":2},"end":{"line":380,"column":null}},"14":{"start":{"line":149,"column":14},"end":{"line":157,"column":null}},"15":{"start":{"line":165,"column":14},"end":{"line":176,"column":null}},"16":{"start":{"line":184,"column":14},"end":{"line":196,"column":null}},"17":{"start":{"line":189,"column":35},"end":{"line":189,"column":null}},"18":{"start":{"line":204,"column":14},"end":{"line":216,"column":null}},"19":{"start":{"line":224,"column":14},"end":{"line":237,"column":null}},"20":{"start":{"line":245,"column":14},"end":{"line":258,"column":null}},"21":{"start":{"line":270,"column":16},"end":{"line":282,"column":null}},"22":{"start":{"line":290,"column":16},"end":{"line":298,"column":null}},"23":{"start":{"line":309,"column":16},"end":{"line":321,"column":null}},"24":{"start":{"line":329,"column":16},"end":{"line":337,"column":null}},"25":{"start":{"line":367,"column":16},"end":{"line":367,"column":null}}},"fnMap":{"0":{"name":"InterestRateSwapPanel","decl":{"start":{"line":57,"column":16},"end":{"line":57,"column":38}},"loc":{"start":{"line":60,"column":31},"end":{"line":382,"column":null}},"line":60},"1":{"name":"(anonymous_1)","decl":{"start":{"line":86,"column":19},"end":{"line":86,"column":26}},"loc":{"start":{"line":86,"column":53},"end":{"line":129,"column":null}},"line":86},"2":{"name":"(anonymous_2)","decl":{"start":{"line":148,"column":20},"end":{"line":148,"column":21}},"loc":{"start":{"line":149,"column":14},"end":{"line":157,"column":null}},"line":149},"3":{"name":"(anonymous_3)","decl":{"start":{"line":164,"column":20},"end":{"line":164,"column":21}},"loc":{"start":{"line":165,"column":14},"end":{"line":176,"column":null}},"line":165},"4":{"name":"(anonymous_4)","decl":{"start":{"line":183,"column":20},"end":{"line":183,"column":21}},"loc":{"start":{"line":184,"column":14},"end":{"line":196,"column":null}},"line":184},"5":{"name":"(anonymous_5)","decl":{"start":{"line":189,"column":28},"end":{"line":189,"column":29}},"loc":{"start":{"line":189,"column":35},"end":{"line":189,"column":null}},"line":189},"6":{"name":"(anonymous_6)","decl":{"start":{"line":203,"column":20},"end":{"line":203,"column":21}},"loc":{"start":{"line":204,"column":14},"end":{"line":216,"column":null}},"line":204},"7":{"name":"(anonymous_7)","decl":{"start":{"line":223,"column":20},"end":{"line":223,"column":21}},"loc":{"start":{"line":224,"column":14},"end":{"line":237,"column":null}},"line":224},"8":{"name":"(anonymous_8)","decl":{"start":{"line":244,"column":20},"end":{"line":244,"column":21}},"loc":{"start":{"line":245,"column":14},"end":{"line":258,"column":null}},"line":245},"9":{"name":"(anonymous_9)","decl":{"start":{"line":269,"column":22},"end":{"line":269,"column":23}},"loc":{"start":{"line":270,"column":16},"end":{"line":282,"column":null}},"line":270},"10":{"name":"(anonymous_10)","decl":{"start":{"line":289,"column":22},"end":{"line":289,"column":23}},"loc":{"start":{"line":290,"column":16},"end":{"line":298,"column":null}},"line":290},"11":{"name":"(anonymous_11)","decl":{"start":{"line":308,"column":22},"end":{"line":308,"column":23}},"loc":{"start":{"line":309,"column":16},"end":{"line":321,"column":null}},"line":309},"12":{"name":"(anonymous_12)","decl":{"start":{"line":328,"column":22},"end":{"line":328,"column":23}},"loc":{"start":{"line":329,"column":16},"end":{"line":337,"column":null}},"line":329},"13":{"name":"(anonymous_13)","decl":{"start":{"line":366,"column":38},"end":{"line":366,"column":39}},"loc":{"start":{"line":367,"column":16},"end":{"line":367,"column":null}},"line":367}},"branchMap":{"0":{"loc":{"start":{"line":59,"column":2},"end":{"line":59,"column":null}},"type":"default-arg","locations":[{"start":{"line":59,"column":10},"end":{"line":59,"column":null}}],"line":59},"1":{"loc":{"start":{"line":68,"column":41},"end":{"line":68,"column":55}},"type":"binary-expr","locations":[{"start":{"line":68,"column":41},"end":{"line":68,"column":51}},{"start":{"line":68,"column":51},"end":{"line":68,"column":55}}],"line":68},"2":{"loc":{"start":{"line":76,"column":9},"end":{"line":79,"column":null}},"type":"binary-expr","locations":[{"start":{"line":76,"column":9},"end":{"line":76,"column":null}},{"start":{"line":77,"column":10},"end":{"line":77,"column":null}},{"start":{"line":78,"column":10},"end":{"line":78,"column":null}},{"start":{"line":79,"column":10},"end":{"line":79,"column":null}}],"line":76},"3":{"loc":{"start":{"line":121,"column":4},"end":{"line":123,"column":null}},"type":"if","locations":[{"start":{"line":121,"column":4},"end":{"line":123,"column":null}},{"start":{},"end":{}}],"line":121},"4":{"loc":{"start":{"line":152,"column":17},"end":{"line":156,"column":null}},"type":"cond-expr","locations":[{"start":{"line":153,"column":18},"end":{"line":155,"column":null}},{"start":{"line":156,"column":20},"end":{"line":156,"column":null}}],"line":152},"5":{"loc":{"start":{"line":171,"column":17},"end":{"line":175,"column":null}},"type":"cond-expr","locations":[{"start":{"line":172,"column":18},"end":{"line":174,"column":null}},{"start":{"line":175,"column":20},"end":{"line":175,"column":null}}],"line":171},"6":{"loc":{"start":{"line":191,"column":17},"end":{"line":195,"column":null}},"type":"cond-expr","locations":[{"start":{"line":192,"column":18},"end":{"line":194,"column":null}},{"start":{"line":195,"column":20},"end":{"line":195,"column":null}}],"line":191},"7":{"loc":{"start":{"line":211,"column":17},"end":{"line":215,"column":null}},"type":"cond-expr","locations":[{"start":{"line":212,"column":18},"end":{"line":214,"column":null}},{"start":{"line":215,"column":20},"end":{"line":215,"column":null}}],"line":211},"8":{"loc":{"start":{"line":232,"column":17},"end":{"line":236,"column":null}},"type":"cond-expr","locations":[{"start":{"line":233,"column":18},"end":{"line":235,"column":null}},{"start":{"line":236,"column":20},"end":{"line":236,"column":null}}],"line":232},"9":{"loc":{"start":{"line":253,"column":17},"end":{"line":257,"column":null}},"type":"cond-expr","locations":[{"start":{"line":254,"column":18},"end":{"line":256,"column":null}},{"start":{"line":257,"column":20},"end":{"line":257,"column":null}}],"line":253},"10":{"loc":{"start":{"line":277,"column":19},"end":{"line":281,"column":null}},"type":"cond-expr","locations":[{"start":{"line":278,"column":20},"end":{"line":280,"column":null}},{"start":{"line":281,"column":22},"end":{"line":281,"column":null}}],"line":277},"11":{"loc":{"start":{"line":293,"column":19},"end":{"line":297,"column":null}},"type":"cond-expr","locations":[{"start":{"line":294,"column":20},"end":{"line":296,"column":null}},{"start":{"line":297,"column":22},"end":{"line":297,"column":null}}],"line":293},"12":{"loc":{"start":{"line":316,"column":19},"end":{"line":320,"column":null}},"type":"cond-expr","locations":[{"start":{"line":317,"column":20},"end":{"line":319,"column":null}},{"start":{"line":320,"column":22},"end":{"line":320,"column":null}}],"line":316},"13":{"loc":{"start":{"line":332,"column":19},"end":{"line":336,"column":null}},"type":"cond-expr","locations":[{"start":{"line":333,"column":20},"end":{"line":335,"column":null}},{"start":{"line":336,"column":22},"end":{"line":336,"column":null}}],"line":332},"14":{"loc":{"start":{"line":347,"column":11},"end":{"line":355,"column":null}},"type":"cond-expr","locations":[{"start":{"line":348,"column":12},"end":{"line":350,"column":null}},{"start":{"line":351,"column":14},"end":{"line":355,"column":null}}],"line":347},"15":{"loc":{"start":{"line":351,"column":14},"end":{"line":355,"column":null}},"type":"cond-expr","locations":[{"start":{"line":352,"column":12},"end":{"line":354,"column":null}},{"start":{"line":355,"column":14},"end":{"line":355,"column":null}}],"line":351},"16":{"loc":{"start":{"line":353,"column":15},"end":{"line":353,"column":null}},"type":"binary-expr","locations":[{"start":{"line":353,"column":15},"end":{"line":353,"column":39}},{"start":{"line":353,"column":39},"end":{"line":353,"column":null}}],"line":353},"17":{"loc":{"start":{"line":362,"column":9},"end":{"line":371,"column":null}},"type":"cond-expr","locations":[{"start":{"line":363,"column":10},"end":{"line":370,"column":null}},{"start":{"line":371,"column":12},"end":{"line":371,"column":null}}],"line":362},"18":{"loc":{"start":{"line":374,"column":7},"end":{"line":379,"column":null}},"type":"cond-expr","locations":[{"start":{"line":375,"column":8},"end":{"line":378,"column":null}},{"start":{"line":379,"column":10},"end":{"line":379,"column":null}}],"line":374}},"s":{"0":4,"1":4,"2":4,"3":4,"4":4,"5":4,"6":4,"7":4,"8":0,"9":0,"10":0,"11":0,"12":0,"13":4,"14":4,"15":4,"16":4,"17":0,"18":4,"19":4,"20":4,"21":4,"22":4,"23":4,"24":4,"25":2},"f":{"0":4,"1":0,"2":4,"3":4,"4":4,"5":0,"6":4,"7":4,"8":4,"9":4,"10":4,"11":4,"12":4,"13":2},"b":{"0":[4],"1":[4,4],"2":[4,2,2,2],"3":[0,0],"4":[0,4],"5":[0,4],"6":[0,4],"7":[0,4],"8":[0,4],"9":[0,4],"10":[0,4],"11":[0,4],"12":[0,4],"13":[0,4],"14":[2,2],"15":[0,2],"16":[0,0],"17":[2,2],"18":[0,4]},"meta":{"lastBranch":19,"lastFunction":14,"lastStatement":26,"seen":{"s:20:16:22:Infinity":0,"s:24:30:35:Infinity":1,"s:39:36:50:Infinity":2,"f:57:16:57:38":0,"b:59:10:59:Infinity":0,"s:61:49:61:Infinity":3,"s:62:8:64:Infinity":4,"s:66:8:70:Infinity":5,"b:68:41:68:51:68:51:68:55":1,"s:73:4:83:Infinity":6,"b:76:9:76:Infinity:77:10:77:Infinity:78:10:78:Infinity:79:10:79:Infinity":2,"s:86:19:129:Infinity":7,"f:86:19:86:26":1,"s:87:20:118:Infinity":8,"s:120:19:120:Infinity":9,"b:121:4:123:Infinity:undefined:undefined:undefined:undefined":3,"s:121:4:123:Infinity":10,"s:122:6:122:Infinity":11,"s:125:4:128:Infinity":12,"s:131:2:380:Infinity":13,"f:148:20:148:21":2,"s:149:14:157:Infinity":14,"b:153:18:155:Infinity:156:20:156:Infinity":4,"f:164:20:164:21":3,"s:165:14:176:Infinity":15,"b:172:18:174:Infinity:175:20:175:Infinity":5,"f:183:20:183:21":4,"s:184:14:196:Infinity":16,"f:189:28:189:29":5,"s:189:35:189:Infinity":17,"b:192:18:194:Infinity:195:20:195:Infinity":6,"f:203:20:203:21":6,"s:204:14:216:Infinity":18,"b:212:18:214:Infinity:215:20:215:Infinity":7,"f:223:20:223:21":7,"s:224:14:237:Infinity":19,"b:233:18:235:Infinity:236:20:236:Infinity":8,"f:244:20:244:21":8,"s:245:14:258:Infinity":20,"b:254:18:256:Infinity:257:20:257:Infinity":9,"f:269:22:269:23":9,"s:270:16:282:Infinity":21,"b:278:20:280:Infinity:281:22:281:Infinity":10,"f:289:22:289:23":10,"s:290:16:298:Infinity":22,"b:294:20:296:Infinity:297:22:297:Infinity":11,"f:308:22:308:23":11,"s:309:16:321:Infinity":23,"b:317:20:319:Infinity:320:22:320:Infinity":12,"f:328:22:328:23":12,"s:329:16:337:Infinity":24,"b:333:20:335:Infinity:336:22:336:Infinity":13,"b:348:12:350:Infinity:351:14:355:Infinity":14,"b:352:12:354:Infinity:355:14:355:Infinity":15,"b:353:15:353:39:353:39:353:Infinity":16,"b:363:10:370:Infinity:371:12:371:Infinity":17,"f:366:38:366:39":13,"s:367:16:367:Infinity":25,"b:375:8:378:Infinity:379:10:379:Infinity":18}}}
,"/Users/joneickmeier/projects/rfin/finstack-ui/src/domains/valuations/views/CashflowWaterfall.tsx": {"path":"/Users/joneickmeier/projects/rfin/finstack-ui/src/domains/valuations/views/CashflowWaterfall.tsx","statementMap":{"0":{"start":{"line":10,"column":2},"end":{"line":10,"column":null}},"1":{"start":{"line":10,"column":27},"end":{"line":10,"column":null}},"2":{"start":{"line":11,"column":2},"end":{"line":18,"column":null}},"3":{"start":{"line":11,"column":68},"end":{"line":18,"column":4}},"4":{"start":{"line":22,"column":45},"end":{"line":29,"column":null}},"5":{"start":{"line":31,"column":18},"end":{"line":34,"column":null}},"6":{"start":{"line":32,"column":16},"end":{"line":32,"column":null}},"7":{"start":{"line":33,"column":4},"end":{"line":33,"column":null}},"8":{"start":{"line":36,"column":2},"end":{"line":42,"column":null}}},"fnMap":{"0":{"name":"normalizeCashflows","decl":{"start":{"line":9,"column":16},"end":{"line":9,"column":35}},"loc":{"start":{"line":9,"column":65},"end":{"line":19,"column":null}},"line":9},"1":{"name":"(anonymous_1)","decl":{"start":{"line":11,"column":53},"end":{"line":11,"column":54}},"loc":{"start":{"line":11,"column":68},"end":{"line":18,"column":4}},"line":11},"2":{"name":"CashflowWaterfall","decl":{"start":{"line":21,"column":16},"end":{"line":21,"column":34}},"loc":{"start":{"line":21,"column":73},"end":{"line":44,"column":null}},"line":21},"3":{"name":"(anonymous_3)","decl":{"start":{"line":31,"column":35},"end":{"line":31,"column":36}},"loc":{"start":{"line":31,"column":49},"end":{"line":34,"column":5}},"line":31}},"branchMap":{"0":{"loc":{"start":{"line":10,"column":2},"end":{"line":10,"column":null}},"type":"if","locations":[{"start":{"line":10,"column":2},"end":{"line":10,"column":null}},{"start":{},"end":{}}],"line":10},"1":{"loc":{"start":{"line":12,"column":12},"end":{"line":12,"column":null}},"type":"cond-expr","locations":[{"start":{"line":12,"column":50},"end":{"line":12,"column":71}},{"start":{"line":12,"column":71},"end":{"line":12,"column":null}}],"line":12},"2":{"loc":{"start":{"line":13,"column":16},"end":{"line":13,"column":29}},"type":"binary-expr","locations":[{"start":{"line":13,"column":16},"end":{"line":13,"column":27}},{"start":{"line":13,"column":27},"end":{"line":13,"column":29}}],"line":13},"3":{"loc":{"start":{"line":14,"column":17},"end":{"line":14,"column":31}},"type":"binary-expr","locations":[{"start":{"line":14,"column":17},"end":{"line":14,"column":29}},{"start":{"line":14,"column":29},"end":{"line":14,"column":31}}],"line":14},"4":{"loc":{"start":{"line":15,"column":21},"end":{"line":15,"column":39}},"type":"binary-expr","locations":[{"start":{"line":15,"column":21},"end":{"line":15,"column":37}},{"start":{"line":15,"column":37},"end":{"line":15,"column":39}}],"line":15},"5":{"loc":{"start":{"line":16,"column":28},"end":{"line":16,"column":53}},"type":"binary-expr","locations":[{"start":{"line":16,"column":28},"end":{"line":16,"column":51}},{"start":{"line":16,"column":51},"end":{"line":16,"column":53}}],"line":16},"6":{"loc":{"start":{"line":17,"column":26},"end":{"line":17,"column":49}},"type":"binary-expr","locations":[{"start":{"line":17,"column":26},"end":{"line":17,"column":47}},{"start":{"line":17,"column":47},"end":{"line":17,"column":49}}],"line":17},"7":{"loc":{"start":{"line":33,"column":18},"end":{"line":33,"column":null}},"type":"cond-expr","locations":[{"start":{"line":33,"column":41},"end":{"line":33,"column":47}},{"start":{"line":33,"column":47},"end":{"line":33,"column":null}}],"line":33}},"s":{"0":6,"1":6,"2":0,"3":0,"4":1,"5":1,"6":2,"7":2,"8":1},"f":{"0":6,"1":0,"2":1,"3":2},"b":{"0":[6,0],"1":[0,0],"2":[0,0],"3":[0,0],"4":[0,0],"5":[0,0],"6":[0,0],"7":[2,0]},"meta":{"lastBranch":8,"lastFunction":4,"lastStatement":9,"seen":{"f:9:16:9:35":0,"b:10:2:10:Infinity:undefined:undefined:undefined:undefined":0,"s:10:2:10:Infinity":0,"s:10:27:10:Infinity":1,"s:11:2:18:Infinity":2,"f:11:53:11:54":1,"s:11:68:18:4":3,"b:12:50:12:71:12:71:12:Infinity":1,"b:13:16:13:27:13:27:13:29":2,"b:14:17:14:29:14:29:14:31":3,"b:15:21:15:37:15:37:15:39":4,"b:16:28:16:51:16:51:16:53":5,"b:17:26:17:47:17:47:17:49":6,"f:21:16:21:34":2,"s:22:45:29:Infinity":4,"s:31:18:34:Infinity":5,"f:31:35:31:36":3,"s:32:16:32:Infinity":6,"s:33:4:33:Infinity":7,"b:33:41:33:47:33:47:33:Infinity":7,"s:36:2:42:Infinity":8}}}
[...]
,"21":[0,0],"22":[0,0],"23":[0,0,0,0,0],"24":[2,2],"25":[2,0],"26":[0,0],"27":[0,2],"28":[2,2],"29":[0,0],"30":[0,0,0],"31":[0,0,0],"32":[2,2],"33":[5,3],"34":[2,3],"35":[4,2,1],"36":[4,1,1,1],"37":[2,2],"38":[2,0],"39":[2,0],"40":[2,0],"41":[2,0],"42":[2,2],"43":[4,2,2],"44":[2,0,0],"45":[2,2],"46":[2,2],"47":[2,2,2],"48":[2,0,0],"49":[2,0,0],"50":[2,2,2],"51":[1,1],"52":[1,0],"53":[1,0,0],"54":[2,0,0],"55":[0,1],"56":[1,1],"57":[1,1,0,0],"58":[1,0,0],"59":[0,1],"60":[1,0],"61":[0,1],"62":[1,0],"63":[1,0,0,0,0,0,0],"64":[1,0,0],"65":[1,0,0,0,0,0],"66":[1,0,0,0,0,0],"67":[0,1],"68":[0,0],"69":[0,4],"70":[1,3],"71":[3,0],"72":[1,2],"73":[4,1],"74":[4,0],"75":[3,0],"76":[2,1],"77":[4,1],"78":[0,3],"79":[0,3],"80":[0,0],"81":[0,1],"82":[0,1],"83":[1,0],"84":[1,0],"85":[0,1],"86":[0,0],"87":[0,0],"88":[0,0],"89":[0,0],"90":[0,0],"91":[0,0],"92":[0,0],"93":[0,0,0],"94":[0,0],"95":[0,0],"96":[0,1],"97":[0,0],"98":[1,0],"99":[0,0],"100":[1,0],"101":[1,0],"102":[1,0],"103":[1,0],"104":[1,0],"105":[1,1],"106":[1,1],"107":[1,0],"108":[0,1],"109":[0,0],"110":[0,0],"111":[0,0],"112":[0,0],"113":[0,0],"114":[0,0],"115":[0,0],"116":[0,0],"117":[0,1],"118":[0,0],"119":[1,0],"120":[0,0],"121":[1,0],"122":[1,0],"123":[1,0],"124":[1,0]},"meta":{"lastBranch":125,"lastFunction":25,"lastStatement":337,"seen":{"f:149:15:149:38":0,"b:150:2:165:Infinity:undefined:undefined:undefined:undefined":0,"s:150:2:165:Infinity":0,"s:155:6:164:Infinity":1,"f:156:28:156:40":1,"s:157:18:157:Infinity":2,"s:159:9:160:Infinity":3,"b:159:9:159:Infinity:160:9:160:Infinity":1,"b:161:6:163:Infinity:undefined:undefined:undefined:undefined":2,"s:161:6:163:Infinity":4,"s:162:8:162:Infinity":5,"s:167:2:168:Infinity":6,"s:171:19:171:Infinity":7,"s:172:38:172:Infinity":8,"s:173:38:173:Infinity":9,"f:176:9:176:Infinity":2,"b:179:2:179:Infinity:undefined:undefined:undefined:undefined":3,"s:179:2:179:Infinity":10,"s:179:19:179:Infinity":11,"s:180:2:195:Infinity":12,"s:181:19:181:Infinity":13,"b:182:4:182:Infinity:undefined:undefined:undefined:undefined":4,"s:182:4:182:Infinity":14,"b:182:8:182:38:182:38:182:47":5,"s:182:47:182:Infinity":15,"s:184:7:185:Infinity":16,"b:184:7:184:Infinity:185:7:185:Infinity":6,"s:187:7:189:Infinity":17,"b:187:7:187:Infinity:188:7:188:Infinity:189:7:189:Infinity":7,"b:190:4:192:Infinity:undefined:undefined:undefined:undefined":8,"s:190:4:192:Infinity":18,"b:190:8:190:17:190:17:190:41":9,"s:191:6:191:Infinity":19,"b:191:57:191:65:191:65:191:75":10,"s:194:4:194:Infinity":20,"s:196:2:196:Infinity":21,"f:199:9:199:36":3,"s:200:2:204:Infinity":22,"s:201:4:201:Infinity":23,"s:203:4:203:Infinity":24,"f:207:9:207:Infinity":4,"b:209:10:209:Infinity":11,"s:212:21:212:Infinity":25,"b:213:2:215:Infinity:undefined:undefined:undefined:undefined":12,"s:213:2:215:Infinity":26,"s:214:4:214:Infinity":27,"s:216:29:216:Infinity":28,"b:217:2:223:Infinity:undefined:undefined:undefined:undefined":13,"s:217:2:223:Infinity":29,"b:218:4:218:Infinity:219:4:219:Infinity:220:4:220:Infinity":14,"s:222:4:222:Infinity":30,"b:224:2:226:Infinity:undefined:undefined:undefined:undefined":15,"s:224:2:226:Infinity":31,"s:225:4:225:Infinity":32,"s:227:2:227:Infinity":33,"f:230:9:230:28":5,"s:231:8:231:Infinity":34,"b:231:17:231:31:231:31:231:35":16,"b:232:2:232:Infinity:undefined:undefined:undefined:undefined":17,"s:232:2:232:Infinity":35,"s:232:14:232:Infinity":36,"s:233:16:233:Infinity":37,"b:234:2:234:Infinity:undefined:undefined:undefined:undefined":18,"s:234:2:234:Infinity":38,"s:234:14:234:Infinity":39,"s:235:16:235:Infinity":40,"s:236:15:236:Infinity":41,"b:238:4:239:Infinity:240:4:241:Infinity:242:4:243:Infinity:244:4:245:Infinity:246:4:247:Infinity":19,"s:237:2:248:Infinity":42,"s:239:6:239:Infinity":43,"s:241:6:241:Infinity":44,"s:243:6:243:Infinity":45,"s:245:6:245:Infinity":46,"s:247:6:247:Infinity":47,"f:251:9:251:27":6,"s:252:8:252:Infinity":48,"b:252:17:252:31:252:31:252:35":20,"b:253:2:255:Infinity:undefined:undefined:undefined:undefined":21,"s:253:2:255:Infinity":49,"s:254:4:254:Infinity":50,"s:256:16:256:Infinity":51,"b:257:2:259:Infinity:undefined:undefined:undefined:undefined":22,"s:257:2:259:Infinity":52,"s:258:4:258:Infinity":53,"s:260:16:260:Infinity":54,"s:261:15:261:Infinity":55,"b:263:4:264:Infinity:265:4:266:Infinity:267:4:268:Infinity:269:4:270:Infinity:271:4:272:Infinity":23,"s:262:2:273:Infinity":56,"s:264:6:264:Infinity":57,"s:266:6:266:Infinity":58,"s:268:6:268:Infinity":59,"s:270:6:270:Infinity":60,"s:272:6:272:Infinity":61,"f:276:9:276:Infinity":7,"s:280:41:280:Infinity":62,"s:281:18:281:Infinity":63,"b:283:2:361:Infinity:undefined:undefined:undefined:undefined":24,"s:283:2:361:Infinity":64,"s:284:23:284:Infinity":65,"s:285:52:285:Infinity":66,"s:286:4:297:Infinity":67,"b:287:6:291:Infinity:289:6:291:Infinity":25,"s:287:6:291:Infinity":68,"s:288:8:288:Infinity":69,"b:289:6:291:Infinity:undefined:undefined:undefined:undefined":26,"s:289:6:291:Infinity":70,"s:290:8:290:Infinity":71,"s:293:6:295:Infinity":72,"s:296:6:296:Infinity":73,"s:299:4:299:Infinity":74,"b:300:4:360:Infinity:undefined:undefined:undefined:undefined":27,"s:300:4:360:Infinity":75,"b:300:8:300:19:300:19:300:50":28,"s:301:6:359:Infinity":76,"s:302:8:302:Infinity":77,"s:303:8:303:Infinity":78,"s:304:29:315:Infinity":79,"b:317:8:354:Infinity:undefined:undefined:undefined:undefined":29,"s:317:8:354:Infinity":80,"s:318:10:353:Infinity":81,"s:319:12:352:Infinity":82,"s:320:25:320:Infinity":83,"s:321:31:325:Infinity":84,"s:326:28:328:Infinity":85,"f:327:16:327:17":8,"s:327:23:327:Infinity":86,"b:327:23:327:40:327:40:327:50:327:50:327:Infinity":30,"s:329:26:331:Infinity":87,"f:330:16:330:17":9,"s:330:23:330:Infinity":88,"b:330:23:330:44:330:44:330:52:330:52:330:Infinity":31,"s:333:28:342:Infinity":89,"s:343:14:343:Infinity":90,"s:345:14:348:Infinity":91,"s:349:14:351:Infinity":92,"s:356:8:356:Infinity":93,"s:357:8:357:Infinity":94,"s:358:8:358:Infinity":95,"b:363:2:369:Infinity:undefined:undefined:undefined:undefined":32,"s:363:2:369:Infinity":96,"s:364:4:368:Infinity":97,"s:365:6:365:Infinity":98,"s:367:6:367:Infinity":99,"s:371:2:371:Infinity":100,"s:374:12:1129:Infinity":101,"f:375:8:375:Infinity":10,"s:379:4:379:Infinity":102,"s:380:4:395:Infinity":103,"s:381:6:381:Infinity":104,"s:382:6:382:Infinity":105,"s:383:6:383:Infinity":106,"b:383:25:383:39:383:39:383:Infinity":33,"s:384:6:384:Infinity":107,"b:385:6:387:Infinity:undefined:undefined:undefined:undefined":34,"s:385:6:387:Infinity":108,"s:386:8:386:Infinity":109,"s:388:6:391:Infinity":110,"s:393:6:393:Infinity":111,"s:394:6:394:Infinity":112,"f:398:8:398:19":11,"s:399:4:399:Infinity":113,"s:400:4:400:Infinity":114,"s:401:4:401:Infinity":115,"s:402:4:402:Infinity":116,"f:405:8:405:Infinity":12,"s:408:4:408:Infinity":117,"s:409:34:409:Infinity":118,"s:410:4:688:Infinity":119,"s:411:6:411:Infinity":120,"s:412:21:412:Infinity":121,"s:414:9:416:Infinity":122,"b:414:9:414:Infinity:415:9:415:Infinity:416:8:416:Infinity":35,"s:417:29:422:Infinity":123,"b:418:9:418:Infinity:419:11:419:Infinity:420:11:420:Infinity:421:10:421:Infinity":36,"s:424:19:424:Infinity":124,"s:425:21:425:Infinity":125,"b:426:6:453:Infinity:undefined:undefined:undefined:undefined":37,"s:426:6:453:Infinity":126,"s:428:10:428:Infinity":127,"s:429:29:430:Infinity":128,"b:429:29:429:Infinity:430:10:430:Infinity":38,"b:431:8:441:Infinity:undefined:undefined:undefined:undefined":39,"s:431:8:441:Infinity":129,"s:432:10:440:Infinity":130,"s:433:12:436:Infinity":131,"s:438:12:438:Infinity":132,"s:439:12:439:Infinity":133,"s:443:11:444:Infinity":134,"b:443:11:443:Infinity:444:11:444:Infinity":40,"b:445:8:452:Infinity:undefined:undefined:undefined:undefined":41,"s:445:8:452:Infinity":135,"s:446:10:451:Infinity":136,"s:447:12:447:Infinity":137,"s:449:12:449:Infinity":138,"s:450:12:450:Infinity":139,"s:455:22:455:Infinity":140,"s:456:21:456:Infinity":141,"s:459:32:459:Infinity":142,"b:461:6:602:Infinity:502:6:602:Infinity":42,"s:461:6:602:Infinity":143,"b:462:8:462:Infinity:463:8:463:Infinity:464:8:464:Infinity":43,"s:466:8:501:Infinity":144,"s:467:21:467:Infinity":145,"b:467:28:467:51:467:51:467:64:467:64:467:70":44,"s:468:33:468:Infinity":146,"b:468:40:468:59:468:59:468:60":45,"s:469:31:469:Infinity":147,"b:469:38:469:57:469:57:469:62":46,"s:470:29:470:Infinity":148,"b:470:36:470:58:470:58:470:73:470:73:470:74":47,"s:471:27:471:Infinity":149,"b:471:34:471:50:471:50:471:71:471:71:471:73":48,"s:472:30:474:Infinity":150,"b:473:12:473:31:473:31:473:55:473:55:473:Infinity":49,"s:475:32:477:Infinity":151,"b:476:12:476:40:476:40:476:65:476:65:476:Infinity":50,"s:479:27:479:Infinity":152,"s:480:24:480:Infinity":153,"s:481:27:485:Infinity":154,"s:488:10:496:Infinity":155,"s:498:10:498:Infinity":156,"s:499:10:499:Infinity":157,"b:502:6:602:Infinity:591:6:602:Infinity":51,"s:502:6:602:Infinity":158,"s:503:8:590:Infinity":159,"s:504:23:506:Infinity":160,"b:505:15:505:Infinity:506:14:506:Infinity":52,"s:507:27:510:Infinity":161,"f:508:12:508:13":13,"s:509:14:509:Infinity":162,"b:509:21:509:34:509:34:509:44:509:44:509:50":53,"s:511:27:514:Infinity":163,"f:512:12:512:13":14,"s:513:14:513:Infinity":164,"b:513:21:513:34:513:34:513:44:513:44:513:50":54,"b:515:10:517:Infinity:undefined:undefined:undefined:undefined":55,"s:515:10:517:Infinity":165,"b:515:14:515:27:515:27:515:38":56,"s:516:12:516:Infinity":166,"s:519:31:521:Infinity":167,"b:520:12:520:32:520:32:520:53:520:53:520:74:520:74:520:Infinity":57,"s:522:33:524:Infinity":168,"b:523:12:523:33:523:33:523:54:523:54:523:Infinity":58,"b:525:10:527:Infinity:undefined:undefined:undefined:undefined":59,"s:525:10:527:Infinity":169,"s:526:12:526:Infinity":170,"s:528:28:528:Infinity":171,"b:528:35:528:52:528:52:528:53":60,"s:530:12:532:Infinity":172,"b:531:16:531:Infinity:532:16:532:Infinity":61,"b:530:19:530:36:530:36:530:41":62,"s:533:24:545:Infinity":173,"b:535:14:535:Infinity:536:16:536:Infinity:537:16:537:Infinity:538:16:538:Infinity:539:16:539:Infinity:540:16:540:Infinity:541:16:541:Infinity":63,"s:546:22:550:Infinity":174,"b:547:19:547:39:547:39:547:60:547:60:547:62":64,"s:551:32:558:Infinity":175,"b:552:12:552:Infinity:553:14:553:Infinity:554:14:554:Infinity:555:14:555:Infinity:556:14:556:Infinity:557:14:557:Infinity":65,"s:559:31:566:Infinity":176,"b:560:12:560:Infinity:561:14:561:Infinity:562:14:562:Infinity:563:14:563:Infinity:564:14:564:Infinity:565:14:565:Infinity":66,"s:568:27:568:Infinity":177,"s:569:10:585:Infinity":178,"s:587:10:587:Infinity":179,"s:588:10:588:Infinity":180,"b:591:6:602:Infinity:undefined:undefined:undefined:undefined":67,"s:591:6:602:Infinity":181,"s:593:22:593:Infinity":182,"b:594:8:601:Infinity:undefined:undefined:undefined:undefined":68,"s:594:8:601:Infinity":183,"s:595:10:600:Infinity":184,"s:596:12:596:Infinity":185,"s:598:12:598:Infinity":186,"s:599:12:599:Infinity":187,"b:604:6:606:Infinity:undefined:undefined:undefined:undefined":69,"s:604:6:606:Infinity":188,"s:605:8:605:Infinity":189,"b:608:6:612:Infinity:undefined:undefined:undefined:undefined":70,"s:608:6:612:Infinity":190,"s:609:8:611:Infinity":191,"s:614:31:614:Infinity":192,"s:619:8:621:Infinity":193,"b:620:12:620:Infinity:621:12:621:Infinity":71,"s:622:20:622:Infinity":194,"s:624:8:627:Infinity":195,"s:628:19:632:Infinity":196,"s:634:8:649:Infinity":197,"b:636:12:642:Infinity:643:12:649:Infinity":72,"b:634:8:634:Infinity:635:8:635:Infinity":73,"s:652:10:658:Infinity":198,"b:652:10:658:26:658:26:658:Infinity":74,"s:660:8:660:Infinity":199,"b:660:45:660:73:660:73:660:Infinity":75,"s:662:6:679:Infinity":200,"b:665:41:665:56:665:56:665:Infinity":76,"b:667:20:667:38:667:38:670:Infinity":77,"b:672:42:672:56:672:56:672:Infinity":78,"b:675:14:676:Infinity:677:12:677:Infinity":79,"b:675:14:676:28:676:28:676:Infinity":80,"s:681:6:687:Infinity":201,"b:684:41:684:56:684:56:684:Infinity":81,"b:685:42:685:56:685:56:685:Infinity":82,"f:691:8:691:Infinity":15,"s:694:34:694:Infinity":202,"s:695:4:897:Infinity":203,"s:696:6:696:Infinity":204,"s:697:20:697:Infinity":205,"s:699:22:712:Infinity":206,"s:714:22:714:Infinity":207,"b:714:22:714:51:714:51:714:Infinity":83,"s:715:23:715:Infinity":208,"b:715:23:715:48:715:48:715:Infinity":84,"s:718:20:718:Infinity":209,"s:719:23:723:Infinity":210,"s:726:25:730:Infinity":211,"s:733:33:733:Infinity":212,"b:734:6:746:Infinity:undefined:undefined:undefined:undefined":85,"s:734:6:746:Infinity":213,"s:735:28:735:Infinity":214,"b:736:8:740:Infinity:undefined:undefined:undefined:undefined":86,"s:736:8:740:Infinity":215,"s:737:10:739:Infinity":216,"b:741:8:745:Infinity:undefined:undefined:undefined:undefined":87,"s:741:8:745:Infinity":217,"s:742:10:744:Infinity":218,"s:750:36:750:Infinity":219,"s:751:6:793:Infinity":220,"b:751:26:751:45:751:45:751:49":88,"s:752:26:752:Infinity":221,"b:752:37:752:51:752:51:752:54":89,"s:753:25:753:Infinity":222,"b:753:25:753:40:753:40:753:Infinity":90,"s:754:28:754:Infinity":223,"s:757:29:757:Infinity":224,"s:760:27:760:Infinity":225,"b:760:27:760:62:760:62:760:Infinity":91,"s:761:8:792:Infinity":226,"b:762:10:787:Infinity:773:17:787:Infinity":92,"s:762:10:787:Infinity":227,"b:763:12:763:Infinity:764:12:764:Infinity:765:12:765:Infinity":93,"s:767:12:769:Infinity":228,"s:770:12:772:Infinity":229,"s:775:12:785:Infinity":230,"s:786:12:786:Infinity":231,"s:789:10:791:Infinity":232,"s:795:6:795:Infinity":233,"b:797:6:806:Infinity:undefined:undefined:undefined:undefined":94,"s:797:6:806:Infinity":234,"s:798:8:798:Infinity":235,"s:799:8:805:Infinity":236,"s:809:21:809:Infinity":237,"s:810:21:813:Infinity":238,"s:816:30:816:Infinity":239,"s:821:21:821:Infinity":240,"s:828:6:830:Infinity":241,"b:829:40:829:54:829:54:829:62":95,"s:831:6:831:Infinity":242,"s:832:6:832:Infinity":243,"b:833:6:835:Infinity:undefined:undefined:undefined:undefined":96,"s:833:6:835:Infinity":244,"s:834:8:834:Infinity":245,"s:838:12:840:Infinity":246,"b:838:31:838:50:838:50:838:54":97,"f:838:58:838:59":16,"s:839:8:839:Infinity":247,"s:841:28:841:Infinity":248,"s:844:6:850:Infinity":249,"b:844:26:844:45:844:45:844:49":98,"s:845:22:845:Infinity":250,"s:846:31:846:Infinity":251,"s:847:8:849:Infinity":252,"s:853:24:853:Infinity":253,"s:854:29:856:Infinity":254,"f:855:8:855:9":17,"s:855:15:855:Infinity":255,"s:858:21:865:Infinity":256,"f:858:40:858:41":18,"s:859:22:859:Infinity":257,"s:860:25:860:Infinity":258,"s:861:8:864:Infinity":259,"s:867:6:872:Infinity":260,"b:868:17:868:39:868:39:868:Infinity":99,"s:874:6:874:Infinity":261,"s:875:6:875:Infinity":262,"s:877:22:880:Infinity":263,"s:881:22:881:Infinity":264,"b:881:22:881:51:881:51:881:Infinity":100,"s:883:8:886:Infinity":265,"b:883:8:886:15:886:15:886:Infinity":101,"f:883:29:883:30":19,"s:883:42:886:10":266,"b:884:17:884:28:884:28:884:Infinity":102,"b:885:16:885:26:885:26:885:Infinity":103,"s:887:6:896:Infinity":267,"f:900:8:900:Infinity":20,"s:903:34:903:Infinity":268,"s:904:4:1127:Infinity":269,"s:905:6:905:Infinity":270,"s:906:20:906:Infinity":271,"s:908:22:923:Infinity":272,"s:925:22:925:Infinity":273,"b:925:22:925:51:925:51:925:Infinity":104,"s:926:30:926:Infinity":274,"b:926:30:926:68:926:68:926:Infinity":105,"s:927:25:927:Infinity":275,"b:927:25:927:57:927:57:927:Infinity":106,"s:928:23:928:Infinity":276,"b:928:23:928:48:928:48:928:Infinity":107,"s:931:20:931:Infinity":277,"s:932:23:936:Infinity":278,"s:939:25:945:Infinity":279,"s:948:33:948:Infinity":280,"b:949:6:961:Infinity:undefined:undefined:undefined:undefined":108,"s:949:6:961:Infinity":281,"s:950:28:950:Infinity":282,"b:951:8:955:Infinity:undefined:undefined:undefined:undefined":109,"s:951:8:955:Infinity":283,"s:952:10:954:Infinity":284,"b:956:8:960:Infinity:undefined:undefined:undefined:undefined":110,"s:956:8:960:Infinity":285,"s:957:10:959:Infinity":286,"s:965:36:965:Infinity":287,"s:966:6:993:Infinity":288,"b:966:26:966:45:966:45:966:49":111,"s:967:26:967:Infinity":289,"b:967:37:967:51:967:51:967:54":112,"s:968:25:968:Infinity":290,"b:968:25:968:40:968:40:968:Infinity":113,"s:969:28:969:Infinity":291,"s:972:29:972:Infinity":292,"s:975:8:992:Infinity":293,"s:976:10:986:Infinity":294,"s:987:10:987:Infinity":295,"s:989:10:991:Infinity":296,"s:995:6:995:Infinity":297,"b:997:6:1006:Infinity:undefined:undefined:undefined:undefined":114,"s:997:6:1006:Infinity":298,"s:998:8:998:Infinity":299,"s:999:8:1005:Infinity":300,"s:1010:21:1010:Infinity":301,"b:1011:6:1026:Infinity:undefined:undefined:undefined:undefined":115,"s:1011:6:1026:Infinity":302,"s:1012:8:1014:Infinity":303,"s:1015:8:1025:Infinity":304,"s:1029:21:1032:Infinity":305,"s:1035:30:1035:Infinity":306,"s:1039:21:1039:Infinity":307,"s:1046:6:1048:Infinity":308,"b:1047:40:1047:54:1047:54:1047:62":116,"s:1049:6:1049:Infinity":309,"s:1050:6:1050:Infinity":310,"b:1051:6:1053:Infinity:undefined:undefined:undefined:undefined":117,"s:1051:6:1053:Infinity":311,"s:1052:8:1052:Infinity":312,"s:1056:12:1058:Infinity":313,"b:1056:31:1056:50:1056:50:1056:54":118,"f:1056:58:1056:59":21,"s:1057:8:1057:Infinity":314,"s:1059:28:1059:Infinity":315,"s:1062:6:1068:Infinity":316,"b:1062:26:1062:45:1062:45:1062:49":119,"s:1063:22:1063:Infinity":317,"s:1064:31:1064:Infinity":318,"s:1065:8:1067:Infinity":319,"s:1071:24:1083:Infinity":320,"s:1084:29:1086:Infinity":321,"f:1085:8:1085:9":22,"s:1085:15:1085:Infinity":322,"s:1088:21:1095:Infinity":323,"f:1088:40:1088:41":23,"s:1089:22:1089:Infinity":324,"s:1090:24:1090:Infinity":325,"s:1091:8:1094:Infinity":326,"s:1097:6:1102:Infinity":327,"b:1098:17:1098:39:1098:39:1098:Infinity":120,"s:1104:6:1104:Infinity":328,"s:1105:6:1105:Infinity":329,"s:1107:22:1110:Infinity":330,"s:1111:22:1111:Infinity":331,"b:1111:22:1111:51:1111:51:1111:Infinity":121,"s:1113:8:1116:Infinity":332,"b:1113:8:1116:15:1116:15:1116:Infinity":122,"f:1113:29:1113:30":24,"s:1113:42:1116:10":333,"b:1114:17:1114:28:1114:28:1114:Infinity":123,"b:1115:16:1115:26:1115:26:1115:Infinity":124,"s:1117:6:1126:Infinity":334,"s:1134:24:1139:Infinity":335,"s:1141:0:1141:Infinity":336}}}
,"/Users/joneickmeier/projects/rfin/finstack-ui/src/workers/pool.ts": {"path":"/Users/joneickmeier/projects/rfin/finstack-ui/src/workers/pool.ts","statementMap":{"0":{"start":{"line":4,"column":69},"end":{"line":4,"column":null}},"1":{"start":{"line":5,"column":31},"end":{"line":5,"column":null}},"2":{"start":{"line":8,"column":2},"end":{"line":10,"column":null}},"3":{"start":{"line":11,"column":2},"end":{"line":11,"column":null}},"4":{"start":{"line":15,"column":2},"end":{"line":17,"column":null}},"5":{"start":{"line":16,"column":4},"end":{"line":16,"column":null}},"6":{"start":{"line":18,"column":2},"end":{"line":18,"column":null}},"7":{"start":{"line":22,"column":2},"end":{"line":22,"column":null}},"8":{"start":{"line":23,"column":2},"end":{"line":23,"column":null}},"9":{"start":{"line":24,"column":2},"end":{"line":24,"column":null}}},"fnMap":{"0":{"name":"createWorker","decl":{"start":{"line":7,"column":15},"end":{"line":7,"column":72}},"loc":{"start":{"line":7,"column":72},"end":{"line":12,"column":null}},"line":7},"1":{"name":"getEngineWorker","decl":{"start":{"line":14,"column":16},"end":{"line":14,"column":76}},"loc":{"start":{"line":14,"column":76},"end":{"line":19,"column":null}},"line":14},"2":{"name":"resetEngineWorker","decl":{"start":{"line":21,"column":16},"end":{"line":21,"column":36}},"loc":{"start":{"line":21,"column":36},"end":{"line":25,"column":null}},"line":21}},"branchMap":{"0":{"loc":{"start":{"line":15,"column":2},"end":{"line":17,"column":null}},"type":"if","locations":[{"start":{"line":15,"column":2},"end":{"line":17,"column":null}},{"start":{},"end":{}}],"line":15}},"s":{"0":5,"1":5,"2":0,"3":0,"4":0,"5":0,"6":0,"7":0,"8":0,"9":0},"f":{"0":0,"1":0,"2":0},"b":{"0":[0,0]},"meta":{"lastBranch":1,"lastFunction":3,"lastStatement":10,"seen":{"s:4:69:4:Infinity":0,"s:5:31:5:Infinity":1,"f:7:15:7:72":0,"s:8:2:10:Infinity":2,"s:11:2:11:Infinity":3,"f:14:16:14:76":1,"b:15:2:17:Infinity:undefined:undefined:undefined:undefined":0,"s:15:2:17:Infinity":4,"s:16:4:16:Infinity":5,"s:18:2:18:Infinity":6,"f:21:16:21:36":2,"s:22:2:22:Infinity":7,"s:23:2:23:Infinity":8,"s:24:2:24:Infinity":9}}}
}
