{"/Users/joneickmeier/projects/rfin/packages/finstack-ui/postcss.config.cjs": {"path":"/Users/joneickmeier/projects/rfin/packages/finstack-ui/postcss.config.cjs","all":true,"statementMap":{"0":{"start":{"line":1,"column":0},"end":{"line":1,"column":18}},"1":{"start":{"line":2,"column":0},"end":{"line":2,"column":12}},"2":{"start":{"line":3,"column":0},"end":{"line":3,"column":20}},"3":{"start":{"line":4,"column":0},"end":{"line":4,"column":21}},"4":{"start":{"line":5,"column":0},"end":{"line":5,"column":4}},"5":{"start":{"line":6,"column":0},"end":{"line":6,"column":2}}},"s":{"0":0,"1":0,"2":0,"3":0,"4":0,"5":0},"branchMap":{"0":{"type":"branch","line":1,"loc":{"start":{"line":1,"column":82},"end":{"line":6,"column":2}},"locations":[{"start":{"line":1,"column":82},"end":{"line":6,"column":2}}]}},"b":{"0":[0]},"fnMap":{"0":{"name":"(empty-report)","decl":{"start":{"line":1,"column":82},"end":{"line":6,"column":2}},"loc":{"start":{"line":1,"column":82},"end":{"line":6,"column":2}},"line":1}},"f":{"0":0}}
,"/Users/joneickmeier/projects/rfin/packages/finstack-ui/tailwind.config.cjs": {"path":"/Users/joneickmeier/projects/rfin/packages/finstack-ui/tailwind.config.cjs","all":true,"statementMap":{"0":{"start":{"line":1,"column":0},"end":{"line":1,"column":45}},"1":{"start":{"line":2,"column":0},"end":{"line":2,"column":0}},"2":{"start":{"line":3,"column":0},"end":{"line":3,"column":43}},"3":{"start":{"line":4,"column":0},"end":{"line":4,"column":18}},"4":{"start":{"line":5,"column":0},"end":{"line":5,"column":22}},"5":{"start":{"line":6,"column":0},"end":{"line":6,"column":51}},"6":{"start":{"line":7,"column":0},"end":{"line":7,"column":10}},"7":{"start":{"line":8,"column":0},"end":{"line":8,"column":16}},"8":{"start":{"line":9,"column":0},"end":{"line":9,"column":19}},"9":{"start":{"line":10,"column":0},"end":{"line":10,"column":22}},"10":{"start":{"line":11,"column":0},"end":{"line":11,"column":16}},"11":{"start":{"line":12,"column":0},"end":{"line":12,"column":24}},"12":{"start":{"line":13,"column":0},"end":{"line":13,"column":8}},"13":{"start":{"line":14,"column":0},"end":{"line":14,"column":6}},"14":{"start":{"line":15,"column":0},"end":{"line":15,"column":13}},"15":{"start":{"line":16,"column":0},"end":{"line":16,"column":15}},"16":{"start":{"line":17,"column":0},"end":{"line":17,"column":37}},"17":{"start":{"line":18,"column":0},"end":{"line":18,"column":35}},"18":{"start":{"line":19,"column":0},"end":{"line":19,"column":33}},"19":{"start":{"line":20,"column":0},"end":{"line":20,"column":45}},"20":{"start":{"line":21,"column":0},"end":{"line":21,"column":45}},"21":{"start":{"line":22,"column":0},"end":{"line":22,"column":18}},"22":{"start":{"line":23,"column":0},"end":{"line":23,"column":41}},"23":{"start":{"line":24,"column":0},"end":{"line":24,"column":55}},"24":{"start":{"line":25,"column":0},"end":{"line":25,"column":10}},"25":{"start":{"line":26,"column":0},"end":{"line":26,"column":20}},"26":{"start":{"line":27,"column":0},"end":{"line":27,"column":43}},"27":{"start":{"line":28,"column":0},"end":{"line":28,"column":57}},"28":{"start":{"line":29,"column":0},"end":{"line":29,"column":10}},"29":{"start":{"line":30,"column":0},"end":{"line":30,"column":22}},"30":{"start":{"line":31,"column":0},"end":{"line":31,"column":45}},"31":{"start":{"line":32,"column":0},"end":{"line":32,"column":59}},"32":{"start":{"line":33,"column":0},"end":{"line":33,"column":10}},"33":{"start":{"line":34,"column":0},"end":{"line":34,"column":16}},"34":{"start":{"line":35,"column":0},"end":{"line":35,"column":39}},"35":{"start":{"line":36,"column":0},"end":{"line":36,"column":53}},"36":{"start":{"line":37,"column":0},"end":{"line":37,"column":10}},"37":{"start":{"line":38,"column":0},"end":{"line":38,"column":17}},"38":{"start":{"line":39,"column":0},"end":{"line":39,"column":40}},"39":{"start":{"line":40,"column":0},"end":{"line":40,"column":54}},"40":{"start":{"line":41,"column":0},"end":{"line":41,"column":10}},"41":{"start":{"line":42,"column":0},"end":{"line":42,"column":18}},"42":{"start":{"line":43,"column":0},"end":{"line":43,"column":41}},"43":{"start":{"line":44,"column":0},"end":{"line":44,"column":55}},"44":{"start":{"line":45,"column":0},"end":{"line":45,"column":10}},"45":{"start":{"line":46,"column":0},"end":{"line":46,"column":15}},"46":{"start":{"line":47,"column":0},"end":{"line":47,"column":38}},"47":{"start":{"line":48,"column":0},"end":{"line":48,"column":52}},"48":{"start":{"line":49,"column":0},"end":{"line":49,"column":10}},"49":{"start":{"line":50,"column":0},"end":{"line":50,"column":8}},"50":{"start":{"line":51,"column":0},"end":{"line":51,"column":21}},"51":{"start":{"line":52,"column":0},"end":{"line":52,"column":28}},"52":{"start":{"line":53,"column":0},"end":{"line":53,"column":40}},"53":{"start":{"line":54,"column":0},"end":{"line":54,"column":40}},"54":{"start":{"line":55,"column":0},"end":{"line":55,"column":8}},"55":{"start":{"line":56,"column":0},"end":{"line":56,"column":18}},"56":{"start":{"line":57,"column":0},"end":{"line":57,"column":27}},"57":{"start":{"line":58,"column":0},"end":{"line":58,"column":30}},"58":{"start":{"line":59,"column":0},"end":{"line":59,"column":66}},"59":{"start":{"line":60,"column":0},"end":{"line":60,"column":10}},"60":{"start":{"line":61,"column":0},"end":{"line":61,"column":25}},"61":{"start":{"line":62,"column":0},"end":{"line":62,"column":68}},"62":{"start":{"line":63,"column":0},"end":{"line":63,"column":28}},"63":{"start":{"line":64,"column":0},"end":{"line":64,"column":10}},"64":{"start":{"line":65,"column":0},"end":{"line":65,"column":8}},"65":{"start":{"line":66,"column":0},"end":{"line":66,"column":18}},"66":{"start":{"line":67,"column":0},"end":{"line":67,"column":57}},"67":{"start":{"line":68,"column":0},"end":{"line":68,"column":53}},"68":{"start":{"line":69,"column":0},"end":{"line":69,"column":8}},"69":{"start":{"line":70,"column":0},"end":{"line":70,"column":6}},"70":{"start":{"line":71,"column":0},"end":{"line":71,"column":4}},"71":{"start":{"line":72,"column":0},"end":{"line":72,"column":12}},"72":{"start":{"line":73,"column":0},"end":{"line":73,"column":35}},"73":{"start":{"line":74,"column":0},"end":{"line":74,"column":38}},"74":{"start":{"line":75,"column":0},"end":{"line":75,"column":50}},"75":{"start":{"line":76,"column":0},"end":{"line":76,"column":7}},"76":{"start":{"line":77,"column":0},"end":{"line":77,"column":4}},"77":{"start":{"line":78,"column":0},"end":{"line":78,"column":2}}},"s":{"0":0,"1":0,"2":0,"3":0,"4":0,"5":0,"6":0,"7":0,"8":0,"9":0,"10":0,"11":0,"12":0,"13":0,"14":0,"15":0,"16":0,"17":0,"18":0,"19":0,"20":0,"21":0,"22":0,"23":0,"24":0,"25":0,"26":0,"27":0,"28":0,"29":0,"30":0,"31":0,"32":0,"33":0,"34":0,"35":0,"36":0,"37":0,"38":0,"39":0,"40":0,"41":0,"42":0,"43":0,"44":0,"45":0,"46":0,"47":0,"48":0,"49":0,"50":0,"51":0,"52":0,"53":0,"54":0,"55":0,"56":0,"57":0,"58":0,"59":0,"60":0,"61":0,"62":0,"63":0,"64":0,"65":0,"66":0,"67":0,"68":0,"69":0,"70":0,"71":0,"72":0,"73":0,"74":0,"75":0,"76":0,"77":0},"branchMap":{"0":{"type":"branch","line":1,"loc":{"start":{"line":1,"column":2197},"end":{"line":78,"column":2}},"locations":[{"start":{"line":1,"column":2197},"end":{"line":78,"column":2}}]}},"b":{"0":[0]},"fnMap":{"0":{"name":"(empty-report)","decl":{"start":{"line":1,"column":2197},"end":{"line":78,"column":2}},"loc":{"start":{"line":1,"column":2197},"end":{"line":78,"column":2}},"line":1}},"f":{"0":0}}
,"/Users/joneickmeier/projects/rfin/packages/finstack-ui/src/dev.tsx": {"path":"/Users/joneickmeier/projects/rfin/packages/finstack-ui/src/dev.tsx","all":true,"statementMap":{"0":{"start":{"line":1,"column":0},"end":{"line":1,"column":26}},"1":{"start":{"line":2,"column":0},"end":{"line":2,"column":46}},"2":{"start":{"line":3,"column":0},"end":{"line":3,"column":57}},"3":{"start":{"line":4,"column":0},"end":{"line":4,"column":83}},"4":{"start":{"line":5,"column":0},"end":{"line":5,"column":88}},"5":{"start":{"line":6,"column":0},"end":{"line":6,"column":97}},"6":{"start":{"line":7,"column":0},"end":{"line":7,"column":22}},"8":{"start":{"line":9,"column":0},"end":{"line":9,"column":15}},"9":{"start":{"line":10,"column":0},"end":{"line":10,"column":22}},"10":{"start":{"line":11,"column":0},"end":{"line":11,"column":22}},"11":{"start":{"line":12,"column":0},"end":{"line":12,"column":36}},"12":{"start":{"line":13,"column":0},"end":{"line":13,"column":11}},"14":{"start":{"line":15,"column":0},"end":{"line":15,"column":26}},"15":{"start":{"line":16,"column":0},"end":{"line":16,"column":61}},"16":{"start":{"line":17,"column":0},"end":{"line":17,"column":67}},"17":{"start":{"line":18,"column":0},"end":{"line":18,"column":34}},"18":{"start":{"line":19,"column":0},"end":{"line":19,"column":1}},"20":{"start":{"line":21,"column":0},"end":{"line":21,"column":58}},"21":{"start":{"line":22,"column":0},"end":{"line":22,"column":12}},"22":{"start":{"line":23,"column":0},"end":{"line":23,"column":20}},"23":{"start":{"line":24,"column":0},"end":{"line":24,"column":57}},"24":{"start":{"line":25,"column":0},"end":{"line":25,"column":22}},"25":{"start":{"line":26,"column":0},"end":{"line":26,"column":2}}},"s":{"0":0,"1":0,"2":0,"3":0,"4":0,"5":0,"6":0,"8":0,"9":0,"10":0,"11":0,"12":0,"14":0,"15":0,"16":0,"17":0,"18":0,"20":0,"21":0,"22":0,"23":0,"24":0,"25":0},"branchMap":{"0":{"type":"branch","line":1,"loc":{"start":{"line":1,"column":910},"end":{"line":26,"column":2}},"locations":[{"start":{"line":1,"column":910},"end":{"line":26,"column":2}}]}},"b":{"0":[0]},"fnMap":{"0":{"name":"(empty-report)","decl":{"start":{"line":1,"column":910},"end":{"line":26,"column":2}},"loc":{"start":{"line":1,"column":910},"end":{"line":26,"column":2}},"line":1}},"f":{"0":0}}
,"/Users/joneickmeier/projects/rfin/packages/finstack-ui/src/index.ts": {"path":"/Users/joneickmeier/projects/rfin/packages/finstack-ui/src/index.ts","all":true,"statementMap":{"0":{"start":{"line":1,"column":0},"end":{"line":1,"column":22}},"2":{"start":{"line":3,"column":0},"end":{"line":3,"column":54}},"3":{"start":{"line":4,"column":0},"end":{"line":4,"column":52}},"4":{"start":{"line":5,"column":0},"end":{"line":5,"column":55}},"5":{"start":{"line":6,"column":0},"end":{"line":6,"column":51}},"6":{"start":{"line":7,"column":0},"end":{"line":7,"column":51}},"7":{"start":{"line":8,"column":0},"end":{"line":8,"column":50}},"8":{"start":{"line":9,"column":0},"end":{"line":9,"column":58}},"9":{"start":{"line":10,"column":0},"end":{"line":10,"column":47}},"10":{"start":{"line":11,"column":0},"end":{"line":11,"column":53}},"11":{"start":{"line":12,"column":0},"end":{"line":12,"column":32}},"12":{"start":{"line":13,"column":0},"end":{"line":13,"column":36}},"13":{"start":{"line":14,"column":0},"end":{"line":14,"column":42}},"14":{"start":{"line":15,"column":0},"end":{"line":15,"column":37}},"15":{"start":{"line":16,"column":0},"end":{"line":16,"column":44}},"16":{"start":{"line":17,"column":0},"end":{"line":17,"column":36}},"17":{"start":{"line":18,"column":0},"end":{"line":18,"column":41}},"19":{"start":{"line":20,"column":0},"end":{"line":20,"column":33}},"20":{"start":{"line":21,"column":0},"end":{"line":21,"column":26}},"21":{"start":{"line":22,"column":0},"end":{"line":22,"column":25}}},"s":{"0":0,"2":0,"3":0,"4":0,"5":0,"6":0,"7":0,"8":0,"9":0,"10":0,"11":0,"12":0,"13":0,"14":0,"15":0,"16":0,"17":0,"19":0,"20":0,"21":0},"branchMap":{"0":{"type":"branch","line":1,"loc":{"start":{"line":1,"column":938},"end":{"line":22,"column":25}},"locations":[{"start":{"line":1,"column":938},"end":{"line":22,"column":25}}]}},"b":{"0":[0]},"fnMap":{"0":{"name":"(empty-report)","decl":{"start":{"line":1,"column":938},"end":{"line":22,"column":25}},"loc":{"start":{"line":1,"column":938},"end":{"line":22,"column":25}},"line":1}},"f":{"0":0}}
,"/Users/joneickmeier/projects/rfin/packages/finstack-ui/src/components/charts/CurveChart.tsx": {"path":"/Users/joneickmeier/projects/rfin/packages/finstack-ui/src/components/charts/CurveChart.tsx","all":false,"statementMap":{"0":{"start":{"line":1,"column":0},"end":{"line":1,"column":8}},"29":{"start":{"line":30,"column":0},"end":{"line":30,"column":28}},"30":{"start":{"line":31,"column":0},"end":{"line":31,"column":18}},"31":{"start":{"line":32,"column":0},"end":{"line":32,"column":9}},"32":{"start":{"line":33,"column":0},"end":{"line":33,"column":15}},"33":{"start":{"line":34,"column":0},"end":{"line":34,"column":18}},"34":{"start":{"line":35,"column":0},"end":{"line":35,"column":21}},"35":{"start":{"line":36,"column":0},"end":{"line":36,"column":42}},"36":{"start":{"line":37,"column":0},"end":{"line":37,"column":28}},"37":{"start":{"line":38,"column":0},"end":{"line":38,"column":17}},"38":{"start":{"line":39,"column":0},"end":{"line":39,"column":32}},"39":{"start":{"line":40,"column":0},"end":{"line":40,"column":34}},"40":{"start":{"line":41,"column":0},"end":{"line":41,"column":21}},"41":{"start":{"line":42,"column":0},"end":{"line":42,"column":32}},"42":{"start":{"line":43,"column":0},"end":{"line":43,"column":8}},"43":{"start":{"line":44,"column":0},"end":{"line":44,"column":6}},"45":{"start":{"line":46,"column":0},"end":{"line":46,"column":74}},"46":{"start":{"line":47,"column":0},"end":{"line":47,"column":36}},"47":{"start":{"line":48,"column":0},"end":{"line":48,"column":33}},"48":{"start":{"line":49,"column":0},"end":{"line":49,"column":53}},"49":{"start":{"line":50,"column":0},"end":{"line":50,"column":7}},"50":{"start":{"line":51,"column":0},"end":{"line":51,"column":16}},"51":{"start":{"line":52,"column":0},"end":{"line":52,"column":9}},"53":{"start":{"line":54,"column":0},"end":{"line":54,"column":10}},"54":{"start":{"line":55,"column":0},"end":{"line":55,"column":57}},"55":{"start":{"line":56,"column":0},"end":{"line":56,"column":60}},"56":{"start":{"line":57,"column":0},"end":{"line":57,"column":58}},"57":{"start":{"line":58,"column":0},"end":{"line":58,"column":15}},"58":{"start":{"line":59,"column":0},"end":{"line":59,"column":79}},"59":{"start":{"line":60,"column":0},"end":{"line":60,"column":29}},"60":{"start":{"line":61,"column":0},"end":{"line":61,"column":33}},"61":{"start":{"line":62,"column":0},"end":{"line":62,"column":51}},"62":{"start":{"line":63,"column":0},"end":{"line":63,"column":37}},"63":{"start":{"line":64,"column":0},"end":{"line":64,"column":18}},"64":{"start":{"line":65,"column":0},"end":{"line":65,"column":75}},"65":{"start":{"line":66,"column":0},"end":{"line":66,"column":14}},"66":{"start":{"line":67,"column":0},"end":{"line":67,"column":23}},"67":{"start":{"line":68,"column":0},"end":{"line":68,"column":22}},"68":{"start":{"line":69,"column":0},"end":{"line":69,"column":36}},"69":{"start":{"line":70,"column":0},"end":{"line":70,"column":19}},"70":{"start":{"line":71,"column":0},"end":{"line":71,"column":30}},"71":{"start":{"line":72,"column":0},"end":{"line":72,"column":31}},"72":{"start":{"line":73,"column":0},"end":{"line":73,"column":35}},"73":{"start":{"line":74,"column":0},"end":{"line":74,"column":36}},"74":{"start":{"line":75,"column":0},"end":{"line":75,"column":27}},"75":{"start":{"line":76,"column":0},"end":{"line":76,"column":16}},"76":{"start":{"line":77,"column":0},"end":{"line":77,"column":15}},"77":{"start":{"line":78,"column":0},"end":{"line":78,"column":22}},"78":{"start":{"line":79,"column":0},"end":{"line":79,"column":30}},"79":{"start":{"line":80,"column":0},"end":{"line":80,"column":12}},"80":{"start":{"line":81,"column":0},"end":{"line":81,"column":10}},"82":{"start":{"line":83,"column":0},"end":{"line":83,"column":1}}},"s":{"0":1,"29":1,"30":3,"31":3,"32":3,"33":3,"34":3,"35":3,"36":3,"37":3,"38":3,"39":3,"40":8,"41":8,"42":3,"43":3,"45":3,"46":3,"47":8,"48":8,"49":3,"50":3,"51":3,"53":3,"54":3,"55":3,"56":3,"57":3,"58":3,"59":3,"60":3,"61":3,"62":3,"63":3,"64":3,"65":3,"66":3,"67":3,"68":3,"69":3,"70":3,"71":3,"72":3,"73":3,"74":3,"75":3,"76":3,"77":3,"78":3,"79":3,"80":3,"82":3},"branchMap":{"0":{"type":"branch","line":30,"loc":{"start":{"line":30,"column":7},"end":{"line":83,"column":1}},"locations":[{"start":{"line":30,"column":7},"end":{"line":83,"column":1}}]},"1":{"type":"branch","line":36,"loc":{"start":{"line":36,"column":28},"end":{"line":44,"column":4}},"locations":[{"start":{"line":36,"column":28},"end":{"line":44,"column":4}}]},"2":{"type":"branch","line":40,"loc":{"start":{"line":40,"column":25},"end":{"line":43,"column":6}},"locations":[{"start":{"line":40,"column":25},"end":{"line":43,"column":6}}]},"3":{"type":"branch","line":46,"loc":{"start":{"line":46,"column":56},"end":{"line":52,"column":5}},"locations":[{"start":{"line":46,"column":56},"end":{"line":52,"column":5}}]},"4":{"type":"branch","line":47,"loc":{"start":{"line":47,"column":25},"end":{"line":50,"column":5}},"locations":[{"start":{"line":47,"column":25},"end":{"line":50,"column":5}}]},"5":{"type":"branch","line":69,"loc":{"start":{"line":69,"column":24},"end":{"line":76,"column":16}},"locations":[{"start":{"line":69,"column":24},"end":{"line":76,"column":16}}]}},"b":{"0":[3],"1":[3],"2":[8],"3":[3],"4":[8],"5":[3]},"fnMap":{"0":{"name":"CurveChart","decl":{"start":{"line":30,"column":7},"end":{"line":83,"column":1}},"loc":{"start":{"line":30,"column":7},"end":{"line":83,"column":1}},"line":30}},"f":{"0":3}}
,"/Users/joneickmeier/projects/rfin/packages/finstack-ui/src/components/charts/index.ts": {"path":"/Users/joneickmeier/projects/rfin/packages/finstack-ui/src/components/charts/index.ts","all":false,"statementMap":{"0":{"start":{"line":1,"column":0},"end":{"line":1,"column":29}}},"s":{"0":1},"branchMap":{},"b":{},"fnMap":{},"f":{}}
,"/Users/joneickmeier/projects/rfin/packages/finstack-ui/src/components/genui/GenericInstrumentPanel.tsx": {"path":"/Users/joneickmeier/projects/rfin/packages/finstack-ui/src/components/genui/GenericInstrumentPanel.tsx","all":false,"statementMap":{"0":{"start":{"line":1,"column":0},"end":{"line":1,"column":54}},"52":{"start":{"line":53,"column":0},"end":{"line":53,"column":49}},"53":{"start":{"line":54,"column":0},"end":{"line":54,"column":8}},"54":{"start":{"line":55,"column":0},"end":{"line":55,"column":14}},"55":{"start":{"line":56,"column":0},"end":{"line":56,"column":9}},"56":{"start":{"line":57,"column":0},"end":{"line":57,"column":16}},"57":{"start":{"line":58,"column":0},"end":{"line":58,"column":11}},"58":{"start":{"line":59,"column":0},"end":{"line":59,"column":11}},"59":{"start":{"line":60,"column":0},"end":{"line":60,"column":10}},"60":{"start":{"line":61,"column":0},"end":{"line":61,"column":13}},"61":{"start":{"line":62,"column":0},"end":{"line":62,"column":12}},"62":{"start":{"line":63,"column":0},"end":{"line":63,"column":10}},"63":{"start":{"line":64,"column":0},"end":{"line":64,"column":24}},"64":{"start":{"line":65,"column":0},"end":{"line":65,"column":42}},"65":{"start":{"line":66,"column":0},"end":{"line":66,"column":33}},"66":{"start":{"line":67,"column":0},"end":{"line":67,"column":34}},"67":{"start":{"line":68,"column":0},"end":{"line":68,"column":19}},"68":{"start":{"line":69,"column":0},"end":{"line":69,"column":18}},"69":{"start":{"line":70,"column":0},"end":{"line":70,"column":5}},"71":{"start":{"line":72,"column":0},"end":{"line":72,"column":23}},"72":{"start":{"line":73,"column":0},"end":{"line":73,"column":36}},"73":{"start":{"line":74,"column":0},"end":{"line":74,"column":19}},"74":{"start":{"line":75,"column":0},"end":{"line":75,"column":37}},"75":{"start":{"line":76,"column":0},"end":{"line":76,"column":8}},"76":{"start":{"line":77,"column":0},"end":{"line":77,"column":25}},"77":{"start":{"line":78,"column":0},"end":{"line":78,"column":19}},"78":{"start":{"line":79,"column":0},"end":{"line":79,"column":16}},"79":{"start":{"line":80,"column":0},"end":{"line":80,"column":22}},"80":{"start":{"line":81,"column":0},"end":{"line":81,"column":39}},"81":{"start":{"line":82,"column":0},"end":{"line":82,"column":49}},"82":{"start":{"line":83,"column":0},"end":{"line":83,"column":43}},"83":{"start":{"line":84,"column":0},"end":{"line":84,"column":12}},"85":{"start":{"line":86,"column":0},"end":{"line":86,"column":22}},"86":{"start":{"line":87,"column":0},"end":{"line":87,"column":16}},"87":{"start":{"line":88,"column":0},"end":{"line":88,"column":25}},"88":{"start":{"line":89,"column":0},"end":{"line":89,"column":46}},"89":{"start":{"line":90,"column":0},"end":{"line":90,"column":41}},"90":{"start":{"line":91,"column":0},"end":{"line":91,"column":12}},"92":{"start":{"line":93,"column":0},"end":{"line":93,"column":18}},"93":{"start":{"line":94,"column":0},"end":{"line":94,"column":16}},"94":{"start":{"line":95,"column":0},"end":{"line":95,"column":20}},"95":{"start":{"line":96,"column":0},"end":{"line":96,"column":57}},"96":{"start":{"line":97,"column":0},"end":{"line":97,"column":41}},"97":{"start":{"line":98,"column":0},"end":{"line":98,"column":43}},"98":{"start":{"line":99,"column":0},"end":{"line":99,"column":12}},"100":{"start":{"line":101,"column":0},"end":{"line":101,"column":19}},"101":{"start":{"line":102,"column":0},"end":{"line":102,"column":16}},"102":{"start":{"line":103,"column":0},"end":{"line":103,"column":21}},"103":{"start":{"line":104,"column":0},"end":{"line":104,"column":43}},"104":{"start":{"line":105,"column":0},"end":{"line":105,"column":41}},"105":{"start":{"line":106,"column":0},"end":{"line":106,"column":43}},"106":{"start":{"line":107,"column":0},"end":{"line":107,"column":12}},"108":{"start":{"line":109,"column":0},"end":{"line":109,"column":18}},"109":{"start":{"line":110,"column":0},"end":{"line":110,"column":16}},"110":{"start":{"line":111,"column":0},"end":{"line":111,"column":21}},"111":{"start":{"line":112,"column":0},"end":{"line":112,"column":43}},"112":{"start":{"line":113,"column":0},"end":{"line":113,"column":41}},"113":{"start":{"line":114,"column":0},"end":{"line":114,"column":43}},"114":{"start":{"line":115,"column":0},"end":{"line":115,"column":12}},"116":{"start":{"line":117,"column":0},"end":{"line":117,"column":18}},"117":{"start":{"line":118,"column":0},"end":{"line":118,"column":21}},"118":{"start":{"line":119,"column":0},"end":{"line":119,"column":16}},"119":{"start":{"line":120,"column":0},"end":{"line":120,"column":17}},"120":{"start":{"line":121,"column":0},"end":{"line":121,"column":63}},"121":{"start":{"line":122,"column":0},"end":{"line":122,"column":43}},"122":{"start":{"line":123,"column":0},"end":{"line":123,"column":54}},"124":{"start":{"line":125,"column":0},"end":{"line":125,"column":47}},"125":{"start":{"line":126,"column":0},"end":{"line":126,"column":42}},"126":{"start":{"line":127,"column":0},"end":{"line":127,"column":56}},"127":{"start":{"line":128,"column":0},"end":{"line":128,"column":27}},"128":{"start":{"line":129,"column":0},"end":{"line":129,"column":23}},"129":{"start":{"line":130,"column":0},"end":{"line":130,"column":15}},"130":{"start":{"line":131,"column":0},"end":{"line":131,"column":19}},"132":{"start":{"line":133,"column":0},"end":{"line":133,"column":20}},"133":{"start":{"line":134,"column":0},"end":{"line":134,"column":16}},"134":{"start":{"line":135,"column":0},"end":{"line":135,"column":16}},"135":{"start":{"line":136,"column":0},"end":{"line":136,"column":25}},"136":{"start":{"line":137,"column":0},"end":{"line":137,"column":60}},"137":{"start":{"line":138,"column":0},"end":{"line":138,"column":62}},"138":{"start":{"line":139,"column":0},"end":{"line":139,"column":43}},"139":{"start":{"line":140,"column":0},"end":{"line":140,"column":12}},"141":{"start":{"line":142,"column":0},"end":{"line":142,"column":18}},"142":{"start":{"line":143,"column":0},"end":{"line":143,"column":14}},"143":{"start":{"line":144,"column":0},"end":{"line":144,"column":16}},"144":{"start":{"line":145,"column":0},"end":{"line":145,"column":16}},"145":{"start":{"line":146,"column":0},"end":{"line":146,"column":23}},"146":{"start":{"line":147,"column":0},"end":{"line":147,"column":43}},"147":{"start":{"line":148,"column":0},"end":{"line":148,"column":54}},"148":{"start":{"line":149,"column":0},"end":{"line":149,"column":43}},"149":{"start":{"line":150,"column":0},"end":{"line":150,"column":12}},"151":{"start":{"line":152,"column":0},"end":{"line":152,"column":5}},"152":{"start":{"line":153,"column":0},"end":{"line":153,"column":4}},"154":{"start":{"line":155,"column":0},"end":{"line":155,"column":10}},"155":{"start":{"line":156,"column":0},"end":{"line":156,"column":80}},"156":{"start":{"line":157,"column":0},"end":{"line":157,"column":36}},"157":{"start":{"line":158,"column":0},"end":{"line":158,"column":58}},"158":{"start":{"line":159,"column":0},"end":{"line":159,"column":24}},"159":{"start":{"line":160,"column":0},"end":{"line":160,"column":72}},"160":{"start":{"line":161,"column":0},"end":{"line":161,"column":17}},"161":{"start":{"line":162,"column":0},"end":{"line":162,"column":15}},"163":{"start":{"line":164,"column":0},"end":{"line":164,"column":11}},"164":{"start":{"line":165,"column":0},"end":{"line":165,"column":46}},"165":{"start":{"line":166,"column":0},"end":{"line":166,"column":51}},"167":{"start":{"line":168,"column":0},"end":{"line":168,"column":51}},"168":{"start":{"line":169,"column":0},"end":{"line":169,"column":38}},"169":{"start":{"line":170,"column":0},"end":{"line":170,"column":21}},"170":{"start":{"line":171,"column":0},"end":{"line":171,"column":33}},"171":{"start":{"line":172,"column":0},"end":{"line":172,"column":57}},"173":{"start":{"line":174,"column":0},"end":{"line":174,"column":61}},"174":{"start":{"line":175,"column":0},"end":{"line":175,"column":31}},"175":{"start":{"line":176,"column":0},"end":{"line":176,"column":23}},"176":{"start":{"line":177,"column":0},"end":{"line":177,"column":46}},"177":{"start":{"line":178,"column":0},"end":{"line":178,"column":27}},"178":{"start":{"line":179,"column":0},"end":{"line":179,"column":34}},"179":{"start":{"line":180,"column":0},"end":{"line":180,"column":52}},"180":{"start":{"line":181,"column":0},"end":{"line":181,"column":40}},"181":{"start":{"line":182,"column":0},"end":{"line":182,"column":60}},"182":{"start":{"line":183,"column":0},"end":{"line":183,"column":47}},"183":{"start":{"line":184,"column":0},"end":{"line":184,"column":61}},"184":{"start":{"line":185,"column":0},"end":{"line":185,"column":37}},"185":{"start":{"line":186,"column":0},"end":{"line":186,"column":30}},"186":{"start":{"line":187,"column":0},"end":{"line":187,"column":69}},"187":{"start":{"line":188,"column":0},"end":{"line":188,"column":43}},"188":{"start":{"line":189,"column":0},"end":{"line":189,"column":69}},"189":{"start":{"line":190,"column":0},"end":{"line":190,"column":44}},"190":{"start":{"line":191,"column":0},"end":{"line":191,"column":28}},"191":{"start":{"line":192,"column":0},"end":{"line":192,"column":31}},"192":{"start":{"line":193,"column":0},"end":{"line":193,"column":43}},"193":{"start":{"line":194,"column":0},"end":{"line":194,"column":60}},"194":{"start":{"line":195,"column":0},"end":{"line":195,"column":52}},"195":{"start":{"line":196,"column":0},"end":{"line":196,"column":28}},"196":{"start":{"line":197,"column":0},"end":{"line":197,"column":31}},"197":{"start":{"line":198,"column":0},"end":{"line":198,"column":26}},"199":{"start":{"line":200,"column":0},"end":{"line":200,"column":18}},"200":{"start":{"line":201,"column":0},"end":{"line":201,"column":17}},"201":{"start":{"line":202,"column":0},"end":{"line":202,"column":23}},"202":{"start":{"line":203,"column":0},"end":{"line":203,"column":13}},"203":{"start":{"line":204,"column":0},"end":{"line":204,"column":14}},"205":{"start":{"line":206,"column":0},"end":{"line":206,"column":49}},"206":{"start":{"line":207,"column":0},"end":{"line":207,"column":71}},"207":{"start":{"line":208,"column":0},"end":{"line":208,"column":25}},"208":{"start":{"line":209,"column":0},"end":{"line":209,"column":19}},"209":{"start":{"line":210,"column":0},"end":{"line":210,"column":19}},"210":{"start":{"line":211,"column":0},"end":{"line":211,"column":14}},"211":{"start":{"line":212,"column":0},"end":{"line":212,"column":13}},"213":{"start":{"line":214,"column":0},"end":{"line":214,"column":21}},"214":{"start":{"line":215,"column":0},"end":{"line":215,"column":77}},"215":{"start":{"line":216,"column":0},"end":{"line":216,"column":69}},"216":{"start":{"line":217,"column":0},"end":{"line":217,"column":22}},"217":{"start":{"line":218,"column":0},"end":{"line":218,"column":18}},"218":{"start":{"line":219,"column":0},"end":{"line":219,"column":15}},"220":{"start":{"line":221,"column":0},"end":{"line":221,"column":18}},"221":{"start":{"line":222,"column":0},"end":{"line":222,"column":73}},"222":{"start":{"line":223,"column":0},"end":{"line":223,"column":65}},"223":{"start":{"line":224,"column":0},"end":{"line":224,"column":19}},"224":{"start":{"line":225,"column":0},"end":{"line":225,"column":18}},"225":{"start":{"line":226,"column":0},"end":{"line":226,"column":15}},"227":{"start":{"line":228,"column":0},"end":{"line":228,"column":20}},"228":{"start":{"line":229,"column":0},"end":{"line":229,"column":75}},"229":{"start":{"line":230,"column":0},"end":{"line":230,"column":67}},"230":{"start":{"line":231,"column":0},"end":{"line":231,"column":21}},"231":{"start":{"line":232,"column":0},"end":{"line":232,"column":18}},"232":{"start":{"line":233,"column":0},"end":{"line":233,"column":15}},"233":{"start":{"line":234,"column":0},"end":{"line":234,"column":10}},"235":{"start":{"line":236,"column":0},"end":{"line":236,"column":1}}},"s":{"0":1,"52":1,"53":4,"54":4,"55":4,"56":4,"57":4,"58":4,"59":4,"60":4,"61":4,"62":4,"63":4,"64":4,"65":4,"66":4,"67":4,"68":4,"69":4,"71":4,"72":32,"73":32,"74":32,"75":32,"76":32,"77":32,"78":4,"79":4,"80":4,"81":4,"82":4,"83":4,"85":32,"86":4,"87":4,"88":4,"89":4,"90":4,"92":32,"93":4,"94":4,"95":4,"96":4,"97":4,"98":4,"100":32,"101":0,"102":0,"103":0,"104":0,"105":0,"106":0,"108":32,"109":8,"110":8,"111":8,"112":8,"113":8,"114":8,"116":32,"117":32,"118":0,"119":0,"120":0,"121":0,"122":0,"124":0,"125":0,"126":0,"127":0,"128":0,"129":0,"130":0,"132":32,"133":0,"134":0,"135":0,"136":0,"137":0,"138":0,"139":0,"141":32,"142":32,"143":12,"144":12,"145":12,"146":12,"147":12,"148":12,"149":12,"151":32,"152":32,"154":4,"155":4,"156":4,"157":4,"158":4,"159":4,"160":0,"161":4,"163":4,"164":4,"165":4,"167":4,"168":4,"169":8,"170":8,"171":8,"173":8,"174":8,"175":8,"176":8,"177":32,"178":32,"179":32,"180":32,"181":32,"182":32,"183":32,"184":32,"185":32,"186":32,"187":32,"188":0,"189":0,"190":0,"191":32,"192":32,"193":0,"194":0,"195":0,"196":32,"197":32,"199":32,"200":8,"201":8,"202":4,"203":4,"205":4,"206":4,"207":4,"208":4,"209":4,"210":4,"211":4,"213":4,"214":0,"215":0,"216":0,"217":0,"218":4,"220":4,"221":4,"222":4,"223":4,"224":4,"225":0,"227":4,"228":0,"229":0,"230":0,"231":0,"232":4,"233":4,"235":4},"branchMap":{"0":{"type":"branch","line":53,"loc":{"start":{"line":53,"column":7},"end":{"line":236,"column":1}},"locations":[{"start":{"line":53,"column":7},"end":{"line":236,"column":1}}]},"1":{"type":"branch","line":160,"loc":{"start":{"line":160,"column":68},"end":{"line":161,"column":17}},"locations":[{"start":{"line":160,"column":68},"end":{"line":161,"column":17}}]},"2":{"type":"branch","line":214,"loc":{"start":{"line":214,"column":7},"end":{"line":218,"column":18}},"locations":[{"start":{"line":214,"column":7},"end":{"line":218,"column":18}}]},"3":{"type":"branch","line":225,"loc":{"start":{"line":225,"column":8},"end":{"line":226,"column":15}},"locations":[{"start":{"line":225,"column":8},"end":{"line":226,"column":15}}]},"4":{"type":"branch","line":228,"loc":{"start":{"line":228,"column":7},"end":{"line":232,"column":18}},"locations":[{"start":{"line":228,"column":7},"end":{"line":232,"column":18}}]},"5":{"type":"branch","line":72,"loc":{"start":{"line":72,"column":22},"end":{"line":153,"column":4}},"locations":[{"start":{"line":72,"column":22},"end":{"line":153,"column":4}}]},"6":{"type":"branch","line":78,"loc":{"start":{"line":78,"column":6},"end":{"line":84,"column":12}},"locations":[{"start":{"line":78,"column":6},"end":{"line":84,"column":12}}]},"7":{"type":"branch","line":81,"loc":{"start":{"line":81,"column":26},"end":{"line":81,"column":37}},"locations":[{"start":{"line":81,"column":26},"end":{"line":81,"column":37}}]},"8":{"type":"branch","line":86,"loc":{"start":{"line":86,"column":6},"end":{"line":91,"column":12}},"locations":[{"start":{"line":86,"column":6},"end":{"line":91,"column":12}}]},"9":{"type":"branch","line":89,"loc":{"start":{"line":89,"column":20},"end":{"line":89,"column":46}},"locations":[{"start":{"line":89,"column":20},"end":{"line":89,"column":46}}]},"10":{"type":"branch","line":93,"loc":{"start":{"line":93,"column":6},"end":{"line":99,"column":12}},"locations":[{"start":{"line":93,"column":6},"end":{"line":99,"column":12}}]},"11":{"type":"branch","line":96,"loc":{"start":{"line":96,"column":47},"end":{"line":96,"column":57}},"locations":[{"start":{"line":96,"column":47},"end":{"line":96,"column":57}}]},"12":{"type":"branch","line":101,"loc":{"start":{"line":101,"column":6},"end":{"line":107,"column":12}},"locations":[{"start":{"line":101,"column":6},"end":{"line":107,"column":12}}]},"13":{"type":"branch","line":109,"loc":{"start":{"line":109,"column":6},"end":{"line":115,"column":12}},"locations":[{"start":{"line":109,"column":6},"end":{"line":115,"column":12}}]},"14":{"type":"branch","line":112,"loc":{"start":{"line":112,"column":20},"end":{"line":112,"column":43}},"locations":[{"start":{"line":112,"column":20},"end":{"line":112,"column":43}}]},"15":{"type":"branch","line":117,"loc":{"start":{"line":117,"column":6},"end":{"line":117,"column":18}},"locations":[{"start":{"line":117,"column":6},"end":{"line":117,"column":18}}]},"16":{"type":"branch","line":118,"loc":{"start":{"line":118,"column":6},"end":{"line":131,"column":19}},"locations":[{"start":{"line":118,"column":6},"end":{"line":131,"column":19}}]},"17":{"type":"branch","line":133,"loc":{"start":{"line":133,"column":6},"end":{"line":140,"column":12}},"locations":[{"start":{"line":133,"column":6},"end":{"line":140,"column":12}}]},"18":{"type":"branch","line":142,"loc":{"start":{"line":142,"column":6},"end":{"line":142,"column":18}},"locations":[{"start":{"line":142,"column":6},"end":{"line":142,"column":18}}]},"19":{"type":"branch","line":143,"loc":{"start":{"line":143,"column":6},"end":{"line":150,"column":12}},"locations":[{"start":{"line":143,"column":6},"end":{"line":150,"column":12}}]},"20":{"type":"branch","line":147,"loc":{"start":{"line":147,"column":20},"end":{"line":147,"column":43}},"locations":[{"start":{"line":147,"column":20},"end":{"line":147,"column":43}}]},"21":{"type":"branch","line":169,"loc":{"start":{"line":169,"column":24},"end":{"line":202,"column":23}},"locations":[{"start":{"line":169,"column":24},"end":{"line":202,"column":23}}]},"22":{"type":"branch","line":177,"loc":{"start":{"line":177,"column":34},"end":{"line":200,"column":18}},"locations":[{"start":{"line":177,"column":34},"end":{"line":200,"column":18}}]},"23":{"type":"branch","line":182,"loc":{"start":{"line":182,"column":26},"end":{"line":198,"column":26}},"locations":[{"start":{"line":182,"column":26},"end":{"line":198,"column":26}}]},"24":{"type":"branch","line":188,"loc":{"start":{"line":188,"column":29},"end":{"line":191,"column":28}},"locations":[{"start":{"line":188,"column":29},"end":{"line":191,"column":28}}]},"25":{"type":"branch","line":193,"loc":{"start":{"line":193,"column":34},"end":{"line":196,"column":28}},"locations":[{"start":{"line":193,"column":34},"end":{"line":196,"column":28}}]}},"b":{"0":[4],"1":[0],"2":[0],"3":[0],"4":[0],"5":[32],"6":[4],"7":[0],"8":[4],"9":[0],"10":[4],"11":[0],"12":[0],"13":[8],"14":[0],"15":[0],"16":[0],"17":[0],"18":[12],"19":[12],"20":[4],"21":[8],"22":[32],"23":[32],"24":[0],"25":[0]},"fnMap":{"0":{"name":"GenericInstrumentPanel","decl":{"start":{"line":53,"column":7},"end":{"line":236,"column":1}},"loc":{"start":{"line":53,"column":7},"end":{"line":236,"column":1}},"line":53},"1":{"name":"renderField","decl":{"start":{"line":72,"column":22},"end":{"line":153,"column":4}},"loc":{"start":{"line":72,"column":22},"end":{"line":153,"column":4}},"line":72},"2":{"name":"onChange","decl":{"start":{"line":82,"column":22},"end":{"line":82,"column":49}},"loc":{"start":{"line":82,"column":22},"end":{"line":82,"column":49}},"line":82},"3":{"name":"onChange","decl":{"start":{"line":90,"column":22},"end":{"line":90,"column":41}},"loc":{"start":{"line":90,"column":22},"end":{"line":90,"column":41}},"line":90},"4":{"name":"onChange","decl":{"start":{"line":97,"column":22},"end":{"line":97,"column":41}},"loc":{"start":{"line":97,"column":22},"end":{"line":97,"column":41}},"line":97},"5":{"name":"onChange","decl":{"start":{"line":105,"column":22},"end":{"line":105,"column":41}},"loc":{"start":{"line":105,"column":22},"end":{"line":105,"column":41}},"line":105},"6":{"name":"onChange","decl":{"start":{"line":113,"column":22},"end":{"line":113,"column":41}},"loc":{"start":{"line":113,"column":22},"end":{"line":113,"column":41}},"line":113},"7":{"name":"onChange","decl":{"start":{"line":123,"column":22},"end":{"line":123,"column":54}},"loc":{"start":{"line":123,"column":22},"end":{"line":123,"column":54}},"line":123},"8":{"name":"onChange","decl":{"start":{"line":138,"column":22},"end":{"line":138,"column":62}},"loc":{"start":{"line":138,"column":22},"end":{"line":138,"column":62}},"line":138},"9":{"name":"onChange","decl":{"start":{"line":148,"column":22},"end":{"line":148,"column":54}},"loc":{"start":{"line":148,"column":22},"end":{"line":148,"column":54}},"line":148},"10":{"name":"render","decl":{"start":{"line":182,"column":26},"end":{"line":198,"column":26}},"loc":{"start":{"line":182,"column":26},"end":{"line":198,"column":26}},"line":182}},"f":{"0":4,"1":32,"2":0,"3":0,"4":0,"5":0,"6":0,"7":0,"8":0,"9":0,"10":32}}
,"/Users/joneickmeier/projects/rfin/packages/finstack-ui/src/components/genui/index.ts": {"path":"/Users/joneickmeier/projects/rfin/packages/finstack-ui/src/components/genui/index.ts","all":false,"statementMap":{"0":{"start":{"line":1,"column":0},"end":{"line":1,"column":41}}},"s":{"0":1},"branchMap":{},"b":{},"fnMap":{},"f":{}}
,"/Users/joneickmeier/projects/rfin/packages/finstack-ui/src/components/primitives/AmountDisplay.tsx": {"path":"/Users/joneickmeier/projects/rfin/packages/finstack-ui/src/components/primitives/AmountDisplay.tsx","all":false,"statementMap":{"0":{"start":{"line":1,"column":0},"end":{"line":1,"column":44}},"13":{"start":{"line":14,"column":0},"end":{"line":14,"column":78}},"15":{"start":{"line":16,"column":0},"end":{"line":16,"column":31}},"16":{"start":{"line":17,"column":0},"end":{"line":17,"column":8}},"17":{"start":{"line":18,"column":0},"end":{"line":18,"column":11}},"18":{"start":{"line":19,"column":0},"end":{"line":19,"column":18}},"19":{"start":{"line":20,"column":0},"end":{"line":20,"column":12}},"20":{"start":{"line":21,"column":0},"end":{"line":21,"column":24}},"21":{"start":{"line":22,"column":0},"end":{"line":22,"column":50}},"22":{"start":{"line":23,"column":0},"end":{"line":23,"column":26}},"23":{"start":{"line":24,"column":0},"end":{"line":24,"column":73}},"25":{"start":{"line":26,"column":0},"end":{"line":26,"column":26}},"26":{"start":{"line":27,"column":0},"end":{"line":27,"column":79}},"27":{"start":{"line":28,"column":0},"end":{"line":28,"column":40}},"28":{"start":{"line":29,"column":0},"end":{"line":29,"column":4}},"30":{"start":{"line":31,"column":0},"end":{"line":31,"column":10}},"31":{"start":{"line":32,"column":0},"end":{"line":32,"column":80}},"32":{"start":{"line":33,"column":0},"end":{"line":33,"column":15}},"33":{"start":{"line":34,"column":0},"end":{"line":34,"column":11}},"35":{"start":{"line":36,"column":0},"end":{"line":36,"column":1}}},"s":{"0":1,"13":1,"15":1,"16":1,"17":1,"18":1,"19":1,"20":1,"21":1,"22":1,"23":1,"25":1,"26":1,"27":1,"28":1,"30":1,"31":1,"32":1,"33":1,"35":1},"branchMap":{"0":{"type":"branch","line":16,"loc":{"start":{"line":16,"column":7},"end":{"line":36,"column":1}},"locations":[{"start":{"line":16,"column":7},"end":{"line":36,"column":1}}]},"1":{"type":"branch","line":24,"loc":{"start":{"line":24,"column":4},"end":{"line":24,"column":55}},"locations":[{"start":{"line":24,"column":4},"end":{"line":24,"column":55}}]},"2":{"type":"branch","line":24,"loc":{"start":{"line":24,"column":36},"end":{"line":24,"column":73}},"locations":[{"start":{"line":24,"column":36},"end":{"line":24,"column":73}}]},"3":{"type":"branch","line":27,"loc":{"start":{"line":27,"column":4},"end":{"line":27,"column":79}},"locations":[{"start":{"line":27,"column":4},"end":{"line":27,"column":79}}]}},"b":{"0":[1],"1":[0],"2":[0],"3":[1]},"fnMap":{"0":{"name":"AmountDisplay","decl":{"start":{"line":16,"column":7},"end":{"line":36,"column":1}},"loc":{"start":{"line":16,"column":7},"end":{"line":36,"column":1}},"line":16}},"f":{"0":1}}
,"/Users/joneickmeier/projects/rfin/packages/finstack-ui/src/components/primitives/AmountInput.tsx": {"path":"/Users/joneickmeier/projects/rfin/packages/finstack-ui/src/components/primitives/AmountInput.tsx","all":false,"statementMap":{"0":{"start":{"line":1,"column":0},"end":{"line":1,"column":41}},"15":{"start":{"line":16,"column":0},"end":{"line":16,"column":29}},"16":{"start":{"line":17,"column":0},"end":{"line":17,"column":8}},"17":{"start":{"line":18,"column":0},"end":{"line":18,"column":11}},"18":{"start":{"line":19,"column":0},"end":{"line":19,"column":11}},"19":{"start":{"line":20,"column":0},"end":{"line":20,"column":7}},"20":{"start":{"line":21,"column":0},"end":{"line":21,"column":14}},"21":{"start":{"line":22,"column":0},"end":{"line":22,"column":11}},"22":{"start":{"line":23,"column":0},"end":{"line":23,"column":12}},"23":{"start":{"line":24,"column":0},"end":{"line":24,"column":22}},"24":{"start":{"line":25,"column":0},"end":{"line":25,"column":66}},"25":{"start":{"line":26,"column":0},"end":{"line":26,"column":58}},"26":{"start":{"line":27,"column":0},"end":{"line":27,"column":19}},"27":{"start":{"line":28,"column":0},"end":{"line":28,"column":4}},"29":{"start":{"line":30,"column":0},"end":{"line":30,"column":10}},"30":{"start":{"line":31,"column":0},"end":{"line":31,"column":62}},"31":{"start":{"line":32,"column":0},"end":{"line":32,"column":19}},"32":{"start":{"line":33,"column":0},"end":{"line":33,"column":13}},"33":{"start":{"line":34,"column":0},"end":{"line":34,"column":51}},"34":{"start":{"line":35,"column":0},"end":{"line":35,"column":44}},"36":{"start":{"line":37,"column":0},"end":{"line":37,"column":20}},"37":{"start":{"line":38,"column":0},"end":{"line":38,"column":15}},"38":{"start":{"line":39,"column":0},"end":{"line":39,"column":15}},"39":{"start":{"line":40,"column":0},"end":{"line":40,"column":12}},"40":{"start":{"line":41,"column":0},"end":{"line":41,"column":19}},"41":{"start":{"line":42,"column":0},"end":{"line":42,"column":27}},"42":{"start":{"line":43,"column":0},"end":{"line":43,"column":26}},"43":{"start":{"line":44,"column":0},"end":{"line":44,"column":21}},"44":{"start":{"line":45,"column":0},"end":{"line":45,"column":31}},"45":{"start":{"line":46,"column":0},"end":{"line":46,"column":19}},"46":{"start":{"line":47,"column":0},"end":{"line":47,"column":43}},"47":{"start":{"line":48,"column":0},"end":{"line":48,"column":27}},"48":{"start":{"line":49,"column":0},"end":{"line":49,"column":33}},"49":{"start":{"line":50,"column":0},"end":{"line":50,"column":8}},"50":{"start":{"line":51,"column":0},"end":{"line":51,"column":10}},"52":{"start":{"line":53,"column":0},"end":{"line":53,"column":1}}},"s":{"0":1,"15":1,"16":5,"17":5,"18":5,"19":5,"20":5,"21":5,"22":5,"23":5,"24":5,"25":1,"26":1,"27":1,"29":5,"30":5,"31":5,"32":1,"33":1,"34":1,"36":1,"37":1,"38":4,"39":5,"40":5,"41":5,"42":5,"43":5,"44":5,"45":5,"46":5,"47":5,"48":5,"49":5,"50":5,"52":5},"branchMap":{"0":{"type":"branch","line":16,"loc":{"start":{"line":16,"column":7},"end":{"line":53,"column":1}},"locations":[{"start":{"line":16,"column":7},"end":{"line":53,"column":1}}]},"1":{"type":"branch","line":32,"loc":{"start":{"line":32,"column":7},"end":{"line":38,"column":15}},"locations":[{"start":{"line":32,"column":7},"end":{"line":38,"column":15}}]},"2":{"type":"branch","line":38,"loc":{"start":{"line":38,"column":8},"end":{"line":39,"column":15}},"locations":[{"start":{"line":38,"column":8},"end":{"line":39,"column":15}}]},"3":{"type":"branch","line":47,"loc":{"start":{"line":47,"column":21},"end":{"line":47,"column":43}},"locations":[{"start":{"line":47,"column":21},"end":{"line":47,"column":43}}]},"4":{"type":"branch","line":25,"loc":{"start":{"line":25,"column":23},"end":{"line":28,"column":4}},"locations":[{"start":{"line":25,"column":23},"end":{"line":28,"column":4}}]}},"b":{"0":[5],"1":[1],"2":[4],"3":[1],"4":[1]},"fnMap":{"0":{"name":"AmountInput","decl":{"start":{"line":16,"column":7},"end":{"line":53,"column":1}},"loc":{"start":{"line":16,"column":7},"end":{"line":53,"column":1}},"line":16},"1":{"name":"handleChange","decl":{"start":{"line":25,"column":23},"end":{"line":28,"column":4}},"loc":{"start":{"line":25,"column":23},"end":{"line":28,"column":4}},"line":25}},"f":{"0":5,"1":1}}
,"/Users/joneickmeier/projects/rfin/packages/finstack-ui/src/components/primitives/CurrencySelect.tsx": {"path":"/Users/joneickmeier/projects/rfin/packages/finstack-ui/src/components/primitives/CurrencySelect.tsx","all":false,"statementMap":{"0":{"start":{"line":1,"column":0},"end":{"line":1,"column":36}},"9":{"start":{"line":10,"column":0},"end":{"line":10,"column":77}},"21":{"start":{"line":22,"column":0},"end":{"line":22,"column":32}},"22":{"start":{"line":23,"column":0},"end":{"line":23,"column":8}},"23":{"start":{"line":24,"column":0},"end":{"line":24,"column":11}},"24":{"start":{"line":25,"column":0},"end":{"line":25,"column":34}},"25":{"start":{"line":26,"column":0},"end":{"line":26,"column":11}},"26":{"start":{"line":27,"column":0},"end":{"line":27,"column":12}},"27":{"start":{"line":28,"column":0},"end":{"line":28,"column":25}},"28":{"start":{"line":29,"column":0},"end":{"line":29,"column":10}},"29":{"start":{"line":30,"column":0},"end":{"line":30,"column":71}},"30":{"start":{"line":31,"column":0},"end":{"line":31,"column":20}},"31":{"start":{"line":32,"column":0},"end":{"line":32,"column":75}},"32":{"start":{"line":33,"column":0},"end":{"line":33,"column":36}},"34":{"start":{"line":35,"column":0},"end":{"line":35,"column":53}},"35":{"start":{"line":36,"column":0},"end":{"line":36,"column":22}},"36":{"start":{"line":37,"column":0},"end":{"line":37,"column":21}},"37":{"start":{"line":38,"column":0},"end":{"line":38,"column":35}},"38":{"start":{"line":39,"column":0},"end":{"line":39,"column":46}},"39":{"start":{"line":40,"column":0},"end":{"line":40,"column":18}},"40":{"start":{"line":41,"column":0},"end":{"line":41,"column":23}},"41":{"start":{"line":42,"column":0},"end":{"line":42,"column":11}},"42":{"start":{"line":43,"column":0},"end":{"line":43,"column":22}},"43":{"start":{"line":44,"column":0},"end":{"line":44,"column":13}},"45":{"start":{"line":46,"column":0},"end":{"line":46,"column":1}}},"s":{"0":1,"9":1,"21":1,"22":8,"23":8,"24":8,"25":8,"26":8,"27":8,"28":8,"29":8,"30":8,"31":8,"32":8,"34":8,"35":8,"36":8,"37":8,"38":51,"39":51,"40":51,"41":8,"42":8,"43":8,"45":8},"branchMap":{"0":{"type":"branch","line":22,"loc":{"start":{"line":22,"column":7},"end":{"line":46,"column":1}},"locations":[{"start":{"line":22,"column":7},"end":{"line":46,"column":1}}]},"1":{"type":"branch","line":38,"loc":{"start":{"line":38,"column":24},"end":{"line":41,"column":23}},"locations":[{"start":{"line":38,"column":24},"end":{"line":41,"column":23}}]}},"b":{"0":[8],"1":[51]},"fnMap":{"0":{"name":"CurrencySelect","decl":{"start":{"line":22,"column":7},"end":{"line":46,"column":1}},"loc":{"start":{"line":22,"column":7},"end":{"line":46,"column":1}},"line":22}},"f":{"0":8}}
,"/Users/joneickmeier/projects/rfin/packages/finstack-ui/src/components/primitives/DatePicker.tsx": {"path":"/Users/joneickmeier/projects/rfin/packages/finstack-ui/src/components/primitives/DatePicker.tsx","all":false,"statementMap":{"0":{"start":{"line":1,"column":0},"end":{"line":1,"column":41}},"17":{"start":{"line":18,"column":0},"end":{"line":18,"column":28}},"18":{"start":{"line":19,"column":0},"end":{"line":19,"column":8}},"19":{"start":{"line":20,"column":0},"end":{"line":20,"column":11}},"20":{"start":{"line":21,"column":0},"end":{"line":21,"column":6}},"21":{"start":{"line":22,"column":0},"end":{"line":22,"column":6}},"22":{"start":{"line":23,"column":0},"end":{"line":23,"column":11}},"23":{"start":{"line":24,"column":0},"end":{"line":24,"column":12}},"24":{"start":{"line":25,"column":0},"end":{"line":25,"column":29}},"25":{"start":{"line":26,"column":0},"end":{"line":26,"column":21}},"26":{"start":{"line":27,"column":0},"end":{"line":27,"column":66}},"27":{"start":{"line":28,"column":0},"end":{"line":28,"column":33}},"28":{"start":{"line":29,"column":0},"end":{"line":29,"column":4}},"30":{"start":{"line":31,"column":0},"end":{"line":31,"column":10}},"31":{"start":{"line":32,"column":0},"end":{"line":32,"column":10}},"32":{"start":{"line":33,"column":0},"end":{"line":33,"column":17}},"33":{"start":{"line":34,"column":0},"end":{"line":34,"column":30}},"34":{"start":{"line":35,"column":0},"end":{"line":35,"column":41}},"35":{"start":{"line":36,"column":0},"end":{"line":36,"column":19}},"36":{"start":{"line":37,"column":0},"end":{"line":37,"column":29}},"37":{"start":{"line":38,"column":0},"end":{"line":38,"column":15}},"38":{"start":{"line":39,"column":0},"end":{"line":39,"column":15}},"39":{"start":{"line":40,"column":0},"end":{"line":40,"column":25}},"40":{"start":{"line":41,"column":0},"end":{"line":41,"column":31}},"41":{"start":{"line":42,"column":0},"end":{"line":42,"column":6}},"43":{"start":{"line":44,"column":0},"end":{"line":44,"column":1}}},"s":{"0":1,"17":1,"18":10,"19":10,"20":10,"21":10,"22":10,"23":10,"24":10,"25":10,"26":10,"27":1,"28":1,"30":10,"31":10,"32":10,"33":10,"34":10,"35":10,"36":10,"37":10,"38":10,"39":10,"40":10,"41":10,"43":10},"branchMap":{"0":{"type":"branch","line":18,"loc":{"start":{"line":18,"column":7},"end":{"line":44,"column":1}},"locations":[{"start":{"line":18,"column":7},"end":{"line":44,"column":1}}]},"1":{"type":"branch","line":27,"loc":{"start":{"line":27,"column":23},"end":{"line":29,"column":4}},"locations":[{"start":{"line":27,"column":23},"end":{"line":29,"column":4}}]}},"b":{"0":[10],"1":[1]},"fnMap":{"0":{"name":"DatePicker","decl":{"start":{"line":18,"column":7},"end":{"line":44,"column":1}},"loc":{"start":{"line":18,"column":7},"end":{"line":44,"column":1}},"line":18},"1":{"name":"handleChange","decl":{"start":{"line":27,"column":23},"end":{"line":29,"column":4}},"loc":{"start":{"line":27,"column":23},"end":{"line":29,"column":4}},"line":27}},"f":{"0":10,"1":1}}
,"/Users/joneickmeier/projects/rfin/packages/finstack-ui/src/components/primitives/RateInput.tsx": {"path":"/Users/joneickmeier/projects/rfin/packages/finstack-ui/src/components/primitives/RateInput.tsx","all":false,"statementMap":{"0":{"start":{"line":1,"column":0},"end":{"line":1,"column":41}},"15":{"start":{"line":16,"column":0},"end":{"line":16,"column":27}},"16":{"start":{"line":17,"column":0},"end":{"line":17,"column":8}},"17":{"start":{"line":18,"column":0},"end":{"line":18,"column":11}},"18":{"start":{"line":19,"column":0},"end":{"line":19,"column":23}},"19":{"start":{"line":20,"column":0},"end":{"line":20,"column":6}},"20":{"start":{"line":21,"column":0},"end":{"line":21,"column":6}},"21":{"start":{"line":22,"column":0},"end":{"line":22,"column":16}},"22":{"start":{"line":23,"column":0},"end":{"line":23,"column":11}},"23":{"start":{"line":24,"column":0},"end":{"line":24,"column":12}},"24":{"start":{"line":25,"column":0},"end":{"line":25,"column":20}},"25":{"start":{"line":26,"column":0},"end":{"line":26,"column":66}},"26":{"start":{"line":27,"column":0},"end":{"line":27,"column":44}},"27":{"start":{"line":28,"column":0},"end":{"line":28,"column":29}},"28":{"start":{"line":29,"column":0},"end":{"line":29,"column":13}},"29":{"start":{"line":30,"column":0},"end":{"line":30,"column":5}},"30":{"start":{"line":31,"column":0},"end":{"line":31,"column":54}},"31":{"start":{"line":32,"column":0},"end":{"line":32,"column":54}},"32":{"start":{"line":33,"column":0},"end":{"line":33,"column":19}},"33":{"start":{"line":34,"column":0},"end":{"line":34,"column":4}},"35":{"start":{"line":36,"column":0},"end":{"line":36,"column":10}},"36":{"start":{"line":37,"column":0},"end":{"line":37,"column":10}},"37":{"start":{"line":38,"column":0},"end":{"line":38,"column":19}},"38":{"start":{"line":39,"column":0},"end":{"line":39,"column":17}},"39":{"start":{"line":40,"column":0},"end":{"line":40,"column":15}},"40":{"start":{"line":41,"column":0},"end":{"line":41,"column":15}},"41":{"start":{"line":42,"column":0},"end":{"line":42,"column":41}},"42":{"start":{"line":43,"column":0},"end":{"line":43,"column":19}},"43":{"start":{"line":44,"column":0},"end":{"line":44,"column":29}},"44":{"start":{"line":45,"column":0},"end":{"line":45,"column":31}},"45":{"start":{"line":46,"column":0},"end":{"line":46,"column":25}},"46":{"start":{"line":47,"column":0},"end":{"line":47,"column":29}},"47":{"start":{"line":48,"column":0},"end":{"line":48,"column":6}},"49":{"start":{"line":50,"column":0},"end":{"line":50,"column":1}}},"s":{"0":1,"15":1,"16":8,"17":8,"18":8,"19":8,"20":8,"21":8,"22":8,"23":8,"24":8,"25":8,"26":0,"27":0,"28":0,"29":0,"30":0,"31":0,"32":0,"33":0,"35":8,"36":8,"37":8,"38":8,"39":8,"40":8,"41":8,"42":8,"43":8,"44":8,"45":8,"46":8,"47":8,"49":8},"branchMap":{"0":{"type":"branch","line":16,"loc":{"start":{"line":16,"column":7},"end":{"line":50,"column":1}},"locations":[{"start":{"line":16,"column":7},"end":{"line":50,"column":1}}]}},"b":{"0":[8]},"fnMap":{"0":{"name":"RateInput","decl":{"start":{"line":16,"column":7},"end":{"line":50,"column":1}},"loc":{"start":{"line":16,"column":7},"end":{"line":50,"column":1}},"line":16},"1":{"name":"handleChange","decl":{"start":{"line":26,"column":23},"end":{"line":34,"column":4}},"loc":{"start":{"line":26,"column":23},"end":{"line":34,"column":4}},"line":26}},"f":{"0":8,"1":0}}
,"/Users/joneickmeier/projects/rfin/packages/finstack-ui/src/components/primitives/TenorInput.tsx": {"path":"/Users/joneickmeier/projects/rfin/packages/finstack-ui/src/components/primitives/TenorInput.tsx","all":false,"statementMap":{"0":{"start":{"line":1,"column":0},"end":{"line":1,"column":41}},"12":{"start":{"line":13,"column":0},"end":{"line":13,"column":43}},"14":{"start":{"line":15,"column":0},"end":{"line":15,"column":28}},"15":{"start":{"line":16,"column":0},"end":{"line":16,"column":8}},"16":{"start":{"line":17,"column":0},"end":{"line":17,"column":11}},"17":{"start":{"line":18,"column":0},"end":{"line":18,"column":21}},"18":{"start":{"line":19,"column":0},"end":{"line":19,"column":11}},"19":{"start":{"line":20,"column":0},"end":{"line":20,"column":12}},"20":{"start":{"line":21,"column":0},"end":{"line":21,"column":21}},"21":{"start":{"line":22,"column":0},"end":{"line":22,"column":66}},"22":{"start":{"line":23,"column":0},"end":{"line":23,"column":50}},"23":{"start":{"line":24,"column":0},"end":{"line":24,"column":33}},"24":{"start":{"line":25,"column":0},"end":{"line":25,"column":21}},"25":{"start":{"line":26,"column":0},"end":{"line":26,"column":5}},"26":{"start":{"line":27,"column":0},"end":{"line":27,"column":4}},"28":{"start":{"line":29,"column":0},"end":{"line":29,"column":10}},"29":{"start":{"line":30,"column":0},"end":{"line":30,"column":10}},"30":{"start":{"line":31,"column":0},"end":{"line":31,"column":30}},"31":{"start":{"line":32,"column":0},"end":{"line":32,"column":17}},"32":{"start":{"line":33,"column":0},"end":{"line":33,"column":22}},"33":{"start":{"line":34,"column":0},"end":{"line":34,"column":19}},"34":{"start":{"line":35,"column":0},"end":{"line":35,"column":51}},"35":{"start":{"line":36,"column":0},"end":{"line":36,"column":19}},"36":{"start":{"line":37,"column":0},"end":{"line":37,"column":29}},"37":{"start":{"line":38,"column":0},"end":{"line":38,"column":31}},"38":{"start":{"line":39,"column":0},"end":{"line":39,"column":25}},"39":{"start":{"line":40,"column":0},"end":{"line":40,"column":6}},"41":{"start":{"line":42,"column":0},"end":{"line":42,"column":1}}},"s":{"0":1,"12":1,"14":1,"15":3,"16":3,"17":3,"18":3,"19":3,"20":3,"21":3,"22":1,"23":1,"24":1,"25":1,"26":1,"28":3,"29":3,"30":3,"31":3,"32":3,"33":3,"34":3,"35":3,"36":3,"37":3,"38":3,"39":3,"41":3},"branchMap":{"0":{"type":"branch","line":15,"loc":{"start":{"line":15,"column":7},"end":{"line":42,"column":1}},"locations":[{"start":{"line":15,"column":7},"end":{"line":42,"column":1}}]},"1":{"type":"branch","line":22,"loc":{"start":{"line":22,"column":23},"end":{"line":27,"column":4}},"locations":[{"start":{"line":22,"column":23},"end":{"line":27,"column":4}}]}},"b":{"0":[3],"1":[1]},"fnMap":{"0":{"name":"TenorInput","decl":{"start":{"line":15,"column":7},"end":{"line":42,"column":1}},"loc":{"start":{"line":15,"column":7},"end":{"line":42,"column":1}},"line":15},"1":{"name":"handleChange","decl":{"start":{"line":22,"column":23},"end":{"line":27,"column":4}},"loc":{"start":{"line":22,"column":23},"end":{"line":27,"column":4}},"line":22}},"f":{"0":3,"1":1}}
,"/Users/joneickmeier/projects/rfin/packages/finstack-ui/src/components/primitives/index.ts": {"path":"/Users/joneickmeier/projects/rfin/packages/finstack-ui/src/components/primitives/index.ts","all":false,"statementMap":{"0":{"start":{"line":1,"column":0},"end":{"line":1,"column":32}},"1":{"start":{"line":2,"column":0},"end":{"line":2,"column":30}},"2":{"start":{"line":3,"column":0},"end":{"line":3,"column":33}},"3":{"start":{"line":4,"column":0},"end":{"line":4,"column":29}},"4":{"start":{"line":5,"column":0},"end":{"line":5,"column":29}},"5":{"start":{"line":6,"column":0},"end":{"line":6,"column":28}}},"s":{"0":1,"1":1,"2":1,"3":1,"4":1,"5":1},"branchMap":{},"b":{},"fnMap":{},"f":{}}
,"/Users/joneickmeier/projects/rfin/packages/finstack-ui/src/components/tables/VirtualDataTable.tsx": {"path":"/Users/joneickmeier/projects/rfin/packages/finstack-ui/src/components/tables/VirtualDataTable.tsx","all":false,"statementMap":{"0":{"start":{"line":1,"column":0},"end":{"line":1,"column":8}},"17":{"start":{"line":18,"column":0},"end":{"line":18,"column":41}},"18":{"start":{"line":19,"column":0},"end":{"line":19,"column":7}},"19":{"start":{"line":20,"column":0},"end":{"line":20,"column":10}},"20":{"start":{"line":21,"column":0},"end":{"line":21,"column":17}},"21":{"start":{"line":22,"column":0},"end":{"line":22,"column":15}},"22":{"start":{"line":23,"column":0},"end":{"line":23,"column":11}},"23":{"start":{"line":24,"column":0},"end":{"line":24,"column":34}},"24":{"start":{"line":25,"column":0},"end":{"line":25,"column":60}},"25":{"start":{"line":26,"column":0},"end":{"line":26,"column":51}},"27":{"start":{"line":28,"column":0},"end":{"line":28,"column":31}},"28":{"start":{"line":29,"column":0},"end":{"line":29,"column":23}},"29":{"start":{"line":30,"column":0},"end":{"line":30,"column":29}},"30":{"start":{"line":31,"column":0},"end":{"line":31,"column":39}},"31":{"start":{"line":32,"column":0},"end":{"line":32,"column":13}},"32":{"start":{"line":33,"column":0},"end":{"line":33,"column":5}},"34":{"start":{"line":35,"column":0},"end":{"line":35,"column":56}},"35":{"start":{"line":36,"column":0},"end":{"line":36,"column":41}},"36":{"start":{"line":37,"column":0},"end":{"line":37,"column":43}},"37":{"start":{"line":38,"column":0},"end":{"line":38,"column":46}},"38":{"start":{"line":39,"column":0},"end":{"line":39,"column":34}},"39":{"start":{"line":40,"column":0},"end":{"line":40,"column":16}},"40":{"start":{"line":41,"column":0},"end":{"line":41,"column":5}},"42":{"start":{"line":43,"column":0},"end":{"line":43,"column":50}},"43":{"start":{"line":44,"column":0},"end":{"line":44,"column":55}},"45":{"start":{"line":46,"column":0},"end":{"line":46,"column":10}},"46":{"start":{"line":47,"column":0},"end":{"line":47,"column":64}},"47":{"start":{"line":48,"column":0},"end":{"line":48,"column":57}},"48":{"start":{"line":49,"column":0},"end":{"line":49,"column":46}},"49":{"start":{"line":50,"column":0},"end":{"line":50,"column":78}},"50":{"start":{"line":51,"column":0},"end":{"line":51,"column":59}},"51":{"start":{"line":52,"column":0},"end":{"line":52,"column":39}},"52":{"start":{"line":53,"column":0},"end":{"line":53,"column":54}},"53":{"start":{"line":54,"column":0},"end":{"line":54,"column":70}},"54":{"start":{"line":55,"column":0},"end":{"line":55,"column":41}},"55":{"start":{"line":56,"column":0},"end":{"line":56,"column":28}},"56":{"start":{"line":57,"column":0},"end":{"line":57,"column":35}},"57":{"start":{"line":58,"column":0},"end":{"line":58,"column":57}},"58":{"start":{"line":59,"column":0},"end":{"line":59,"column":46}},"59":{"start":{"line":60,"column":0},"end":{"line":60,"column":26}},"60":{"start":{"line":61,"column":0},"end":{"line":61,"column":23}},"61":{"start":{"line":62,"column":0},"end":{"line":62,"column":19}},"62":{"start":{"line":63,"column":0},"end":{"line":63,"column":19}},"63":{"start":{"line":64,"column":0},"end":{"line":64,"column":15}},"64":{"start":{"line":65,"column":0},"end":{"line":65,"column":18}},"65":{"start":{"line":66,"column":0},"end":{"line":66,"column":16}},"66":{"start":{"line":67,"column":0},"end":{"line":67,"column":12}},"68":{"start":{"line":69,"column":0},"end":{"line":69,"column":10}},"69":{"start":{"line":70,"column":0},"end":{"line":70,"column":23}},"70":{"start":{"line":71,"column":0},"end":{"line":71,"column":60}},"71":{"start":{"line":72,"column":0},"end":{"line":72,"column":26}},"73":{"start":{"line":74,"column":0},"end":{"line":74,"column":43}},"74":{"start":{"line":75,"column":0},"end":{"line":75,"column":65}},"75":{"start":{"line":76,"column":0},"end":{"line":76,"column":19}},"76":{"start":{"line":77,"column":0},"end":{"line":77,"column":48}},"77":{"start":{"line":78,"column":0},"end":{"line":78,"column":71}},"78":{"start":{"line":79,"column":0},"end":{"line":79,"column":24}},"79":{"start":{"line":80,"column":0},"end":{"line":80,"column":21}},"80":{"start":{"line":81,"column":0},"end":{"line":81,"column":32}},"81":{"start":{"line":82,"column":0},"end":{"line":82,"column":49}},"82":{"start":{"line":83,"column":0},"end":{"line":83,"column":57}},"83":{"start":{"line":84,"column":0},"end":{"line":84,"column":28}},"84":{"start":{"line":85,"column":0},"end":{"line":85,"column":43}},"85":{"start":{"line":86,"column":0},"end":{"line":86,"column":69}},"86":{"start":{"line":87,"column":0},"end":{"line":87,"column":22}},"88":{"start":{"line":89,"column":0},"end":{"line":89,"column":58}},"89":{"start":{"line":90,"column":0},"end":{"line":90,"column":62}},"90":{"start":{"line":91,"column":0},"end":{"line":91,"column":36}},"91":{"start":{"line":92,"column":0},"end":{"line":92,"column":53}},"92":{"start":{"line":93,"column":0},"end":{"line":93,"column":44}},"93":{"start":{"line":94,"column":0},"end":{"line":94,"column":26}},"94":{"start":{"line":95,"column":0},"end":{"line":95,"column":27}},"95":{"start":{"line":96,"column":0},"end":{"line":96,"column":23}},"96":{"start":{"line":97,"column":0},"end":{"line":97,"column":23}},"98":{"start":{"line":99,"column":0},"end":{"line":99,"column":17}},"99":{"start":{"line":100,"column":0},"end":{"line":100,"column":20}},"100":{"start":{"line":101,"column":0},"end":{"line":101,"column":18}},"101":{"start":{"line":102,"column":0},"end":{"line":102,"column":14}},"102":{"start":{"line":103,"column":0},"end":{"line":103,"column":12}},"103":{"start":{"line":104,"column":0},"end":{"line":104,"column":10}},"105":{"start":{"line":106,"column":0},"end":{"line":106,"column":1}}},"s":{"0":1,"17":1,"18":5,"19":5,"20":5,"21":5,"22":5,"23":5,"24":5,"25":5,"27":5,"28":5,"29":5,"30":5,"31":5,"32":5,"34":5,"35":5,"36":5,"37":5,"38":5,"39":5,"40":5,"42":5,"43":5,"45":5,"46":5,"47":5,"48":5,"49":5,"50":5,"51":5,"52":5,"53":22,"54":22,"55":0,"56":22,"57":22,"58":22,"59":22,"60":22,"61":5,"62":5,"63":5,"64":5,"65":5,"66":5,"68":5,"69":5,"70":5,"71":5,"73":5,"74":5,"75":5,"76":5,"77":0,"78":0,"79":0,"80":0,"81":0,"82":0,"83":0,"84":0,"85":0,"86":0,"88":0,"89":0,"90":0,"91":0,"92":0,"93":0,"94":0,"95":0,"96":0,"98":5,"99":5,"100":5,"101":5,"102":5,"103":5,"105":5},"branchMap":{"0":{"type":"branch","line":18,"loc":{"start":{"line":18,"column":7},"end":{"line":106,"column":1}},"locations":[{"start":{"line":18,"column":7},"end":{"line":106,"column":1}}]},"1":{"type":"branch","line":25,"loc":{"start":{"line":25,"column":34},"end":{"line":25,"column":49}},"locations":[{"start":{"line":25,"column":34},"end":{"line":25,"column":49}}]},"2":{"type":"branch","line":26,"loc":{"start":{"line":26,"column":31},"end":{"line":26,"column":43}},"locations":[{"start":{"line":26,"column":31},"end":{"line":26,"column":43}}]},"3":{"type":"branch","line":38,"loc":{"start":{"line":38,"column":22},"end":{"line":38,"column":46}},"locations":[{"start":{"line":38,"column":22},"end":{"line":38,"column":46}}]},"4":{"type":"branch","line":39,"loc":{"start":{"line":39,"column":18},"end":{"line":39,"column":34}},"locations":[{"start":{"line":39,"column":18},"end":{"line":39,"column":34}}]},"5":{"type":"branch","line":51,"loc":{"start":{"line":51,"column":41},"end":{"line":63,"column":19}},"locations":[{"start":{"line":51,"column":41},"end":{"line":63,"column":19}}]},"6":{"type":"branch","line":53,"loc":{"start":{"line":53,"column":41},"end":{"line":61,"column":23}},"locations":[{"start":{"line":53,"column":41},"end":{"line":61,"column":23}}]},"7":{"type":"branch","line":55,"loc":{"start":{"line":55,"column":28},"end":{"line":56,"column":28}},"locations":[{"start":{"line":55,"column":28},"end":{"line":56,"column":28}}]}},"b":{"0":[5],"1":[3],"2":[3],"3":[5],"4":[7],"5":[5],"6":[22],"7":[0]},"fnMap":{"0":{"name":"VirtualDataTable","decl":{"start":{"line":18,"column":7},"end":{"line":106,"column":1}},"loc":{"start":{"line":18,"column":7},"end":{"line":106,"column":1}},"line":18},"1":{"name":"getScrollElement","decl":{"start":{"line":38,"column":22},"end":{"line":38,"column":46}},"loc":{"start":{"line":38,"column":22},"end":{"line":38,"column":46}},"line":38},"2":{"name":"estimateSize","decl":{"start":{"line":39,"column":18},"end":{"line":39,"column":34}},"loc":{"start":{"line":39,"column":18},"end":{"line":39,"column":34}},"line":39}},"f":{"0":5,"1":5,"2":7}}
,"/Users/joneickmeier/projects/rfin/packages/finstack-ui/src/components/tables/index.ts": {"path":"/Users/joneickmeier/projects/rfin/packages/finstack-ui/src/components/tables/index.ts","all":false,"statementMap":{"0":{"start":{"line":1,"column":0},"end":{"line":1,"column":35}}},"s":{"0":1},"branchMap":{},"b":{},"fnMap":{},"f":{}}
,"/Users/joneickmeier/projects/rfin/packages/finstack-ui/src/components/ui/button.tsx": {"path":"/Users/joneickmeier/projects/rfin/packages/finstack-ui/src/components/ui/button.tsx","all":false,"statementMap":{"0":{"start":{"line":1,"column":0},"end":{"line":1,"column":31}},"6":{"start":{"line":7,"column":0},"end":{"line":7,"column":27}},"7":{"start":{"line":8,"column":0},"end":{"line":8,"column":349}},"8":{"start":{"line":9,"column":0},"end":{"line":9,"column":3}},"9":{"start":{"line":10,"column":0},"end":{"line":10,"column":15}},"10":{"start":{"line":11,"column":0},"end":{"line":11,"column":16}},"11":{"start":{"line":12,"column":0},"end":{"line":12,"column":74}},"12":{"start":{"line":13,"column":0},"end":{"line":13,"column":20}},"13":{"start":{"line":14,"column":0},"end":{"line":14,"column":79}},"14":{"start":{"line":15,"column":0},"end":{"line":15,"column":16}},"15":{"start":{"line":16,"column":0},"end":{"line":16,"column":91}},"16":{"start":{"line":17,"column":0},"end":{"line":17,"column":18}},"17":{"start":{"line":18,"column":0},"end":{"line":18,"column":73}},"18":{"start":{"line":19,"column":0},"end":{"line":19,"column":62}},"19":{"start":{"line":20,"column":0},"end":{"line":20,"column":64}},"20":{"start":{"line":21,"column":0},"end":{"line":21,"column":8}},"21":{"start":{"line":22,"column":0},"end":{"line":22,"column":13}},"22":{"start":{"line":23,"column":0},"end":{"line":23,"column":34}},"23":{"start":{"line":24,"column":0},"end":{"line":24,"column":34}},"24":{"start":{"line":25,"column":0},"end":{"line":25,"column":35}},"25":{"start":{"line":26,"column":0},"end":{"line":26,"column":26}},"26":{"start":{"line":27,"column":0},"end":{"line":27,"column":8}},"27":{"start":{"line":28,"column":0},"end":{"line":28,"column":6}},"28":{"start":{"line":29,"column":0},"end":{"line":29,"column":22}},"29":{"start":{"line":30,"column":0},"end":{"line":30,"column":25}},"30":{"start":{"line":31,"column":0},"end":{"line":31,"column":22}},"31":{"start":{"line":32,"column":0},"end":{"line":32,"column":6}},"32":{"start":{"line":33,"column":0},"end":{"line":33,"column":4}},"33":{"start":{"line":34,"column":0},"end":{"line":34,"column":2}},"42":{"start":{"line":43,"column":0},"end":{"line":43,"column":64}},"43":{"start":{"line":44,"column":0},"end":{"line":44,"column":69}},"44":{"start":{"line":45,"column":0},"end":{"line":45,"column":43}},"45":{"start":{"line":46,"column":0},"end":{"line":46,"column":12}},"46":{"start":{"line":47,"column":0},"end":{"line":47,"column":11}},"47":{"start":{"line":48,"column":0},"end":{"line":48,"column":68}},"48":{"start":{"line":49,"column":0},"end":{"line":49,"column":17}},"49":{"start":{"line":50,"column":0},"end":{"line":50,"column":18}},"50":{"start":{"line":51,"column":0},"end":{"line":51,"column":8}},"52":{"start":{"line":53,"column":0},"end":{"line":53,"column":4}},"53":{"start":{"line":54,"column":0},"end":{"line":54,"column":2}},"54":{"start":{"line":55,"column":0},"end":{"line":55,"column":30}}},"s":{"0":1,"6":1,"7":1,"8":1,"9":1,"10":1,"11":1,"12":1,"13":1,"14":1,"15":1,"16":1,"17":1,"18":1,"19":1,"20":1,"21":1,"22":1,"23":1,"24":1,"25":1,"26":1,"27":1,"28":1,"29":1,"30":1,"31":1,"32":1,"33":1,"42":1,"43":1,"44":16,"45":16,"46":16,"47":16,"48":16,"49":16,"50":16,"52":16,"53":1,"54":1},"branchMap":{"0":{"type":"branch","line":44,"loc":{"start":{"line":44,"column":2},"end":{"line":53,"column":4}},"locations":[{"start":{"line":44,"column":2},"end":{"line":53,"column":4}}]},"1":{"type":"branch","line":45,"loc":{"start":{"line":45,"column":17},"end":{"line":45,"column":34}},"locations":[{"start":{"line":45,"column":17},"end":{"line":45,"column":34}}]},"2":{"type":"branch","line":45,"loc":{"start":{"line":45,"column":27},"end":{"line":45,"column":43}},"locations":[{"start":{"line":45,"column":27},"end":{"line":45,"column":43}}]}},"b":{"0":[16],"1":[1],"2":[15]},"fnMap":{},"f":{}}
,"/Users/joneickmeier/projects/rfin/packages/finstack-ui/src/components/ui/index.ts": {"path":"/Users/joneickmeier/projects/rfin/packages/finstack-ui/src/components/ui/index.ts","all":true,"statementMap":{"0":{"start":{"line":1,"column":0},"end":{"line":1,"column":25}},"1":{"start":{"line":2,"column":0},"end":{"line":2,"column":24}},"2":{"start":{"line":3,"column":0},"end":{"line":3,"column":25}}},"s":{"0":0,"1":0,"2":0},"branchMap":{"0":{"type":"branch","line":1,"loc":{"start":{"line":1,"column":0},"end":{"line":3,"column":-37}},"locations":[{"start":{"line":1,"column":0},"end":{"line":3,"column":-37}}]}},"b":{"0":[0]},"fnMap":{"0":{"name":"(empty-report)","decl":{"start":{"line":1,"column":0},"end":{"line":3,"column":-37}},"loc":{"start":{"line":1,"column":0},"end":{"line":3,"column":-37}},"line":1}},"f":{"0":0}}
,"/Users/joneickmeier/projects/rfin/packages/finstack-ui/src/components/ui/input.tsx": {"path":"/Users/joneickmeier/projects/rfin/packages/finstack-ui/src/components/ui/input.tsx","all":false,"statementMap":{"0":{"start":{"line":1,"column":0},"end":{"line":1,"column":31}},"4":{"start":{"line":5,"column":0},"end":{"line":5,"column":80}},"5":{"start":{"line":6,"column":0},"end":{"line":6,"column":43}},"6":{"start":{"line":7,"column":0},"end":{"line":7,"column":12}},"7":{"start":{"line":8,"column":0},"end":{"line":8,"column":12}},"8":{"start":{"line":9,"column":0},"end":{"line":9,"column":19}},"9":{"start":{"line":10,"column":0},"end":{"line":10,"column":22}},"10":{"start":{"line":11,"column":0},"end":{"line":11,"column":395}},"11":{"start":{"line":12,"column":0},"end":{"line":12,"column":20}},"12":{"start":{"line":13,"column":0},"end":{"line":13,"column":10}},"13":{"start":{"line":14,"column":0},"end":{"line":14,"column":17}},"14":{"start":{"line":15,"column":0},"end":{"line":15,"column":18}},"15":{"start":{"line":16,"column":0},"end":{"line":16,"column":8}},"17":{"start":{"line":18,"column":0},"end":{"line":18,"column":4}},"18":{"start":{"line":19,"column":0},"end":{"line":19,"column":2}},"19":{"start":{"line":20,"column":0},"end":{"line":20,"column":28}}},"s":{"0":1,"4":1,"5":1,"6":54,"7":54,"8":54,"9":54,"10":54,"11":54,"12":54,"13":54,"14":54,"15":54,"17":54,"18":1,"19":1},"branchMap":{"0":{"type":"branch","line":6,"loc":{"start":{"line":6,"column":2},"end":{"line":18,"column":4}},"locations":[{"start":{"line":6,"column":2},"end":{"line":18,"column":4}}]}},"b":{"0":[54]},"fnMap":{},"f":{}}
,"/Users/joneickmeier/projects/rfin/packages/finstack-ui/src/components/ui/select.tsx": {"path":"/Users/joneickmeier/projects/rfin/packages/finstack-ui/src/components/ui/select.tsx","all":false,"statementMap":{"0":{"start":{"line":1,"column":0},"end":{"line":1,"column":31}},"6":{"start":{"line":7,"column":0},"end":{"line":7,"column":36}},"8":{"start":{"line":9,"column":0},"end":{"line":9,"column":42}},"10":{"start":{"line":11,"column":0},"end":{"line":11,"column":42}},"12":{"start":{"line":13,"column":0},"end":{"line":13,"column":39}},"15":{"start":{"line":16,"column":0},"end":{"line":16,"column":47}},"16":{"start":{"line":17,"column":0},"end":{"line":17,"column":26}},"17":{"start":{"line":18,"column":0},"end":{"line":18,"column":13}},"18":{"start":{"line":19,"column":0},"end":{"line":19,"column":18}},"19":{"start":{"line":20,"column":0},"end":{"line":20,"column":319}},"20":{"start":{"line":21,"column":0},"end":{"line":21,"column":16}},"21":{"start":{"line":22,"column":0},"end":{"line":22,"column":6}},"22":{"start":{"line":23,"column":0},"end":{"line":23,"column":14}},"24":{"start":{"line":25,"column":0},"end":{"line":25,"column":14}},"25":{"start":{"line":26,"column":0},"end":{"line":26,"column":34}},"26":{"start":{"line":27,"column":0},"end":{"line":27,"column":52}},"27":{"start":{"line":28,"column":0},"end":{"line":28,"column":27}},"28":{"start":{"line":29,"column":0},"end":{"line":29,"column":28}},"29":{"start":{"line":30,"column":0},"end":{"line":30,"column":3}},"30":{"start":{"line":31,"column":0},"end":{"line":31,"column":64}},"32":{"start":{"line":33,"column":0},"end":{"line":33,"column":46}},"35":{"start":{"line":36,"column":0},"end":{"line":36,"column":37}},"36":{"start":{"line":37,"column":0},"end":{"line":37,"column":33}},"37":{"start":{"line":38,"column":0},"end":{"line":38,"column":13}},"38":{"start":{"line":39,"column":0},"end":{"line":39,"column":18}},"39":{"start":{"line":40,"column":0},"end":{"line":40,"column":61}},"40":{"start":{"line":41,"column":0},"end":{"line":41,"column":16}},"41":{"start":{"line":42,"column":0},"end":{"line":42,"column":6}},"42":{"start":{"line":43,"column":0},"end":{"line":43,"column":14}},"44":{"start":{"line":45,"column":0},"end":{"line":45,"column":37}},"45":{"start":{"line":46,"column":0},"end":{"line":46,"column":35}},"46":{"start":{"line":47,"column":0},"end":{"line":47,"column":3}},"47":{"start":{"line":48,"column":0},"end":{"line":48,"column":78}},"49":{"start":{"line":50,"column":0},"end":{"line":50,"column":48}},"52":{"start":{"line":53,"column":0},"end":{"line":53,"column":37}},"53":{"start":{"line":54,"column":0},"end":{"line":54,"column":35}},"54":{"start":{"line":55,"column":0},"end":{"line":55,"column":13}},"55":{"start":{"line":56,"column":0},"end":{"line":56,"column":18}},"56":{"start":{"line":57,"column":0},"end":{"line":57,"column":61}},"57":{"start":{"line":58,"column":0},"end":{"line":58,"column":16}},"58":{"start":{"line":59,"column":0},"end":{"line":59,"column":6}},"59":{"start":{"line":60,"column":0},"end":{"line":60,"column":14}},"61":{"start":{"line":62,"column":0},"end":{"line":62,"column":39}},"62":{"start":{"line":63,"column":0},"end":{"line":63,"column":37}},"63":{"start":{"line":64,"column":0},"end":{"line":64,"column":3}},"64":{"start":{"line":65,"column":0},"end":{"line":65,"column":36}},"65":{"start":{"line":66,"column":0},"end":{"line":66,"column":47}},"67":{"start":{"line":68,"column":0},"end":{"line":68,"column":39}},"70":{"start":{"line":71,"column":0},"end":{"line":71,"column":68}},"71":{"start":{"line":72,"column":0},"end":{"line":72,"column":26}},"72":{"start":{"line":73,"column":0},"end":{"line":73,"column":28}},"73":{"start":{"line":74,"column":0},"end":{"line":74,"column":15}},"74":{"start":{"line":75,"column":0},"end":{"line":75,"column":20}},"75":{"start":{"line":76,"column":0},"end":{"line":76,"column":568}},"76":{"start":{"line":77,"column":0},"end":{"line":77,"column":32}},"77":{"start":{"line":78,"column":0},"end":{"line":78,"column":140}},"78":{"start":{"line":79,"column":0},"end":{"line":79,"column":18}},"79":{"start":{"line":80,"column":0},"end":{"line":80,"column":8}},"80":{"start":{"line":81,"column":0},"end":{"line":81,"column":25}},"81":{"start":{"line":82,"column":0},"end":{"line":82,"column":16}},"83":{"start":{"line":84,"column":0},"end":{"line":84,"column":30}},"84":{"start":{"line":85,"column":0},"end":{"line":85,"column":31}},"85":{"start":{"line":86,"column":0},"end":{"line":86,"column":22}},"86":{"start":{"line":87,"column":0},"end":{"line":87,"column":16}},"87":{"start":{"line":88,"column":0},"end":{"line":88,"column":34}},"88":{"start":{"line":89,"column":0},"end":{"line":89,"column":102}},"89":{"start":{"line":90,"column":0},"end":{"line":90,"column":10}},"91":{"start":{"line":92,"column":0},"end":{"line":92,"column":18}},"92":{"start":{"line":93,"column":0},"end":{"line":93,"column":33}},"93":{"start":{"line":94,"column":0},"end":{"line":94,"column":32}},"94":{"start":{"line":95,"column":0},"end":{"line":95,"column":30}},"95":{"start":{"line":96,"column":0},"end":{"line":96,"column":27}},"96":{"start":{"line":97,"column":0},"end":{"line":97,"column":3}},"97":{"start":{"line":98,"column":0},"end":{"line":98,"column":64}},"99":{"start":{"line":100,"column":0},"end":{"line":100,"column":37}},"102":{"start":{"line":103,"column":0},"end":{"line":103,"column":37}},"103":{"start":{"line":104,"column":0},"end":{"line":104,"column":24}},"104":{"start":{"line":105,"column":0},"end":{"line":105,"column":13}},"105":{"start":{"line":106,"column":0},"end":{"line":106,"column":71}},"106":{"start":{"line":107,"column":0},"end":{"line":107,"column":14}},"107":{"start":{"line":108,"column":0},"end":{"line":108,"column":4}},"108":{"start":{"line":109,"column":0},"end":{"line":109,"column":3}},"109":{"start":{"line":110,"column":0},"end":{"line":110,"column":60}},"111":{"start":{"line":112,"column":0},"end":{"line":112,"column":36}},"114":{"start":{"line":115,"column":0},"end":{"line":115,"column":47}},"115":{"start":{"line":116,"column":0},"end":{"line":116,"column":23}},"116":{"start":{"line":117,"column":0},"end":{"line":117,"column":13}},"117":{"start":{"line":118,"column":0},"end":{"line":118,"column":18}},"118":{"start":{"line":119,"column":0},"end":{"line":119,"column":226}},"119":{"start":{"line":120,"column":0},"end":{"line":120,"column":16}},"120":{"start":{"line":121,"column":0},"end":{"line":121,"column":6}},"121":{"start":{"line":122,"column":0},"end":{"line":122,"column":14}},"123":{"start":{"line":124,"column":0},"end":{"line":124,"column":83}},"124":{"start":{"line":125,"column":0},"end":{"line":125,"column":37}},"125":{"start":{"line":126,"column":0},"end":{"line":126,"column":37}},"126":{"start":{"line":127,"column":0},"end":{"line":127,"column":38}},"127":{"start":{"line":128,"column":0},"end":{"line":128,"column":11}},"129":{"start":{"line":130,"column":0},"end":{"line":130,"column":67}},"130":{"start":{"line":131,"column":0},"end":{"line":131,"column":25}},"131":{"start
[...]
},"end":{"line":87,"column":36}},"locations":[{"start":{"line":87,"column":19},"end":{"line":87,"column":36}}]},"6":{"type":"branch","line":87,"loc":{"start":{"line":87,"column":26},"end":{"line":90,"column":47}},"locations":[{"start":{"line":87,"column":26},"end":{"line":90,"column":47}}]},"7":{"type":"branch","line":90,"loc":{"start":{"line":90,"column":47},"end":{"line":90,"column":64}},"locations":[{"start":{"line":90,"column":47},"end":{"line":90,"column":64}}]},"8":{"type":"branch","line":90,"loc":{"start":{"line":90,"column":54},"end":{"line":92,"column":57}},"locations":[{"start":{"line":90,"column":54},"end":{"line":92,"column":57}}]},"9":{"type":"branch","line":92,"loc":{"start":{"line":92,"column":14},"end":{"line":93,"column":53}},"locations":[{"start":{"line":92,"column":14},"end":{"line":93,"column":53}}]},"10":{"type":"branch","line":95,"loc":{"start":{"line":95,"column":14},"end":{"line":96,"column":55}},"locations":[{"start":{"line":95,"column":14},"end":{"line":96,"column":55}}]},"11":{"type":"branch","line":96,"loc":{"start":{"line":96,"column":14},"end":{"line":96,"column":55}},"locations":[{"start":{"line":96,"column":14},"end":{"line":96,"column":55}}]},"12":{"type":"branch","line":96,"loc":{"start":{"line":96,"column":24},"end":{"line":97,"column":43}},"locations":[{"start":{"line":96,"column":24},"end":{"line":97,"column":43}}]},"13":{"type":"branch","line":98,"loc":{"start":{"line":98,"column":8},"end":{"line":98,"column":41}},"locations":[{"start":{"line":98,"column":8},"end":{"line":98,"column":41}}]},"14":{"type":"branch","line":98,"loc":{"start":{"line":98,"column":41},"end":{"line":100,"column":5}},"locations":[{"start":{"line":98,"column":41},"end":{"line":100,"column":5}}]},"15":{"type":"branch","line":99,"loc":{"start":{"line":99,"column":57},"end":{"line":99,"column":75}},"locations":[{"start":{"line":99,"column":57},"end":{"line":99,"column":75}}]},"16":{"type":"branch","line":101,"loc":{"start":{"line":101,"column":2},"end":{"line":105,"column":1}},"locations":[{"start":{"line":101,"column":2},"end":{"line":105,"column":1}}]},"17":{"type":"branch","line":107,"loc":{"start":{"line":107,"column":0},"end":{"line":113,"column":1}},"locations":[{"start":{"line":107,"column":0},"end":{"line":113,"column":1}}]},"18":{"type":"branch","line":110,"loc":{"start":{"line":110,"column":2},"end":{"line":112,"column":3}},"locations":[{"start":{"line":110,"column":2},"end":{"line":112,"column":3}}]},"19":{"type":"branch","line":116,"loc":{"start":{"line":116,"column":2},"end":{"line":130,"column":4}},"locations":[{"start":{"line":116,"column":2},"end":{"line":130,"column":4}}]},"20":{"type":"branch","line":121,"loc":{"start":{"line":121,"column":23},"end":{"line":121,"column":42}},"locations":[{"start":{"line":121,"column":23},"end":{"line":121,"column":42}}]},"21":{"type":"branch","line":123,"loc":{"start":{"line":123,"column":20},"end":{"line":125,"column":5}},"locations":[{"start":{"line":123,"column":20},"end":{"line":125,"column":5}}]},"22":{"type":"branch","line":138,"loc":{"start":{"line":138,"column":2},"end":{"line":350,"column":4}},"locations":[{"start":{"line":138,"column":2},"end":{"line":350,"column":4}}]},"23":{"type":"branch","line":145,"loc":{"start":{"line":145,"column":17},"end":{"line":146,"column":45}},"locations":[{"start":{"line":145,"column":17},"end":{"line":146,"column":45}}]},"24":{"type":"branch","line":146,"loc":{"start":{"line":146,"column":17},"end":{"line":147,"column":21}},"locations":[{"start":{"line":146,"column":17},"end":{"line":147,"column":21}}]},"25":{"type":"branch","line":149,"loc":{"start":{"line":149,"column":17},"end":{"line":150,"column":59}},"locations":[{"start":{"line":149,"column":17},"end":{"line":150,"column":59}}]},"26":{"type":"branch","line":150,"loc":{"start":{"line":150,"column":19},"end":{"line":151,"column":49}},"locations":[{"start":{"line":150,"column":19},"end":{"line":151,"column":49}}]},"27":{"type":"branch","line":151,"loc":{"start":{"line":151,"column":19},"end":{"line":152,"column":13}},"locations":[{"start":{"line":151,"column":19},"end":{"line":152,"column":13}}]},"28":{"type":"branch","line":156,"loc":{"start":{"line":156,"column":57},"end":{"line":246,"column":19}},"locations":[{"start":{"line":156,"column":57},"end":{"line":246,"column":19}}]},"29":{"type":"branch","line":156,"loc":{"start":{"line":156,"column":57},"end":{"line":201,"column":7}},"locations":[{"start":{"line":156,"column":57},"end":{"line":201,"column":7}}]},"30":{"type":"branch","line":158,"loc":{"start":{"line":158,"column":20},"end":{"line":159,"column":15}},"locations":[{"start":{"line":158,"column":20},"end":{"line":159,"column":15}}]},"31":{"type":"branch","line":170,"loc":{"start":{"line":170,"column":22},"end":{"line":170,"column":56}},"locations":[{"start":{"line":170,"column":22},"end":{"line":170,"column":56}}]},"32":{"type":"branch","line":170,"loc":{"start":{"line":170,"column":44},"end":{"line":170,"column":73}},"locations":[{"start":{"line":170,"column":44},"end":{"line":170,"column":73}}]},"33":{"type":"branch","line":171,"loc":{"start":{"line":171,"column":10},"end":{"line":171,"column":25}},"locations":[{"start":{"line":171,"column":10},"end":{"line":171,"column":25}}]},"34":{"type":"branch","line":172,"loc":{"start":{"line":172,"column":43},"end":{"line":172,"column":55}},"locations":[{"start":{"line":172,"column":43},"end":{"line":172,"column":55}}]},"35":{"type":"branch","line":173,"loc":{"start":{"line":173,"column":45},"end":{"line":173,"column":61}},"locations":[{"start":{"line":173,"column":45},"end":{"line":173,"column":61}}]},"36":{"type":"branch","line":196,"loc":{"start":{"line":196,"column":24},"end":{"line":196,"column":58}},"locations":[{"start":{"line":196,"column":24},"end":{"line":196,"column":58}}]},"37":{"type":"branch","line":205,"loc":{"start":{"line":205,"column":28},"end":{"line":230,"column":7}},"locations":[{"start":{"line":205,"column":28},"end":{"line":230,"column":7}}]},"38":{"type":"branch","line":208,"loc":{"start":{"line":208,"column":40},"end":{"line":209,"column":60}},"locations":[{"start":{"line":208,"column":40},"end":{"line":209,"column":60}}]},"39":{"type":"branch","line":221,"loc":{"start":{"line":221,"column":22},"end":{"line":222,"column":61}},"locations":[{"start":{"line":221,"column":22},"end":{"line":222,"column":61}}]},"40":{"type":"branch","line":226,"loc":{"start":{"line":226,"column":10},"end":{"line":228,"column":11}},"locations":[{"start":{"line":226,"column":10},"end":{"line":228,"column":11}}]},"41":{"type":"branch","line":234,"loc":{"start":{"line":234,"column":28},"end":{"line":245,"column":7}},"locations":[{"start":{"line":234,"column":28},"end":{"line":245,"column":7}}]},"42":{"type":"branch","line":239,"loc":{"start":{"line":239,"column":10},"end":{"line":241,"column":11}},"locations":[{"start":{"line":239,"column":10},"end":{"line":241,"column":11}}]},"43":{"type":"branch","line":242,"loc":{"start":{"line":242,"column":8},"end":{"line":244,"column":9}},"locations":[{"start":{"line":242,"column":8},"end":{"line":244,"column":9}}]},"44":{"type":"branch","line":246,"loc":{"start":{"line":246,"column":19},"end":{"line":252,"column":7}},"locations":[{"start":{"line":246,"column":19},"end":{"line":252,"column":7}}]},"45":{"type":"branch","line":249,"loc":{"start":{"line":249,"column":8},"end":{"line":251,"column":9}},"locations":[{"start":{"line":249,"column":8},"end":{"line":251,"column":9}}]},"46":{"type":"branch","line":252,"loc":{"start":{"line":252,"column":6},"end":{"line":257,"column":25}},"locations":[{"start":{"line":252,"column":6},"end":{"line":257,"column":25}}]},"47":{"type":"branch","line":257,"loc":{"start":{"line":257,"column":25},"end":{"line":258,"column":44}},"locations":[{"start":{"line":257,"column":25},"end":{"line":258,"column":44}}]},"48":{"type":"branch","line":258,"loc":{"start":{"line":258,"column":35},"end":{"line":259,"column":31}},"locations":[{"start":{"line":258,"column":35},"end":{"line":259,"column":31}}]},"49":{"type":"branch","line":260,"loc":{"start":{"line":260,"column":8},"end":{"line":277,"column":19}},"locations":[{"start":{"line":260,"column":8},"end":{"line":277,"column":19}}]},"50":{"type":"branch","line":260,"loc":{"start":{"line":260,"column":8},"end":{"line":265,"column":7}},"locations":[{"start":{"line":260,"column":8},"end":{"line":265,"column":7}}]},"51":{"type":"branch","line":268,"loc":{"start":{"line":268,"column":48},"end":{"line":275,"column":7}},"locations":[{"start":{"line":268,"column":48},"end":{"line":275,"column":7}}]},"52":{"type":"branch","line":272,"loc":{"start":{"line":272,"column":8},"end":{"line":274,"column":9}},"locations":[{"start":{"line":272,"column":8},"end":{"line":274,"column":9}}]},"53":{"type":"branch","line":277,"loc":{"start":{"line":277,"column":19},"end":{"line":279,"column":7}},"locations":[{"start":{"line":277,"column":19},"end":{"line":279,"column":7}}]},"54":{"type":"branch","line":279,"loc":{"start":{"line":279,"column":6},"end":{"line":293,"column":53}},"locations":[{"start":{"line":279,"column":6},"end":{"line":293,"column":53}}]},"55":{"type":"branch","line":281,"loc":{"start":{"line":281,"column":23},"end":{"line":285,"column":7}},"locations":[{"start":{"line":281,"column":23},"end":{"line":285,"column":7}}]},"56":{"type":"branch","line":285,"loc":{"start":{"line":285,"column":6},"end":{"line":293,"column":53}},"locations":[{"start":{"line":285,"column":6},"end":{"line":293,"column":53}}]},"57":{"type":"branch","line":293,"loc":{"start":{"line":293,"column":52},"end":{"line":294,"column":50}},"locations":[{"start":{"line":293,"column":52},"end":{"line":294,"column":50}}]},"58":{"type":"branch","line":321,"loc":{"start":{"line":321,"column":10},"end":{"line":321,"column":29}},"locations":[{"start":{"line":321,"column":10},"end":{"line":321,"column":29}}]},"59":{"type":"branch","line":323,"loc":{"start":{"line":323,"column":34},"end":{"line":323,"column":73}},"locations":[{"start":{"line":323,"column":34},"end":{"line":323,"column":73}}]},"60":{"type":"branch","line":323,"loc":{"start":{"line":323,"column":69},"end":{"line":323,"column":77}},"locations":[{"start":{"line":323,"column":69},"end":{"line":323,"column":77}}]},"61":{"type":"branch","line":328,"loc":{"start":{"line":328,"column":22},"end":{"line":328,"column":56}},"locations":[{"start":{"line":328,"column":22},"end":{"line":328,"column":56}}]},"62":{"type":"branch","line":328,"loc":{"start":{"line":328,"column":41},"end":{"line":328,"column":61}},"locations":[{"start":{"line":328,"column":41},"end":{"line":328,"column":61}}]},"63":{"type":"branch","line":330,"loc":{"start":{"line":330,"column":20},"end":{"line":333,"column":12}},"locations":[{"start":{"line":330,"column":20},"end":{"line":333,"column":12}}]},"64":{"type":"branch","line":336,"loc":{"start":{"line":336,"column":78},"end":{"line":338,"column":31}},"locations":[{"start":{"line":336,"column":78},"end":{"line":338,"column":31}}]},"65":{"type":"branch","line":338,"loc":{"start":{"line":338,"column":29},"end":{"line":339,"column":22}},"locations":[{"start":{"line":338,"column":29},"end":{"line":339,"column":22}}]},"66":{"type":"branch","line":342,"loc":{"start":{"line":342,"column":4},"end":{"line":349,"column":5}},"locations":[{"start":{"line":342,"column":4},"end":{"line":349,"column":5}}]},"67":{"type":"branch","line":346,"loc":{"start":{"line":346,"column":22},"end":{"line":346,"column":56}},"locations":[{"start":{"line":346,"column":22},"end":{"line":346,"column":56}}]},"68":{"type":"branch","line":161,"loc":{"start":{"line":161,"column":10},"end":{"line":162,"column":76}},"locations":[{"start":{"line":161,"column":10},"end":{"line":162,"column":76}}]},"69":{"type":"branch","line":162,"loc":{"start":{"line":162,"column":21},"end":{"line":162,"column":42}},"locations":[{"start":{"line":162,"column":21},"end":{"line":162,"column":42}}]},"70":{"type":"branch","line":162,"loc":{"start":{"line":162,"column":34},"end":{"line":162,"column":48}},"locations":[{"start":{"line":162,"column":34},"end":{"line":162,"column":48}}]},"71":{"type":"branch","line":165,"loc":{"start":{"line":165,"column":10},"end":{"line":166,"column":76}},"locations":[{"start":{"line":165,"column":10},"end":{"line":166,"column":76}}]},"72":{"type":"branch","line":166,"loc":{"start":{"line":166,"column":21},"end":{"line":166,"column":42}},"locations":[{"start":{"line":166,"column":21},"end":{"line":166,"column":42}}]},"73":{"type":"branch","line":166,"loc":{"start":{"line":166,"column":34},"end":{"line":166,"column":48}},"locations":[{"start":{"line":166,"column":34},"end":{"line":166,"column":48}}]},"74":{"type":"branch","line":263,"loc":{"start":{"line":263,"column":36},"end":{"line":263,"column":71}},"locations":[{"start":{"line":263,"column":36},"end":{"line":263,"column":71}}]},"75":{"type":"branch","line":352,"loc":{"start":{"line":352,"column":2},"end":{"line":375,"column":4}},"locations":[{"start":{"line":352,"column":2},"end":{"line":375,"column":4}}]},"76":{"type":"branch","line":361,"loc":{"start":{"line":361,"column":39},"end":{"line":361,"column":59}},"locations":[{"start":{"line":361,"column":39},"end":{"line":361,"column":59}}]},"77":{"type":"branch","line":366,"loc":{"start":{"line":366,"column":10},"end":{"line":366,"column":18}},"locations":[{"start":{"line":366,"column":10},"end":{"line":366,"column":18}}]},"78":{"type":"branch","line":368,"loc":{"start":{"line":368,"column":4},"end":{"line":374,"column":5}},"locations":[{"start":{"line":368,"column":4},"end":{"line":374,"column":5}}]},"79":{"type":"branch","line":363,"loc":{"start":{"line":363,"column":29},"end":{"line":366,"column":10}},"locations":[{"start":{"line":363,"column":29},"end":{"line":366,"column":10}}]},"80":{"type":"branch","line":364,"loc":{"start":{"line":364,"column":19},"end":{"line":364,"column":42}},"locations":[{"start":{"line":364,"column":19},"end":{"line":364,"column":42}}]},"81":{"type":"branch","line":365,"loc":{"start":{"line":365,"column":18},"end":{"line":365,"column":32}},"locations":[{"start":{"line":365,"column":18},"end":{"line":365,"column":32}}]},"82":{"type":"branch","line":377,"loc":{"start":{"line":377,"column":2},"end":{"line":400,"column":4}},"locations":[{"start":{"line":377,"column":2},"end":{"line":400,"column":4}}]},"83":{"type":"branch","line":386,"loc":{"start":{"line":386,"column":39},"end":{"line":386,"column":63}},"locations":[{"start":{"line":386,"column":39},"end":{"line":386,"column":63}}]},"84":{"type":"branch","line":391,"loc":{"start":{"line":391,"column":10},"end":{"line":391,"column":18}},"locations":[{"start":{"line":391,"column":10},"end":{"line":391,"column":18}}]},"85":{"type":"branch","line":393,"loc":{"start":{"line":393,"column":4},"end":{"line":399,"column":5}},"locations":[{"start":{"line":393,"column":4},"end":{"line":399,"column":5}}]},"86":{"type":"branch","line":388,"loc":{"start":{"line":388,"column":29},"end":{"line":391,"column":10}},"locations":[{"start":{"line":388,"column":29},"end":{"line":391,"column":10}}]},"87":{"type":"branch","line":389,"loc":{"start":{"line":389,"column":19},"end":{"line":389,"column":42}},"locations":[{"start":{"line":389,"column":19},"end":{"line":389,"column":42}}]},"88":{"type":"branch","line":390,"loc":{"start":{"line":390,"column":18},"end":{"line":390,"column":32}},"locations":[{"start":{"line":390,"column":18},"end":{"line":390,"column":32}}]}},"b":{"0":[13],"1":[6],"2":[6],"3":[0],"4":[7],"5":[3],"6":[4],"7":[0],"8":[4],"9":[1],"10":[2],"11":[1],"12":[1],"13":[0],"14":[4],"15":[0],"16":[0],"17":[10],"18":[1],"19":[5],"20":[3],"21":[2],"22":[4],"23":[2],"24":[1],"25":[1],"26":[1],"27":[1],"28":[3],"29":[1],"30":[0],"31":[0],"32":[0],"33":[0],"34":[0],"35":[0],"36":[0],"37":[2],"38":[0],"39":[0],"40":[0],"41":[2],"42":[0],"43":[0],"44":[1],"45":[0],"46":[3],"47":[1],"48":[1],"49":[3],"50":[2],"51":[2],"52":[0],"53":[0],"54":[3],"55":[1],"56":[2],"57":[0],"58":[0],"59":[2],"60":[0],"61":[2],"62":[0],"63":[0],"64":[0],"65":[2],"66":[1],"67":[0],"68":[1],"69":[0],"70":[0],"71":[2],"72":[0],"73":[0],"74":[2],"75":[1],"76":[0],"77":[0],"78":[0],"79":[1],"80":[0],"81":[0],"82":[1],"83":[0],"84":[0],"85":[0],"86":[1],"87":[0],"88":[0]},"fnMap":{"0":{"name":"ensureWorkerWasmInit","decl":{"start":{"line":57,"column":0},"end":{"line":77,"column":1}},"loc":{"start":{"line":57,"column":0},"end":{"line":77,"column":1}},"line":57},"1":{"name":"extractRounding","decl":{"start":{"line":84,"column":0},"end":{"line":105,"column":1}},"loc":{"start":{"line":84,"column":0},"end":{"line":105,"column":1}},"line":84},"2":{"name":"parseJsonSafe","decl":{"start":{"line":107,"column":0},"end":{"line":113,"column":1}},"loc":{"start":{"line":107,"column":0},"end":{"line":113,"column":1}},"line":107},"3":{"name":"initialize","decl":{"start":{"line":116,"column":2},"end":{"line":130,"column":4}},"loc":{"start":{"line":116,"column":2},"end":{"line":130,"column":4}},"line":116},"4":{"name":"loadMarket","decl":{"start":{"line":132,"column":2},"end":{"line":136,"column":4}},"loc":{"start":{"line":132,"column":2},"end":{"line":136,"column":4}},"line":132},"5":{"name":"priceInstrument","decl":{"start":{"line":138,"column":2},"end":{"line":350,"column":4}},"loc":{"start":{"line":138,"column":2},"end":{"line":350,"column":4}},"line":138},"6":{"name":"calibrateDiscountCurve","decl":{"start":{"line":352,"column":2},"end":{"line":375,"column":4}},"loc":{"start":{"line":352,"column":2},"end":{"line":375,"column":4}},"line":352},"7":{"name":"calibrateForwardCurve","decl":{"start":{"line":377,"column":2},"end":{"line":400,"column":4}},"loc":{"start":{"line":377,"column":2},"end":{"line":400,"column":4}},"line":377}},"f":{"0":13,"1":7,"2":10,"3":5,"4":0,"5":4,"6":1,"7":1}}
,"/Users/joneickmeier/projects/rfin/packages/finstack-ui/src/workers/pool.ts": {"path":"/Users/joneickmeier/projects/rfin/packages/finstack-ui/src/workers/pool.ts","all":false,"statementMap":{"0":{"start":{"line":1,"column":0},"end":{"line":1,"column":44}},"3":{"start":{"line":4,"column":0},"end":{"line":4,"column":74}},"4":{"start":{"line":5,"column":0},"end":{"line":5,"column":36}},"6":{"start":{"line":7,"column":0},"end":{"line":7,"column":73}},"7":{"start":{"line":8,"column":0},"end":{"line":8,"column":75}},"8":{"start":{"line":9,"column":0},"end":{"line":9,"column":19}},"9":{"start":{"line":10,"column":0},"end":{"line":10,"column":5}},"10":{"start":{"line":11,"column":0},"end":{"line":11,"column":50}},"11":{"start":{"line":12,"column":0},"end":{"line":12,"column":1}},"13":{"start":{"line":14,"column":0},"end":{"line":14,"column":77}},"14":{"start":{"line":15,"column":0},"end":{"line":15,"column":23}},"15":{"start":{"line":16,"column":0},"end":{"line":16,"column":35}},"16":{"start":{"line":17,"column":0},"end":{"line":17,"column":3}},"17":{"start":{"line":18,"column":0},"end":{"line":18,"column":23}},"18":{"start":{"line":19,"column":0},"end":{"line":19,"column":1}},"20":{"start":{"line":21,"column":0},"end":{"line":21,"column":37}},"21":{"start":{"line":22,"column":0},"end":{"line":22,"column":25}},"22":{"start":{"line":23,"column":0},"end":{"line":23,"column":19}},"23":{"start":{"line":24,"column":0},"end":{"line":24,"column":23}},"24":{"start":{"line":25,"column":0},"end":{"line":25,"column":1}}},"s":{"0":1,"3":1,"4":1,"6":0,"7":0,"8":0,"9":0,"10":0,"11":0,"13":1,"14":0,"15":0,"16":0,"17":0,"18":0,"20":1,"21":0,"22":0,"23":0,"24":0},"branchMap":{},"b":{},"fnMap":{"0":{"name":"createWorker","decl":{"start":{"line":7,"column":0},"end":{"line":12,"column":1}},"loc":{"start":{"line":7,"column":0},"end":{"line":12,"column":1}},"line":7},"1":{"name":"getEngineWorker","decl":{"start":{"line":14,"column":7},"end":{"line":19,"column":1}},"loc":{"start":{"line":14,"column":7},"end":{"line":19,"column":1}},"line":14},"2":{"name":"resetEngineWorker","decl":{"start":{"line":21,"column":7},"end":{"line":25,"column":1}},"loc":{"start":{"line":21,"column":7},"end":{"line":25,"column":1}},"line":21}},"f":{"0":0,"1":0,"2":0}}
}
