{"/Users/joneickmeier/projects/rfin/packages/finstack-ui/postcss.config.cjs": {"path":"/Users/joneickmeier/projects/rfin/packages/finstack-ui/postcss.config.cjs","all":true,"statementMap":{"0":{"start":{"line":1,"column":0},"end":{"line":1,"column":18}},"1":{"start":{"line":2,"column":0},"end":{"line":2,"column":12}},"2":{"start":{"line":3,"column":0},"end":{"line":3,"column":20}},"3":{"start":{"line":4,"column":0},"end":{"line":4,"column":20}},"4":{"start":{"line":5,"column":0},"end":{"line":5,"column":3}},"5":{"start":{"line":6,"column":0},"end":{"line":6,"column":2}}},"s":{"0":0,"1":0,"2":0,"3":0,"4":0,"5":0},"branchMap":{"0":{"type":"branch","line":1,"loc":{"start":{"line":1,"column":80},"end":{"line":6,"column":2}},"locations":[{"start":{"line":1,"column":80},"end":{"line":6,"column":2}}]}},"b":{"0":[0]},"fnMap":{"0":{"name":"(empty-report)","decl":{"start":{"line":1,"column":80},"end":{"line":6,"column":2}},"loc":{"start":{"line":1,"column":80},"end":{"line":6,"column":2}},"line":1}},"f":{"0":0}}
,"/Users/joneickmeier/projects/rfin/packages/finstack-ui/tailwind.config.cjs": {"path":"/Users/joneickmeier/projects/rfin/packages/finstack-ui/tailwind.config.cjs","all":true,"statementMap":{"0":{"start":{"line":1,"column":0},"end":{"line":1,"column":45}},"1":{"start":{"line":2,"column":0},"end":{"line":2,"column":0}},"2":{"start":{"line":3,"column":0},"end":{"line":3,"column":43}},"3":{"start":{"line":4,"column":0},"end":{"line":4,"column":18}},"4":{"start":{"line":5,"column":0},"end":{"line":5,"column":22}},"5":{"start":{"line":6,"column":0},"end":{"line":6,"column":51}},"6":{"start":{"line":7,"column":0},"end":{"line":7,"column":10}},"7":{"start":{"line":8,"column":0},"end":{"line":8,"column":16}},"8":{"start":{"line":9,"column":0},"end":{"line":9,"column":19}},"9":{"start":{"line":10,"column":0},"end":{"line":10,"column":22}},"10":{"start":{"line":11,"column":0},"end":{"line":11,"column":16}},"11":{"start":{"line":12,"column":0},"end":{"line":12,"column":23}},"12":{"start":{"line":13,"column":0},"end":{"line":13,"column":7}},"13":{"start":{"line":14,"column":0},"end":{"line":14,"column":6}},"14":{"start":{"line":15,"column":0},"end":{"line":15,"column":13}},"15":{"start":{"line":16,"column":0},"end":{"line":16,"column":15}},"16":{"start":{"line":17,"column":0},"end":{"line":17,"column":37}},"17":{"start":{"line":18,"column":0},"end":{"line":18,"column":35}},"18":{"start":{"line":19,"column":0},"end":{"line":19,"column":33}},"19":{"start":{"line":20,"column":0},"end":{"line":20,"column":45}},"20":{"start":{"line":21,"column":0},"end":{"line":21,"column":45}},"21":{"start":{"line":22,"column":0},"end":{"line":22,"column":18}},"22":{"start":{"line":23,"column":0},"end":{"line":23,"column":41}},"23":{"start":{"line":24,"column":0},"end":{"line":24,"column":54}},"24":{"start":{"line":25,"column":0},"end":{"line":25,"column":10}},"25":{"start":{"line":26,"column":0},"end":{"line":26,"column":20}},"26":{"start":{"line":27,"column":0},"end":{"line":27,"column":43}},"27":{"start":{"line":28,"column":0},"end":{"line":28,"column":56}},"28":{"start":{"line":29,"column":0},"end":{"line":29,"column":10}},"29":{"start":{"line":30,"column":0},"end":{"line":30,"column":22}},"30":{"start":{"line":31,"column":0},"end":{"line":31,"column":45}},"31":{"start":{"line":32,"column":0},"end":{"line":32,"column":58}},"32":{"start":{"line":33,"column":0},"end":{"line":33,"column":10}},"33":{"start":{"line":34,"column":0},"end":{"line":34,"column":16}},"34":{"start":{"line":35,"column":0},"end":{"line":35,"column":39}},"35":{"start":{"line":36,"column":0},"end":{"line":36,"column":52}},"36":{"start":{"line":37,"column":0},"end":{"line":37,"column":10}},"37":{"start":{"line":38,"column":0},"end":{"line":38,"column":17}},"38":{"start":{"line":39,"column":0},"end":{"line":39,"column":40}},"39":{"start":{"line":40,"column":0},"end":{"line":40,"column":53}},"40":{"start":{"line":41,"column":0},"end":{"line":41,"column":10}},"41":{"start":{"line":42,"column":0},"end":{"line":42,"column":18}},"42":{"start":{"line":43,"column":0},"end":{"line":43,"column":41}},"43":{"start":{"line":44,"column":0},"end":{"line":44,"column":54}},"44":{"start":{"line":45,"column":0},"end":{"line":45,"column":10}},"45":{"start":{"line":46,"column":0},"end":{"line":46,"column":15}},"46":{"start":{"line":47,"column":0},"end":{"line":47,"column":38}},"47":{"start":{"line":48,"column":0},"end":{"line":48,"column":51}},"48":{"start":{"line":49,"column":0},"end":{"line":49,"column":9}},"49":{"start":{"line":50,"column":0},"end":{"line":50,"column":8}},"50":{"start":{"line":51,"column":0},"end":{"line":51,"column":21}},"51":{"start":{"line":52,"column":0},"end":{"line":52,"column":28}},"52":{"start":{"line":53,"column":0},"end":{"line":53,"column":40}},"53":{"start":{"line":54,"column":0},"end":{"line":54,"column":39}},"54":{"start":{"line":55,"column":0},"end":{"line":55,"column":8}},"55":{"start":{"line":56,"column":0},"end":{"line":56,"column":18}},"56":{"start":{"line":57,"column":0},"end":{"line":57,"column":27}},"57":{"start":{"line":58,"column":0},"end":{"line":58,"column":30}},"58":{"start":{"line":59,"column":0},"end":{"line":59,"column":65}},"59":{"start":{"line":60,"column":0},"end":{"line":60,"column":10}},"60":{"start":{"line":61,"column":0},"end":{"line":61,"column":25}},"61":{"start":{"line":62,"column":0},"end":{"line":62,"column":68}},"62":{"start":{"line":63,"column":0},"end":{"line":63,"column":27}},"63":{"start":{"line":64,"column":0},"end":{"line":64,"column":9}},"64":{"start":{"line":65,"column":0},"end":{"line":65,"column":8}},"65":{"start":{"line":66,"column":0},"end":{"line":66,"column":18}},"66":{"start":{"line":67,"column":0},"end":{"line":67,"column":57}},"67":{"start":{"line":68,"column":0},"end":{"line":68,"column":52}},"68":{"start":{"line":69,"column":0},"end":{"line":69,"column":7}},"69":{"start":{"line":70,"column":0},"end":{"line":70,"column":5}},"70":{"start":{"line":71,"column":0},"end":{"line":71,"column":4}},"71":{"start":{"line":72,"column":0},"end":{"line":72,"column":78}},"72":{"start":{"line":73,"column":0},"end":{"line":73,"column":48}},"73":{"start":{"line":74,"column":0},"end":{"line":74,"column":5}},"74":{"start":{"line":75,"column":0},"end":{"line":75,"column":2}}},"s":{"0":0,"1":0,"2":0,"3":0,"4":0,"5":0,"6":0,"7":0,"8":0,"9":0,"10":0,"11":0,"12":0,"13":0,"14":0,"15":0,"16":0,"17":0,"18":0,"19":0,"20":0,"21":0,"22":0,"23":0,"24":0,"25":0,"26":0,"27":0,"28":0,"29":0,"30":0,"31":0,"32":0,"33":0,"34":0,"35":0,"36":0,"37":0,"38":0,"39":0,"40":0,"41":0,"42":0,"43":0,"44":0,"45":0,"46":0,"47":0,"48":0,"49":0,"50":0,"51":0,"52":0,"53":0,"54":0,"55":0,"56":0,"57":0,"58":0,"59":0,"60":0,"61":0,"62":0,"63":0,"64":0,"65":0,"66":0,"67":0,"68":0,"69":0,"70":0,"71":0,"72":0,"73":0,"74":0},"branchMap":{"0":{"type":"branch","line":1,"loc":{"start":{"line":1,"column":2162},"end":{"line":75,"column":2}},"locations":[{"start":{"line":1,"column":2162},"end":{"line":75,"column":2}}]}},"b":{"0":[0]},"fnMap":{"0":{"name":"(empty-report)","decl":{"start":{"line":1,"column":2162},"end":{"line":75,"column":2}},"loc":{"start":{"line":1,"column":2162},"end":{"line":75,"column":2}},"line":1}},"f":{"0":0}}
,"/Users/joneickmeier/projects/rfin/packages/finstack-ui/src/index.ts": {"path":"/Users/joneickmeier/projects/rfin/packages/finstack-ui/src/index.ts","all":true,"statementMap":{"0":{"start":{"line":1,"column":0},"end":{"line":1,"column":22}},"2":{"start":{"line":3,"column":0},"end":{"line":3,"column":54}},"3":{"start":{"line":4,"column":0},"end":{"line":4,"column":52}},"4":{"start":{"line":5,"column":0},"end":{"line":5,"column":55}},"5":{"start":{"line":6,"column":0},"end":{"line":6,"column":51}},"6":{"start":{"line":7,"column":0},"end":{"line":7,"column":51}},"7":{"start":{"line":8,"column":0},"end":{"line":8,"column":32}},"8":{"start":{"line":9,"column":0},"end":{"line":9,"column":36}},"9":{"start":{"line":10,"column":0},"end":{"line":10,"column":42}},"10":{"start":{"line":11,"column":0},"end":{"line":11,"column":36}},"12":{"start":{"line":13,"column":0},"end":{"line":13,"column":33}}},"s":{"0":0,"2":0,"3":0,"4":0,"5":0,"6":0,"7":0,"8":0,"9":0,"10":0,"12":0},"branchMap":{"0":{"type":"branch","line":1,"loc":{"start":{"line":1,"column":548},"end":{"line":13,"column":33}},"locations":[{"start":{"line":1,"column":548},"end":{"line":13,"column":33}}]}},"b":{"0":[0]},"fnMap":{"0":{"name":"(empty-report)","decl":{"start":{"line":1,"column":548},"end":{"line":13,"column":33}},"loc":{"start":{"line":1,"column":548},"end":{"line":13,"column":33}},"line":1}},"f":{"0":0}}
,"/Users/joneickmeier/projects/rfin/packages/finstack-ui/src/components/primitives/AmountDisplay.tsx": {"path":"/Users/joneickmeier/projects/rfin/packages/finstack-ui/src/components/primitives/AmountDisplay.tsx","all":false,"statementMap":{"0":{"start":{"line":1,"column":0},"end":{"line":1,"column":44}},"13":{"start":{"line":14,"column":0},"end":{"line":14,"column":78}},"15":{"start":{"line":16,"column":0},"end":{"line":16,"column":31}},"16":{"start":{"line":17,"column":0},"end":{"line":17,"column":8}},"17":{"start":{"line":18,"column":0},"end":{"line":18,"column":11}},"18":{"start":{"line":19,"column":0},"end":{"line":19,"column":18}},"19":{"start":{"line":20,"column":0},"end":{"line":20,"column":12}},"20":{"start":{"line":21,"column":0},"end":{"line":21,"column":24}},"21":{"start":{"line":22,"column":0},"end":{"line":22,"column":50}},"22":{"start":{"line":23,"column":0},"end":{"line":23,"column":26}},"23":{"start":{"line":24,"column":0},"end":{"line":24,"column":73}},"25":{"start":{"line":26,"column":0},"end":{"line":26,"column":26}},"26":{"start":{"line":27,"column":0},"end":{"line":27,"column":79}},"27":{"start":{"line":28,"column":0},"end":{"line":28,"column":40}},"28":{"start":{"line":29,"column":0},"end":{"line":29,"column":4}},"30":{"start":{"line":31,"column":0},"end":{"line":31,"column":10}},"31":{"start":{"line":32,"column":0},"end":{"line":32,"column":80}},"32":{"start":{"line":33,"column":0},"end":{"line":33,"column":15}},"33":{"start":{"line":34,"column":0},"end":{"line":34,"column":11}},"35":{"start":{"line":36,"column":0},"end":{"line":36,"column":1}}},"s":{"0":1,"13":1,"15":1,"16":1,"17":1,"18":1,"19":1,"20":1,"21":1,"22":1,"23":1,"25":1,"26":1,"27":1,"28":1,"30":1,"31":1,"32":1,"33":1,"35":1},"branchMap":{"0":{"type":"branch","line":16,"loc":{"start":{"line":16,"column":7},"end":{"line":36,"column":1}},"locations":[{"start":{"line":16,"column":7},"end":{"line":36,"column":1}}]},"1":{"type":"branch","line":24,"loc":{"start":{"line":24,"column":4},"end":{"line":24,"column":55}},"locations":[{"start":{"line":24,"column":4},"end":{"line":24,"column":55}}]},"2":{"type":"branch","line":24,"loc":{"start":{"line":24,"column":36},"end":{"line":24,"column":73}},"locations":[{"start":{"line":24,"column":36},"end":{"line":24,"column":73}}]},"3":{"type":"branch","line":27,"loc":{"start":{"line":27,"column":4},"end":{"line":27,"column":79}},"locations":[{"start":{"line":27,"column":4},"end":{"line":27,"column":79}}]}},"b":{"0":[1],"1":[0],"2":[0],"3":[1]},"fnMap":{"0":{"name":"AmountDisplay","decl":{"start":{"line":16,"column":7},"end":{"line":36,"column":1}},"loc":{"start":{"line":16,"column":7},"end":{"line":36,"column":1}},"line":16}},"f":{"0":1}}
,"/Users/joneickmeier/projects/rfin/packages/finstack-ui/src/components/primitives/AmountInput.tsx": {"path":"/Users/joneickmeier/projects/rfin/packages/finstack-ui/src/components/primitives/AmountInput.tsx","all":false,"statementMap":{"0":{"start":{"line":1,"column":0},"end":{"line":1,"column":41}},"15":{"start":{"line":16,"column":0},"end":{"line":16,"column":29}},"16":{"start":{"line":17,"column":0},"end":{"line":17,"column":8}},"17":{"start":{"line":18,"column":0},"end":{"line":18,"column":11}},"18":{"start":{"line":19,"column":0},"end":{"line":19,"column":11}},"19":{"start":{"line":20,"column":0},"end":{"line":20,"column":7}},"20":{"start":{"line":21,"column":0},"end":{"line":21,"column":14}},"21":{"start":{"line":22,"column":0},"end":{"line":22,"column":11}},"22":{"start":{"line":23,"column":0},"end":{"line":23,"column":12}},"23":{"start":{"line":24,"column":0},"end":{"line":24,"column":22}},"24":{"start":{"line":25,"column":0},"end":{"line":25,"column":66}},"25":{"start":{"line":26,"column":0},"end":{"line":26,"column":58}},"26":{"start":{"line":27,"column":0},"end":{"line":27,"column":19}},"27":{"start":{"line":28,"column":0},"end":{"line":28,"column":4}},"29":{"start":{"line":30,"column":0},"end":{"line":30,"column":10}},"30":{"start":{"line":31,"column":0},"end":{"line":31,"column":62}},"31":{"start":{"line":32,"column":0},"end":{"line":32,"column":19}},"32":{"start":{"line":33,"column":0},"end":{"line":33,"column":13}},"33":{"start":{"line":34,"column":0},"end":{"line":34,"column":51}},"34":{"start":{"line":35,"column":0},"end":{"line":35,"column":44}},"36":{"start":{"line":37,"column":0},"end":{"line":37,"column":20}},"37":{"start":{"line":38,"column":0},"end":{"line":38,"column":15}},"38":{"start":{"line":39,"column":0},"end":{"line":39,"column":15}},"39":{"start":{"line":40,"column":0},"end":{"line":40,"column":12}},"40":{"start":{"line":41,"column":0},"end":{"line":41,"column":19}},"41":{"start":{"line":42,"column":0},"end":{"line":42,"column":27}},"42":{"start":{"line":43,"column":0},"end":{"line":43,"column":26}},"43":{"start":{"line":44,"column":0},"end":{"line":44,"column":21}},"44":{"start":{"line":45,"column":0},"end":{"line":45,"column":31}},"45":{"start":{"line":46,"column":0},"end":{"line":46,"column":19}},"46":{"start":{"line":47,"column":0},"end":{"line":47,"column":43}},"47":{"start":{"line":48,"column":0},"end":{"line":48,"column":27}},"48":{"start":{"line":49,"column":0},"end":{"line":49,"column":33}},"49":{"start":{"line":50,"column":0},"end":{"line":50,"column":8}},"50":{"start":{"line":51,"column":0},"end":{"line":51,"column":10}},"52":{"start":{"line":53,"column":0},"end":{"line":53,"column":1}}},"s":{"0":1,"15":1,"16":1,"17":1,"18":1,"19":1,"20":1,"21":1,"22":1,"23":1,"24":1,"25":1,"26":1,"27":1,"29":1,"30":1,"31":1,"32":1,"33":1,"34":1,"36":1,"37":1,"38":0,"39":1,"40":1,"41":1,"42":1,"43":1,"44":1,"45":1,"46":1,"47":1,"48":1,"49":1,"50":1,"52":1},"branchMap":{"0":{"type":"branch","line":16,"loc":{"start":{"line":16,"column":7},"end":{"line":53,"column":1}},"locations":[{"start":{"line":16,"column":7},"end":{"line":53,"column":1}}]},"1":{"type":"branch","line":38,"loc":{"start":{"line":38,"column":8},"end":{"line":39,"column":15}},"locations":[{"start":{"line":38,"column":8},"end":{"line":39,"column":15}}]},"2":{"type":"branch","line":25,"loc":{"start":{"line":25,"column":23},"end":{"line":28,"column":4}},"locations":[{"start":{"line":25,"column":23},"end":{"line":28,"column":4}}]}},"b":{"0":[1],"1":[0],"2":[1]},"fnMap":{"0":{"name":"AmountInput","decl":{"start":{"line":16,"column":7},"end":{"line":53,"column":1}},"loc":{"start":{"line":16,"column":7},"end":{"line":53,"column":1}},"line":16},"1":{"name":"handleChange","decl":{"start":{"line":25,"column":23},"end":{"line":28,"column":4}},"loc":{"start":{"line":25,"column":23},"end":{"line":28,"column":4}},"line":25}},"f":{"0":1,"1":1}}
,"/Users/joneickmeier/projects/rfin/packages/finstack-ui/src/components/primitives/CurrencySelect.tsx": {"path":"/Users/joneickmeier/projects/rfin/packages/finstack-ui/src/components/primitives/CurrencySelect.tsx","all":false,"statementMap":{"0":{"start":{"line":1,"column":0},"end":{"line":1,"column":36}},"9":{"start":{"line":10,"column":0},"end":{"line":10,"column":77}},"19":{"start":{"line":20,"column":0},"end":{"line":20,"column":32}},"20":{"start":{"line":21,"column":0},"end":{"line":21,"column":8}},"21":{"start":{"line":22,"column":0},"end":{"line":22,"column":11}},"22":{"start":{"line":23,"column":0},"end":{"line":23,"column":34}},"23":{"start":{"line":24,"column":0},"end":{"line":24,"column":11}},"24":{"start":{"line":25,"column":0},"end":{"line":25,"column":12}},"25":{"start":{"line":26,"column":0},"end":{"line":26,"column":25}},"26":{"start":{"line":27,"column":0},"end":{"line":27,"column":10}},"27":{"start":{"line":28,"column":0},"end":{"line":28,"column":71}},"28":{"start":{"line":29,"column":0},"end":{"line":29,"column":20}},"29":{"start":{"line":30,"column":0},"end":{"line":30,"column":75}},"30":{"start":{"line":31,"column":0},"end":{"line":31,"column":36}},"32":{"start":{"line":33,"column":0},"end":{"line":33,"column":53}},"33":{"start":{"line":34,"column":0},"end":{"line":34,"column":22}},"34":{"start":{"line":35,"column":0},"end":{"line":35,"column":21}},"35":{"start":{"line":36,"column":0},"end":{"line":36,"column":35}},"36":{"start":{"line":37,"column":0},"end":{"line":37,"column":46}},"37":{"start":{"line":38,"column":0},"end":{"line":38,"column":18}},"38":{"start":{"line":39,"column":0},"end":{"line":39,"column":23}},"39":{"start":{"line":40,"column":0},"end":{"line":40,"column":11}},"40":{"start":{"line":41,"column":0},"end":{"line":41,"column":22}},"41":{"start":{"line":42,"column":0},"end":{"line":42,"column":13}},"43":{"start":{"line":44,"column":0},"end":{"line":44,"column":1}}},"s":{"0":1,"9":1,"19":1,"20":2,"21":2,"22":2,"23":2,"24":2,"25":2,"26":2,"27":2,"28":2,"29":2,"30":2,"32":2,"33":2,"34":2,"35":2,"36":9,"37":9,"38":9,"39":2,"40":2,"41":2,"43":2},"branchMap":{"0":{"type":"branch","line":20,"loc":{"start":{"line":20,"column":7},"end":{"line":44,"column":1}},"locations":[{"start":{"line":20,"column":7},"end":{"line":44,"column":1}}]},"1":{"type":"branch","line":36,"loc":{"start":{"line":36,"column":24},"end":{"line":39,"column":23}},"locations":[{"start":{"line":36,"column":24},"end":{"line":39,"column":23}}]}},"b":{"0":[2],"1":[9]},"fnMap":{"0":{"name":"CurrencySelect","decl":{"start":{"line":20,"column":7},"end":{"line":44,"column":1}},"loc":{"start":{"line":20,"column":7},"end":{"line":44,"column":1}},"line":20}},"f":{"0":2}}
,"/Users/joneickmeier/projects/rfin/packages/finstack-ui/src/components/primitives/DatePicker.tsx": {"path":"/Users/joneickmeier/projects/rfin/packages/finstack-ui/src/components/primitives/DatePicker.tsx","all":false,"statementMap":{"0":{"start":{"line":1,"column":0},"end":{"line":1,"column":41}},"17":{"start":{"line":18,"column":0},"end":{"line":18,"column":28}},"18":{"start":{"line":19,"column":0},"end":{"line":19,"column":8}},"19":{"start":{"line":20,"column":0},"end":{"line":20,"column":11}},"20":{"start":{"line":21,"column":0},"end":{"line":21,"column":6}},"21":{"start":{"line":22,"column":0},"end":{"line":22,"column":6}},"22":{"start":{"line":23,"column":0},"end":{"line":23,"column":11}},"23":{"start":{"line":24,"column":0},"end":{"line":24,"column":12}},"24":{"start":{"line":25,"column":0},"end":{"line":25,"column":29}},"25":{"start":{"line":26,"column":0},"end":{"line":26,"column":21}},"26":{"start":{"line":27,"column":0},"end":{"line":27,"column":66}},"27":{"start":{"line":28,"column":0},"end":{"line":28,"column":33}},"28":{"start":{"line":29,"column":0},"end":{"line":29,"column":4}},"30":{"start":{"line":31,"column":0},"end":{"line":31,"column":10}},"31":{"start":{"line":32,"column":0},"end":{"line":32,"column":10}},"32":{"start":{"line":33,"column":0},"end":{"line":33,"column":17}},"33":{"start":{"line":34,"column":0},"end":{"line":34,"column":30}},"34":{"start":{"line":35,"column":0},"end":{"line":35,"column":41}},"35":{"start":{"line":36,"column":0},"end":{"line":36,"column":19}},"36":{"start":{"line":37,"column":0},"end":{"line":37,"column":29}},"37":{"start":{"line":38,"column":0},"end":{"line":38,"column":15}},"38":{"start":{"line":39,"column":0},"end":{"line":39,"column":15}},"39":{"start":{"line":40,"column":0},"end":{"line":40,"column":25}},"40":{"start":{"line":41,"column":0},"end":{"line":41,"column":31}},"41":{"start":{"line":42,"column":0},"end":{"line":42,"column":6}},"43":{"start":{"line":44,"column":0},"end":{"line":44,"column":1}}},"s":{"0":1,"17":1,"18":2,"19":2,"20":2,"21":2,"22":2,"23":2,"24":2,"25":2,"26":2,"27":1,"28":1,"30":2,"31":2,"32":2,"33":2,"34":2,"35":2,"36":2,"37":2,"38":2,"39":2,"40":2,"41":2,"43":2},"branchMap":{"0":{"type":"branch","line":18,"loc":{"start":{"line":18,"column":7},"end":{"line":44,"column":1}},"locations":[{"start":{"line":18,"column":7},"end":{"line":44,"column":1}}]},"1":{"type":"branch","line":27,"loc":{"start":{"line":27,"column":23},"end":{"line":29,"column":4}},"locations":[{"start":{"line":27,"column":23},"end":{"line":29,"column":4}}]}},"b":{"0":[2],"1":[1]},"fnMap":{"0":{"name":"DatePicker","decl":{"start":{"line":18,"column":7},"end":{"line":44,"column":1}},"loc":{"start":{"line":18,"column":7},"end":{"line":44,"column":1}},"line":18},"1":{"name":"handleChange","decl":{"start":{"line":27,"column":23},"end":{"line":29,"column":4}},"loc":{"start":{"line":27,"column":23},"end":{"line":29,"column":4}},"line":27}},"f":{"0":2,"1":1}}
,"/Users/joneickmeier/projects/rfin/packages/finstack-ui/src/components/primitives/TenorInput.tsx": {"path":"/Users/joneickmeier/projects/rfin/packages/finstack-ui/src/components/primitives/TenorInput.tsx","all":false,"statementMap":{"0":{"start":{"line":1,"column":0},"end":{"line":1,"column":41}},"12":{"start":{"line":13,"column":0},"end":{"line":13,"column":43}},"14":{"start":{"line":15,"column":0},"end":{"line":15,"column":28}},"15":{"start":{"line":16,"column":0},"end":{"line":16,"column":8}},"16":{"start":{"line":17,"column":0},"end":{"line":17,"column":11}},"17":{"start":{"line":18,"column":0},"end":{"line":18,"column":21}},"18":{"start":{"line":19,"column":0},"end":{"line":19,"column":11}},"19":{"start":{"line":20,"column":0},"end":{"line":20,"column":12}},"20":{"start":{"line":21,"column":0},"end":{"line":21,"column":21}},"21":{"start":{"line":22,"column":0},"end":{"line":22,"column":66}},"22":{"start":{"line":23,"column":0},"end":{"line":23,"column":50}},"23":{"start":{"line":24,"column":0},"end":{"line":24,"column":33}},"24":{"start":{"line":25,"column":0},"end":{"line":25,"column":21}},"25":{"start":{"line":26,"column":0},"end":{"line":26,"column":5}},"26":{"start":{"line":27,"column":0},"end":{"line":27,"column":4}},"28":{"start":{"line":29,"column":0},"end":{"line":29,"column":10}},"29":{"start":{"line":30,"column":0},"end":{"line":30,"column":10}},"30":{"start":{"line":31,"column":0},"end":{"line":31,"column":30}},"31":{"start":{"line":32,"column":0},"end":{"line":32,"column":17}},"32":{"start":{"line":33,"column":0},"end":{"line":33,"column":22}},"33":{"start":{"line":34,"column":0},"end":{"line":34,"column":19}},"34":{"start":{"line":35,"column":0},"end":{"line":35,"column":51}},"35":{"start":{"line":36,"column":0},"end":{"line":36,"column":19}},"36":{"start":{"line":37,"column":0},"end":{"line":37,"column":29}},"37":{"start":{"line":38,"column":0},"end":{"line":38,"column":31}},"38":{"start":{"line":39,"column":0},"end":{"line":39,"column":25}},"39":{"start":{"line":40,"column":0},"end":{"line":40,"column":6}},"41":{"start":{"line":42,"column":0},"end":{"line":42,"column":1}}},"s":{"0":1,"12":1,"14":1,"15":1,"16":1,"17":1,"18":1,"19":1,"20":1,"21":1,"22":1,"23":1,"24":1,"25":1,"26":1,"28":1,"29":1,"30":1,"31":1,"32":1,"33":1,"34":1,"35":1,"36":1,"37":1,"38":1,"39":1,"41":1},"branchMap":{"0":{"type":"branch","line":15,"loc":{"start":{"line":15,"column":7},"end":{"line":42,"column":1}},"locations":[{"start":{"line":15,"column":7},"end":{"line":42,"column":1}}]},"1":{"type":"branch","line":22,"loc":{"start":{"line":22,"column":23},"end":{"line":27,"column":4}},"locations":[{"start":{"line":22,"column":23},"end":{"line":27,"column":4}}]}},"b":{"0":[1],"1":[1]},"fnMap":{"0":{"name":"TenorInput","decl":{"start":{"line":15,"column":7},"end":{"line":42,"column":1}},"loc":{"start":{"line":15,"column":7},"end":{"line":42,"column":1}},"line":15},"1":{"name":"handleChange","decl":{"start":{"line":22,"column":23},"end":{"line":27,"column":4}},"loc":{"start":{"line":22,"column":23},"end":{"line":27,"column":4}},"line":22}},"f":{"0":1,"1":1}}
,"/Users/joneickmeier/projects/rfin/packages/finstack-ui/src/components/primitives/index.ts": {"path":"/Users/joneickmeier/projects/rfin/packages/finstack-ui/src/components/primitives/index.ts","all":true,"statementMap":{"0":{"start":{"line":1,"column":0},"end":{"line":1,"column":32}},"1":{"start":{"line":2,"column":0},"end":{"line":2,"column":30}},"2":{"start":{"line":3,"column":0},"end":{"line":3,"column":33}},"3":{"start":{"line":4,"column":0},"end":{"line":4,"column":29}},"4":{"start":{"line":5,"column":0},"end":{"line":5,"column":29}}},"s":{"0":0,"1":0,"2":0,"3":0,"4":0},"branchMap":{"0":{"type":"branch","line":1,"loc":{"start":{"line":1,"column":157},"end":{"line":5,"column":29}},"locations":[{"start":{"line":1,"column":157},"end":{"line":5,"column":29}}]}},"b":{"0":[0]},"fnMap":{"0":{"name":"(empty-report)","decl":{"start":{"line":1,"column":157},"end":{"line":5,"column":29}},"loc":{"start":{"line":1,"column":157},"end":{"line":5,"column":29}},"line":1}},"f":{"0":0}}
,"/Users/joneickmeier/projects/rfin/packages/finstack-ui/src/components/ui/button.tsx": {"path":"/Users/joneickmeier/projects/rfin/packages/finstack-ui/src/components/ui/button.tsx","all":false,"statementMap":{"0":{"start":{"line":1,"column":0},"end":{"line":1,"column":31}},"6":{"start":{"line":7,"column":0},"end":{"line":7,"column":27}},"7":{"start":{"line":8,"column":0},"end":{"line":8,"column":349}},"8":{"start":{"line":9,"column":0},"end":{"line":9,"column":3}},"9":{"start":{"line":10,"column":0},"end":{"line":10,"column":15}},"10":{"start":{"line":11,"column":0},"end":{"line":11,"column":16}},"11":{"start":{"line":12,"column":0},"end":{"line":12,"column":74}},"12":{"start":{"line":13,"column":0},"end":{"line":13,"column":20}},"13":{"start":{"line":14,"column":0},"end":{"line":14,"column":79}},"14":{"start":{"line":15,"column":0},"end":{"line":15,"column":16}},"15":{"start":{"line":16,"column":0},"end":{"line":16,"column":91}},"16":{"start":{"line":17,"column":0},"end":{"line":17,"column":18}},"17":{"start":{"line":18,"column":0},"end":{"line":18,"column":73}},"18":{"start":{"line":19,"column":0},"end":{"line":19,"column":62}},"19":{"start":{"line":20,"column":0},"end":{"line":20,"column":64}},"20":{"start":{"line":21,"column":0},"end":{"line":21,"column":8}},"21":{"start":{"line":22,"column":0},"end":{"line":22,"column":13}},"22":{"start":{"line":23,"column":0},"end":{"line":23,"column":34}},"23":{"start":{"line":24,"column":0},"end":{"line":24,"column":34}},"24":{"start":{"line":25,"column":0},"end":{"line":25,"column":35}},"25":{"start":{"line":26,"column":0},"end":{"line":26,"column":26}},"26":{"start":{"line":27,"column":0},"end":{"line":27,"column":8}},"27":{"start":{"line":28,"column":0},"end":{"line":28,"column":6}},"28":{"start":{"line":29,"column":0},"end":{"line":29,"column":22}},"29":{"start":{"line":30,"column":0},"end":{"line":30,"column":25}},"30":{"start":{"line":31,"column":0},"end":{"line":31,"column":22}},"31":{"start":{"line":32,"column":0},"end":{"line":32,"column":6}},"32":{"start":{"line":33,"column":0},"end":{"line":33,"column":4}},"33":{"start":{"line":34,"column":0},"end":{"line":34,"column":2}},"42":{"start":{"line":43,"column":0},"end":{"line":43,"column":64}},"43":{"start":{"line":44,"column":0},"end":{"line":44,"column":69}},"44":{"start":{"line":45,"column":0},"end":{"line":45,"column":43}},"45":{"start":{"line":46,"column":0},"end":{"line":46,"column":12}},"46":{"start":{"line":47,"column":0},"end":{"line":47,"column":11}},"47":{"start":{"line":48,"column":0},"end":{"line":48,"column":68}},"48":{"start":{"line":49,"column":0},"end":{"line":49,"column":17}},"49":{"start":{"line":50,"column":0},"end":{"line":50,"column":18}},"50":{"start":{"line":51,"column":0},"end":{"line":51,"column":8}},"52":{"start":{"line":53,"column":0},"end":{"line":53,"column":4}},"53":{"start":{"line":54,"column":0},"end":{"line":54,"column":2}},"54":{"start":{"line":55,"column":0},"end":{"line":55,"column":30}}},"s":{"0":1,"6":1,"7":1,"8":1,"9":1,"10":1,"11":1,"12":1,"13":1,"14":1,"15":1,"16":1,"17":1,"18":1,"19":1,"20":1,"21":1,"22":1,"23":1,"24":1,"25":1,"26":1,"27":1,"28":1,"29":1,"30":1,"31":1,"32":1,"33":1,"42":1,"43":1,"44":2,"45":2,"46":2,"47":2,"48":2,"49":2,"50":2,"52":2,"53":1,"54":1},"branchMap":{"0":{"type":"branch","line":44,"loc":{"start":{"line":44,"column":2},"end":{"line":53,"column":4}},"locations":[{"start":{"line":44,"column":2},"end":{"line":53,"column":4}}]},"1":{"type":"branch","line":45,"loc":{"start":{"line":45,"column":17},"end":{"line":45,"column":34}},"locations":[{"start":{"line":45,"column":17},"end":{"line":45,"column":34}}]},"2":{"type":"branch","line":45,"loc":{"start":{"line":45,"column":27},"end":{"line":45,"column":43}},"locations":[{"start":{"line":45,"column":27},"end":{"line":45,"column":43}}]}},"b":{"0":[2],"1":[1],"2":[1]},"fnMap":{},"f":{}}
,"/Users/joneickmeier/projects/rfin/packages/finstack-ui/src/components/ui/index.ts": {"path":"/Users/joneickmeier/projects/rfin/packages/finstack-ui/src/components/ui/index.ts","all":true,"statementMap":{"0":{"start":{"line":1,"column":0},"end":{"line":1,"column":25}},"1":{"start":{"line":2,"column":0},"end":{"line":2,"column":24}},"2":{"start":{"line":3,"column":0},"end":{"line":3,"column":25}}},"s":{"0":0,"1":0,"2":0},"branchMap":{"0":{"type":"branch","line":1,"loc":{"start":{"line":1,"column":0},"end":{"line":3,"column":-37}},"locations":[{"start":{"line":1,"column":0},"end":{"line":3,"column":-37}}]}},"b":{"0":[0]},"fnMap":{"0":{"name":"(empty-report)","decl":{"start":{"line":1,"column":0},"end":{"line":3,"column":-37}},"loc":{"start":{"line":1,"column":0},"end":{"line":3,"column":-37}},"line":1}},"f":{"0":0}}
,"/Users/joneickmeier/projects/rfin/packages/finstack-ui/src/components/ui/input.tsx": {"path":"/Users/joneickmeier/projects/rfin/packages/finstack-ui/src/components/ui/input.tsx","all":false,"statementMap":{"0":{"start":{"line":1,"column":0},"end":{"line":1,"column":31}},"4":{"start":{"line":5,"column":0},"end":{"line":5,"column":80}},"5":{"start":{"line":6,"column":0},"end":{"line":6,"column":43}},"6":{"start":{"line":7,"column":0},"end":{"line":7,"column":12}},"7":{"start":{"line":8,"column":0},"end":{"line":8,"column":12}},"8":{"start":{"line":9,"column":0},"end":{"line":9,"column":19}},"9":{"start":{"line":10,"column":0},"end":{"line":10,"column":22}},"10":{"start":{"line":11,"column":0},"end":{"line":11,"column":395}},"11":{"start":{"line":12,"column":0},"end":{"line":12,"column":20}},"12":{"start":{"line":13,"column":0},"end":{"line":13,"column":10}},"13":{"start":{"line":14,"column":0},"end":{"line":14,"column":17}},"14":{"start":{"line":15,"column":0},"end":{"line":15,"column":18}},"15":{"start":{"line":16,"column":0},"end":{"line":16,"column":8}},"17":{"start":{"line":18,"column":0},"end":{"line":18,"column":4}},"18":{"start":{"line":19,"column":0},"end":{"line":19,"column":2}},"19":{"start":{"line":20,"column":0},"end":{"line":20,"column":28}}},"s":{"0":1,"4":1,"5":1,"6":4,"7":4,"8":4,"9":4,"10":4,"11":4,"12":4,"13":4,"14":4,"15":4,"17":4,"18":1,"19":1},"branchMap":{"0":{"type":"branch","line":6,"loc":{"start":{"line":6,"column":2},"end":{"line":18,"column":4}},"locations":[{"start":{"line":6,"column":2},"end":{"line":18,"column":4}}]}},"b":{"0":[4]},"fnMap":{},"f":{}}
,"/Users/joneickmeier/projects/rfin/packages/finstack-ui/src/components/ui/select.tsx": {"path":"/Users/joneickmeier/projects/rfin/packages/finstack-ui/src/components/ui/select.tsx","all":false,"statementMap":{"0":{"start":{"line":1,"column":0},"end":{"line":1,"column":31}},"6":{"start":{"line":7,"column":0},"end":{"line":7,"column":36}},"8":{"start":{"line":9,"column":0},"end":{"line":9,"column":42}},"10":{"start":{"line":11,"column":0},"end":{"line":11,"column":42}},"12":{"start":{"line":13,"column":0},"end":{"line":13,"column":39}},"15":{"start":{"line":16,"column":0},"end":{"line":16,"column":47}},"16":{"start":{"line":17,"column":0},"end":{"line":17,"column":26}},"17":{"start":{"line":18,"column":0},"end":{"line":18,"column":13}},"18":{"start":{"line":19,"column":0},"end":{"line":19,"column":18}},"19":{"start":{"line":20,"column":0},"end":{"line":20,"column":319}},"20":{"start":{"line":21,"column":0},"end":{"line":21,"column":16}},"21":{"start":{"line":22,"column":0},"end":{"line":22,"column":6}},"22":{"start":{"line":23,"column":0},"end":{"line":23,"column":14}},"24":{"start":{"line":25,"column":0},"end":{"line":25,"column":14}},"25":{"start":{"line":26,"column":0},"end":{"line":26,"column":34}},"26":{"start":{"line":27,"column":0},"end":{"line":27,"column":52}},"27":{"start":{"line":28,"column":0},"end":{"line":28,"column":27}},"28":{"start":{"line":29,"column":0},"end":{"line":29,"column":28}},"29":{"start":{"line":30,"column":0},"end":{"line":30,"column":3}},"30":{"start":{"line":31,"column":0},"end":{"line":31,"column":64}},"32":{"start":{"line":33,"column":0},"end":{"line":33,"column":46}},"35":{"start":{"line":36,"column":0},"end":{"line":36,"column":37}},"36":{"start":{"line":37,"column":0},"end":{"line":37,"column":33}},"37":{"start":{"line":38,"column":0},"end":{"line":38,"column":13}},"38":{"start":{"line":39,"column":0},"end":{"line":39,"column":18}},"39":{"start":{"line":40,"column":0},"end":{"line":40,"column":61}},"40":{"start":{"line":41,"column":0},"end":{"line":41,"column":16}},"41":{"start":{"line":42,"column":0},"end":{"line":42,"column":6}},"42":{"start":{"line":43,"column":0},"end":{"line":43,"column":14}},"44":{"start":{"line":45,"column":0},"end":{"line":45,"column":37}},"45":{"start":{"line":46,"column":0},"end":{"line":46,"column":35}},"46":{"start":{"line":47,"column":0},"end":{"line":47,"column":3}},"47":{"start":{"line":48,"column":0},"end":{"line":48,"column":78}},"49":{"start":{"line":50,"column":0},"end":{"line":50,"column":48}},"52":{"start":{"line":53,"column":0},"end":{"line":53,"column":37}},"53":{"start":{"line":54,"column":0},"end":{"line":54,"column":35}},"54":{"start":{"line":55,"column":0},"end":{"line":55,"column":13}},"55":{"start":{"line":56,"column":0},"end":{"line":56,"column":18}},"56":{"start":{"line":57,"column":0},"end":{"line":57,"column":61}},"57":{"start":{"line":58,"column":0},"end":{"line":58,"column":16}},"58":{"start":{"line":59,"column":0},"end":{"line":59,"column":6}},"59":{"start":{"line":60,"column":0},"end":{"line":60,"column":14}},"61":{"start":{"line":62,"column":0},"end":{"line":62,"column":39}},"62":{"start":{"line":63,"column":0},"end":{"line":63,"column":37}},"63":{"start":{"line":64,"column":0},"end":{"line":64,"column":3}},"64":{"start":{"line":65,"column":0},"end":{"line":65,"column":36}},"65":{"start":{"line":66,"column":0},"end":{"line":66,"column":47}},"67":{"start":{"line":68,"column":0},"end":{"line":68,"column":39}},"70":{"start":{"line":71,"column":0},"end":{"line":71,"column":68}},"71":{"start":{"line":72,"column":0},"end":{"line":72,"column":26}},"72":{"start":{"line":73,"column":0},"end":{"line":73,"column":28}},"73":{"start":{"line":74,"column":0},"end":{"line":74,"column":15}},"74":{"start":{"line":75,"column":0},"end":{"line":75,"column":20}},"75":{"start":{"line":76,"column":0},"end":{"line":76,"column":568}},"76":{"start":{"line":77,"column":0},"end":{"line":77,"column":32}},"77":{"start":{"line":78,"column":0},"end":{"line":78,"column":140}},"78":{"start":{"line":79,"column":0},"end":{"line":79,"column":18}},"79":{"start":{"line":80,"column":0},"end":{"line":80,"column":8}},"80":{"start":{"line":81,"column":0},"end":{"line":81,"column":25}},"81":{"start":{"line":82,"column":0},"end":{"line":82,"column":16}},"83":{"start":{"line":84,"column":0},"end":{"line":84,"column":30}},"84":{"start":{"line":85,"column":0},"end":{"line":85,"column":31}},"85":{"start":{"line":86,"column":0},"end":{"line":86,"column":22}},"86":{"start":{"line":87,"column":0},"end":{"line":87,"column":16}},"87":{"start":{"line":88,"column":0},"end":{"line":88,"column":34}},"88":{"start":{"line":89,"column":0},"end":{"line":89,"column":102}},"89":{"start":{"line":90,"column":0},"end":{"line":90,"column":10}},"91":{"start":{"line":92,"column":0},"end":{"line":92,"column":18}},"92":{"start":{"line":93,"column":0},"end":{"line":93,"column":33}},"93":{"start":{"line":94,"column":0},"end":{"line":94,"column":32}},"94":{"start":{"line":95,"column":0},"end":{"line":95,"column":30}},"95":{"start":{"line":96,"column":0},"end":{"line":96,"column":27}},"96":{"start":{"line":97,"column":0},"end":{"line":97,"column":3}},"97":{"start":{"line":98,"column":0},"end":{"line":98,"column":64}},"99":{"start":{"line":100,"column":0},"end":{"line":100,"column":37}},"102":{"start":{"line":103,"column":0},"end":{"line":103,"column":37}},"103":{"start":{"line":104,"column":0},"end":{"line":104,"column":24}},"104":{"start":{"line":105,"column":0},"end":{"line":105,"column":13}},"105":{"start":{"line":106,"column":0},"end":{"line":106,"column":71}},"106":{"start":{"line":107,"column":0},"end":{"line":107,"column":14}},"107":{"start":{"line":108,"column":0},"end":{"line":108,"column":4}},"108":{"start":{"line":109,"column":0},"end":{"line":109,"column":3}},"109":{"start":{"line":110,"column":0},"end":{"line":110,"column":60}},"111":{"start":{"line":112,"column":0},"end":{"line":112,"column":36}},"114":{"start":{"line":115,"column":0},"end":{"line":115,"column":47}},"115":{"start":{"line":116,"column":0},"end":{"line":116,"column":23}},"116":{"start":{"line":117,"column":0},"end":{"line":117,"column":13}},"117":{"start":{"line":118,"column":0},"end":{"line":118,"column":18}},"118":{"start":{"line":119,"column":0},"end":{"line":119,"column":226}},"119":{"start":{"line":120,"column":0},"end":{"line":120,"column":16}},"120":{"start":{"line":121,"column":0},"end":{"line":121,"column":6}},"121":{"start":{"line":122,"column":0},"end":{"line":122,"column":14}},"123":{"start":{"line":124,"column":0},"end":{"line":124,"column":83}},"124":{"start":{"line":125,"column":0},"end":{"line":125,"column":37}},"125":{"start":{"line":126,"column":0},"end":{"line":126,"column":37}},"126":{"start":{"line":127,"column":0},"end":{"line":127,"column":38}},"127":{"start":{"line":128,"column":0},"end":{"line":128,"column":11}},"129":{"start":{"line":130,"column":0},"end":{"line":130,"column":67}},"130":{"start":{"line":131,"column":0},"end":{"line":131,"column":25}},"131":{"start":{"line":132,"column":0},"end":{"line":132,"column":3}},"132":{"start":{"line":133,"column":0},"end":{"line":133,"column":58}},"134":{"start":{"line":135,"column":0},"end":{"line":135,"column":41}},"137":{"start":{"line":138,"column":0},"end":{"line":138,"column":37}},"138":{"start":{"line":139,"column":0},"end":{"line":139,"column":28}},"139":{"start":{"line":140,"column":0},"end":{"line":140,"column":13}},"140":{"start":{"line":141,"column":0},"end":{"line":141,"column":57}},"141":{"start":{"line":142,"column":0},"end":{"line":142,"column":14}},"142":{"start":{"line":143,"column":0},"end":{"line":143,"column":4}},"143":{"start":{"line":144,"column":0},"end":{"line":144,"column":3}},"144":{"start":{"line":145,"column":0},"end":{"line":145,"column":68}}},"s":{"0":1,"6":1,"8":1,"10":1,"12":1,"15":1,"16":1,"17":1,"18":1,"19":1,"20":1,"21":1,"22":1,"24":1,"25":1,"26":1,"27":1,"28":1,"29":1,"30":1,"32":1,"35":1,"36":2,"37":2,"38":2,"39":2,"40":2,"41":2,"42":2,"44":2,"45":2,"46":2,"47":1,"49":1,"52":1,"53":2,"54":2,"55":2,"56":2,"57":2,"58":2,"59":2,"61":2,"62":2,"63":2,"64":1,"65":1,"67":1,"70":1,"71":1,"72":1,"73":1,"74":1,"75":1,"76":1,"77":1,"78":1,"79":1,"80":1,"81":1,"83":1,"84":1,"85":1,"86":1,"87":1,"88":1,"89":1,"91":1,"92":1,"93":1,"94":1,"95":1,"96":1,"97":1,"99":1,"102":1,"103":1,"104":1,"105":1,"106":1,"107":1,"108":1,"109":1,"111":1,"114":1,"115":2,"116":2,"117":2,"118":2,"119":2,"120":2,"121":2,"123":2,"124":2,"125":2,"126":2,"127":2,"129":2,"130":2,"131":2,"132":1,"134":1,"137":1,"138":1,"139":1,"140":1,"141":1,"142":1,"143":1,"144":1},"branchMap":{"0":{"type":"branch","line":16,"loc":{"start":{"line":16,"column":2},"end":{"line":30,"column":3}},"locations":[{"start":{"line":16,"column":2},"end":{"line":30,"column":3}}]},"1":{"type":"branch","line":36,"loc":{"start":{"line":36,"column":2},"end":{"line":47,"column":3}},"locations":[{"start":{"line":36,"column":2},"end":{"line":47,"column":3}}]},"2":{"type":"branch","line":53,"loc":{"start":{"line":53,"column":2},"end":{"line":64,"column":3}},"locations":[{"start":{"line":53,"column":2},"end":{"line":64,"column":3}}]},"3":{"type":"branch","line":71,"loc":{"start":{"line":71,"column":2},"end":{"line":96,"column":27}},"locations":[{"start":{"line":71,"column":2},"end":{"line":96,"column":27}}]},"4":{"type":"branch","line":103,"loc":{"start":{"line":103,"column":2},"end":{"line":109,"column":3}},"locations":[{"start":{"line":103,"column":2},"end":{"line":109,"column":3}}]},"5":{"type":"branch","line":115,"loc":{"start":{"line":115,"column":2},"end":{"line":132,"column":3}},"locations":[{"start":{"line":115,"column":2},"end":{"line":132,"column":3}}]},"6":{"type":"branch","line":138,"loc":{"start":{"line":138,"column":2},"end":{"line":144,"column":3}},"locations":[{"start":{"line":138,"column":2},"end":{"line":144,"column":3}}]}},"b":{"0":[1],"1":[2],"2":[2],"3":[1],"4":[1],"5":[2],"6":[1]},"fnMap":{},"f":{}}
,"/Users/joneickmeier/projects/rfin/packages/finstack-ui/src/hooks/useFinstack.tsx": {"path":"/Users/joneickmeier/projects/rfin/packages/finstack-ui/src/hooks/useFinstack.tsx","all":false,"statementMap":{"0":{"start":{"line":1,"column":0},"end":{"line":1,"column":8}},"16":{"start":{"line":17,"column":0},"end":{"line":17,"column":33}},"17":{"start":{"line":18,"column":0},"end":{"line":18,"column":34}},"18":{"start":{"line":19,"column":0},"end":{"line":19,"column":35}},"19":{"start":{"line":20,"column":0},"end":{"line":20,"column":14}},"20":{"start":{"line":21,"column":0},"end":{"line":21,"column":16}},"21":{"start":{"line":22,"column":0},"end":{"line":22,"column":3}},"22":{"start":{"line":23,"column":0},"end":{"line":23,"column":7}},"23":{"start":{"line":24,"column":0},"end":{"line":24,"column":47}},"24":{"start":{"line":25,"column":0},"end":{"line":25,"column":73}},"25":{"start":{"line":26,"column":0},"end":{"line":26,"column":47}},"26":{"start":{"line":27,"column":0},"end":{"line":27,"column":5}},"27":{"start":{"line":28,"column":0},"end":{"line":28,"column":11}},"29":{"start":{"line":30,"column":0},"end":{"line":30,"column":3}},"30":{"start":{"line":31,"column":0},"end":{"line":31,"column":14}},"31":{"start":{"line":32,"column":0},"end":{"line":32,"column":1}},"66":{"start":{"line":67,"column":0},"end":{"line":67,"column":79}},"67":{"start":{"line":68,"column":0},"end":{"line":68,"column":12}},"68":{"start":{"line":69,"column":0},"end":{"line":69,"column":2}},"70":{"start":{"line":71,"column":0},"end":{"line":71,"column":34}},"71":{"start":{"line":72,"column":0},"end":{"line":72,"column":11}},"72":{"start":{"line":73,"column":0},"end":{"line":73,"column":13}},"73":{"start":{"line":74,"column":0},"end":{"line":74,"column":13}},"74":{"start":{"line":75,"column":0},"end":{"line":75,"column":18}},"75":{"start":{"line":76,"column":0},"end":{"line":76,"column":19}},"76":{"start":{"line":77,"column":0},"end":{"line":77,"column":27}},"77":{"start":{"line":78,"column":0},"end":{"line":78,"column":73}},"78":{"start":{"line":79,"column":0},"end":{"line":79,"column":60}},"79":{"start":{"line":80,"column":0},"end":{"line":80,"column":46}},"80":{"start":{"line":81,"column":0},"end":{"line":81,"column":62}},"81":{"start":{"line":82,"column":0},"end":{"line":82,"column":67}},"82":{"start":{"line":83,"column":0},"end":{"line":83,"column":77}},"83":{"start":{"line":84,"column":0},"end":{"line":84,"column":76}},"84":{"start":{"line":85,"column":0},"end":{"line":85,"column":9}},"85":{"start":{"line":86,"column":0},"end":{"line":86,"column":4}},"86":{"start":{"line":87,"column":0},"end":{"line":87,"column":72}},"88":{"start":{"line":89,"column":0},"end":{"line":89,"column":19}},"89":{"start":{"line":90,"column":0},"end":{"line":90,"column":20}},"90":{"start":{"line":91,"column":0},"end":{"line":91,"column":13}},"91":{"start":{"line":92,"column":0},"end":{"line":92,"column":5}},"93":{"start":{"line":94,"column":0},"end":{"line":94,"column":26}},"94":{"start":{"line":95,"column":0},"end":{"line":95,"column":32}},"95":{"start":{"line":96,"column":0},"end":{"line":96,"column":27}},"96":{"start":{"line":97,"column":0},"end":{"line":97,"column":24}},"97":{"start":{"line":98,"column":0},"end":{"line":98,"column":26}},"98":{"start":{"line":99,"column":0},"end":{"line":99,"column":15}},"99":{"start":{"line":100,"column":0},"end":{"line":100,"column":7}},"101":{"start":{"line":102,"column":0},"end":{"line":102,"column":23}},"102":{"start":{"line":103,"column":0},"end":{"line":103,"column":21}},"104":{"start":{"line":105,"column":0},"end":{"line":105,"column":11}},"105":{"start":{"line":106,"column":0},"end":{"line":106,"column":31}},"106":{"start":{"line":107,"column":0},"end":{"line":107,"column":47}},"107":{"start":{"line":108,"column":0},"end":{"line":108,"column":35}},"108":{"start":{"line":109,"column":0},"end":{"line":109,"column":72}},"110":{"start":{"line":111,"column":0},"end":{"line":111,"column":55}},"111":{"start":{"line":112,"column":0},"end":{"line":112,"column":60}},"112":{"start":{"line":113,"column":0},"end":{"line":113,"column":79}},"113":{"start":{"line":114,"column":0},"end":{"line":114,"column":25}},"114":{"start":{"line":115,"column":0},"end":{"line":115,"column":34}},"115":{"start":{"line":116,"column":0},"end":{"line":116,"column":25}},"116":{"start":{"line":117,"column":0},"end":{"line":117,"column":9}},"117":{"start":{"line":118,"column":0},"end":{"line":118,"column":21}},"118":{"start":{"line":119,"column":0},"end":{"line":119,"column":25}},"119":{"start":{"line":120,"column":0},"end":{"line":120,"column":40}},"120":{"start":{"line":121,"column":0},"end":{"line":121,"column":26}},"121":{"start":{"line":122,"column":0},"end":{"line":122,"column":9}},"122":{"start":{"line":123,"column":0},"end":{"line":123,"column":17}},"123":{"start":{"line":124,"column":0},"end":{"line":124,"column":25}},"124":{"start":{"line":125,"column":0},"end":{"line":125,"column":28}},"125":{"start":{"line":126,"column":0},"end":{"line":126,"column":9}},"126":{"start":{"line":127,"column":0},"end":{"line":127,"column":7}},"127":{"start":{"line":128,"column":0},"end":{"line":128,"column":5}},"129":{"start":{"line":130,"column":0},"end":{"line":130,"column":32}},"130":{"start":{"line":131,"column":0},"end":{"line":131,"column":37}},"131":{"start":{"line":132,"column":0},"end":{"line":132,"column":18}},"132":{"start":{"line":133,"column":0},"end":{"line":133,"column":23}},"133":{"start":{"line":134,"column":0},"end":{"line":134,"column":6}},"134":{"start":{"line":135,"column":0},"end":{"line":135,"column":41}},"136":{"start":{"line":137,"column":0},"end":{"line":137,"column":56}},"137":{"start":{"line":138,"column":0},"end":{"line":138,"column":29}},"138":{"start":{"line":139,"column":0},"end":{"line":139,"column":18}},"139":{"start":{"line":140,"column":0},"end":{"line":140,"column":5}},"140":{"start":{"line":141,"column":0},"end":{"line":141,"column":71}},"142":{"start":{"line":143,"column":0},"end":{"line":143,"column":61}},"143":{"start":{"line":144,"column":0},"end":{"line":144,"column":28}},"144":{"start":{"line":145,"column":0},"end":{"line":145,"column":18}},"145":{"start":{"line":146,"column":0},"end":{"line":146,"column":4}},"147":{"start":{"line":148,"column":0},"end":{"line":148,"column":55}},"148":{"start":{"line":149,"column":0},"end":{"line":149,"column":12}},"149":{"start":{"line":150,"column":0},"end":{"line":150,"column":23}},"150":{"start":{"line":151,"column":0},"end":{"line":151,"column":15}},"151":{"start":{"line":152,"column":0},"end":{"line":152,"column":7}},"152":{"start":{"line":153,"column":0},"end":{"line":153,"column":7}},"153":{"start":{"line":154,"column":0},"end":{"line":154,"column":4}},"157":{"start":{"line":158,"column":0},"end":{"line":158,"column":6}},"158":{"start":{"line":159,"column":0},"end":{"line":159,"column":15}},"159":{"start":{"line":160,"column":0},"end":{"line":160,"column":15}},"160":{"start":{"line":161,"column":0},"end":{"line":161,"column":15}},"161":{"start":{"line":162,"column":0},"end":{"line":162,"column":13}},"162":{"start":{"line":163,"column":0},"end":{"line":163,"column":26}},"163":{"start":{"line":164,"column":0},"end":{"line":164,"column":5}},"164":{"start":{"line":165,"column":0},"end":{"line":165,"column":33}},"165":{"start":{"line":166,"column":0},"end":{"line":166,"column":3}},"167":{"start":{"line":168,"column":0},"end":{"line":168,"column":46}},"168":{"start":{"line":169,"column":0},"end":{"line":169,"column":12}},"169":{"start":{"line":170,"column":0},"end":{"line":170,"column":14}},"170":{"start":{"line":171,"column":0},"end":{"line":171,"column":16}},"171":{"start":{"line":172,"column":0},"end":{"line":172,"column":12}},"172":{"start":{"line":173,"column":0},"end":{"line":173,"column":13}},"173":{"start":{"line":174,"column":0},"end":{"line":174,"column":13}},"174":{"start":{"line":175,"column":0},"end":{"line":175,"column":19}},"175":{"start":{"line":176,"column":0},"end":{"line":176,"column":22}},"176":{"start":{"line":177,"column":0},"end":{"line":177,"column":32}},"177":{"start":{"line":178,"column":0},"end":{"line":178,"column":16}},"178":{"start":{"line":179,"column":0},"end":{"line":179,"column":7}},"179":{"start":{"line":180,"column":0},"end":{"line":180,"column":79}},"180":{"start":{"line":181,"column":0},"end":{"line":181,"column":4}},"182":{"start":{"line":183,"column":0},"end":{"line":183,"column":10}},"183":{"start":{"line":184,"column":0},"end":{"line":184,"column":44}},"184":{"start":{"line":185,"column":0},"end":{"line":185,"column":16}},"185":{"start":{"line":186,"column":0},"end":{"line":186,"column":31}},"187":{"start":{"line":188,"column":0},"end":{"line":188,"column":1}},"189":{"start":{"line":190,"column":0},"end":{"line":190,"column":53}},"190":{"start":{"line":191,"column":0},"end":{"line":191,"column":42}},"191":{"start":{"line":192,"column":0},"end":{"line":192,"column":13}},"192":{"start":{"line":193,"column":0},"end":{"line":193,"column":74}},"193":{"start":{"line":194,"column":0},"end":{"line":194,"column":3}},"194":{"start":{"line":195,"column":0},"end":{"line":195,"column":13}},"195":{"start":{"line":196,"column":0},"end":{"line":196,"column":1}}},"s":{"0":1,"16":2,"17":2,"18":2,"19":2,"20":0,"21":0,"22":2,"23":2,"24":2,"25":2,"26":2,"27":2,"29":0,"30":0,"31":0,"66":1,"67":1,"68":1,"70":1,"71":2,"72":2,"73":2,"74":2,"75":2,"76":2,"77":2,"78":2,"79":2,"80":2,"81":2,"82":2,"83":2,"84":2,"85":2,"86":2,"88":2,"89":1,"90":0,"91":0,"93":1,"94":1,"95":1,"96":0,"97":0,"98":0,"99":0,"101":1,"102":1,"104":1,"105":1,"106":1,"107":1,"108":1,"110":1,"111":1,"112":1,"113":1,"114":1,"115":1,"116":1,"117":1,"118":0,"119":0,"120":0,"121":0,"122":1,"123":1,"124":1,"125":1,"126":1,"127":1,"129":1,"130":1,"131":1,"132":1,"133":1,"134":2,"136":2,"137":0,"138":0,"139":0,"140":0,"142":0,"143":0,"144":0,"145":0,"147":2,"148":2,"149":1,"150":1,"151":1,"152":2,"153":2,"157":2,"158":2,"159":2,"160":0,"161":0,"162":0,"163":2,"164":0,"165":0,"167":2,"168":2,"169":2,"170":2,"171":2,"172":2,"173":2,"174":2,"175":2,"176":2,"177":2,"178":2,"179":2,"180":2,"182":2,"183":2,"184":2,"185":2,"187":2,"189":1,"190":6,"191":6,"192":0,"193":0,"194":6,"195":6},"branchMap":{"0":{"type":"branch","line":17,"loc":{"start":{"line":17,"column":0},"end":{"line":32,"column":1}},"locations":[{"start":{"line":17,"column":0},"end":{"line":32,"column":1}}]},"1":{"type":"branch","line":20,"loc":{"start":{"line":20,"column":13},"end":{"line":22,"column":3}},"locations":[{"start":{"line":20,"column":13},"end":{"line":22,"column":3}}]},"2":{"type":"branch","line":28,"loc":{"start":{"line":28,"column":2},"end":{"line":32,"column":1}},"locations":[{"start":{"line":28,"column":2},"end":{"line":32,"column":1}}]},"3":{"type":"branch","line":71,"loc":{"start":{"line":71,"column":7},"end":{"line":188,"column":1}},"locations":[{"start":{"line":71,"column":7},"end":{"line":188,"column":1}}]},"4":{"type":"branch","line":160,"loc":{"start":{"line":160,"column":4},"end":{"line":161,"column":15}},"locations":[{"start":{"line":160,"column":4},"end":{"line":161,"column":15}}]},"5":{"type":"branch","line":161,"loc":{"start":{"line":161,"column":5},"end":{"line":162,"column":13}},"locations":[{"start":{"line":161,"column":5},"end":{"line":162,"column":13}}]},"6":{"type":"branch","line":162,"loc":{"start":{"line":162,"column":5},"end":{"line":163,"column":26}},"locations":[{"start":{"line":162,"column":5},"end":{"line":163,"column":26}}]},"7":{"type":"branch","line":164,"loc":{"start":{"line":164,"column":4},"end":{"line":166,"column":3}},"locations":[{"start":{"line":164,"column":4},"end":{"line":166,"column":3}}]},"8":{"type":"branch","line":89,"loc":{"start":{"line":89,"column":12},"end":{"line":135,"column":5}},"locations":[{"start":{"line":89,"column":12},"end":{"line":135,"column":5}}]},"9":{"type":"branch","line":90,"loc":{"start":{"line":90,"column":19},"end":{"line":92,"column":5}},"locations":[{"start":{"line":90,"column":19},"end":{"line":92,"column":5}}]},"10":{"type":"branch","line":95,"loc":{"start":{"line":95,"column":4},"end":{"line":128,"column":5}},"locations":[{"start":{"line":95,"column":4},"end":{"line":128,"column":5}}]},"11":{"type":"branch","line":96,"loc":{"start":{"line":96,"column":26},"end":{"line":100,"column":7}},"locations":[{"start":{"line":96,"column":26},"end":{"line":100,"column":7}}]},"12":{"type":"branch","line":109,"loc":{"start":{"line":109,"column":32},"end":{"line":109,"column":52}},"locations":[{"start":{"line":109,"column":32},"end":{"line":109,"column":52}}]},"13":{"type":"branch","line":109,"loc":{"start":{"line":109,"column":52},"end":{"line":109,"column":70}},"locations":[{"start":{"line":109,"column":52},"end":{"line":109,"column":70}}]},"14":{"type":"branch","line":113,"loc":{"start":{"line":113,"column":70},"end":{"line":113,"column":79}},"locations":[{"start":{"line":113,"column":70},"end":{"line":113,"column":79}}]},"15":{"type":"branch","line":118,"loc":{"start":{"line":118,"column":6},"end":{"line":123,"column":8}},"locations":[{"start":{"line":118,"column":6},"end":{"line":123,"column":8}}]},"16":{"type":"branch","line":132,"loc":{"start":{"line":132,"column":11},"end":{"line":134,"column":6}},"locations":[{"start":{"line":132,"column":11},"end":{"line":134,"column":6}}]},"17":{"type":"branch","line":149,"loc":{"start":{"line":149,"column":4},"end":{"line":152,"column":7}},"locations":[{"start":{"line":149,"column":4},"end":{"line":152,"column":7}}]},"18":{"type":"branch","line":169,"loc":{"start":{"line":169,"column":4},"end":{"line":179,"column":7}},"locations":[{"start":{"line":169,"column":4},"end":{"line":179,"column":7}}]},"19":{"type":"branch","line":190,"loc":{"start":{"line":190,"column":7},"end":{"line":196,"column":1}},"locations":[{"start":{"line":190,"column":7},"end":{"line":196,"column":1}}]},"20":{"type":"branch","line":192,"loc":{"start":{"line":192,"column":12},"end":{"line":194,"column":3}},"locations":[{"start":{"line":192,"column":12},"end":{"line":194,"column":3}}]}},"b":{"0":[2],"1":[0],"2":[0],"3":[2],"4":[0],"5":[0],"6":[0],"7":[0],"8":[1],"9":[0],"10":[1],"11":[0],"12":[0],"13":[0],"14":[0],"15":[0],"16":[1],"17":[1],"18":[2],"19":[6],"20":[0]},"fnMap":{"0":{"name":"parseObjectRecordOrNull","decl":{"start":{"line":17,"column":0},"end":{"line":32,"column":1}},"loc":{"start":{"line":17,"column":0},"end":{"line":32,"column":1}},"line":17},"1":{"name":"FinstackProvider","decl":{"start":{"line":71,"column":7},"end":{"line":188,"column":1}},"loc":{"start":{"line":71,"column":7},"end":{"line":188,"column":1}},"line":71},"2":{"name":"bootstrap","decl":{"start":{"line":95,"column":4},"end":{"line":128,"column":5}},"loc":{"start":{"line":95,"column":4},"end":{"line":128,"column":5}},"line":95},"3":{"name":"setMarket","decl":{"start":{"line":137,"column":20},"end":{"line":146,"column":4}},"loc":{"start":{"line":137,"column":20},"end":{"line":146,"column":4}},"line":137},"4":{"name":"useFinstack","decl":{"start":{"line":190,"column":7},"end":{"line":196,"column":1}},"loc":{"start":{"line":190,"column":7},"end":{"line":196,"column":1}},"line":190}},"f":{"0":2,"1":2,"2":1,"3":0,"4":6}}
,"/Users/joneickmeier/projects/rfin/packages/finstack-ui/src/hooks/useFinstackEngine.ts": {"path":"/Users/joneickmeier/projects/rfin/packages/finstack-ui/src/hooks/useFinstackEngine.ts","all":false,"statementMap":{"0":{"start":{"line":1,"column":0},"end":{"line":1,"column":57}},"16":{"start":{"line":17,"column":0},"end":{"line":17,"column":62}},"17":{"start":{"line":18,"column":0},"end":{"line":18,"column":62}},"18":{"start":{"line":19,"column":0},"end":{"line":19,"column":79}},"19":{"start":{"line":20,"column":0},"end":{"line":20,"column":11}},"20":{"start":{"line":21,"column":0},"end":{"line":21,"column":4}},"22":{"start":{"line":23,"column":0},"end":{"line":23,"column":19}},"23":{"start":{"line":24,"column":0},"end":{"line":24,"column":22}},"24":{"start":{"line":25,"column":0},"end":{"line":25,"column":15}},"26":{"start":{"line":27,"column":0},"end":{"line":27,"column":38}},"27":{"start":{"line":28,"column":0},"end":{"line":28,"column":39}},"28":{"start":{"line":29,"column":0},"end":{"line":29,"column":20}},"29":{"start":{"line":30,"column":0},"end":{"line":30,"column":63}},"30":{"start":{"line":31,"column":0},"end":{"line":31,"column":7}},"31":{"start":{"line":32,"column":0},"end":{"line":32,"column":52}},"32":{"start":{"line":33,"column":0},"end":{"line":33,"column":6}},"33":{"start":{"line":34,"column":0},"end":{"line":34,"column":13}},"34":{"start":{"line":35,"column":0},"end":{"line":35,"column":4}},"36":{"start":{"line":37,"column":0},"end":{"line":37,"column":10}},"37":{"start":{"line":38,"column":0},"end":{"line":38,"column":19}},"38":{"start":{"line":39,"column":0},"end":{"line":39,"column":40}},"39":{"start":{"line":40,"column":0},"end":{"line":40,"column":14}},"40":{"start":{"line":41,"column":0},"end":{"line":41,"column":10}},"41":{"start":{"line":42,"column":0},"end":{"line":42,"column":20}},"42":{"start":{"line":43,"column":0},"end":{"line":43,"column":4}},"43":{"start":{"line":44,"column":0},"end":{"line":44,"column":1}}},"s":{"0":1,"16":1,"17":4,"18":4,"19":4,"20":4,"22":4,"23":2,"24":4,"26":4,"27":4,"28":1,"29":0,"30":0,"31":1,"32":1,"33":4,"34":4,"36":4,"37":4,"38":4,"39":4,"40":4,"41":4,"42":4,"43":4},"branchMap":{"0":{"type":"branch","line":17,"loc":{"start":{"line":17,"column":7},"end":{"line":44,"column":1}},"locations":[{"start":{"line":17,"column":7},"end":{"line":44,"column":1}}]},"1":{"type":"branch","line":39,"loc":{"start":{"line":39,"column":13},"end":{"line":39,"column":40}},"locations":[{"start":{"line":39,"column":13},"end":{"line":39,"column":40}}]},"2":{"type":"branch","line":23,"loc":{"start":{"line":23,"column":12},"end":{"line":25,"column":5}},"locations":[{"start":{"line":23,"column":12},"end":{"line":25,"column":5}}]},"3":{"type":"branch","line":28,"loc":{"start":{"line":28,"column":4},"end":{"line":33,"column":6}},"locations":[{"start":{"line":28,"column":4},"end":{"line":33,"column":6}}]},"4":{"type":"branch","line":29,"loc":{"start":{"line":29,"column":19},"end":{"line":31,"column":7}},"locations":[{"start":{"line":29,"column":19},"end":{"line":31,"column":7}}]}},"b":{"0":[4],"1":[3],"2":[2],"3":[1],"4":[0]},"fnMap":{"0":{"name":"useFinstackEngine","decl":{"start":{"line":17,"column":7},"end":{"line":44,"column":1}},"loc":{"start":{"line":17,"column":7},"end":{"line":44,"column":1}},"line":17}},"f":{"0":4}}
,"/Users/joneickmeier/projects/rfin/packages/finstack-ui/src/lib/wasmSingleton.ts": {"path":"/Users/joneickmeier/projects/rfin/packages/finstack-ui/src/lib/wasmSingleton.ts","all":false,"statementMap":{"0":{"start":{"line":1,"column":0},"end":{"line":1,"column":49}},"2":{"start":{"line":3,"column":0},"end":{"line":3,"column":61}},"3":{"start":{"line":4,"column":0},"end":{"line":4,"column":47}},"4":{"start":{"line":5,"column":0},"end":{"line":5,"column":24}},"5":{"start":{"line":6,"column":0},"end":{"line":6,"column":61}},"6":{"start":{"line":7,"column":0},"end":{"line":7,"column":12}},"7":{"start":{"line":8,"column":0},"end":{"line":8,"column":43}},"8":{"start":{"line":9,"column":0},"end":{"line":9,"column":24}},"9":{"start":{"line":10,"column":0},"end":{"line":10,"column":3}},"11":{"start":{"line":12,"column":0},"end":{"line":12,"column":76}},"12":{"start":{"line":13,"column":0},"end":{"line":13,"column":10}},"13":{"start":{"line":14,"column":0},"end":{"line":14,"column":40}},"14":{"start":{"line":15,"column":0},"end":{"line":15,"column":21}},"15":{"start":{"line":16,"column":0},"end":{"line":16,"column":3}},"17":{"start":{"line":18,"column":0},"end":{"line":18,"column":59}},"18":{"start":{"line":19,"column":0},"end":{"line":19,"column":1}},"20":{"start":{"line":21,"column":0},"end":{"line":21,"column":40}},"21":{"start":{"line":22,"column":0},"end":{"line":22,"column":39}},"22":{"start":{"line":23,"column":0},"end":{"line":23,"column":1}},"24":{"start":{"line":25,"column":0},"end":{"line":25,"column":49}},"25":{"start":{"line":26,"column":0},"end":{"line":26,"column":23}},"26":{"start":{"line":27,"column":0},"end":{"line":27,"column":29}},"27":{"start":{"line":28,"column":0},"end":{"line":28,"column":3}},"29":{"start":{"line":30,"column":0},"end":{"line":30,"column":25}},"30":{"start":{"line":31,"column":0},"end":{"line":31,"column":36}},"31":{"start":{"line":32,"column":0},"end":{"line":32,"column":39}},"32":{"start":{"line":33,"column":0},"end":{"line":33,"column":21}},"33":{"start":{"line":34,"column":0},"end":{"line":34,"column":9}},"34":{"start":{"line":35,"column":0},"end":{"line":35,"column":3}},"36":{"start":{"line":37,"column":0},"end":{"line":37,"column":25}},"37":{"start":{"line":38,"column":0},"end":{"line":38,"column":1}},"39":{"start":{"line":40,"column":0},"end":{"line":40,"column":43}},"40":{"start":{"line":41,"column":0},"end":{"line":41,"column":25}},"41":{"start":{"line":42,"column":0},"end":{"line":42,"column":1}}},"s":{"0":1,"2":2,"3":2,"4":2,"5":2,"6":2,"7":2,"8":1,"9":1,"11":1,"12":1,"13":2,"14":0,"15":0,"17":1,"18":1,"20":1,"21":5,"22":5,"24":1,"25":4,"26":1,"27":1,"29":4,"30":2,"31":2,"32":1,"33":2,"34":2,"36":3,"37":3,"39":1,"40":2,"41":2},"branchMap":{"0":{"type":"branch","line":3,"loc":{"start":{"line":3,"column":0},"end":{"line":19,"column":1}},"locations":[{"start":{"line":3,"column":0},"end":{"line":19,"column":1}}]},"1":{"type":"branch","line":8,"loc":{"start":{"line":8,"column":42},"end":{"line":14,"column":39}},"locations":[{"start":{"line":8,"column":42},"end":{"line":14,"column":39}}]},"2":{"type":"branch","line":14,"loc":{"start":{"line":14,"column":39},"end":{"line":16,"column":3}},"locations":[{"start":{"line":14,"column":39},"end":{"line":16,"column":3}}]},"3":{"type":"branch","line":16,"loc":{"start":{"line":16,"column":2},"end":{"line":19,"column":1}},"locations":[{"start":{"line":16,"column":2},"end":{"line":19,"column":1}}]},"4":{"type":"branch","line":21,"loc":{"start":{"line":21,"column":7},"end":{"line":23,"column":1}},"locations":[{"start":{"line":21,"column":7},"end":{"line":23,"column":1}}]},"5":{"type":"branch","line":25,"loc":{"start":{"line":25,"column":7},"end":{"line":38,"column":1}},"locations":[{"start":{"line":25,"column":7},"end":{"line":38,"column":1}}]},"6":{"type":"branch","line":26,"loc":{"start":{"line":26,"column":22},"end":{"line":28,"column":3}},"locations":[{"start":{"line":26,"column":22},"end":{"line":28,"column":3}}]},"7":{"type":"branch","line":28,"loc":{"start":{"line":28,"column":2},"end":{"line":30,"column":24}},"locations":[{"start":{"line":28,"column":2},"end":{"line":30,"column":24}}]},"8":{"type":"branch","line":30,"loc":{"start":{"line":30,"column":24},"end":{"line":35,"column":3}},"locations":[{"start":{"line":30,"column":24},"end":{"line":35,"column":3}}]},"9":{"type":"branch","line":35,"loc":{"start":{"line":35,"column":2},"end":{"line":38,"column":1}},"locations":[{"start":{"line":35,"column":2},"end":{"line":38,"column":1}}]},"10":{"type":"branch","line":31,"loc":{"start":{"line":31,"column":23},"end":{"line":34,"column":7}},"locations":[{"start":{"line":31,"column":23},"end":{"line":34,"column":7}}]},"11":{"type":"branch","line":32,"loc":{"start":{"line":32,"column":37},"end":{"line":33,"column":21}},"locations":[{"start":{"line":32,"column":37},"end":{"line":33,"column":21}}]},"12":{"type":"branch","line":40,"loc":{"start":{"line":40,"column":7},"end":{"line":42,"column":1}},"locations":[{"start":{"line":40,"column":7},"end":{"line":42,"column":1}}]}},"b":{"0":[2],"1":[1],"2":[0],"3":[1],"4":[5],"5":[4],"6":[1],"7":[3],"8":[2],"9":[3],"10":[2],"11":[1],"12":[2]},"fnMap":{"0":{"name":"getInitFn","decl":{"start":{"line":3,"column":0},"end":{"line":19,"column":1}},"loc":{"start":{"line":3,"column":0},"end":{"line":19,"column":1}},"line":3},"1":{"name":"canInitWasm","decl":{"start":{"line":21,"column":7},"end":{"line":23,"column":1}},"loc":{"start":{"line":21,"column":7},"end":{"line":23,"column":1}},"line":21},"2":{"name":"ensureWasmInit","decl":{"start":{"line":25,"column":7},"end":{"line":38,"column":1}},"loc":{"start":{"line":25,"column":7},"end":{"line":38,"column":1}},"line":25},"3":{"name":"__resetWasmInitForTests","decl":{"start":{"line":40,"column":7},"end":{"line":42,"column":1}},"loc":{"start":{"line":40,"column":7},"end":{"line":42,"column":1}},"line":40}},"f":{"0":2,"1":5,"2":4,"3":2}}
,"/Users/joneickmeier/projects/rfin/packages/finstack-ui/src/store/index.ts": {"path":"/Users/joneickmeier/projects/rfin/packages/finstack-ui/src/store/index.ts","all":true,"statementMap":{},"s":{},"branchMap":{"0":{"type":"branch","line":1,"loc":{"start":{"line":1,"column":288},"end":{"line":14,"column":1}},"locations":[{"start":{"line":1,"column":288},"end":{"line":14,"column":1}}]}},"b":{"0":[1]},"fnMap":{"0":{"name":"(empty-report)","decl":{"start":{"line":1,"column":288},"end":{"line":14,"column":1}},"loc":{"start":{"line":1,"column":288},"end":{"line":14,"column":1}},"line":1}},"f":{"0":1}}
,"/Users/joneickmeier/projects/rfin/packages/finstack-ui/src/types/rounding.ts": {"path":"/Users/joneickmeier/projects/rfin/packages/finstack-ui/src/types/rounding.ts","all":true,"statementMap":{},"s":{},"branchMap":{"0":{"type":"branch","line":1,"loc":{"start":{"line":1,"column":186},"end":{"line":10,"column":1}},"locations":[{"start":{"line":1,"column":186},"end":{"line":10,"column":1}}]}},"b":{"0":[1]},"fnMap":{"0":{"name":"(empty-report)","decl":{"start":{"line":1,"column":186},"end":{"line":10,"column":1}},"loc":{"start":{"line":1,"column":186},"end":{"line":10,"column":1}},"line":1}},"f":{"0":1}}
,"/Users/joneickmeier/projects/rfin/packages/finstack-ui/src/utils/amount.ts": {"path":"/Users/joneickmeier/projects/rfin/packages/finstack-ui/src/utils/amount.ts","all":false,"statementMap":{"2":{"start":{"line":3,"column":0},"end":{"line":3,"column":38}},"13":{"start":{"line":14,"column":0},"end":{"line":14,"column":73}},"14":{"start":{"line":15,"column":0},"end":{"line":15,"column":45}},"15":{"start":{"line":16,"column":0},"end":{"line":16,"column":17}},"16":{"start":{"line":17,"column":0},"end":{"line":17,"column":3}},"18":{"start":{"line":19,"column":0},"end":{"line":19,"column":31}},"19":{"start":{"line":20,"column":0},"end":{"line":20,"column":45}},"20":{"start":{"line":21,"column":0},"end":{"line":21,"column":59}},"21":{"start":{"line":22,"column":0},"end":{"line":22,"column":66}},"23":{"start":{"line":24,"column":0},"end":{"line":24,"column":21}},"24":{"start":{"line":25,"column":0},"end":{"line":25,"column":15}},"25":{"start":{"line":26,"column":0},"end":{"line":26,"column":3}},"27":{"start":{"line":28,"column":0},"end":{"line":28,"column":64}},"28":{"start":{"line":29,"column":0},"end":{"line":29,"column":36}},"29":{"start":{"line":30,"column":0},"end":{"line":30,"column":31}},"31":{"start":{"line":32,"column":0},"end":{"line":32,"column":66}},"32":{"start":{"line":33,"column":0},"end":{"line":33,"column":46}},"33":{"start":{"line":34,"column":0},"end":{"line":34,"column":54}},"35":{"start":{"line":36,"column":0},"end":{"line":36,"column":63}},"36":{"start":{"line":37,"column":0},"end":{"line":37,"column":29}},"37":{"start":{"line":38,"column":0},"end":{"line":38,"column":25}},"38":{"start":{"line":39,"column":0},"end":{"line":39,"column":3}},"40":{"start":{"line":41,"column":0},"end":{"line":41,"column":73}},"41":{"start":{"line":42,"column":0},"end":{"line":42,"column":24}},"42":{"start":{"line":43,"column":0},"end":{"line":43,"column":78}},"43":{"start":{"line":44,"column":0},"end":{"line":44,"column":27}},"44":{"start":{"line":45,"column":0},"end":{"line":45,"column":67}},"46":{"start":{"line":47,"column":0},"end":{"line":47,"column":74}},"47":{"start":{"line":48,"column":0},"end":{"line":48,"column":34}},"48":{"start":{"line":49,"column":0},"end":{"line":49,"column":42}},"49":{"start":{"line":50,"column":0},"end":{"line":50,"column":17}},"50":{"start":{"line":51,"column":0},"end":{"line":51,"column":44}},"51":{"start":{"line":52,"column":0},"end":{"line":52,"column":1}},"53":{"start":{"line":54,"column":0},"end":{"line":54,"column":29}},"54":{"start":{"line":55,"column":0},"end":{"line":55,"column":16}},"55":{"start":{"line":56,"column":0},"end":{"line":56,"column":36}},"56":{"start":{"line":57,"column":0},"end":{"line":57,"column":11}},"57":{"start":{"line":58,"column":0},"end":{"line":58,"column":52}},"58":{"start":{"line":59,"column":0},"end":{"line":59,"column":50}},"59":{"start":{"line":60,"column":0},"end":{"line":60,"column":71}},"60":{"start":{"line":61,"column":0},"end":{"line":61,"column":1}},"62":{"start":{"line":63,"column":0},"end":{"line":63,"column":59}},"63":{"start":{"line":64,"column":0},"end":{"line":64,"column":29}},"64":{"start":{"line":65,"column":0},"end":{"line":65,"column":43}},"65":{"start":{"line":66,"column":0},"end":{"line":66,"column":53}},"66":{"start":{"line":67,"column":0},"end":{"line":67,"column":47}},"68":{"start":{"line":69,"column":0},"end":{"line":69,"column":54}},"69":{"start":{"line":70,"column":0},"end":{"line":70,"column":33}},"70":{"start":{"line":71,"column":0},"end":{"line":71,"column":47}},"71":{"start":{"line":72,"column":0},"end":{"line":72,"column":64}},"73":{"start":{"line":74,"column":0},"end":{"line":74,"column":44}},"74":{"start":{"line":75,"column":0},"end":{"line":75,"column":1}}},"s":{"2":1,"13":1,"14":7,"15":2,"16":2,"18":5,"19":5,"20":5,"21":7,"23":7,"24":2,"25":2,"27":3,"28":7,"29":7,"31":7,"32":7,"33":7,"35":7,"36":7,"37":3,"38":3,"40":7,"41":7,"42":7,"43":7,"44":7,"46":7,"47":7,"48":3,"49":0,"50":7,"51":7,"53":1,"54":2,"55":2,"56":2,"57":2,"58":2,"59":2,"60":2,"62":1,"63":3,"64":3,"65":3,"66":3,"68":3,"69":3,"70":3,"71":3,"73":3,"74":3},"branchMap":{"0":{"type":"branch","line":14,"loc":{"start":{"line":14,"column":7},"end":{"line":52,"column":1}},"locations":[{"start":{"line":14,"column":7},"end":{"line":52,"column":1}}]},"1":{"type":"branch","line":15,"loc":{"start":{"line":15,"column":28},"end":{"line":15,"column":44}},"locations":[{"start":{"line":15,"column":28},"end":{"line":15,"column":44}}]},"2":{"type":"branch","line":15,"loc":{"start":{"line":15,"column":44},"end":{"line":17,"column":3}},"locations":[{"start":{"line":15,"column":44},"end":{"line":17,"column":3}}]},"3":{"type":"branch","line":17,"loc":{"start":{"line":17,"column":2},"end":{"line":22,"column":35}},"locations":[{"start":{"line":17,"column":2},"end":{"line":22,"column":35}}]},"4":{"type":"branch","line":22,"loc":{"start":{"line":22,"column":22},"end":{"line":22,"column":56}},"locations":[{"start":{"line":22,"column":22},"end":{"line":22,"column":56}}]},"5":{"type":"branch","line":22,"loc":{"start":{"line":22,"column":52},"end":{"line":22,"column":66}},"locations":[{"start":{"line":22,"column":52},"end":{"line":22,"column":66}}]},"6":{"type":"branch","line":24,"loc":{"start":{"line":24,"column":20},"end":{"line":29,"column":32}},"locations":[{"start":{"line":24,"column":20},"end":{"line":29,"column":32}}]},"7":{"type":"branch","line":24,"loc":{"start":{"line":24,"column":20},"end":{"line":26,"column":3}},"locations":[{"start":{"line":24,"column":20},"end":{"line":26,"column":3}}]},"8":{"type":"branch","line":29,"loc":{"start":{"line":29,"column":18},"end":{"line":29,"column":36}},"locations":[{"start":{"line":29,"column":18},"end":{"line":29,"column":36}}]},"9":{"type":"branch","line":34,"loc":{"start":{"line":34,"column":45},"end":{"line":34,"column":54}},"locations":[{"start":{"line":34,"column":45},"end":{"line":34,"column":54}}]},"10":{"type":"branch","line":36,"loc":{"start":{"line":36,"column":53},"end":{"line":36,"column":61}},"locations":[{"start":{"line":36,"column":53},"end":{"line":36,"column":61}}]},"11":{"type":"branch","line":37,"loc":{"start":{"line":37,"column":28},"end":{"line":41,"column":65}},"locations":[{"start":{"line":37,"column":28},"end":{"line":41,"column":65}}]},"12":{"type":"branch","line":41,"loc":{"start":{"line":41,"column":49},"end":{"line":41,"column":68}},"locations":[{"start":{"line":41,"column":49},"end":{"line":41,"column":68}}]},"13":{"type":"branch","line":43,"loc":{"start":{"line":43,"column":14},"end":{"line":43,"column":31}},"locations":[{"start":{"line":43,"column":14},"end":{"line":43,"column":31}}]},"14":{"type":"branch","line":43,"loc":{"start":{"line":43,"column":18},"end":{"line":43,"column":78}},"locations":[{"start":{"line":43,"column":18},"end":{"line":43,"column":78}}]},"15":{"type":"branch","line":45,"loc":{"start":{"line":45,"column":14},"end":{"line":45,"column":23}},"locations":[{"start":{"line":45,"column":14},"end":{"line":45,"column":23}}]},"16":{"type":"branch","line":45,"loc":{"start":{"line":45,"column":18},"end":{"line":45,"column":67}},"locations":[{"start":{"line":45,"column":18},"end":{"line":45,"column":67}}]},"17":{"type":"branch","line":48,"loc":{"start":{"line":48,"column":17},"end":{"line":49,"column":42}},"locations":[{"start":{"line":48,"column":17},"end":{"line":49,"column":42}}]},"18":{"type":"branch","line":49,"loc":{"start":{"line":49,"column":40},"end":{"line":50,"column":17}},"locations":[{"start":{"line":49,"column":40},"end":{"line":50,"column":17}}]},"19":{"type":"branch","line":51,"loc":{"start":{"line":51,"column":9},"end":{"line":51,"column":37}},"locations":[{"start":{"line":51,"column":9},"end":{"line":51,"column":37}}]},"20":{"type":"branch","line":51,"loc":{"start":{"line":51,"column":32},"end":{"line":51,"column":44}},"locations":[{"start":{"line":51,"column":32},"end":{"line":51,"column":44}}]},"21":{"type":"branch","line":54,"loc":{"start":{"line":54,"column":7},"end":{"line":61,"column":1}},"locations":[{"start":{"line":54,"column":7},"end":{"line":61,"column":1}}]},"22":{"type":"branch","line":58,"loc":{"start":{"line":58,"column":41},"end":{"line":58,"column":52}},"locations":[{"start":{"line":58,"column":41},"end":{"line":58,"column":52}}]},"23":{"type":"branch","line":60,"loc":{"start":{"line":60,"column":58},"end":{"line":60,"column":71}},"locations":[{"start":{"line":60,"column":58},"end":{"line":60,"column":71}}]},"24":{"type":"branch","line":63,"loc":{"start":{"line":63,"column":7},"end":{"line":75,"column":1}},"locations":[{"start":{"line":63,"column":7},"end":{"line":75,"column":1}}]},"25":{"type":"branch","line":66,"loc":{"start":{"line":66,"column":15},"end":{"line":66,"column":45}},"locations":[{"start":{"line":66,"column":15},"end":{"line":66,"column":45}}]},"26":{"type":"branch","line":66,"loc":{"start":{"line":66,"column":41},"end":{"line":66,"column":53}},"locations":[{"start":{"line":66,"column":41},"end":{"line":66,"column":53}}]},"27":{"type":"branch","line":70,"loc":{"start":{"line":70,"column":18},"end":{"line":70,"column":33}},"locations":[{"start":{"line":70,"column":18},"end":{"line":70,"column":33}}]},"28":{"type":"branch","line":72,"loc":{"start":{"line":72,"column":18},"end":{"line":72,"column":56}},"locations":[{"start":{"line":72,"column":18},"end":{"line":72,"column":56}}]},"29":{"type":"branch","line":72,"loc":{"start":{"line":72,"column":51},"end":{"line":72,"column":64}},"locations":[{"start":{"line":72,"column":51},"end":{"line":72,"column":64}}]},"30":{"type":"branch","line":74,"loc":{"start":{"line":74,"column":9},"end":{"line":74,"column":36}},"locations":[{"start":{"line":74,"column":9},"end":{"line":74,"column":36}}]},"31":{"type":"branch","line":74,"loc":{"start":{"line":74,"column":31},"end":{"line":74,"column":44}},"locations":[{"start":{"line":74,"column":31},"end":{"line":74,"column":44}}]}},"b":{"0":[7],"1":[6],"2":[2],"3":[5],"4":[0],"5":[5],"6":[3],"7":[2],"8":[0],"9":[0],"10":[0],"11":[3],"12":[0],"13":[0],"14":[3],"15":[0],"16":[3],"17":[3],"18":[0],"19":[0],"20":[3],"21":[2],"22":[0],"23":[0],"24":[3],"25":[1],"26":[2],"27":[1],"28":[2],"29":[1],"30":[1],"31":[2]},"fnMap":{"0":{"name":"roundAmountString","decl":{"start":{"line":14,"column":7},"end":{"line":52,"column":1}},"loc":{"start":{"line":14,"column":7},"end":{"line":52,"column":1}},"line":14},"1":{"name":"formatAmount","decl":{"start":{"line":54,"column":7},"end":{"line":61,"column":1}},"loc":{"start":{"line":54,"column":7},"end":{"line":61,"column":1}},"line":54},"2":{"name":"normalizeAmountInput","decl":{"start":{"line":63,"column":7},"end":{"line":75,"column":1}},"loc":{"start":{"line":63,"column":7},"end":{"line":75,"column":1}},"line":63}},"f":{"0":7,"1":2,"2":3}}
,"/Users/joneickmeier/projects/rfin/packages/finstack-ui/src/utils/cn.ts": {"path":"/Users/joneickmeier/projects/rfin/packages/finstack-ui/src/utils/cn.ts","all":false,"statementMap":{"0":{"start":{"line":1,"column":0},"end":{"line":1,"column":45}},"3":{"start":{"line":4,"column":0},"end":{"line":4,"column":53}},"4":{"start":{"line":5,"column":0},"end":{"line":5,"column":31}},"5":{"start":{"line":6,"column":0},"end":{"line":6,"column":1}}},"s":{"0":1,"3":1,"4":24,"5":24},"branchMap":{"0":{"type":"branch","line":4,"loc":{"start":{"line":4,"column":7},"end":{"line":6,"column":1}},"locations":[{"start":{"line":4,"column":7},"end":{"line":6,"column":1}}]}},"b":{"0":[24]},"fnMap":{"0":{"name":"cn","decl":{"start":{"line":4,"column":7},"end":{"line":6,"column":1}},"loc":{"start":{"line":4,"column":7},"end":{"line":6,"column":1}},"line":4}},"f":{"0":24}}
[...]
:0},"end":{"line":192,"column":70}},"192":{"start":{"line":193,"column":0},"end":{"line":193,"column":29}},"193":{"start":{"line":194,"column":0},"end":{"line":194,"column":73}},"194":{"start":{"line":195,"column":0},"end":{"line":195,"column":9}},"195":{"start":{"line":196,"column":0},"end":{"line":196,"column":7}},"197":{"start":{"line":198,"column":0},"end":{"line":198,"column":37}},"198":{"start":{"line":199,"column":0},"end":{"line":199,"column":49}},"199":{"start":{"line":200,"column":0},"end":{"line":200,"column":13}},"200":{"start":{"line":201,"column":0},"end":{"line":201,"column":31}},"201":{"start":{"line":202,"column":0},"end":{"line":202,"column":32}},"202":{"start":{"line":203,"column":0},"end":{"line":203,"column":17}},"203":{"start":{"line":204,"column":0},"end":{"line":204,"column":28}},"204":{"start":{"line":205,"column":0},"end":{"line":205,"column":9}},"205":{"start":{"line":206,"column":0},"end":{"line":206,"column":7}},"207":{"start":{"line":208,"column":0},"end":{"line":208,"column":20}},"208":{"start":{"line":209,"column":0},"end":{"line":209,"column":66}},"209":{"start":{"line":210,"column":0},"end":{"line":210,"column":7}},"211":{"start":{"line":212,"column":0},"end":{"line":212,"column":24}},"212":{"start":{"line":213,"column":0},"end":{"line":213,"column":84}},"213":{"start":{"line":214,"column":0},"end":{"line":214,"column":7}},"215":{"start":{"line":216,"column":0},"end":{"line":216,"column":40}},"219":{"start":{"line":220,"column":0},"end":{"line":220,"column":36}},"220":{"start":{"line":221,"column":0},"end":{"line":221,"column":69}},"221":{"start":{"line":222,"column":0},"end":{"line":222,"column":53}},"222":{"start":{"line":223,"column":0},"end":{"line":223,"column":50}},"223":{"start":{"line":224,"column":0},"end":{"line":224,"column":31}},"224":{"start":{"line":225,"column":0},"end":{"line":225,"column":46}},"226":{"start":{"line":227,"column":0},"end":{"line":227,"column":16}},"227":{"start":{"line":228,"column":0},"end":{"line":228,"column":34}},"228":{"start":{"line":229,"column":0},"end":{"line":229,"column":28}},"229":{"start":{"line":230,"column":0},"end":{"line":230,"column":29}},"230":{"start":{"line":231,"column":0},"end":{"line":231,"column":24}},"231":{"start":{"line":232,"column":0},"end":{"line":232,"column":8}},"232":{"start":{"line":233,"column":0},"end":{"line":233,"column":40}},"233":{"start":{"line":234,"column":0},"end":{"line":234,"column":19}},"234":{"start":{"line":235,"column":0},"end":{"line":235,"column":22}},"235":{"start":{"line":236,"column":0},"end":{"line":236,"column":36}},"236":{"start":{"line":237,"column":0},"end":{"line":237,"column":13}},"237":{"start":{"line":238,"column":0},"end":{"line":238,"column":13}},"238":{"start":{"line":239,"column":0},"end":{"line":239,"column":8}},"239":{"start":{"line":240,"column":0},"end":{"line":240,"column":34}},"244":{"start":{"line":245,"column":0},"end":{"line":245,"column":28}},"245":{"start":{"line":246,"column":0},"end":{"line":246,"column":20}},"246":{"start":{"line":247,"column":0},"end":{"line":247,"column":77}},"248":{"start":{"line":249,"column":0},"end":{"line":249,"column":14}},"249":{"start":{"line":250,"column":0},"end":{"line":250,"column":21}},"250":{"start":{"line":251,"column":0},"end":{"line":251,"column":29}},"251":{"start":{"line":252,"column":0},"end":{"line":252,"column":61}},"252":{"start":{"line":253,"column":0},"end":{"line":253,"column":15}},"253":{"start":{"line":254,"column":0},"end":{"line":254,"column":39}},"254":{"start":{"line":255,"column":0},"end":{"line":255,"column":51}},"255":{"start":{"line":256,"column":0},"end":{"line":256,"column":29}},"256":{"start":{"line":257,"column":0},"end":{"line":257,"column":12}},"257":{"start":{"line":258,"column":0},"end":{"line":258,"column":10}},"258":{"start":{"line":259,"column":0},"end":{"line":259,"column":20}},"259":{"start":{"line":260,"column":0},"end":{"line":260,"column":25}},"260":{"start":{"line":261,"column":0},"end":{"line":261,"column":8}},"261":{"start":{"line":262,"column":0},"end":{"line":262,"column":19}},"262":{"start":{"line":263,"column":0},"end":{"line":263,"column":14}},"263":{"start":{"line":264,"column":0},"end":{"line":264,"column":35}},"264":{"start":{"line":265,"column":0},"end":{"line":265,"column":26}},"265":{"start":{"line":266,"column":0},"end":{"line":266,"column":61}},"266":{"start":{"line":267,"column":0},"end":{"line":267,"column":35}},"267":{"start":{"line":268,"column":0},"end":{"line":268,"column":8}},"268":{"start":{"line":269,"column":0},"end":{"line":269,"column":5}},"269":{"start":{"line":270,"column":0},"end":{"line":270,"column":4}},"270":{"start":{"line":271,"column":0},"end":{"line":271,"column":2}},"275":{"start":{"line":276,"column":0},"end":{"line":276,"column":25}},"276":{"start":{"line":277,"column":0},"end":{"line":277,"column":23}},"277":{"start":{"line":278,"column":0},"end":{"line":278,"column":18}},"278":{"start":{"line":279,"column":0},"end":{"line":279,"column":16}},"279":{"start":{"line":280,"column":0},"end":{"line":280,"column":6}},"280":{"start":{"line":281,"column":0},"end":{"line":281,"column":2}},"282":{"start":{"line":283,"column":0},"end":{"line":283,"column":12}}},"s":{"0":1,"41":6,"42":6,"43":6,"44":6,"45":6,"46":3,"47":3,"48":3,"49":3,"50":3,"51":3,"52":0,"53":3,"54":3,"55":3,"56":3,"57":3,"59":6,"60":6,"61":6,"63":1,"64":1,"65":1,"66":1,"68":4,"69":4,"70":4,"71":4,"72":3,"73":3,"74":4,"75":3,"76":3,"77":1,"78":4,"79":4,"80":2,"81":1,"82":4,"83":3,"84":3,"85":4,"87":0,"88":0,"89":0,"91":5,"92":5,"93":5,"94":5,"95":1,"96":1,"97":5,"99":1,"100":1,"101":2,"102":2,"103":2,"104":2,"105":2,"106":2,"107":2,"108":1,"109":1,"110":2,"111":2,"112":2,"113":2,"114":2,"116":1,"117":0,"118":0,"119":0,"120":0,"122":1,"123":2,"124":2,"125":2,"126":2,"127":2,"128":2,"129":2,"130":1,"131":1,"133":2,"134":2,"135":2,"136":1,"137":1,"138":1,"139":0,"140":1,"141":1,"142":1,"143":1,"144":1,"145":1,"146":1,"148":1,"149":1,"150":1,"151":1,"152":0,"153":1,"154":1,"155":1,"156":1,"158":0,"159":1,"160":1,"163":2,"164":2,"165":1,"166":1,"167":1,"168":1,"169":1,"170":0,"171":0,"172":1,"173":0,"174":0,"175":1,"176":2,"177":1,"178":1,"179":1,"180":0,"181":0,"182":1,"185":2,"186":2,"187":2,"188":1,"189":1,"190":2,"191":1,"192":1,"193":1,"194":1,"195":1,"197":2,"198":2,"199":1,"200":1,"201":1,"202":1,"203":0,"204":0,"205":1,"207":2,"208":0,"209":0,"211":2,"212":1,"213":1,"215":1,"219":1,"220":1,"221":1,"222":0,"223":2,"224":2,"226":2,"227":2,"228":2,"229":2,"230":2,"231":2,"232":2,"233":2,"234":2,"235":2,"236":2,"237":2,"238":2,"239":2,"244":2,"245":2,"246":2,"248":2,"249":2,"250":2,"251":2,"252":2,"253":2,"254":0,"255":0,"256":0,"257":2,"258":2,"259":2,"260":2,"261":2,"262":1,"263":1,"264":1,"265":1,"266":1,"267":1,"268":1,"269":2,"270":1,"275":1,"276":1,"277":1,"278":1,"279":1,"280":1,"282":1},"branchMap":{"0":{"type":"branch","line":42,"loc":{"start":{"line":42,"column":0},"end":{"line":62,"column":1}},"locations":[{"start":{"line":42,"column":0},"end":{"line":62,"column":1}}]},"1":{"type":"branch","line":46,"loc":{"start":{"line":46,"column":4},"end":{"line":58,"column":3}},"locations":[{"start":{"line":46,"column":4},"end":{"line":58,"column":3}}]},"2":{"type":"branch","line":49,"loc":{"start":{"line":49,"column":28},"end":{"line":57,"column":7}},"locations":[{"start":{"line":49,"column":28},"end":{"line":57,"column":7}}]},"3":{"type":"branch","line":52,"loc":{"start":{"line":52,"column":65},"end":{"line":53,"column":67}},"locations":[{"start":{"line":52,"column":65},"end":{"line":53,"column":67}}]},"4":{"type":"branch","line":69,"loc":{"start":{"line":69,"column":0},"end":{"line":90,"column":1}},"locations":[{"start":{"line":69,"column":0},"end":{"line":90,"column":1}}]},"5":{"type":"branch","line":72,"loc":{"start":{"line":72,"column":19},"end":{"line":72,"column":36}},"locations":[{"start":{"line":72,"column":19},"end":{"line":72,"column":36}}]},"6":{"type":"branch","line":72,"loc":{"start":{"line":72,"column":26},"end":{"line":75,"column":47}},"locations":[{"start":{"line":72,"column":26},"end":{"line":75,"column":47}}]},"7":{"type":"branch","line":75,"loc":{"start":{"line":75,"column":47},"end":{"line":75,"column":64}},"locations":[{"start":{"line":75,"column":47},"end":{"line":75,"column":64}}]},"8":{"type":"branch","line":75,"loc":{"start":{"line":75,"column":54},"end":{"line":77,"column":57}},"locations":[{"start":{"line":75,"column":54},"end":{"line":77,"column":57}}]},"9":{"type":"branch","line":77,"loc":{"start":{"line":77,"column":14},"end":{"line":78,"column":53}},"locations":[{"start":{"line":77,"column":14},"end":{"line":78,"column":53}}]},"10":{"type":"branch","line":80,"loc":{"start":{"line":80,"column":14},"end":{"line":81,"column":55}},"locations":[{"start":{"line":80,"column":14},"end":{"line":81,"column":55}}]},"11":{"type":"branch","line":81,"loc":{"start":{"line":81,"column":14},"end":{"line":81,"column":55}},"locations":[{"start":{"line":81,"column":14},"end":{"line":81,"column":55}}]},"12":{"type":"branch","line":81,"loc":{"start":{"line":81,"column":24},"end":{"line":82,"column":43}},"locations":[{"start":{"line":81,"column":24},"end":{"line":82,"column":43}}]},"13":{"type":"branch","line":83,"loc":{"start":{"line":83,"column":8},"end":{"line":83,"column":41}},"locations":[{"start":{"line":83,"column":8},"end":{"line":83,"column":41}}]},"14":{"type":"branch","line":83,"loc":{"start":{"line":83,"column":41},"end":{"line":85,"column":5}},"locations":[{"start":{"line":83,"column":41},"end":{"line":85,"column":5}}]},"15":{"type":"branch","line":84,"loc":{"start":{"line":84,"column":57},"end":{"line":84,"column":75}},"locations":[{"start":{"line":84,"column":57},"end":{"line":84,"column":75}}]},"16":{"type":"branch","line":86,"loc":{"start":{"line":86,"column":2},"end":{"line":90,"column":1}},"locations":[{"start":{"line":86,"column":2},"end":{"line":90,"column":1}}]},"17":{"type":"branch","line":92,"loc":{"start":{"line":92,"column":0},"end":{"line":98,"column":1}},"locations":[{"start":{"line":92,"column":0},"end":{"line":98,"column":1}}]},"18":{"type":"branch","line":95,"loc":{"start":{"line":95,"column":2},"end":{"line":97,"column":3}},"locations":[{"start":{"line":95,"column":2},"end":{"line":97,"column":3}}]},"19":{"type":"branch","line":101,"loc":{"start":{"line":101,"column":2},"end":{"line":115,"column":4}},"locations":[{"start":{"line":101,"column":2},"end":{"line":115,"column":4}}]},"20":{"type":"branch","line":106,"loc":{"start":{"line":106,"column":23},"end":{"line":106,"column":42}},"locations":[{"start":{"line":106,"column":23},"end":{"line":106,"column":42}}]},"21":{"type":"branch","line":108,"loc":{"start":{"line":108,"column":20},"end":{"line":110,"column":5}},"locations":[{"start":{"line":108,"column":20},"end":{"line":110,"column":5}}]},"22":{"type":"branch","line":123,"loc":{"start":{"line":123,"column":2},"end":{"line":270,"column":4}},"locations":[{"start":{"line":123,"column":2},"end":{"line":270,"column":4}}]},"23":{"type":"branch","line":130,"loc":{"start":{"line":130,"column":17},"end":{"line":131,"column":45}},"locations":[{"start":{"line":130,"column":17},"end":{"line":131,"column":45}}]},"24":{"type":"branch","line":131,"loc":{"start":{"line":131,"column":17},"end":{"line":132,"column":21}},"locations":[{"start":{"line":131,"column":17},"end":{"line":132,"column":21}}]},"25":{"type":"branch","line":136,"loc":{"start":{"line":136,"column":28},"end":{"line":161,"column":7}},"locations":[{"start":{"line":136,"column":28},"end":{"line":161,"column":7}}]},"26":{"type":"branch","line":139,"loc":{"start":{"line":139,"column":40},"end":{"line":140,"column":60}},"locations":[{"start":{"line":139,"column":40},"end":{"line":140,"column":60}}]},"27":{"type":"branch","line":152,"loc":{"start":{"line":152,"column":22},"end":{"line":153,"column":61}},"locations":[{"start":{"line":152,"column":22},"end":{"line":153,"column":61}}]},"28":{"type":"branch","line":157,"loc":{"start":{"line":157,"column":10},"end":{"line":159,"column":11}},"locations":[{"start":{"line":157,"column":10},"end":{"line":159,"column":11}}]},"29":{"type":"branch","line":165,"loc":{"start":{"line":165,"column":28},"end":{"line":176,"column":7}},"locations":[{"start":{"line":165,"column":28},"end":{"line":176,"column":7}}]},"30":{"type":"branch","line":170,"loc":{"start":{"line":170,"column":10},"end":{"line":172,"column":11}},"locations":[{"start":{"line":170,"column":10},"end":{"line":172,"column":11}}]},"31":{"type":"branch","line":173,"loc":{"start":{"line":173,"column":8},"end":{"line":175,"column":9}},"locations":[{"start":{"line":173,"column":8},"end":{"line":175,"column":9}}]},"32":{"type":"branch","line":177,"loc":{"start":{"line":177,"column":19},"end":{"line":183,"column":7}},"locations":[{"start":{"line":177,"column":19},"end":{"line":183,"column":7}}]},"33":{"type":"branch","line":180,"loc":{"start":{"line":180,"column":8},"end":{"line":182,"column":9}},"locations":[{"start":{"line":180,"column":8},"end":{"line":182,"column":9}}]},"34":{"type":"branch","line":188,"loc":{"start":{"line":188,"column":25},"end":{"line":189,"column":44}},"locations":[{"start":{"line":188,"column":25},"end":{"line":189,"column":44}}]},"35":{"type":"branch","line":189,"loc":{"start":{"line":189,"column":35},"end":{"line":190,"column":31}},"locations":[{"start":{"line":189,"column":35},"end":{"line":190,"column":31}}]},"36":{"type":"branch","line":191,"loc":{"start":{"line":191,"column":8},"end":{"line":196,"column":7}},"locations":[{"start":{"line":191,"column":8},"end":{"line":196,"column":7}}]},"37":{"type":"branch","line":199,"loc":{"start":{"line":199,"column":48},"end":{"line":206,"column":7}},"locations":[{"start":{"line":199,"column":48},"end":{"line":206,"column":7}}]},"38":{"type":"branch","line":203,"loc":{"start":{"line":203,"column":8},"end":{"line":205,"column":9}},"locations":[{"start":{"line":203,"column":8},"end":{"line":205,"column":9}}]},"39":{"type":"branch","line":208,"loc":{"start":{"line":208,"column":19},"end":{"line":210,"column":7}},"locations":[{"start":{"line":208,"column":19},"end":{"line":210,"column":7}}]},"40":{"type":"branch","line":212,"loc":{"start":{"line":212,"column":23},"end":{"line":222,"column":53}},"locations":[{"start":{"line":212,"column":23},"end":{"line":222,"column":53}}]},"41":{"type":"branch","line":222,"loc":{"start":{"line":222,"column":52},"end":{"line":223,"column":50}},"locations":[{"start":{"line":222,"column":52},"end":{"line":223,"column":50}}]},"42":{"type":"branch","line":245,"loc":{"start":{"line":245,"column":9},"end":{"line":245,"column":28}},"locations":[{"start":{"line":245,"column":9},"end":{"line":245,"column":28}}]},"43":{"type":"branch","line":247,"loc":{"start":{"line":247,"column":34},"end":{"line":247,"column":73}},"locations":[{"start":{"line":247,"column":34},"end":{"line":247,"column":73}}]},"44":{"type":"branch","line":247,"loc":{"start":{"line":247,"column":69},"end":{"line":247,"column":77}},"locations":[{"start":{"line":247,"column":69},"end":{"line":247,"column":77}}]},"45":{"type":"branch","line":252,"loc":{"start":{"line":252,"column":22},"end":{"line":252,"column":56}},"locations":[{"start":{"line":252,"column":22},"end":{"line":252,"column":56}}]},"46":{"type":"branch","line":252,"loc":{"start":{"line":252,"column":41},"end":{"line":252,"column":61}},"locations":[{"start":{"line":252,"column":41},"end":{"line":252,"column":61}}]},"47":{"type":"branch","line":254,"loc":{"start":{"line":254,"column":20},"end":{"line":257,"column":12}},"locations":[{"start":{"line":254,"column":20},"end":{"line":257,"column":12}}]},"48":{"type":"branch","line":262,"loc":{"start":{"line":262,"column":4},"end":{"line":269,"column":5}},"locations":[{"start":{"line":262,"column":4},"end":{"line":269,"column":5}}]},"49":{"type":"branch","line":266,"loc":{"start":{"line":266,"column":22},"end":{"line":266,"column":56}},"locations":[{"start":{"line":266,"column":22},"end":{"line":266,"column":56}}]},"50":{"type":"branch","line":194,"loc":{"start":{"line":194,"column":36},"end":{"line":194,"column":71}},"locations":[{"start":{"line":194,"column":36},"end":{"line":194,"column":71}}]}},"b":{"0":[6],"1":[3],"2":[3],"3":[0],"4":[4],"5":[1],"6":[3],"7":[0],"8":[3],"9":[1],"10":[2],"11":[1],"12":[1],"13":[0],"14":[3],"15":[0],"16":[0],"17":[5],"18":[1],"19":[2],"20":[1],"21":[1],"22":[2],"23":[1],"24":[1],"25":[1],"26":[0],"27":[0],"28":[0],"29":[1],"30":[0],"31":[0],"32":[1],"33":[0],"34":[1],"35":[1],"36":[1],"37":[1],"38":[0],"39":[0],"40":[1],"41":[0],"42":[0],"43":[1],"44":[0],"45":[1],"46":[0],"47":[0],"48":[1],"49":[0],"50":[1]},"fnMap":{"0":{"name":"ensureWorkerWasmInit","decl":{"start":{"line":42,"column":0},"end":{"line":62,"column":1}},"loc":{"start":{"line":42,"column":0},"end":{"line":62,"column":1}},"line":42},"1":{"name":"extractRounding","decl":{"start":{"line":69,"column":0},"end":{"line":90,"column":1}},"loc":{"start":{"line":69,"column":0},"end":{"line":90,"column":1}},"line":69},"2":{"name":"parseJsonSafe","decl":{"start":{"line":92,"column":0},"end":{"line":98,"column":1}},"loc":{"start":{"line":92,"column":0},"end":{"line":98,"column":1}},"line":92},"3":{"name":"initialize","decl":{"start":{"line":101,"column":2},"end":{"line":115,"column":4}},"loc":{"start":{"line":101,"column":2},"end":{"line":115,"column":4}},"line":101},"4":{"name":"loadMarket","decl":{"start":{"line":117,"column":2},"end":{"line":121,"column":4}},"loc":{"start":{"line":117,"column":2},"end":{"line":121,"column":4}},"line":117},"5":{"name":"priceInstrument","decl":{"start":{"line":123,"column":2},"end":{"line":270,"column":4}},"loc":{"start":{"line":123,"column":2},"end":{"line":270,"column":4}},"line":123}},"f":{"0":6,"1":4,"2":5,"3":2,"4":0,"5":2}}
,"/Users/joneickmeier/projects/rfin/packages/finstack-ui/src/workers/pool.ts": {"path":"/Users/joneickmeier/projects/rfin/packages/finstack-ui/src/workers/pool.ts","all":false,"statementMap":{"0":{"start":{"line":1,"column":0},"end":{"line":1,"column":44}},"3":{"start":{"line":4,"column":0},"end":{"line":4,"column":74}},"4":{"start":{"line":5,"column":0},"end":{"line":5,"column":36}},"6":{"start":{"line":7,"column":0},"end":{"line":7,"column":73}},"7":{"start":{"line":8,"column":0},"end":{"line":8,"column":75}},"8":{"start":{"line":9,"column":0},"end":{"line":9,"column":19}},"9":{"start":{"line":10,"column":0},"end":{"line":10,"column":5}},"10":{"start":{"line":11,"column":0},"end":{"line":11,"column":50}},"11":{"start":{"line":12,"column":0},"end":{"line":12,"column":1}},"13":{"start":{"line":14,"column":0},"end":{"line":14,"column":77}},"14":{"start":{"line":15,"column":0},"end":{"line":15,"column":23}},"15":{"start":{"line":16,"column":0},"end":{"line":16,"column":35}},"16":{"start":{"line":17,"column":0},"end":{"line":17,"column":3}},"17":{"start":{"line":18,"column":0},"end":{"line":18,"column":23}},"18":{"start":{"line":19,"column":0},"end":{"line":19,"column":1}},"20":{"start":{"line":21,"column":0},"end":{"line":21,"column":37}},"21":{"start":{"line":22,"column":0},"end":{"line":22,"column":25}},"22":{"start":{"line":23,"column":0},"end":{"line":23,"column":19}},"23":{"start":{"line":24,"column":0},"end":{"line":24,"column":23}},"24":{"start":{"line":25,"column":0},"end":{"line":25,"column":1}}},"s":{"0":1,"3":1,"4":1,"6":0,"7":0,"8":0,"9":0,"10":0,"11":0,"13":1,"14":0,"15":0,"16":0,"17":0,"18":0,"20":1,"21":0,"22":0,"23":0,"24":0},"branchMap":{},"b":{},"fnMap":{"0":{"name":"createWorker","decl":{"start":{"line":7,"column":0},"end":{"line":12,"column":1}},"loc":{"start":{"line":7,"column":0},"end":{"line":12,"column":1}},"line":7},"1":{"name":"getEngineWorker","decl":{"start":{"line":14,"column":7},"end":{"line":19,"column":1}},"loc":{"start":{"line":14,"column":7},"end":{"line":19,"column":1}},"line":14},"2":{"name":"resetEngineWorker","decl":{"start":{"line":21,"column":7},"end":{"line":25,"column":1}},"loc":{"start":{"line":21,"column":7},"end":{"line":25,"column":1}},"line":21}},"f":{"0":0,"1":0,"2":0}}
}
